[2022-10-09T23:05:58.154+0000] {processor.py:156} INFO - Started process (PID=42) to work on /opt/airflow/dags/dag.py
[2022-10-09T23:05:58.155+0000] {processor.py:758} INFO - Processing file /opt/airflow/dags/dag.py for tasks to queue
[2022-10-09T23:05:58.157+0000] {logging_mixin.py:117} INFO - [2022-10-09T23:05:58.156+0000] {dagbag.py:525} INFO - Filling up the DagBag from /opt/airflow/dags/dag.py
[2022-10-09T23:05:59.060+0000] {processor.py:768} INFO - DAG(s) dict_keys(['ferragista', 'cemaco']) retrieved from /opt/airflow/dags/dag.py
[2022-10-09T23:05:59.228+0000] {logging_mixin.py:117} INFO - [2022-10-09T23:05:59.228+0000] {manager.py:508} INFO - Created Permission View: can delete on DAG:ferragista
[2022-10-09T23:05:59.238+0000] {logging_mixin.py:117} INFO - [2022-10-09T23:05:59.238+0000] {manager.py:508} INFO - Created Permission View: can edit on DAG:ferragista
[2022-10-09T23:05:59.245+0000] {logging_mixin.py:117} INFO - [2022-10-09T23:05:59.245+0000] {manager.py:508} INFO - Created Permission View: can read on DAG:ferragista
[2022-10-09T23:05:59.260+0000] {logging_mixin.py:117} INFO - [2022-10-09T23:05:59.260+0000] {manager.py:508} INFO - Created Permission View: can delete on DAG:cemaco
[2022-10-09T23:05:59.268+0000] {logging_mixin.py:117} INFO - [2022-10-09T23:05:59.268+0000] {manager.py:508} INFO - Created Permission View: can edit on DAG:cemaco
[2022-10-09T23:05:59.274+0000] {logging_mixin.py:117} INFO - [2022-10-09T23:05:59.274+0000] {manager.py:508} INFO - Created Permission View: can read on DAG:cemaco
[2022-10-09T23:05:59.275+0000] {logging_mixin.py:117} INFO - [2022-10-09T23:05:59.274+0000] {dag.py:2573} INFO - Sync 2 DAGs
[2022-10-09T23:05:59.285+0000] {logging_mixin.py:117} INFO - [2022-10-09T23:05:59.285+0000] {dag.py:2594} INFO - Creating ORM DAG for ferragista
[2022-10-09T23:05:59.286+0000] {logging_mixin.py:117} INFO - [2022-10-09T23:05:59.286+0000] {dag.py:2594} INFO - Creating ORM DAG for cemaco
[2022-10-09T23:05:59.297+0000] {logging_mixin.py:117} INFO - [2022-10-09T23:05:59.297+0000] {dag.py:3328} INFO - Setting next_dagrun for cemaco to 2022-08-11T00:00:00+00:00, run_after=2022-09-11T00:00:00+00:00
[2022-10-09T23:05:59.299+0000] {logging_mixin.py:117} INFO - [2022-10-09T23:05:59.298+0000] {dag.py:3328} INFO - Setting next_dagrun for ferragista to 2022-08-21T00:00:00+00:00, run_after=2022-09-21T00:00:00+00:00
[2022-10-09T23:05:59.319+0000] {processor.py:178} INFO - Processing /opt/airflow/dags/dag.py took 1.166 seconds
[2022-10-09T23:07:48.825+0000] {processor.py:156} INFO - Started process (PID=42) to work on /opt/airflow/dags/dag.py
[2022-10-09T23:07:48.826+0000] {processor.py:758} INFO - Processing file /opt/airflow/dags/dag.py for tasks to queue
[2022-10-09T23:07:48.826+0000] {logging_mixin.py:117} INFO - [2022-10-09T23:07:48.826+0000] {dagbag.py:525} INFO - Filling up the DagBag from /opt/airflow/dags/dag.py
[2022-10-09T23:07:49.723+0000] {processor.py:768} INFO - DAG(s) dict_keys(['ferragista', 'cemaco']) retrieved from /opt/airflow/dags/dag.py
[2022-10-09T23:07:49.801+0000] {logging_mixin.py:117} INFO - [2022-10-09T23:07:49.801+0000] {dag.py:2573} INFO - Sync 2 DAGs
[2022-10-09T23:07:49.823+0000] {logging_mixin.py:117} INFO - [2022-10-09T23:07:49.823+0000] {dag.py:3328} INFO - Setting next_dagrun for cemaco to 2022-08-11T00:00:00+00:00, run_after=2022-09-11T00:00:00+00:00
[2022-10-09T23:07:49.827+0000] {logging_mixin.py:117} INFO - [2022-10-09T23:07:49.827+0000] {dag.py:3328} INFO - Setting next_dagrun for ferragista to 2022-08-21T00:00:00+00:00, run_after=2022-09-21T00:00:00+00:00
[2022-10-09T23:07:49.846+0000] {processor.py:178} INFO - Processing /opt/airflow/dags/dag.py took 1.023 seconds
[2022-10-09T23:08:56.513+0000] {processor.py:156} INFO - Started process (PID=42) to work on /opt/airflow/dags/dag.py
[2022-10-09T23:08:56.515+0000] {processor.py:758} INFO - Processing file /opt/airflow/dags/dag.py for tasks to queue
[2022-10-09T23:08:56.516+0000] {logging_mixin.py:117} INFO - [2022-10-09T23:08:56.515+0000] {dagbag.py:525} INFO - Filling up the DagBag from /opt/airflow/dags/dag.py
[2022-10-09T23:08:57.398+0000] {processor.py:768} INFO - DAG(s) dict_keys(['ferragista', 'cemaco']) retrieved from /opt/airflow/dags/dag.py
[2022-10-09T23:08:57.494+0000] {logging_mixin.py:117} INFO - [2022-10-09T23:08:57.494+0000] {dag.py:2573} INFO - Sync 2 DAGs
[2022-10-09T23:08:57.525+0000] {logging_mixin.py:117} INFO - [2022-10-09T23:08:57.525+0000] {dag.py:3328} INFO - Setting next_dagrun for cemaco to 2022-08-11T00:00:00+00:00, run_after=2022-09-11T00:00:00+00:00
[2022-10-09T23:08:57.530+0000] {logging_mixin.py:117} INFO - [2022-10-09T23:08:57.530+0000] {dag.py:3328} INFO - Setting next_dagrun for ferragista to 2022-08-21T00:00:00+00:00, run_after=2022-09-21T00:00:00+00:00
[2022-10-09T23:08:57.551+0000] {processor.py:178} INFO - Processing /opt/airflow/dags/dag.py took 1.040 seconds
[2022-10-09T23:09:27.706+0000] {processor.py:156} INFO - Started process (PID=74) to work on /opt/airflow/dags/dag.py
[2022-10-09T23:09:27.706+0000] {processor.py:758} INFO - Processing file /opt/airflow/dags/dag.py for tasks to queue
[2022-10-09T23:09:27.707+0000] {logging_mixin.py:117} INFO - [2022-10-09T23:09:27.707+0000] {dagbag.py:525} INFO - Filling up the DagBag from /opt/airflow/dags/dag.py
[2022-10-09T23:09:27.954+0000] {processor.py:768} INFO - DAG(s) dict_keys(['ferragista', 'cemaco']) retrieved from /opt/airflow/dags/dag.py
[2022-10-09T23:09:27.988+0000] {logging_mixin.py:117} INFO - [2022-10-09T23:09:27.988+0000] {dag.py:2573} INFO - Sync 2 DAGs
[2022-10-09T23:09:28.010+0000] {logging_mixin.py:117} INFO - [2022-10-09T23:09:28.010+0000] {dag.py:3328} INFO - Setting next_dagrun for cemaco to 2022-08-11T00:00:00+00:00, run_after=2022-09-11T00:00:00+00:00
[2022-10-09T23:09:28.014+0000] {logging_mixin.py:117} INFO - [2022-10-09T23:09:28.014+0000] {dag.py:3328} INFO - Setting next_dagrun for ferragista to 2022-08-21T00:00:00+00:00, run_after=2022-09-21T00:00:00+00:00
[2022-10-09T23:09:29.269+0000] {processor.py:178} INFO - Processing /opt/airflow/dags/dag.py took 1.565 seconds
[2022-10-09T23:09:59.335+0000] {processor.py:156} INFO - Started process (PID=96) to work on /opt/airflow/dags/dag.py
[2022-10-09T23:09:59.336+0000] {processor.py:758} INFO - Processing file /opt/airflow/dags/dag.py for tasks to queue
[2022-10-09T23:09:59.337+0000] {logging_mixin.py:117} INFO - [2022-10-09T23:09:59.337+0000] {dagbag.py:525} INFO - Filling up the DagBag from /opt/airflow/dags/dag.py
[2022-10-09T23:09:59.601+0000] {processor.py:768} INFO - DAG(s) dict_keys(['cemaco', 'ferragista']) retrieved from /opt/airflow/dags/dag.py
[2022-10-09T23:09:59.635+0000] {logging_mixin.py:117} INFO - [2022-10-09T23:09:59.635+0000] {dag.py:2573} INFO - Sync 2 DAGs
[2022-10-09T23:09:59.659+0000] {logging_mixin.py:117} INFO - [2022-10-09T23:09:59.659+0000] {dag.py:3328} INFO - Setting next_dagrun for cemaco to 2022-09-11T00:00:00+00:00, run_after=2022-10-11T00:00:00+00:00
[2022-10-09T23:09:59.664+0000] {logging_mixin.py:117} INFO - [2022-10-09T23:09:59.664+0000] {dag.py:3328} INFO - Setting next_dagrun for ferragista to 2022-08-21T00:00:00+00:00, run_after=2022-09-21T00:00:00+00:00
[2022-10-09T23:09:59.679+0000] {processor.py:178} INFO - Processing /opt/airflow/dags/dag.py took 0.348 seconds
[2022-10-09T23:10:29.735+0000] {processor.py:156} INFO - Started process (PID=127) to work on /opt/airflow/dags/dag.py
[2022-10-09T23:10:29.736+0000] {processor.py:758} INFO - Processing file /opt/airflow/dags/dag.py for tasks to queue
[2022-10-09T23:10:29.736+0000] {logging_mixin.py:117} INFO - [2022-10-09T23:10:29.736+0000] {dagbag.py:525} INFO - Filling up the DagBag from /opt/airflow/dags/dag.py
[2022-10-09T23:10:29.980+0000] {processor.py:768} INFO - DAG(s) dict_keys(['cemaco', 'ferragista']) retrieved from /opt/airflow/dags/dag.py
[2022-10-09T23:10:30.013+0000] {logging_mixin.py:117} INFO - [2022-10-09T23:10:30.012+0000] {dag.py:2573} INFO - Sync 2 DAGs
[2022-10-09T23:10:30.036+0000] {logging_mixin.py:117} INFO - [2022-10-09T23:10:30.036+0000] {dag.py:3328} INFO - Setting next_dagrun for cemaco to 2022-09-11T00:00:00+00:00, run_after=2022-10-11T00:00:00+00:00
[2022-10-09T23:10:30.040+0000] {logging_mixin.py:117} INFO - [2022-10-09T23:10:30.040+0000] {dag.py:3328} INFO - Setting next_dagrun for ferragista to 2022-08-21T00:00:00+00:00, run_after=2022-09-21T00:00:00+00:00
[2022-10-09T23:10:30.053+0000] {processor.py:178} INFO - Processing /opt/airflow/dags/dag.py took 0.320 seconds
[2022-10-09T23:11:00.125+0000] {processor.py:156} INFO - Started process (PID=158) to work on /opt/airflow/dags/dag.py
[2022-10-09T23:11:00.126+0000] {processor.py:758} INFO - Processing file /opt/airflow/dags/dag.py for tasks to queue
[2022-10-09T23:11:00.126+0000] {logging_mixin.py:117} INFO - [2022-10-09T23:11:00.126+0000] {dagbag.py:525} INFO - Filling up the DagBag from /opt/airflow/dags/dag.py
[2022-10-09T23:11:00.360+0000] {processor.py:768} INFO - DAG(s) dict_keys(['cemaco', 'ferragista']) retrieved from /opt/airflow/dags/dag.py
[2022-10-09T23:11:00.390+0000] {logging_mixin.py:117} INFO - [2022-10-09T23:11:00.390+0000] {dag.py:2573} INFO - Sync 2 DAGs
[2022-10-09T23:11:00.412+0000] {logging_mixin.py:117} INFO - [2022-10-09T23:11:00.412+0000] {dag.py:3328} INFO - Setting next_dagrun for cemaco to 2022-09-11T00:00:00+00:00, run_after=2022-10-11T00:00:00+00:00
[2022-10-09T23:11:00.417+0000] {logging_mixin.py:117} INFO - [2022-10-09T23:11:00.417+0000] {dag.py:3328} INFO - Setting next_dagrun for ferragista to 2022-08-21T00:00:00+00:00, run_after=2022-09-21T00:00:00+00:00
[2022-10-09T23:11:00.431+0000] {processor.py:178} INFO - Processing /opt/airflow/dags/dag.py took 0.308 seconds
[2022-10-09T23:11:30.528+0000] {processor.py:156} INFO - Started process (PID=189) to work on /opt/airflow/dags/dag.py
[2022-10-09T23:11:30.529+0000] {processor.py:758} INFO - Processing file /opt/airflow/dags/dag.py for tasks to queue
[2022-10-09T23:11:30.529+0000] {logging_mixin.py:117} INFO - [2022-10-09T23:11:30.529+0000] {dagbag.py:525} INFO - Filling up the DagBag from /opt/airflow/dags/dag.py
[2022-10-09T23:11:30.776+0000] {processor.py:768} INFO - DAG(s) dict_keys(['ferragista', 'cemaco']) retrieved from /opt/airflow/dags/dag.py
[2022-10-09T23:11:30.811+0000] {logging_mixin.py:117} INFO - [2022-10-09T23:11:30.810+0000] {dag.py:2573} INFO - Sync 2 DAGs
[2022-10-09T23:11:30.836+0000] {logging_mixin.py:117} INFO - [2022-10-09T23:11:30.836+0000] {dag.py:3328} INFO - Setting next_dagrun for cemaco to 2022-09-11T00:00:00+00:00, run_after=2022-10-11T00:00:00+00:00
[2022-10-09T23:11:30.844+0000] {logging_mixin.py:117} INFO - [2022-10-09T23:11:30.844+0000] {dag.py:3328} INFO - Setting next_dagrun for ferragista to 2022-08-21T00:00:00+00:00, run_after=2022-09-21T00:00:00+00:00
[2022-10-09T23:11:30.863+0000] {processor.py:178} INFO - Processing /opt/airflow/dags/dag.py took 0.337 seconds
[2022-10-09T23:12:00.960+0000] {processor.py:156} INFO - Started process (PID=211) to work on /opt/airflow/dags/dag.py
[2022-10-09T23:12:00.960+0000] {processor.py:758} INFO - Processing file /opt/airflow/dags/dag.py for tasks to queue
[2022-10-09T23:12:00.961+0000] {logging_mixin.py:117} INFO - [2022-10-09T23:12:00.961+0000] {dagbag.py:525} INFO - Filling up the DagBag from /opt/airflow/dags/dag.py
[2022-10-09T23:12:01.192+0000] {processor.py:768} INFO - DAG(s) dict_keys(['ferragista', 'cemaco']) retrieved from /opt/airflow/dags/dag.py
[2022-10-09T23:12:01.233+0000] {logging_mixin.py:117} INFO - [2022-10-09T23:12:01.233+0000] {dag.py:2573} INFO - Sync 2 DAGs
[2022-10-09T23:12:01.260+0000] {logging_mixin.py:117} INFO - [2022-10-09T23:12:01.259+0000] {dag.py:3328} INFO - Setting next_dagrun for cemaco to 2022-09-11T00:00:00+00:00, run_after=2022-10-11T00:00:00+00:00
[2022-10-09T23:12:01.265+0000] {logging_mixin.py:117} INFO - [2022-10-09T23:12:01.264+0000] {dag.py:3328} INFO - Setting next_dagrun for ferragista to 2022-08-21T00:00:00+00:00, run_after=2022-09-21T00:00:00+00:00
[2022-10-09T23:12:01.284+0000] {processor.py:178} INFO - Processing /opt/airflow/dags/dag.py took 0.327 seconds
[2022-10-09T23:12:31.358+0000] {processor.py:156} INFO - Started process (PID=242) to work on /opt/airflow/dags/dag.py
[2022-10-09T23:12:31.359+0000] {processor.py:758} INFO - Processing file /opt/airflow/dags/dag.py for tasks to queue
[2022-10-09T23:12:31.360+0000] {logging_mixin.py:117} INFO - [2022-10-09T23:12:31.360+0000] {dagbag.py:525} INFO - Filling up the DagBag from /opt/airflow/dags/dag.py
[2022-10-09T23:12:31.584+0000] {processor.py:768} INFO - DAG(s) dict_keys(['cemaco', 'ferragista']) retrieved from /opt/airflow/dags/dag.py
[2022-10-09T23:12:31.615+0000] {logging_mixin.py:117} INFO - [2022-10-09T23:12:31.615+0000] {dag.py:2573} INFO - Sync 2 DAGs
[2022-10-09T23:12:31.639+0000] {logging_mixin.py:117} INFO - [2022-10-09T23:12:31.639+0000] {dag.py:3328} INFO - Setting next_dagrun for cemaco to 2022-09-11T00:00:00+00:00, run_after=2022-10-11T00:00:00+00:00
[2022-10-09T23:12:31.643+0000] {logging_mixin.py:117} INFO - [2022-10-09T23:12:31.643+0000] {dag.py:3328} INFO - Setting next_dagrun for ferragista to 2022-08-21T00:00:00+00:00, run_after=2022-09-21T00:00:00+00:00
[2022-10-09T23:12:31.657+0000] {processor.py:178} INFO - Processing /opt/airflow/dags/dag.py took 0.301 seconds
[2022-10-09T23:13:01.786+0000] {processor.py:156} INFO - Started process (PID=273) to work on /opt/airflow/dags/dag.py
[2022-10-09T23:13:01.787+0000] {processor.py:758} INFO - Processing file /opt/airflow/dags/dag.py for tasks to queue
[2022-10-09T23:13:01.787+0000] {logging_mixin.py:117} INFO - [2022-10-09T23:13:01.787+0000] {dagbag.py:525} INFO - Filling up the DagBag from /opt/airflow/dags/dag.py
[2022-10-09T23:13:02.024+0000] {processor.py:768} INFO - DAG(s) dict_keys(['cemaco', 'ferragista']) retrieved from /opt/airflow/dags/dag.py
[2022-10-09T23:13:02.057+0000] {logging_mixin.py:117} INFO - [2022-10-09T23:13:02.057+0000] {dag.py:2573} INFO - Sync 2 DAGs
[2022-10-09T23:13:02.081+0000] {logging_mixin.py:117} INFO - [2022-10-09T23:13:02.080+0000] {dag.py:3328} INFO - Setting next_dagrun for cemaco to 2022-09-11T00:00:00+00:00, run_after=2022-10-11T00:00:00+00:00
[2022-10-09T23:13:02.085+0000] {logging_mixin.py:117} INFO - [2022-10-09T23:13:02.085+0000] {dag.py:3328} INFO - Setting next_dagrun for ferragista to 2022-08-21T00:00:00+00:00, run_after=2022-09-21T00:00:00+00:00
[2022-10-09T23:13:02.101+0000] {processor.py:178} INFO - Processing /opt/airflow/dags/dag.py took 0.318 seconds
[2022-10-09T23:13:32.188+0000] {processor.py:156} INFO - Started process (PID=295) to work on /opt/airflow/dags/dag.py
[2022-10-09T23:13:32.189+0000] {processor.py:758} INFO - Processing file /opt/airflow/dags/dag.py for tasks to queue
[2022-10-09T23:13:32.189+0000] {logging_mixin.py:117} INFO - [2022-10-09T23:13:32.189+0000] {dagbag.py:525} INFO - Filling up the DagBag from /opt/airflow/dags/dag.py
[2022-10-09T23:13:32.424+0000] {processor.py:768} INFO - DAG(s) dict_keys(['ferragista', 'cemaco']) retrieved from /opt/airflow/dags/dag.py
[2022-10-09T23:13:32.460+0000] {logging_mixin.py:117} INFO - [2022-10-09T23:13:32.460+0000] {dag.py:2573} INFO - Sync 2 DAGs
[2022-10-09T23:13:32.486+0000] {logging_mixin.py:117} INFO - [2022-10-09T23:13:32.486+0000] {dag.py:3328} INFO - Setting next_dagrun for cemaco to 2022-09-11T00:00:00+00:00, run_after=2022-10-11T00:00:00+00:00
[2022-10-09T23:13:32.490+0000] {logging_mixin.py:117} INFO - [2022-10-09T23:13:32.490+0000] {dag.py:3328} INFO - Setting next_dagrun for ferragista to 2022-08-21T00:00:00+00:00, run_after=2022-09-21T00:00:00+00:00
[2022-10-09T23:13:32.662+0000] {processor.py:178} INFO - Processing /opt/airflow/dags/dag.py took 0.476 seconds
[2022-10-09T23:14:03.388+0000] {processor.py:156} INFO - Started process (PID=326) to work on /opt/airflow/dags/dag.py
[2022-10-09T23:14:03.389+0000] {processor.py:758} INFO - Processing file /opt/airflow/dags/dag.py for tasks to queue
[2022-10-09T23:14:03.390+0000] {logging_mixin.py:117} INFO - [2022-10-09T23:14:03.390+0000] {dagbag.py:525} INFO - Filling up the DagBag from /opt/airflow/dags/dag.py
[2022-10-09T23:14:03.630+0000] {processor.py:768} INFO - DAG(s) dict_keys(['ferragista', 'cemaco']) retrieved from /opt/airflow/dags/dag.py
[2022-10-09T23:14:03.662+0000] {logging_mixin.py:117} INFO - [2022-10-09T23:14:03.662+0000] {dag.py:2573} INFO - Sync 2 DAGs
[2022-10-09T23:14:03.685+0000] {logging_mixin.py:117} INFO - [2022-10-09T23:14:03.685+0000] {dag.py:3328} INFO - Setting next_dagrun for cemaco to 2022-09-11T00:00:00+00:00, run_after=2022-10-11T00:00:00+00:00
[2022-10-09T23:14:03.689+0000] {logging_mixin.py:117} INFO - [2022-10-09T23:14:03.689+0000] {dag.py:3328} INFO - Setting next_dagrun for ferragista to 2022-08-21T00:00:00+00:00, run_after=2022-09-21T00:00:00+00:00
[2022-10-09T23:14:03.702+0000] {processor.py:178} INFO - Processing /opt/airflow/dags/dag.py took 0.316 seconds
[2022-10-09T23:14:34.107+0000] {processor.py:156} INFO - Started process (PID=359) to work on /opt/airflow/dags/dag.py
[2022-10-09T23:14:34.108+0000] {processor.py:758} INFO - Processing file /opt/airflow/dags/dag.py for tasks to queue
[2022-10-09T23:14:34.109+0000] {logging_mixin.py:117} INFO - [2022-10-09T23:14:34.109+0000] {dagbag.py:525} INFO - Filling up the DagBag from /opt/airflow/dags/dag.py
[2022-10-09T23:14:34.359+0000] {processor.py:768} INFO - DAG(s) dict_keys(['cemaco', 'ferragista']) retrieved from /opt/airflow/dags/dag.py
[2022-10-09T23:14:34.394+0000] {logging_mixin.py:117} INFO - [2022-10-09T23:14:34.394+0000] {dag.py:2573} INFO - Sync 2 DAGs
[2022-10-09T23:14:34.419+0000] {logging_mixin.py:117} INFO - [2022-10-09T23:14:34.419+0000] {dag.py:3328} INFO - Setting next_dagrun for cemaco to 2022-09-11T00:00:00+00:00, run_after=2022-10-11T00:00:00+00:00
[2022-10-09T23:14:34.424+0000] {logging_mixin.py:117} INFO - [2022-10-09T23:14:34.424+0000] {dag.py:3328} INFO - Setting next_dagrun for ferragista to 2022-08-21T00:00:00+00:00, run_after=2022-09-21T00:00:00+00:00
[2022-10-09T23:14:34.440+0000] {processor.py:178} INFO - Processing /opt/airflow/dags/dag.py took 0.335 seconds
[2022-10-09T23:15:04.600+0000] {processor.py:156} INFO - Started process (PID=381) to work on /opt/airflow/dags/dag.py
[2022-10-09T23:15:04.601+0000] {processor.py:758} INFO - Processing file /opt/airflow/dags/dag.py for tasks to queue
[2022-10-09T23:15:04.601+0000] {logging_mixin.py:117} INFO - [2022-10-09T23:15:04.601+0000] {dagbag.py:525} INFO - Filling up the DagBag from /opt/airflow/dags/dag.py
[2022-10-09T23:15:04.834+0000] {processor.py:768} INFO - DAG(s) dict_keys(['ferragista', 'cemaco']) retrieved from /opt/airflow/dags/dag.py
[2022-10-09T23:15:04.870+0000] {logging_mixin.py:117} INFO - [2022-10-09T23:15:04.870+0000] {dag.py:2573} INFO - Sync 2 DAGs
[2022-10-09T23:15:04.896+0000] {logging_mixin.py:117} INFO - [2022-10-09T23:15:04.896+0000] {dag.py:3328} INFO - Setting next_dagrun for cemaco to 2022-09-11T00:00:00+00:00, run_after=2022-10-11T00:00:00+00:00
[2022-10-09T23:15:04.900+0000] {logging_mixin.py:117} INFO - [2022-10-09T23:15:04.900+0000] {dag.py:3328} INFO - Setting next_dagrun for ferragista to 2022-08-21T00:00:00+00:00, run_after=2022-09-21T00:00:00+00:00
[2022-10-09T23:15:04.916+0000] {processor.py:178} INFO - Processing /opt/airflow/dags/dag.py took 0.318 seconds
[2022-10-09T23:15:35.039+0000] {processor.py:156} INFO - Started process (PID=412) to work on /opt/airflow/dags/dag.py
[2022-10-09T23:15:35.039+0000] {processor.py:758} INFO - Processing file /opt/airflow/dags/dag.py for tasks to queue
[2022-10-09T23:15:35.040+0000] {logging_mixin.py:117} INFO - [2022-10-09T23:15:35.040+0000] {dagbag.py:525} INFO - Filling up the DagBag from /opt/airflow/dags/dag.py
[2022-10-09T23:15:35.263+0000] {processor.py:768} INFO - DAG(s) dict_keys(['cemaco', 'ferragista']) retrieved from /opt/airflow/dags/dag.py
[2022-10-09T23:15:35.294+0000] {logging_mixin.py:117} INFO - [2022-10-09T23:15:35.293+0000] {dag.py:2573} INFO - Sync 2 DAGs
[2022-10-09T23:15:35.315+0000] {logging_mixin.py:117} INFO - [2022-10-09T23:15:35.315+0000] {dag.py:3328} INFO - Setting next_dagrun for cemaco to 2022-09-11T00:00:00+00:00, run_after=2022-10-11T00:00:00+00:00
[2022-10-09T23:15:35.319+0000] {logging_mixin.py:117} INFO - [2022-10-09T23:15:35.319+0000] {dag.py:3328} INFO - Setting next_dagrun for ferragista to 2022-08-21T00:00:00+00:00, run_after=2022-09-21T00:00:00+00:00
[2022-10-09T23:15:35.332+0000] {processor.py:178} INFO - Processing /opt/airflow/dags/dag.py took 0.296 seconds
[2022-10-09T23:16:05.473+0000] {processor.py:156} INFO - Started process (PID=443) to work on /opt/airflow/dags/dag.py
[2022-10-09T23:16:05.473+0000] {processor.py:758} INFO - Processing file /opt/airflow/dags/dag.py for tasks to queue
[2022-10-09T23:16:05.474+0000] {logging_mixin.py:117} INFO - [2022-10-09T23:16:05.474+0000] {dagbag.py:525} INFO - Filling up the DagBag from /opt/airflow/dags/dag.py
[2022-10-09T23:16:05.699+0000] {processor.py:768} INFO - DAG(s) dict_keys(['cemaco', 'ferragista']) retrieved from /opt/airflow/dags/dag.py
[2022-10-09T23:16:05.730+0000] {logging_mixin.py:117} INFO - [2022-10-09T23:16:05.730+0000] {dag.py:2573} INFO - Sync 2 DAGs
[2022-10-09T23:16:05.752+0000] {logging_mixin.py:117} INFO - [2022-10-09T23:16:05.752+0000] {dag.py:3328} INFO - Setting next_dagrun for cemaco to 2022-09-11T00:00:00+00:00, run_after=2022-10-11T00:00:00+00:00
[2022-10-09T23:16:05.756+0000] {logging_mixin.py:117} INFO - [2022-10-09T23:16:05.756+0000] {dag.py:3328} INFO - Setting next_dagrun for ferragista to 2022-08-21T00:00:00+00:00, run_after=2022-09-21T00:00:00+00:00
[2022-10-09T23:16:05.770+0000] {processor.py:178} INFO - Processing /opt/airflow/dags/dag.py took 0.299 seconds
[2022-10-09T23:16:35.883+0000] {processor.py:156} INFO - Started process (PID=472) to work on /opt/airflow/dags/dag.py
[2022-10-09T23:16:35.884+0000] {processor.py:758} INFO - Processing file /opt/airflow/dags/dag.py for tasks to queue
[2022-10-09T23:16:35.885+0000] {logging_mixin.py:117} INFO - [2022-10-09T23:16:35.885+0000] {dagbag.py:525} INFO - Filling up the DagBag from /opt/airflow/dags/dag.py
[2022-10-09T23:16:36.131+0000] {processor.py:768} INFO - DAG(s) dict_keys(['ferragista', 'cemaco']) retrieved from /opt/airflow/dags/dag.py
[2022-10-09T23:16:36.165+0000] {logging_mixin.py:117} INFO - [2022-10-09T23:16:36.165+0000] {dag.py:2573} INFO - Sync 2 DAGs
[2022-10-09T23:16:36.189+0000] {logging_mixin.py:117} INFO - [2022-10-09T23:16:36.188+0000] {dag.py:3328} INFO - Setting next_dagrun for cemaco to 2022-09-11T00:00:00+00:00, run_after=2022-10-11T00:00:00+00:00
[2022-10-09T23:16:36.195+0000] {logging_mixin.py:117} INFO - [2022-10-09T23:16:36.194+0000] {dag.py:3328} INFO - Setting next_dagrun for ferragista to 2022-08-21T00:00:00+00:00, run_after=2022-09-21T00:00:00+00:00
[2022-10-09T23:16:36.209+0000] {processor.py:178} INFO - Processing /opt/airflow/dags/dag.py took 0.328 seconds
[2022-10-09T23:17:06.319+0000] {processor.py:156} INFO - Started process (PID=496) to work on /opt/airflow/dags/dag.py
[2022-10-09T23:17:06.319+0000] {processor.py:758} INFO - Processing file /opt/airflow/dags/dag.py for tasks to queue
[2022-10-09T23:17:06.320+0000] {logging_mixin.py:117} INFO - [2022-10-09T23:17:06.320+0000] {dagbag.py:525} INFO - Filling up the DagBag from /opt/airflow/dags/dag.py
[2022-10-09T23:17:06.548+0000] {processor.py:768} INFO - DAG(s) dict_keys(['ferragista', 'cemaco']) retrieved from /opt/airflow/dags/dag.py
[2022-10-09T23:17:06.578+0000] {logging_mixin.py:117} INFO - [2022-10-09T23:17:06.578+0000] {dag.py:2573} INFO - Sync 2 DAGs
[2022-10-09T23:17:06.601+0000] {logging_mixin.py:117} INFO - [2022-10-09T23:17:06.600+0000] {dag.py:3328} INFO - Setting next_dagrun for cemaco to 2022-09-11T00:00:00+00:00, run_after=2022-10-11T00:00:00+00:00
[2022-10-09T23:17:06.605+0000] {logging_mixin.py:117} INFO - [2022-10-09T23:17:06.605+0000] {dag.py:3328} INFO - Setting next_dagrun for ferragista to 2022-08-21T00:00:00+00:00, run_after=2022-09-21T00:00:00+00:00
[2022-10-09T23:17:06.619+0000] {processor.py:178} INFO - Processing /opt/airflow/dags/dag.py took 0.303 seconds
[2022-10-09T23:17:36.886+0000] {processor.py:156} INFO - Started process (PID=527) to work on /opt/airflow/dags/dag.py
[2022-10-09T23:17:36.887+0000] {processor.py:758} INFO - Processing file /opt/airflow/dags/dag.py for tasks to queue
[2022-10-09T23:17:36.887+0000] {logging_mixin.py:117} INFO - [2022-10-09T23:17:36.887+0000] {dagbag.py:525} INFO - Filling up the DagBag from /opt/airflow/dags/dag.py
[2022-10-09T23:17:37.129+0000] {processor.py:768} INFO - DAG(s) dict_keys(['cemaco', 'ferragista']) retrieved from /opt/airflow/dags/dag.py
[2022-10-09T23:17:37.248+0000] {logging_mixin.py:117} INFO - [2022-10-09T23:17:37.247+0000] {dag.py:2573} INFO - Sync 2 DAGs
[2022-10-09T23:17:37.315+0000] {logging_mixin.py:117} INFO - [2022-10-09T23:17:37.314+0000] {dag.py:3328} INFO - Setting next_dagrun for cemaco to 2022-09-11T00:00:00+00:00, run_after=2022-10-11T00:00:00+00:00
[2022-10-09T23:17:37.328+0000] {logging_mixin.py:117} INFO - [2022-10-09T23:17:37.328+0000] {dag.py:3328} INFO - Setting next_dagrun for ferragista to 2022-08-21T00:00:00+00:00, run_after=2022-09-21T00:00:00+00:00
[2022-10-09T23:17:37.349+0000] {processor.py:178} INFO - Processing /opt/airflow/dags/dag.py took 0.465 seconds
[2022-10-09T23:18:07.620+0000] {processor.py:156} INFO - Started process (PID=559) to work on /opt/airflow/dags/dag.py
[2022-10-09T23:18:07.622+0000] {processor.py:758} INFO - Processing file /opt/airflow/dags/dag.py for tasks to queue
[2022-10-09T23:18:07.623+0000] {logging_mixin.py:117} INFO - [2022-10-09T23:18:07.623+0000] {dagbag.py:525} INFO - Filling up the DagBag from /opt/airflow/dags/dag.py
[2022-10-09T23:18:07.896+0000] {processor.py:768} INFO - DAG(s) dict_keys(['cemaco', 'ferragista']) retrieved from /opt/airflow/dags/dag.py
[2022-10-09T23:18:07.930+0000] {logging_mixin.py:117} INFO - [2022-10-09T23:18:07.929+0000] {dag.py:2573} INFO - Sync 2 DAGs
[2022-10-09T23:18:07.951+0000] {logging_mixin.py:117} INFO - [2022-10-09T23:18:07.951+0000] {dag.py:3328} INFO - Setting next_dagrun for cemaco to 2022-09-11T00:00:00+00:00, run_after=2022-10-11T00:00:00+00:00
[2022-10-09T23:18:07.956+0000] {logging_mixin.py:117} INFO - [2022-10-09T23:18:07.956+0000] {dag.py:3328} INFO - Setting next_dagrun for ferragista to 2022-08-21T00:00:00+00:00, run_after=2022-09-21T00:00:00+00:00
[2022-10-09T23:18:07.971+0000] {processor.py:178} INFO - Processing /opt/airflow/dags/dag.py took 0.354 seconds
[2022-10-09T23:18:38.147+0000] {processor.py:156} INFO - Started process (PID=583) to work on /opt/airflow/dags/dag.py
[2022-10-09T23:18:38.148+0000] {processor.py:758} INFO - Processing file /opt/airflow/dags/dag.py for tasks to queue
[2022-10-09T23:18:38.149+0000] {logging_mixin.py:117} INFO - [2022-10-09T23:18:38.148+0000] {dagbag.py:525} INFO - Filling up the DagBag from /opt/airflow/dags/dag.py
[2022-10-09T23:18:38.175+0000] {logging_mixin.py:117} INFO - [2022-10-09T23:18:38.171+0000] {dagbag.py:330} ERROR - Failed to import: /opt/airflow/dags/dag.py
Traceback (most recent call last):
  File "/home/airflow/.local/lib/python3.7/site-packages/airflow/models/dagbag.py", line 326, in parse
    loader.exec_module(new_module)
  File "<frozen importlib._bootstrap_external>", line 728, in exec_module
  File "<frozen importlib._bootstrap>", line 219, in _call_with_frames_removed
  File "/opt/airflow/dags/dag.py", line 3, in <module>
    from tasks import create_task_collector, create_task_prep
  File "/opt/airflow/dags/tasks.py", line 120
    {"enableVideo": False}
    ^
SyntaxError: invalid syntax
[2022-10-09T23:18:38.176+0000] {processor.py:770} WARNING - No viable dags retrieved from /opt/airflow/dags/dag.py
[2022-10-09T23:18:38.193+0000] {processor.py:178} INFO - Processing /opt/airflow/dags/dag.py took 0.047 seconds
[2022-10-09T23:19:08.433+0000] {processor.py:156} INFO - Started process (PID=612) to work on /opt/airflow/dags/dag.py
[2022-10-09T23:19:08.434+0000] {processor.py:758} INFO - Processing file /opt/airflow/dags/dag.py for tasks to queue
[2022-10-09T23:19:08.435+0000] {logging_mixin.py:117} INFO - [2022-10-09T23:19:08.434+0000] {dagbag.py:525} INFO - Filling up the DagBag from /opt/airflow/dags/dag.py
[2022-10-09T23:19:08.453+0000] {logging_mixin.py:117} INFO - [2022-10-09T23:19:08.450+0000] {dagbag.py:330} ERROR - Failed to import: /opt/airflow/dags/dag.py
Traceback (most recent call last):
  File "/home/airflow/.local/lib/python3.7/site-packages/airflow/models/dagbag.py", line 326, in parse
    loader.exec_module(new_module)
  File "<frozen importlib._bootstrap_external>", line 728, in exec_module
  File "<frozen importlib._bootstrap>", line 219, in _call_with_frames_removed
  File "/opt/airflow/dags/dag.py", line 3, in <module>
    from tasks import create_task_collector, create_task_prep
  File "/opt/airflow/dags/tasks.py", line 119
    "selenoid"{}
              ^
SyntaxError: invalid syntax
[2022-10-09T23:19:08.454+0000] {processor.py:770} WARNING - No viable dags retrieved from /opt/airflow/dags/dag.py
[2022-10-09T23:19:08.469+0000] {processor.py:178} INFO - Processing /opt/airflow/dags/dag.py took 0.037 seconds
[2022-10-09T23:19:38.859+0000] {processor.py:156} INFO - Started process (PID=644) to work on /opt/airflow/dags/dag.py
[2022-10-09T23:19:38.860+0000] {processor.py:758} INFO - Processing file /opt/airflow/dags/dag.py for tasks to queue
[2022-10-09T23:19:38.861+0000] {logging_mixin.py:117} INFO - [2022-10-09T23:19:38.861+0000] {dagbag.py:525} INFO - Filling up the DagBag from /opt/airflow/dags/dag.py
[2022-10-09T23:19:39.122+0000] {processor.py:768} INFO - DAG(s) dict_keys(['ferragista', 'cemaco']) retrieved from /opt/airflow/dags/dag.py
[2022-10-09T23:19:39.154+0000] {logging_mixin.py:117} INFO - [2022-10-09T23:19:39.154+0000] {dag.py:2573} INFO - Sync 2 DAGs
[2022-10-09T23:19:39.176+0000] {logging_mixin.py:117} INFO - [2022-10-09T23:19:39.176+0000] {dag.py:3328} INFO - Setting next_dagrun for cemaco to 2022-09-11T00:00:00+00:00, run_after=2022-10-11T00:00:00+00:00
[2022-10-09T23:19:39.180+0000] {logging_mixin.py:117} INFO - [2022-10-09T23:19:39.180+0000] {dag.py:3328} INFO - Setting next_dagrun for ferragista to 2022-08-21T00:00:00+00:00, run_after=2022-09-21T00:00:00+00:00
[2022-10-09T23:19:39.195+0000] {processor.py:178} INFO - Processing /opt/airflow/dags/dag.py took 0.338 seconds
[2022-10-09T23:20:09.461+0000] {processor.py:156} INFO - Started process (PID=666) to work on /opt/airflow/dags/dag.py
[2022-10-09T23:20:09.462+0000] {processor.py:758} INFO - Processing file /opt/airflow/dags/dag.py for tasks to queue
[2022-10-09T23:20:09.463+0000] {logging_mixin.py:117} INFO - [2022-10-09T23:20:09.463+0000] {dagbag.py:525} INFO - Filling up the DagBag from /opt/airflow/dags/dag.py
[2022-10-09T23:20:09.759+0000] {processor.py:768} INFO - DAG(s) dict_keys(['ferragista', 'cemaco']) retrieved from /opt/airflow/dags/dag.py
[2022-10-09T23:20:09.791+0000] {logging_mixin.py:117} INFO - [2022-10-09T23:20:09.791+0000] {dag.py:2573} INFO - Sync 2 DAGs
[2022-10-09T23:20:09.825+0000] {logging_mixin.py:117} INFO - [2022-10-09T23:20:09.824+0000] {dag.py:3328} INFO - Setting next_dagrun for cemaco to 2022-09-11T00:00:00+00:00, run_after=2022-10-11T00:00:00+00:00
[2022-10-09T23:20:09.831+0000] {logging_mixin.py:117} INFO - [2022-10-09T23:20:09.831+0000] {dag.py:3328} INFO - Setting next_dagrun for ferragista to 2022-08-21T00:00:00+00:00, run_after=2022-09-21T00:00:00+00:00
[2022-10-09T23:20:09.846+0000] {processor.py:178} INFO - Processing /opt/airflow/dags/dag.py took 0.388 seconds
[2022-10-09T23:20:40.113+0000] {processor.py:156} INFO - Started process (PID=697) to work on /opt/airflow/dags/dag.py
[2022-10-09T23:20:40.114+0000] {processor.py:758} INFO - Processing file /opt/airflow/dags/dag.py for tasks to queue
[2022-10-09T23:20:40.115+0000] {logging_mixin.py:117} INFO - [2022-10-09T23:20:40.114+0000] {dagbag.py:525} INFO - Filling up the DagBag from /opt/airflow/dags/dag.py
[2022-10-09T23:20:40.397+0000] {processor.py:768} INFO - DAG(s) dict_keys(['ferragista', 'cemaco']) retrieved from /opt/airflow/dags/dag.py
[2022-10-09T23:20:40.435+0000] {logging_mixin.py:117} INFO - [2022-10-09T23:20:40.434+0000] {dag.py:2573} INFO - Sync 2 DAGs
[2022-10-09T23:20:40.459+0000] {logging_mixin.py:117} INFO - [2022-10-09T23:20:40.459+0000] {dag.py:3328} INFO - Setting next_dagrun for cemaco to 2022-09-11T00:00:00+00:00, run_after=2022-10-11T00:00:00+00:00
[2022-10-09T23:20:40.464+0000] {logging_mixin.py:117} INFO - [2022-10-09T23:20:40.463+0000] {dag.py:3328} INFO - Setting next_dagrun for ferragista to 2022-08-21T00:00:00+00:00, run_after=2022-09-21T00:00:00+00:00
[2022-10-09T23:20:40.479+0000] {processor.py:178} INFO - Processing /opt/airflow/dags/dag.py took 0.368 seconds
[2022-10-09T23:21:10.654+0000] {processor.py:156} INFO - Started process (PID=729) to work on /opt/airflow/dags/dag.py
[2022-10-09T23:21:10.655+0000] {processor.py:758} INFO - Processing file /opt/airflow/dags/dag.py for tasks to queue
[2022-10-09T23:21:10.656+0000] {logging_mixin.py:117} INFO - [2022-10-09T23:21:10.656+0000] {dagbag.py:525} INFO - Filling up the DagBag from /opt/airflow/dags/dag.py
[2022-10-09T23:21:10.982+0000] {processor.py:768} INFO - DAG(s) dict_keys(['cemaco', 'ferragista']) retrieved from /opt/airflow/dags/dag.py
[2022-10-09T23:21:11.016+0000] {logging_mixin.py:117} INFO - [2022-10-09T23:21:11.016+0000] {dag.py:2573} INFO - Sync 2 DAGs
[2022-10-09T23:21:11.040+0000] {logging_mixin.py:117} INFO - [2022-10-09T23:21:11.039+0000] {dag.py:3328} INFO - Setting next_dagrun for cemaco to 2022-09-11T00:00:00+00:00, run_after=2022-10-11T00:00:00+00:00
[2022-10-09T23:21:11.044+0000] {logging_mixin.py:117} INFO - [2022-10-09T23:21:11.044+0000] {dag.py:3328} INFO - Setting next_dagrun for ferragista to 2022-08-21T00:00:00+00:00, run_after=2022-09-21T00:00:00+00:00
[2022-10-09T23:21:11.061+0000] {processor.py:178} INFO - Processing /opt/airflow/dags/dag.py took 0.409 seconds
[2022-10-09T23:21:41.170+0000] {processor.py:156} INFO - Started process (PID=751) to work on /opt/airflow/dags/dag.py
[2022-10-09T23:21:41.171+0000] {processor.py:758} INFO - Processing file /opt/airflow/dags/dag.py for tasks to queue
[2022-10-09T23:21:41.171+0000] {logging_mixin.py:117} INFO - [2022-10-09T23:21:41.171+0000] {dagbag.py:525} INFO - Filling up the DagBag from /opt/airflow/dags/dag.py
[2022-10-09T23:21:41.423+0000] {processor.py:768} INFO - DAG(s) dict_keys(['cemaco', 'ferragista']) retrieved from /opt/airflow/dags/dag.py
[2022-10-09T23:21:41.458+0000] {logging_mixin.py:117} INFO - [2022-10-09T23:21:41.457+0000] {dag.py:2573} INFO - Sync 2 DAGs
[2022-10-09T23:21:41.482+0000] {logging_mixin.py:117} INFO - [2022-10-09T23:21:41.482+0000] {dag.py:3328} INFO - Setting next_dagrun for cemaco to 2022-09-11T00:00:00+00:00, run_after=2022-10-11T00:00:00+00:00
[2022-10-09T23:21:41.487+0000] {logging_mixin.py:117} INFO - [2022-10-09T23:21:41.487+0000] {dag.py:3328} INFO - Setting next_dagrun for ferragista to 2022-08-21T00:00:00+00:00, run_after=2022-09-21T00:00:00+00:00
[2022-10-09T23:21:41.502+0000] {processor.py:178} INFO - Processing /opt/airflow/dags/dag.py took 0.334 seconds
[2022-10-09T23:22:11.687+0000] {processor.py:156} INFO - Started process (PID=783) to work on /opt/airflow/dags/dag.py
[2022-10-09T23:22:11.689+0000] {processor.py:758} INFO - Processing file /opt/airflow/dags/dag.py for tasks to queue
[2022-10-09T23:22:11.689+0000] {logging_mixin.py:117} INFO - [2022-10-09T23:22:11.689+0000] {dagbag.py:525} INFO - Filling up the DagBag from /opt/airflow/dags/dag.py
[2022-10-09T23:22:11.925+0000] {processor.py:768} INFO - DAG(s) dict_keys(['cemaco', 'ferragista']) retrieved from /opt/airflow/dags/dag.py
[2022-10-09T23:22:11.961+0000] {logging_mixin.py:117} INFO - [2022-10-09T23:22:11.961+0000] {dag.py:2573} INFO - Sync 2 DAGs
[2022-10-09T23:22:11.985+0000] {logging_mixin.py:117} INFO - [2022-10-09T23:22:11.985+0000] {dag.py:3328} INFO - Setting next_dagrun for cemaco to 2022-09-11T00:00:00+00:00, run_after=2022-10-11T00:00:00+00:00
[2022-10-09T23:22:11.990+0000] {logging_mixin.py:117} INFO - [2022-10-09T23:22:11.990+0000] {dag.py:3328} INFO - Setting next_dagrun for ferragista to 2022-08-21T00:00:00+00:00, run_after=2022-09-21T00:00:00+00:00
[2022-10-09T23:22:12.005+0000] {processor.py:178} INFO - Processing /opt/airflow/dags/dag.py took 0.320 seconds
[2022-10-09T23:22:42.174+0000] {processor.py:156} INFO - Started process (PID=814) to work on /opt/airflow/dags/dag.py
[2022-10-09T23:22:42.175+0000] {processor.py:758} INFO - Processing file /opt/airflow/dags/dag.py for tasks to queue
[2022-10-09T23:22:42.176+0000] {logging_mixin.py:117} INFO - [2022-10-09T23:22:42.176+0000] {dagbag.py:525} INFO - Filling up the DagBag from /opt/airflow/dags/dag.py
[2022-10-09T23:22:42.469+0000] {processor.py:768} INFO - DAG(s) dict_keys(['cemaco', 'ferragista']) retrieved from /opt/airflow/dags/dag.py
[2022-10-09T23:22:42.553+0000] {logging_mixin.py:117} INFO - [2022-10-09T23:22:42.552+0000] {dag.py:2573} INFO - Sync 2 DAGs
[2022-10-09T23:22:42.578+0000] {logging_mixin.py:117} INFO - [2022-10-09T23:22:42.577+0000] {dag.py:3328} INFO - Setting next_dagrun for cemaco to 2022-09-11T00:00:00+00:00, run_after=2022-10-11T00:00:00+00:00
[2022-10-09T23:22:42.582+0000] {logging_mixin.py:117} INFO - [2022-10-09T23:22:42.582+0000] {dag.py:3328} INFO - Setting next_dagrun for ferragista to 2022-08-21T00:00:00+00:00, run_after=2022-09-21T00:00:00+00:00
[2022-10-09T23:22:42.599+0000] {processor.py:178} INFO - Processing /opt/airflow/dags/dag.py took 0.427 seconds
[2022-10-09T23:23:12.791+0000] {processor.py:156} INFO - Started process (PID=836) to work on /opt/airflow/dags/dag.py
[2022-10-09T23:23:12.793+0000] {processor.py:758} INFO - Processing file /opt/airflow/dags/dag.py for tasks to queue
[2022-10-09T23:23:12.796+0000] {logging_mixin.py:117} INFO - [2022-10-09T23:23:12.796+0000] {dagbag.py:525} INFO - Filling up the DagBag from /opt/airflow/dags/dag.py
[2022-10-09T23:23:13.100+0000] {processor.py:768} INFO - DAG(s) dict_keys(['cemaco', 'ferragista']) retrieved from /opt/airflow/dags/dag.py
[2022-10-09T23:23:13.135+0000] {logging_mixin.py:117} INFO - [2022-10-09T23:23:13.135+0000] {dag.py:2573} INFO - Sync 2 DAGs
[2022-10-09T23:23:13.160+0000] {logging_mixin.py:117} INFO - [2022-10-09T23:23:13.160+0000] {dag.py:3328} INFO - Setting next_dagrun for cemaco to 2022-09-11T00:00:00+00:00, run_after=2022-10-11T00:00:00+00:00
[2022-10-09T23:23:13.165+0000] {logging_mixin.py:117} INFO - [2022-10-09T23:23:13.165+0000] {dag.py:3328} INFO - Setting next_dagrun for ferragista to 2022-08-21T00:00:00+00:00, run_after=2022-09-21T00:00:00+00:00
[2022-10-09T23:23:13.180+0000] {processor.py:178} INFO - Processing /opt/airflow/dags/dag.py took 0.394 seconds
[2022-10-09T23:23:43.240+0000] {processor.py:156} INFO - Started process (PID=867) to work on /opt/airflow/dags/dag.py
[2022-10-09T23:23:43.242+0000] {processor.py:758} INFO - Processing file /opt/airflow/dags/dag.py for tasks to queue
[2022-10-09T23:23:43.244+0000] {logging_mixin.py:117} INFO - [2022-10-09T23:23:43.243+0000] {dagbag.py:525} INFO - Filling up the DagBag from /opt/airflow/dags/dag.py
[2022-10-09T23:23:43.635+0000] {processor.py:768} INFO - DAG(s) dict_keys(['cemaco', 'ferragista']) retrieved from /opt/airflow/dags/dag.py
[2022-10-09T23:23:43.678+0000] {logging_mixin.py:117} INFO - [2022-10-09T23:23:43.678+0000] {dag.py:2573} INFO - Sync 2 DAGs
[2022-10-09T23:23:43.709+0000] {logging_mixin.py:117} INFO - [2022-10-09T23:23:43.709+0000] {dag.py:3328} INFO - Setting next_dagrun for cemaco to 2022-09-11T00:00:00+00:00, run_after=2022-10-11T00:00:00+00:00
[2022-10-09T23:23:43.715+0000] {logging_mixin.py:117} INFO - [2022-10-09T23:23:43.715+0000] {dag.py:3328} INFO - Setting next_dagrun for ferragista to 2022-08-21T00:00:00+00:00, run_after=2022-09-21T00:00:00+00:00
[2022-10-09T23:23:43.744+0000] {processor.py:178} INFO - Processing /opt/airflow/dags/dag.py took 0.506 seconds
[2022-10-09T23:24:14.408+0000] {processor.py:156} INFO - Started process (PID=898) to work on /opt/airflow/dags/dag.py
[2022-10-09T23:24:14.409+0000] {processor.py:758} INFO - Processing file /opt/airflow/dags/dag.py for tasks to queue
[2022-10-09T23:24:14.409+0000] {logging_mixin.py:117} INFO - [2022-10-09T23:24:14.409+0000] {dagbag.py:525} INFO - Filling up the DagBag from /opt/airflow/dags/dag.py
[2022-10-09T23:24:14.651+0000] {processor.py:768} INFO - DAG(s) dict_keys(['ferragista', 'cemaco']) retrieved from /opt/airflow/dags/dag.py
[2022-10-09T23:24:14.684+0000] {logging_mixin.py:117} INFO - [2022-10-09T23:24:14.684+0000] {dag.py:2573} INFO - Sync 2 DAGs
[2022-10-09T23:24:14.711+0000] {logging_mixin.py:117} INFO - [2022-10-09T23:24:14.711+0000] {dag.py:3328} INFO - Setting next_dagrun for cemaco to 2022-09-11T00:00:00+00:00, run_after=2022-10-11T00:00:00+00:00
[2022-10-09T23:24:14.716+0000] {logging_mixin.py:117} INFO - [2022-10-09T23:24:14.716+0000] {dag.py:3328} INFO - Setting next_dagrun for ferragista to 2022-08-21T00:00:00+00:00, run_after=2022-09-21T00:00:00+00:00
[2022-10-09T23:24:14.732+0000] {processor.py:178} INFO - Processing /opt/airflow/dags/dag.py took 0.326 seconds
[2022-10-09T23:24:44.905+0000] {processor.py:156} INFO - Started process (PID=920) to work on /opt/airflow/dags/dag.py
[2022-10-09T23:24:44.906+0000] {processor.py:758} INFO - Processing file /opt/airflow/dags/dag.py for tasks to queue
[2022-10-09T23:24:44.907+0000] {logging_mixin.py:117} INFO - [2022-10-09T23:24:44.907+0000] {dagbag.py:525} INFO - Filling up the DagBag from /opt/airflow/dags/dag.py
[2022-10-09T23:24:45.141+0000] {processor.py:768} INFO - DAG(s) dict_keys(['ferragista', 'cemaco']) retrieved from /opt/airflow/dags/dag.py
[2022-10-09T23:24:45.171+0000] {logging_mixin.py:117} INFO - [2022-10-09T23:24:45.171+0000] {dag.py:2573} INFO - Sync 2 DAGs
[2022-10-09T23:24:45.193+0000] {logging_mixin.py:117} INFO - [2022-10-09T23:24:45.193+0000] {dag.py:3328} INFO - Setting next_dagrun for cemaco to 2022-09-11T00:00:00+00:00, run_after=2022-10-11T00:00:00+00:00
[2022-10-09T23:24:45.197+0000] {logging_mixin.py:117} INFO - [2022-10-09T23:24:45.197+0000] {dag.py:3328} INFO - Setting next_dagrun for ferragista to 2022-08-21T00:00:00+00:00, run_after=2022-09-21T00:00:00+00:00
[2022-10-09T23:24:45.211+0000] {processor.py:178} INFO - Processing /opt/airflow/dags/dag.py took 0.308 seconds
[2022-10-09T23:25:15.370+0000] {processor.py:156} INFO - Started process (PID=951) to work on /opt/airflow/dags/dag.py
[2022-10-09T23:25:15.370+0000] {processor.py:758} INFO - Processing file /opt/airflow/dags/dag.py for tasks to queue
[2022-10-09T23:25:15.371+0000] {logging_mixin.py:117} INFO - [2022-10-09T23:25:15.371+0000] {dagbag.py:525} INFO - Filling up the DagBag from /opt/airflow/dags/dag.py
[2022-10-09T23:25:15.603+0000] {processor.py:768} INFO - DAG(s) dict_keys(['ferragista', 'cemaco']) retrieved from /opt/airflow/dags/dag.py
[2022-10-09T23:25:15.633+0000] {logging_mixin.py:117} INFO - [2022-10-09T23:25:15.633+0000] {dag.py:2573} INFO - Sync 2 DAGs
[2022-10-09T23:25:15.655+0000] {logging_mixin.py:117} INFO - [2022-10-09T23:25:15.654+0000] {dag.py:3328} INFO - Setting next_dagrun for cemaco to 2022-09-11T00:00:00+00:00, run_after=2022-10-11T00:00:00+00:00
[2022-10-09T23:25:15.659+0000] {logging_mixin.py:117} INFO - [2022-10-09T23:25:15.659+0000] {dag.py:3328} INFO - Setting next_dagrun for ferragista to 2022-08-21T00:00:00+00:00, run_after=2022-09-21T00:00:00+00:00
[2022-10-09T23:25:15.672+0000] {processor.py:178} INFO - Processing /opt/airflow/dags/dag.py took 0.304 seconds
[2022-10-09T23:25:45.832+0000] {processor.py:156} INFO - Started process (PID=973) to work on /opt/airflow/dags/dag.py
[2022-10-09T23:25:45.833+0000] {processor.py:758} INFO - Processing file /opt/airflow/dags/dag.py for tasks to queue
[2022-10-09T23:25:45.833+0000] {logging_mixin.py:117} INFO - [2022-10-09T23:25:45.833+0000] {dagbag.py:525} INFO - Filling up the DagBag from /opt/airflow/dags/dag.py
[2022-10-09T23:25:46.064+0000] {processor.py:768} INFO - DAG(s) dict_keys(['ferragista', 'cemaco']) retrieved from /opt/airflow/dags/dag.py
[2022-10-09T23:25:46.135+0000] {logging_mixin.py:117} INFO - [2022-10-09T23:25:46.135+0000] {dag.py:2573} INFO - Sync 2 DAGs
[2022-10-09T23:25:46.164+0000] {logging_mixin.py:117} INFO - [2022-10-09T23:25:46.163+0000] {dag.py:3328} INFO - Setting next_dagrun for cemaco to 2022-09-11T00:00:00+00:00, run_after=2022-10-11T00:00:00+00:00
[2022-10-09T23:25:46.169+0000] {logging_mixin.py:117} INFO - [2022-10-09T23:25:46.168+0000] {dag.py:3328} INFO - Setting next_dagrun for ferragista to 2022-08-21T00:00:00+00:00, run_after=2022-09-21T00:00:00+00:00
[2022-10-09T23:25:46.184+0000] {processor.py:178} INFO - Processing /opt/airflow/dags/dag.py took 0.354 seconds
[2022-10-09T23:26:16.272+0000] {processor.py:156} INFO - Started process (PID=1004) to work on /opt/airflow/dags/dag.py
[2022-10-09T23:26:16.273+0000] {processor.py:758} INFO - Processing file /opt/airflow/dags/dag.py for tasks to queue
[2022-10-09T23:26:16.273+0000] {logging_mixin.py:117} INFO - [2022-10-09T23:26:16.273+0000] {dagbag.py:525} INFO - Filling up the DagBag from /opt/airflow/dags/dag.py
[2022-10-09T23:26:16.508+0000] {processor.py:768} INFO - DAG(s) dict_keys(['cemaco', 'ferragista']) retrieved from /opt/airflow/dags/dag.py
[2022-10-09T23:26:16.539+0000] {logging_mixin.py:117} INFO - [2022-10-09T23:26:16.539+0000] {dag.py:2573} INFO - Sync 2 DAGs
[2022-10-09T23:26:16.561+0000] {logging_mixin.py:117} INFO - [2022-10-09T23:26:16.561+0000] {dag.py:3328} INFO - Setting next_dagrun for cemaco to 2022-09-11T00:00:00+00:00, run_after=2022-10-11T00:00:00+00:00
[2022-10-09T23:26:16.566+0000] {logging_mixin.py:117} INFO - [2022-10-09T23:26:16.566+0000] {dag.py:3328} INFO - Setting next_dagrun for ferragista to 2022-08-21T00:00:00+00:00, run_after=2022-09-21T00:00:00+00:00
[2022-10-09T23:26:16.579+0000] {processor.py:178} INFO - Processing /opt/airflow/dags/dag.py took 0.310 seconds
[2022-10-09T23:26:46.695+0000] {processor.py:156} INFO - Started process (PID=1035) to work on /opt/airflow/dags/dag.py
[2022-10-09T23:26:46.696+0000] {processor.py:758} INFO - Processing file /opt/airflow/dags/dag.py for tasks to queue
[2022-10-09T23:26:46.697+0000] {logging_mixin.py:117} INFO - [2022-10-09T23:26:46.696+0000] {dagbag.py:525} INFO - Filling up the DagBag from /opt/airflow/dags/dag.py
[2022-10-09T23:26:46.927+0000] {processor.py:768} INFO - DAG(s) dict_keys(['cemaco', 'ferragista']) retrieved from /opt/airflow/dags/dag.py
[2022-10-09T23:26:46.958+0000] {logging_mixin.py:117} INFO - [2022-10-09T23:26:46.958+0000] {dag.py:2573} INFO - Sync 2 DAGs
[2022-10-09T23:26:46.980+0000] {logging_mixin.py:117} INFO - [2022-10-09T23:26:46.980+0000] {dag.py:3328} INFO - Setting next_dagrun for cemaco to 2022-09-11T00:00:00+00:00, run_after=2022-10-11T00:00:00+00:00
[2022-10-09T23:26:46.985+0000] {logging_mixin.py:117} INFO - [2022-10-09T23:26:46.985+0000] {dag.py:3328} INFO - Setting next_dagrun for ferragista to 2022-08-21T00:00:00+00:00, run_after=2022-09-21T00:00:00+00:00
[2022-10-09T23:26:46.999+0000] {processor.py:178} INFO - Processing /opt/airflow/dags/dag.py took 0.306 seconds
[2022-10-09T23:27:17.090+0000] {processor.py:156} INFO - Started process (PID=1066) to work on /opt/airflow/dags/dag.py
[2022-10-09T23:27:17.091+0000] {processor.py:758} INFO - Processing file /opt/airflow/dags/dag.py for tasks to queue
[2022-10-09T23:27:17.092+0000] {logging_mixin.py:117} INFO - [2022-10-09T23:27:17.092+0000] {dagbag.py:525} INFO - Filling up the DagBag from /opt/airflow/dags/dag.py
[2022-10-09T23:27:17.336+0000] {processor.py:768} INFO - DAG(s) dict_keys(['cemaco', 'ferragista']) retrieved from /opt/airflow/dags/dag.py
[2022-10-09T23:27:17.370+0000] {logging_mixin.py:117} INFO - [2022-10-09T23:27:17.370+0000] {dag.py:2573} INFO - Sync 2 DAGs
[2022-10-09T23:27:17.401+0000] {logging_mixin.py:117} INFO - [2022-10-09T23:27:17.400+0000] {dag.py:3328} INFO - Setting next_dagrun for cemaco to 2022-09-11T00:00:00+00:00, run_after=2022-10-11T00:00:00+00:00
[2022-10-09T23:27:17.405+0000] {logging_mixin.py:117} INFO - [2022-10-09T23:27:17.405+0000] {dag.py:3328} INFO - Setting next_dagrun for ferragista to 2022-08-21T00:00:00+00:00, run_after=2022-09-21T00:00:00+00:00
[2022-10-09T23:27:17.422+0000] {processor.py:178} INFO - Processing /opt/airflow/dags/dag.py took 0.334 seconds
[2022-10-09T23:27:47.496+0000] {processor.py:156} INFO - Started process (PID=1088) to work on /opt/airflow/dags/dag.py
[2022-10-09T23:27:47.496+0000] {processor.py:758} INFO - Processing file /opt/airflow/dags/dag.py for tasks to queue
[2022-10-09T23:27:47.497+0000] {logging_mixin.py:117} INFO - [2022-10-09T23:27:47.497+0000] {dagbag.py:525} INFO - Filling up the DagBag from /opt/airflow/dags/dag.py
[2022-10-09T23:27:47.730+0000] {processor.py:768} INFO - DAG(s) dict_keys(['ferragista', 'cemaco']) retrieved from /opt/airflow/dags/dag.py
[2022-10-09T23:27:47.773+0000] {logging_mixin.py:117} INFO - [2022-10-09T23:27:47.772+0000] {dag.py:2573} INFO - Sync 2 DAGs
[2022-10-09T23:27:47.800+0000] {logging_mixin.py:117} INFO - [2022-10-09T23:27:47.800+0000] {dag.py:3328} INFO - Setting next_dagrun for cemaco to 2022-09-11T00:00:00+00:00, run_after=2022-10-11T00:00:00+00:00
[2022-10-09T23:27:47.804+0000] {logging_mixin.py:117} INFO - [2022-10-09T23:27:47.804+0000] {dag.py:3328} INFO - Setting next_dagrun for ferragista to 2022-08-21T00:00:00+00:00, run_after=2022-09-21T00:00:00+00:00
[2022-10-09T23:27:47.817+0000] {processor.py:178} INFO - Processing /opt/airflow/dags/dag.py took 0.324 seconds
[2022-10-09T23:28:17.901+0000] {processor.py:156} INFO - Started process (PID=1119) to work on /opt/airflow/dags/dag.py
[2022-10-09T23:28:17.902+0000] {processor.py:758} INFO - Processing file /opt/airflow/dags/dag.py for tasks to queue
[2022-10-09T23:28:17.902+0000] {logging_mixin.py:117} INFO - [2022-10-09T23:28:17.902+0000] {dagbag.py:525} INFO - Filling up the DagBag from /opt/airflow/dags/dag.py
[2022-10-09T23:28:18.132+0000] {processor.py:768} INFO - DAG(s) dict_keys(['ferragista', 'cemaco']) retrieved from /opt/airflow/dags/dag.py
[2022-10-09T23:28:18.164+0000] {logging_mixin.py:117} INFO - [2022-10-09T23:28:18.164+0000] {dag.py:2573} INFO - Sync 2 DAGs
[2022-10-09T23:28:18.186+0000] {logging_mixin.py:117} INFO - [2022-10-09T23:28:18.186+0000] {dag.py:3328} INFO - Setting next_dagrun for cemaco to 2022-09-11T00:00:00+00:00, run_after=2022-10-11T00:00:00+00:00
[2022-10-09T23:28:18.190+0000] {logging_mixin.py:117} INFO - [2022-10-09T23:28:18.190+0000] {dag.py:3328} INFO - Setting next_dagrun for ferragista to 2022-08-21T00:00:00+00:00, run_after=2022-09-21T00:00:00+00:00
[2022-10-09T23:28:18.203+0000] {processor.py:178} INFO - Processing /opt/airflow/dags/dag.py took 0.304 seconds
[2022-10-09T23:28:48.282+0000] {processor.py:156} INFO - Started process (PID=1150) to work on /opt/airflow/dags/dag.py
[2022-10-09T23:28:48.282+0000] {processor.py:758} INFO - Processing file /opt/airflow/dags/dag.py for tasks to queue
[2022-10-09T23:28:48.283+0000] {logging_mixin.py:117} INFO - [2022-10-09T23:28:48.283+0000] {dagbag.py:525} INFO - Filling up the DagBag from /opt/airflow/dags/dag.py
[2022-10-09T23:28:48.508+0000] {processor.py:768} INFO - DAG(s) dict_keys(['ferragista', 'cemaco']) retrieved from /opt/airflow/dags/dag.py
[2022-10-09T23:28:48.547+0000] {logging_mixin.py:117} INFO - [2022-10-09T23:28:48.547+0000] {dag.py:2573} INFO - Sync 2 DAGs
[2022-10-09T23:28:48.572+0000] {logging_mixin.py:117} INFO - [2022-10-09T23:28:48.571+0000] {dag.py:3328} INFO - Setting next_dagrun for cemaco to 2022-09-11T00:00:00+00:00, run_after=2022-10-11T00:00:00+00:00
[2022-10-09T23:28:48.576+0000] {logging_mixin.py:117} INFO - [2022-10-09T23:28:48.576+0000] {dag.py:3328} INFO - Setting next_dagrun for ferragista to 2022-08-21T00:00:00+00:00, run_after=2022-09-21T00:00:00+00:00
[2022-10-09T23:28:48.590+0000] {processor.py:178} INFO - Processing /opt/airflow/dags/dag.py took 0.310 seconds
[2022-10-09T23:29:18.717+0000] {processor.py:156} INFO - Started process (PID=1181) to work on /opt/airflow/dags/dag.py
[2022-10-09T23:29:18.718+0000] {processor.py:758} INFO - Processing file /opt/airflow/dags/dag.py for tasks to queue
[2022-10-09T23:29:18.718+0000] {logging_mixin.py:117} INFO - [2022-10-09T23:29:18.718+0000] {dagbag.py:525} INFO - Filling up the DagBag from /opt/airflow/dags/dag.py
[2022-10-09T23:29:18.961+0000] {processor.py:768} INFO - DAG(s) dict_keys(['cemaco', 'ferragista']) retrieved from /opt/airflow/dags/dag.py
[2022-10-09T23:29:18.996+0000] {logging_mixin.py:117} INFO - [2022-10-09T23:29:18.996+0000] {dag.py:2573} INFO - Sync 2 DAGs
[2022-10-09T23:29:19.019+0000] {logging_mixin.py:117} INFO - [2022-10-09T23:29:19.019+0000] {dag.py:3328} INFO - Setting next_dagrun for cemaco to 2022-09-11T00:00:00+00:00, run_after=2022-10-11T00:00:00+00:00
[2022-10-09T23:29:19.023+0000] {logging_mixin.py:117} INFO - [2022-10-09T23:29:19.023+0000] {dag.py:3328} INFO - Setting next_dagrun for ferragista to 2022-08-21T00:00:00+00:00, run_after=2022-09-21T00:00:00+00:00
[2022-10-09T23:29:19.039+0000] {processor.py:178} INFO - Processing /opt/airflow/dags/dag.py took 0.324 seconds
[2022-10-09T23:29:49.098+0000] {processor.py:156} INFO - Started process (PID=1203) to work on /opt/airflow/dags/dag.py
[2022-10-09T23:29:49.099+0000] {processor.py:758} INFO - Processing file /opt/airflow/dags/dag.py for tasks to queue
[2022-10-09T23:29:49.099+0000] {logging_mixin.py:117} INFO - [2022-10-09T23:29:49.099+0000] {dagbag.py:525} INFO - Filling up the DagBag from /opt/airflow/dags/dag.py
[2022-10-09T23:29:49.319+0000] {processor.py:768} INFO - DAG(s) dict_keys(['ferragista', 'cemaco']) retrieved from /opt/airflow/dags/dag.py
[2022-10-09T23:29:49.349+0000] {logging_mixin.py:117} INFO - [2022-10-09T23:29:49.349+0000] {dag.py:2573} INFO - Sync 2 DAGs
[2022-10-09T23:29:49.371+0000] {logging_mixin.py:117} INFO - [2022-10-09T23:29:49.371+0000] {dag.py:3328} INFO - Setting next_dagrun for cemaco to 2022-09-11T00:00:00+00:00, run_after=2022-10-11T00:00:00+00:00
[2022-10-09T23:29:49.375+0000] {logging_mixin.py:117} INFO - [2022-10-09T23:29:49.375+0000] {dag.py:3328} INFO - Setting next_dagrun for ferragista to 2022-08-21T00:00:00+00:00, run_after=2022-09-21T00:00:00+00:00
[2022-10-09T23:29:49.389+0000] {processor.py:178} INFO - Processing /opt/airflow/dags/dag.py took 0.293 seconds
[2022-10-09T23:30:19.500+0000] {processor.py:156} INFO - Started process (PID=1234) to work on /opt/airflow/dags/dag.py
[2022-10-09T23:30:19.501+0000] {processor.py:758} INFO - Processing file /opt/airflow/dags/dag.py for tasks to queue
[2022-10-09T23:30:19.502+0000] {logging_mixin.py:117} INFO - [2022-10-09T23:30:19.502+0000] {dagbag.py:525} INFO - Filling up the DagBag from /opt/airflow/dags/dag.py
[2022-10-09T23:30:19.724+0000] {processor.py:768} INFO - DAG(s) dict_keys(['ferragista', 'cemaco']) retrieved from /opt/airflow/dags/dag.py
[2022-10-09T23:30:19.754+0000] {logging_mixin.py:117} INFO - [2022-10-09T23:30:19.754+0000] {dag.py:2573} INFO - Sync 2 DAGs
[2022-10-09T23:30:19.776+0000] {logging_mixin.py:117} INFO - [2022-10-09T23:30:19.776+0000] {dag.py:3328} INFO - Setting next_dagrun for cemaco to 2022-09-11T00:00:00+00:00, run_after=2022-10-11T00:00:00+00:00
[2022-10-09T23:30:19.780+0000] {logging_mixin.py:117} INFO - [2022-10-09T23:30:19.780+0000] {dag.py:3328} INFO - Setting next_dagrun for ferragista to 2022-08-21T00:00:00+00:00, run_after=2022-09-21T00:00:00+00:00
[2022-10-09T23:30:19.793+0000] {processor.py:178} INFO - Processing /opt/airflow/dags/dag.py took 0.295 seconds
[2022-10-09T23:30:49.918+0000] {processor.py:156} INFO - Started process (PID=1265) to work on /opt/airflow/dags/dag.py
[2022-10-09T23:30:49.920+0000] {processor.py:758} INFO - Processing file /opt/airflow/dags/dag.py for tasks to queue
[2022-10-09T23:30:49.921+0000] {logging_mixin.py:117} INFO - [2022-10-09T23:30:49.921+0000] {dagbag.py:525} INFO - Filling up the DagBag from /opt/airflow/dags/dag.py
[2022-10-09T23:30:50.192+0000] {processor.py:768} INFO - DAG(s) dict_keys(['ferragista', 'cemaco']) retrieved from /opt/airflow/dags/dag.py
[2022-10-09T23:30:50.238+0000] {logging_mixin.py:117} INFO - [2022-10-09T23:30:50.237+0000] {dag.py:2573} INFO - Sync 2 DAGs
[2022-10-09T23:30:50.270+0000] {logging_mixin.py:117} INFO - [2022-10-09T23:30:50.270+0000] {dag.py:3328} INFO - Setting next_dagrun for cemaco to 2022-09-11T00:00:00+00:00, run_after=2022-10-11T00:00:00+00:00
[2022-10-09T23:30:50.276+0000] {logging_mixin.py:117} INFO - [2022-10-09T23:30:50.276+0000] {dag.py:3328} INFO - Setting next_dagrun for ferragista to 2022-09-21T00:00:00+00:00, run_after=2022-10-21T00:00:00+00:00
[2022-10-09T23:30:50.293+0000] {processor.py:178} INFO - Processing /opt/airflow/dags/dag.py took 0.378 seconds
[2022-10-09T23:31:20.374+0000] {processor.py:156} INFO - Started process (PID=1287) to work on /opt/airflow/dags/dag.py
[2022-10-09T23:31:20.375+0000] {processor.py:758} INFO - Processing file /opt/airflow/dags/dag.py for tasks to queue
[2022-10-09T23:31:20.376+0000] {logging_mixin.py:117} INFO - [2022-10-09T23:31:20.376+0000] {dagbag.py:525} INFO - Filling up the DagBag from /opt/airflow/dags/dag.py
[2022-10-09T23:31:20.620+0000] {processor.py:768} INFO - DAG(s) dict_keys(['ferragista', 'cemaco']) retrieved from /opt/airflow/dags/dag.py
[2022-10-09T23:31:20.656+0000] {logging_mixin.py:117} INFO - [2022-10-09T23:31:20.656+0000] {dag.py:2573} INFO - Sync 2 DAGs
[2022-10-09T23:31:20.678+0000] {logging_mixin.py:117} INFO - [2022-10-09T23:31:20.678+0000] {dag.py:3328} INFO - Setting next_dagrun for cemaco to 2022-09-11T00:00:00+00:00, run_after=2022-10-11T00:00:00+00:00
[2022-10-09T23:31:20.683+0000] {logging_mixin.py:117} INFO - [2022-10-09T23:31:20.682+0000] {dag.py:3328} INFO - Setting next_dagrun for ferragista to 2022-09-21T00:00:00+00:00, run_after=2022-10-21T00:00:00+00:00
[2022-10-09T23:31:20.779+0000] {processor.py:178} INFO - Processing /opt/airflow/dags/dag.py took 0.407 seconds
[2022-10-09T23:31:51.535+0000] {processor.py:156} INFO - Started process (PID=1318) to work on /opt/airflow/dags/dag.py
[2022-10-09T23:31:51.536+0000] {processor.py:758} INFO - Processing file /opt/airflow/dags/dag.py for tasks to queue
[2022-10-09T23:31:51.536+0000] {logging_mixin.py:117} INFO - [2022-10-09T23:31:51.536+0000] {dagbag.py:525} INFO - Filling up the DagBag from /opt/airflow/dags/dag.py
[2022-10-09T23:31:51.765+0000] {processor.py:768} INFO - DAG(s) dict_keys(['ferragista', 'cemaco']) retrieved from /opt/airflow/dags/dag.py
[2022-10-09T23:31:51.795+0000] {logging_mixin.py:117} INFO - [2022-10-09T23:31:51.795+0000] {dag.py:2573} INFO - Sync 2 DAGs
[2022-10-09T23:31:51.818+0000] {logging_mixin.py:117} INFO - [2022-10-09T23:31:51.818+0000] {dag.py:3328} INFO - Setting next_dagrun for cemaco to 2022-09-11T00:00:00+00:00, run_after=2022-10-11T00:00:00+00:00
[2022-10-09T23:31:51.823+0000] {logging_mixin.py:117} INFO - [2022-10-09T23:31:51.823+0000] {dag.py:3328} INFO - Setting next_dagrun for ferragista to 2022-09-21T00:00:00+00:00, run_after=2022-10-21T00:00:00+00:00
[2022-10-09T23:31:51.836+0000] {processor.py:178} INFO - Processing /opt/airflow/dags/dag.py took 0.303 seconds
[2022-10-09T23:32:21.999+0000] {processor.py:156} INFO - Started process (PID=1349) to work on /opt/airflow/dags/dag.py
[2022-10-09T23:32:21.999+0000] {processor.py:758} INFO - Processing file /opt/airflow/dags/dag.py for tasks to queue
[2022-10-09T23:32:22.000+0000] {logging_mixin.py:117} INFO - [2022-10-09T23:32:22.000+0000] {dagbag.py:525} INFO - Filling up the DagBag from /opt/airflow/dags/dag.py
[2022-10-09T23:32:22.249+0000] {processor.py:768} INFO - DAG(s) dict_keys(['ferragista', 'cemaco']) retrieved from /opt/airflow/dags/dag.py
[2022-10-09T23:32:22.285+0000] {logging_mixin.py:117} INFO - [2022-10-09T23:32:22.285+0000] {dag.py:2573} INFO - Sync 2 DAGs
[2022-10-09T23:32:22.310+0000] {logging_mixin.py:117} INFO - [2022-10-09T23:32:22.309+0000] {dag.py:3328} INFO - Setting next_dagrun for cemaco to 2022-09-11T00:00:00+00:00, run_after=2022-10-11T00:00:00+00:00
[2022-10-09T23:32:22.316+0000] {logging_mixin.py:117} INFO - [2022-10-09T23:32:22.316+0000] {dag.py:3328} INFO - Setting next_dagrun for ferragista to 2022-09-21T00:00:00+00:00, run_after=2022-10-21T00:00:00+00:00
[2022-10-09T23:32:22.335+0000] {processor.py:178} INFO - Processing /opt/airflow/dags/dag.py took 0.338 seconds
[2022-10-09T23:32:52.497+0000] {processor.py:156} INFO - Started process (PID=1380) to work on /opt/airflow/dags/dag.py
[2022-10-09T23:32:52.498+0000] {processor.py:758} INFO - Processing file /opt/airflow/dags/dag.py for tasks to queue
[2022-10-09T23:32:52.498+0000] {logging_mixin.py:117} INFO - [2022-10-09T23:32:52.498+0000] {dagbag.py:525} INFO - Filling up the DagBag from /opt/airflow/dags/dag.py
[2022-10-09T23:32:52.746+0000] {processor.py:768} INFO - DAG(s) dict_keys(['cemaco', 'ferragista']) retrieved from /opt/airflow/dags/dag.py
[2022-10-09T23:32:52.777+0000] {logging_mixin.py:117} INFO - [2022-10-09T23:32:52.777+0000] {dag.py:2573} INFO - Sync 2 DAGs
[2022-10-09T23:32:52.804+0000] {logging_mixin.py:117} INFO - [2022-10-09T23:32:52.804+0000] {dag.py:3328} INFO - Setting next_dagrun for cemaco to 2022-09-11T00:00:00+00:00, run_after=2022-10-11T00:00:00+00:00
[2022-10-09T23:32:52.809+0000] {logging_mixin.py:117} INFO - [2022-10-09T23:32:52.809+0000] {dag.py:3328} INFO - Setting next_dagrun for ferragista to 2022-09-21T00:00:00+00:00, run_after=2022-10-21T00:00:00+00:00
[2022-10-09T23:32:52.827+0000] {processor.py:178} INFO - Processing /opt/airflow/dags/dag.py took 0.332 seconds
[2022-10-09T23:33:22.988+0000] {processor.py:156} INFO - Started process (PID=1402) to work on /opt/airflow/dags/dag.py
[2022-10-09T23:33:22.989+0000] {processor.py:758} INFO - Processing file /opt/airflow/dags/dag.py for tasks to queue
[2022-10-09T23:33:22.990+0000] {logging_mixin.py:117} INFO - [2022-10-09T23:33:22.990+0000] {dagbag.py:525} INFO - Filling up the DagBag from /opt/airflow/dags/dag.py
[2022-10-09T23:33:23.223+0000] {processor.py:768} INFO - DAG(s) dict_keys(['cemaco', 'ferragista']) retrieved from /opt/airflow/dags/dag.py
[2022-10-09T23:33:23.253+0000] {logging_mixin.py:117} INFO - [2022-10-09T23:33:23.253+0000] {dag.py:2573} INFO - Sync 2 DAGs
[2022-10-09T23:33:23.277+0000] {logging_mixin.py:117} INFO - [2022-10-09T23:33:23.277+0000] {dag.py:3328} INFO - Setting next_dagrun for cemaco to 2022-09-11T00:00:00+00:00, run_after=2022-10-11T00:00:00+00:00
[2022-10-09T23:33:23.281+0000] {logging_mixin.py:117} INFO - [2022-10-09T23:33:23.281+0000] {dag.py:3328} INFO - Setting next_dagrun for ferragista to 2022-09-21T00:00:00+00:00, run_after=2022-10-21T00:00:00+00:00
[2022-10-09T23:33:23.296+0000] {processor.py:178} INFO - Processing /opt/airflow/dags/dag.py took 0.310 seconds
