[2022-09-24T17:25:22.712+0000] {taskinstance.py:1165} INFO - Dependencies all met for <TaskInstance: encasa.prep manual__2022-09-24T13:49:38.592870+00:00 [queued]>
[2022-09-24T17:25:22.723+0000] {taskinstance.py:1165} INFO - Dependencies all met for <TaskInstance: encasa.prep manual__2022-09-24T13:49:38.592870+00:00 [queued]>
[2022-09-24T17:25:22.724+0000] {taskinstance.py:1362} INFO - 
--------------------------------------------------------------------------------
[2022-09-24T17:25:22.724+0000] {taskinstance.py:1363} INFO - Starting attempt 3 of 3
[2022-09-24T17:25:22.724+0000] {taskinstance.py:1364} INFO - 
--------------------------------------------------------------------------------
[2022-09-24T17:25:22.738+0000] {taskinstance.py:1383} INFO - Executing <Task(PythonOperator): prep> on 2022-09-24 13:49:38.592870+00:00
[2022-09-24T17:25:22.742+0000] {standard_task_runner.py:54} INFO - Started process 312 to run task
[2022-09-24T17:25:22.744+0000] {standard_task_runner.py:82} INFO - Running: ['***', 'tasks', 'run', 'encasa', 'prep', 'manual__2022-09-24T13:49:38.592870+00:00', '--job-id', '28', '--raw', '--subdir', 'DAGS_FOLDER/dag.py', '--cfg-path', '/tmp/tmpio8ynwdr']
[2022-09-24T17:25:22.744+0000] {standard_task_runner.py:83} INFO - Job 28: Subtask prep
[2022-09-24T17:25:22.745+0000] {dagbag.py:525} INFO - Filling up the DagBag from /opt/***/dags/dag.py
[2022-09-24T17:25:23.805+0000] {task_command.py:384} INFO - Running <TaskInstance: encasa.prep manual__2022-09-24T13:49:38.592870+00:00 [running]> on host 4f5142878d09
[2022-09-24T17:25:23.942+0000] {taskinstance.py:1592} INFO - Exporting the following env vars:
AIRFLOW_CTX_DAG_OWNER=***
AIRFLOW_CTX_DAG_ID=encasa
AIRFLOW_CTX_TASK_ID=prep
AIRFLOW_CTX_EXECUTION_DATE=2022-09-24T13:49:38.592870+00:00
AIRFLOW_CTX_TRY_NUMBER=3
AIRFLOW_CTX_DAG_RUN_ID=manual__2022-09-24T13:49:38.592870+00:00
[2022-09-24T17:25:23.943+0000] {tasks.py:110} INFO - Reading the last request file for day 24/09/2022
[2022-09-24T17:25:24.462+0000] {tasks.py:90} INFO - Cleaning the column NM_INSUMO
[2022-09-24T17:25:24.710+0000] {tasks.py:127} INFO - Filtering for BP 93148 and period ['M20']
[2022-09-24T17:25:24.742+0000] {python.py:177} INFO - Done. Returned value was: None
[2022-09-24T17:25:24.754+0000] {taskinstance.py:1406} INFO - Marking task as SUCCESS. dag_id=encasa, task_id=prep, execution_date=20220924T134938, start_date=20220924T172522, end_date=20220924T172524
[2022-09-24T17:25:24.803+0000] {local_task_job.py:164} INFO - Task exited with return code 0
[2022-09-24T17:25:24.829+0000] {local_task_job.py:273} INFO - 1 downstream tasks scheduled from follow-on schedule check
