[2022-09-25T01:26:55.457+0000] {taskinstance.py:1165} INFO - Dependencies all met for <TaskInstance: encasa.colector scheduled__2022-09-24T00:00:00+00:00 [queued]>
[2022-09-25T01:26:55.468+0000] {taskinstance.py:1165} INFO - Dependencies all met for <TaskInstance: encasa.colector scheduled__2022-09-24T00:00:00+00:00 [queued]>
[2022-09-25T01:26:55.469+0000] {taskinstance.py:1362} INFO - 
--------------------------------------------------------------------------------
[2022-09-25T01:26:55.469+0000] {taskinstance.py:1363} INFO - Starting attempt 1 of 1
[2022-09-25T01:26:55.470+0000] {taskinstance.py:1364} INFO - 
--------------------------------------------------------------------------------
[2022-09-25T01:26:55.489+0000] {taskinstance.py:1383} INFO - Executing <Task(PythonOperator): colector> on 2022-09-24 00:00:00+00:00
[2022-09-25T01:26:55.494+0000] {standard_task_runner.py:54} INFO - Started process 71 to run task
[2022-09-25T01:26:55.496+0000] {standard_task_runner.py:82} INFO - Running: ['***', 'tasks', 'run', 'encasa', 'colector', 'scheduled__2022-09-24T00:00:00+00:00', '--job-id', '38', '--raw', '--subdir', 'DAGS_FOLDER/dag.py', '--cfg-path', '/tmp/tmpztryd8df']
[2022-09-25T01:26:55.497+0000] {standard_task_runner.py:83} INFO - Job 38: Subtask colector
[2022-09-25T01:26:55.498+0000] {dagbag.py:525} INFO - Filling up the DagBag from /opt/***/dags/dag.py
[2022-09-25T01:26:56.046+0000] {task_command.py:384} INFO - Running <TaskInstance: encasa.colector scheduled__2022-09-24T00:00:00+00:00 [running]> on host 4f5142878d09
[2022-09-25T01:26:56.132+0000] {taskinstance.py:1592} INFO - Exporting the following env vars:
AIRFLOW_CTX_DAG_OWNER=***
AIRFLOW_CTX_DAG_ID=encasa
AIRFLOW_CTX_TASK_ID=colector
AIRFLOW_CTX_EXECUTION_DATE=2022-09-24T00:00:00+00:00
AIRFLOW_CTX_TRY_NUMBER=1
AIRFLOW_CTX_DAG_RUN_ID=scheduled__2022-09-24T00:00:00+00:00
[2022-09-25T01:26:56.132+0000] {tasks.py:42} INFO - Defining DEC to export information
[2022-09-25T01:26:56.151+0000] {tasks.py:340} INFO - Reading prep dataframe
[2022-09-25T01:26:56.192+0000] {tasks.py:145} INFO - Instantiating the Browser with the requested settings
[2022-09-25T01:26:56.192+0000] {tasks.py:150} INFO - Browser configured
[2022-09-25T01:26:56.193+0000] {logger.py:11} INFO - ====== WebDriver manager ======
[2022-09-25T01:26:56.591+0000] {logger.py:11} INFO - Get LATEST geckodriver version for None firefox
[2022-09-25T01:26:56.592+0000] {logger.py:11} INFO - GH_TOKEN will be used to perform requests
[2022-09-25T01:26:57.118+0000] {logger.py:11} INFO - Getting latest mozilla release info for v0.31.0
[2022-09-25T01:26:57.118+0000] {logger.py:11} INFO - GH_TOKEN will be used to perform requests
[2022-09-25T01:26:57.374+0000] {logger.py:11} INFO - About to download new driver from https://github.com/mozilla/geckodriver/releases/download/v0.31.0/geckodriver-v0.31.0-linux64.tar.gz
[2022-09-25T01:26:57.893+0000] {logging_mixin.py:117} WARNING - [WDM] - Downloading:   0%|          | 0.00/2.59M [00:00<?, ?B/s]
[2022-09-25T01:26:58.106+0000] {logging_mixin.py:117} WARNING - [WDM] - Downloading:   3%|3         | 88.0k/2.59M [00:00<00:06, 424kB/s]
[2022-09-25T01:26:58.224+0000] {logging_mixin.py:117} WARNING - [WDM] - Downloading:   5%|5         | 136k/2.59M [00:00<00:06, 422kB/s] 
[2022-09-25T01:26:58.465+0000] {logging_mixin.py:117} WARNING - [WDM] - Downloading:  12%|#2        | 320k/2.59M [00:00<00:03, 625kB/s]
[2022-09-25T01:26:58.582+0000] {logging_mixin.py:117} WARNING - [WDM] - Downloading:  19%|#9        | 512k/2.59M [00:00<00:02, 920kB/s]
[2022-09-25T01:26:58.698+0000] {logging_mixin.py:117} WARNING - [WDM] - Downloading:  34%|###4      | 904k/2.59M [00:00<00:01, 1.65MB/s]
[2022-09-25T01:26:58.835+0000] {logging_mixin.py:117} WARNING - [WDM] - Downloading:  64%|######3   | 1.66M/2.59M [00:00<00:00, 3.03MB/s]
[2022-09-25T01:26:59.044+0000] {logging_mixin.py:117} WARNING - [WDM] - Downloading:  76%|#######6  | 1.97M/2.59M [00:01<00:00, 2.43MB/s]
[2022-09-25T01:26:59.158+0000] {logging_mixin.py:117} WARNING - [WDM] - Downloading:  86%|########6 | 2.23M/2.59M [00:01<00:00, 2.43MB/s]
[2022-09-25T01:26:59.191+0000] {logging_mixin.py:117} WARNING - [WDM] - Downloading: 100%|##########| 2.59M/2.59M [00:01<00:00, 2.09MB/s]
[2022-09-25T01:27:03.943+0000] {logger.py:11} INFO - Driver has been saved in cache [/home/***/.wdm/drivers/geckodriver/linux64/0.31]
[2022-09-25T01:27:03.990+0000] {taskinstance.py:1851} ERROR - Task failed with exception
Traceback (most recent call last):
  File "/home/airflow/.local/lib/python3.7/site-packages/airflow/operators/python.py", line 175, in execute
    return_value = self.execute_callable()
  File "/home/airflow/.local/lib/python3.7/site-packages/airflow/operators/python.py", line 193, in execute_callable
    return self.python_callable(*self.op_args, **self.op_kwargs)
  File "/opt/airflow/dags/tasks.py", line 342, in colector
    browser = config_browser(config)
  File "/opt/airflow/dags/tasks.py", line 152, in config_browser
    service=FirefoxService(GeckoDriverManager().install()), options=options
  File "/home/airflow/.local/lib/python3.7/site-packages/selenium/webdriver/firefox/webdriver.py", line 180, in __init__
    keep_alive=True)
  File "/home/airflow/.local/lib/python3.7/site-packages/selenium/webdriver/remote/webdriver.py", line 270, in __init__
    self.start_session(capabilities, browser_profile)
  File "/home/airflow/.local/lib/python3.7/site-packages/selenium/webdriver/remote/webdriver.py", line 363, in start_session
    response = self.execute(Command.NEW_SESSION, parameters)
  File "/home/airflow/.local/lib/python3.7/site-packages/selenium/webdriver/remote/webdriver.py", line 428, in execute
    self.error_handler.check_response(response)
  File "/home/airflow/.local/lib/python3.7/site-packages/selenium/webdriver/remote/errorhandler.py", line 243, in check_response
    raise exception_class(message, screen, stacktrace)
selenium.common.exceptions.SessionNotCreatedException: Message: Expected browser binary location, but unable to find binary in default location, no 'moz:firefoxOptions.binary' capability provided, and no binary flag set on the command line

[2022-09-25T01:27:04.109+0000] {taskinstance.py:1406} INFO - Marking task as FAILED. dag_id=encasa, task_id=colector, execution_date=20220924T000000, start_date=20220925T012655, end_date=20220925T012704
[2022-09-25T01:27:04.151+0000] {standard_task_runner.py:107} ERROR - Failed to execute job 38 for task colector (Message: Expected browser binary location, but unable to find binary in default location, no 'moz:firefoxOptions.binary' capability provided, and no binary flag set on the command line
; 71)
[2022-09-25T01:27:04.184+0000] {local_task_job.py:164} INFO - Task exited with return code 1
[2022-09-25T01:27:04.213+0000] {local_task_job.py:273} INFO - 0 downstream tasks scheduled from follow-on schedule check
