[2022-10-09T23:14:39.263+0000] {taskinstance.py:1165} INFO - Dependencies all met for <TaskInstance: cemaco.prep scheduled__2022-08-11T00:00:00+00:00 [queued]>
[2022-10-09T23:14:39.271+0000] {taskinstance.py:1165} INFO - Dependencies all met for <TaskInstance: cemaco.prep scheduled__2022-08-11T00:00:00+00:00 [queued]>
[2022-10-09T23:14:39.271+0000] {taskinstance.py:1362} INFO - 
--------------------------------------------------------------------------------
[2022-10-09T23:14:39.271+0000] {taskinstance.py:1363} INFO - Starting attempt 5 of 5
[2022-10-09T23:14:39.271+0000] {taskinstance.py:1364} INFO - 
--------------------------------------------------------------------------------
[2022-10-09T23:14:39.283+0000] {taskinstance.py:1383} INFO - Executing <Task(PythonOperator): prep> on 2022-08-11 00:00:00+00:00
[2022-10-09T23:14:39.287+0000] {standard_task_runner.py:54} INFO - Started process 344 to run task
[2022-10-09T23:14:39.289+0000] {standard_task_runner.py:82} INFO - Running: ['***', 'tasks', 'run', 'cemaco', 'prep', 'scheduled__2022-08-11T00:00:00+00:00', '--job-id', '11', '--raw', '--subdir', 'DAGS_FOLDER/dag.py', '--cfg-path', '/tmp/tmp7h0d4qq1']
[2022-10-09T23:14:39.289+0000] {standard_task_runner.py:83} INFO - Job 11: Subtask prep
[2022-10-09T23:14:39.290+0000] {dagbag.py:525} INFO - Filling up the DagBag from /opt/***/dags/dag.py
[2022-10-09T23:14:39.545+0000] {task_command.py:384} INFO - Running <TaskInstance: cemaco.prep scheduled__2022-08-11T00:00:00+00:00 [running]> on host 7dcbfa2899a4
[2022-10-09T23:14:39.599+0000] {taskinstance.py:1592} INFO - Exporting the following env vars:
AIRFLOW_CTX_DAG_OWNER=***
AIRFLOW_CTX_DAG_ID=cemaco
AIRFLOW_CTX_TASK_ID=prep
AIRFLOW_CTX_EXECUTION_DATE=2022-08-11T00:00:00+00:00
AIRFLOW_CTX_TRY_NUMBER=5
AIRFLOW_CTX_DAG_RUN_ID=scheduled__2022-08-11T00:00:00+00:00
[2022-10-09T23:14:39.600+0000] {tasks.py:83} INFO - Reading the last request file for day 09/10/2022
[2022-10-09T23:14:39.605+0000] {tasks.py:62} INFO - Cleaning the column name
[2022-10-09T23:14:39.614+0000] {tasks.py:98} INFO - Filtering for Codes 91792
[2022-10-09T23:14:39.625+0000] {tasks.py:105} INFO - Saved prep dataframe in ./data_output/CEMACO/output_2022_10_09
[2022-10-09T23:14:39.625+0000] {python.py:177} INFO - Done. Returned value was: None
[2022-10-09T23:14:39.633+0000] {taskinstance.py:1406} INFO - Marking task as SUCCESS. dag_id=cemaco, task_id=prep, execution_date=20220811T000000, start_date=20221009T231439, end_date=20221009T231439
[2022-10-09T23:14:39.663+0000] {local_task_job.py:164} INFO - Task exited with return code 0
[2022-10-09T23:14:39.682+0000] {local_task_job.py:273} INFO - 1 downstream tasks scheduled from follow-on schedule check
