[2022-09-30T14:46:52.487+0000] {taskinstance.py:1165} INFO - Dependencies all met for <TaskInstance: web_da_construcao.colector scheduled__2022-08-21T00:00:00+00:00 [queued]>
[2022-09-30T14:46:52.495+0000] {taskinstance.py:1165} INFO - Dependencies all met for <TaskInstance: web_da_construcao.colector scheduled__2022-08-21T00:00:00+00:00 [queued]>
[2022-09-30T14:46:52.495+0000] {taskinstance.py:1362} INFO - 
--------------------------------------------------------------------------------
[2022-09-30T14:46:52.495+0000] {taskinstance.py:1363} INFO - Starting attempt 2 of 2
[2022-09-30T14:46:52.496+0000] {taskinstance.py:1364} INFO - 
--------------------------------------------------------------------------------
[2022-09-30T14:46:52.506+0000] {taskinstance.py:1383} INFO - Executing <Task(PythonOperator): colector> on 2022-08-21 00:00:00+00:00
[2022-09-30T14:46:52.510+0000] {standard_task_runner.py:54} INFO - Started process 807 to run task
[2022-09-30T14:46:52.512+0000] {standard_task_runner.py:82} INFO - Running: ['***', 'tasks', 'run', 'web_da_construcao', 'colector', 'scheduled__2022-08-21T00:00:00+00:00', '--job-id', '319', '--raw', '--subdir', 'DAGS_FOLDER/dag.py', '--cfg-path', '/tmp/tmpjxznpd0w']
[2022-09-30T14:46:52.512+0000] {standard_task_runner.py:83} INFO - Job 319: Subtask colector
[2022-09-30T14:46:52.513+0000] {dagbag.py:525} INFO - Filling up the DagBag from /opt/***/dags/dag.py
[2022-09-30T14:46:52.887+0000] {task_command.py:384} INFO - Running <TaskInstance: web_da_construcao.colector scheduled__2022-08-21T00:00:00+00:00 [running]> on host 0595de4d802c
[2022-09-30T14:46:52.946+0000] {taskinstance.py:1592} INFO - Exporting the following env vars:
AIRFLOW_CTX_DAG_OWNER=***
AIRFLOW_CTX_DAG_ID=web_da_construcao
AIRFLOW_CTX_TASK_ID=colector
AIRFLOW_CTX_EXECUTION_DATE=2022-08-21T00:00:00+00:00
AIRFLOW_CTX_TRY_NUMBER=2
AIRFLOW_CTX_DAG_RUN_ID=scheduled__2022-08-21T00:00:00+00:00
[2022-09-30T14:46:52.947+0000] {tasks.py:42} INFO - Defining DEC to export information
[2022-09-30T14:46:52.951+0000] {tasks.py:357} INFO - Reading prep dataframe
[2022-09-30T14:46:52.960+0000] {tasks.py:150} INFO - Instantiating the Browser with the requested settings
[2022-09-30T14:46:56.432+0000] {tasks.py:164} INFO - Browser configured
[2022-09-30T14:46:56.432+0000] {tasks.py:287} INFO - Removing nan URL values
[2022-09-30T14:46:56.433+0000] {tasks.py:288} INFO - Requested prices before: 92
[2022-09-30T14:46:56.436+0000] {tasks.py:293} INFO - Requested prices after: 92
[2022-09-30T14:47:05.449+0000] {tasks.py:387} INFO - Price of 1574950 - ADAPTADOREMPVCSOLDAVEL: R$5,49
[2022-09-30T14:47:05.450+0000] {tasks.py:326} INFO - Printing information
[2022-09-30T14:47:08.757+0000] {tasks.py:387} INFO - Price of 1574981 - CONEXAOCURVA90: R$4,59
[2022-09-30T14:47:08.757+0000] {tasks.py:326} INFO - Printing information
[2022-09-30T14:47:15.166+0000] {tasks.py:387} INFO - Price of 1575020 - TELHACOLONIALEMPVC: R$94,90
[2022-09-30T14:47:15.166+0000] {tasks.py:326} INFO - Printing information
[2022-09-30T14:47:18.292+0000] {tasks.py:387} INFO - Price of 1575035 - TUBOPARAAGUASOLDAVELDEPVC: R$68,90
[2022-09-30T14:47:18.293+0000] {tasks.py:326} INFO - Printing information
[2022-09-30T14:47:21.847+0000] {tasks.py:387} INFO - Price of 1575036 - TUBODEPVCPARAESGOTO: R$40,99
[2022-09-30T14:47:21.847+0000] {tasks.py:326} INFO - Printing information
[2022-09-30T14:47:25.258+0000] {tasks.py:387} INFO - Price of 1575027 - TUBODEPVCPARAESGOTO: R$89,90
[2022-09-30T14:47:25.258+0000] {tasks.py:326} INFO - Printing information
[2022-09-30T14:47:28.882+0000] {tasks.py:387} INFO - Price of 1574998 - CONEXAOJOELHOSOLDAVELEMPVC90deg: R$6,49
[2022-09-30T14:47:28.882+0000] {tasks.py:326} INFO - Printing information
[2022-09-30T14:47:33.430+0000] {tasks.py:387} INFO - Price of 1574959 - BACIACOMCAIXADEDESCARGA: R$344,90
[2022-09-30T14:47:33.431+0000] {tasks.py:326} INFO - Printing information
[2022-09-30T14:47:36.470+0000] {tasks.py:387} INFO - Price of 1575030 - TUBODEPVCPARAAGUASOLDAVEL: R$24,78
[2022-09-30T14:47:36.471+0000] {tasks.py:326} INFO - Printing information
[2022-09-30T14:47:39.467+0000] {tasks.py:387} INFO - Price of 1574991 - JOELHOEMPVC45deg: R$2,70
[2022-09-30T14:47:39.467+0000] {tasks.py:326} INFO - Printing information
[2022-09-30T14:47:43.322+0000] {tasks.py:387} INFO - Price of 1574954 - ARGAMASSAPARAASSENTAMENTODEREVESTIMENTOSEMAREASINTERNASEEXTERNAS: R$34,90
[2022-09-30T14:47:43.323+0000] {tasks.py:326} INFO - Printing information
[2022-09-30T14:47:46.523+0000] {tasks.py:387} INFO - Price of 1575026 - TORNEIRADEMETALPARAPIADECOZINHA: R$109,90
[2022-09-30T14:47:46.524+0000] {tasks.py:326} INFO - Printing information
[2022-09-30T14:47:49.194+0000] {tasks.py:387} INFO - Price of 1575013 - LUVADEPVC: R$2,96
[2022-09-30T14:47:49.195+0000] {tasks.py:326} INFO - Printing information
[2022-09-30T14:47:52.326+0000] {tasks.py:387} INFO - Price of 1574977 - CURVADEPVC90SOLDAVEL: R$16,55
[2022-09-30T14:47:52.327+0000] {tasks.py:326} INFO - Printing information
[2022-09-30T14:47:55.922+0000] {tasks.py:387} INFO - Price of 1575006 - CONEXAOJOELHODEPVCPARAAGUASOLDAVEL45deg: R$1,39
[2022-09-30T14:47:55.922+0000] {tasks.py:326} INFO - Printing information
[2022-09-30T14:47:58.961+0000] {tasks.py:387} INFO - Price of 1574973 - CURVADEPVC90PARAESGOTO: R$54,72
[2022-09-30T14:47:58.961+0000] {tasks.py:326} INFO - Printing information
[2022-09-30T14:48:02.237+0000] {tasks.py:387} INFO - Price of 1575040 - UNIAOSOLDAVEL: R$36,44
[2022-09-30T14:48:02.238+0000] {tasks.py:326} INFO - Printing information
[2022-09-30T14:48:06.191+0000] {tasks.py:387} INFO - Price of 1575024 - CONJUNTOTOMADA: R$6,29
[2022-09-30T14:48:06.191+0000] {tasks.py:326} INFO - Printing information
[2022-09-30T14:48:09.821+0000] {tasks.py:387} INFO - Price of 1574982 - CURVA45SOLDAVEL: R$54,74
[2022-09-30T14:48:09.821+0000] {tasks.py:326} INFO - Printing information
[2022-09-30T14:48:13.416+0000] {tasks.py:387} INFO - Price of 1575025 - TORNEIRADEMETALPARAJARDIM: R$57,90
[2022-09-30T14:48:13.416+0000] {tasks.py:326} INFO - Printing information
[2022-09-30T14:48:16.642+0000] {tasks.py:387} INFO - Price of 1574972 - CURVADEPVC90PARAESGOTO: R$5,32
[2022-09-30T14:48:16.642+0000] {tasks.py:326} INFO - Printing information
[2022-09-30T14:48:19.849+0000] {tasks.py:387} INFO - Price of 1574952 - ADAPTADORCLICKEMPVCSOLDAVEL: R$39,20
[2022-09-30T14:48:19.849+0000] {tasks.py:326} INFO - Printing information
[2022-09-30T14:48:23.318+0000] {tasks.py:387} INFO - Price of 1575018 - TESANITARIO: R$55,06
[2022-09-30T14:48:23.319+0000] {tasks.py:326} INFO - Printing information
[2022-09-30T14:48:28.313+0000] {tasks.py:387} INFO - Price of 1575021 - TELHADEFIBROCIMENTO: R$58,90
[2022-09-30T14:48:28.313+0000] {tasks.py:326} INFO - Printing information
[2022-09-30T14:48:31.362+0000] {tasks.py:387} INFO - Price of 1574987 - ELETRODUTOPVCRIGIDOSOLDAVEL: R$9,31
[2022-09-30T14:48:31.363+0000] {tasks.py:326} INFO - Printing information
[2022-09-30T14:48:34.783+0000] {tasks.py:387} INFO - Price of 1574970 - CURVADEPVC90PARAESGOTO: R$28,91
[2022-09-30T14:48:34.784+0000] {tasks.py:326} INFO - Printing information
[2022-09-30T14:48:38.120+0000] {tasks.py:387} INFO - Price of 1574984 - CAIXADAGUAPOLIETILENO: R$329,90
[2022-09-30T14:48:38.120+0000] {tasks.py:326} INFO - Printing information
[2022-09-30T14:48:41.254+0000] {tasks.py:387} INFO - Price of 1574956 - BUCHADEREDUCAOEMPVCSOLDAVEL: R$0,64
[2022-09-30T14:48:41.255+0000] {tasks.py:326} INFO - Printing information
[2022-09-30T14:48:45.350+0000] {tasks.py:387} INFO - Price of 1575003 - CONEXAOJOELHODEPVCPARAAGUASOLDAVEL90deg: R$2,98
[2022-09-30T14:48:45.350+0000] {tasks.py:326} INFO - Printing information
[2022-09-30T14:48:48.406+0000] {tasks.py:387} INFO - Price of 1574974 - CURVADEPVC90PARAESGOTO: R$11,79
[2022-09-30T14:48:48.407+0000] {tasks.py:326} INFO - Printing information
[2022-09-30T14:48:51.493+0000] {tasks.py:387} INFO - Price of 1575008 - CONEXAOJUNCAO45DEPVC: R$4,07
[2022-09-30T14:48:51.493+0000] {tasks.py:326} INFO - Printing information
[2022-09-30T14:48:55.658+0000] {tasks.py:387} INFO - Price of 1574961 - CAPPARAESGOTOEMPVC: R$4,38
[2022-09-30T14:48:55.658+0000] {tasks.py:326} INFO - Printing information
[2022-09-30T14:48:58.695+0000] {tasks.py:387} INFO - Price of 1575011 - LUVADEPVC: R$6,34
[2022-09-30T14:48:58.695+0000] {tasks.py:326} INFO - Printing information
[2022-09-30T14:49:02.004+0000] {tasks.py:387} INFO - Price of 1574993 - CONEXAOJOELHODEPVCPARAESGOTO45deg: R$8,73
[2022-09-30T14:49:02.004+0000] {tasks.py:326} INFO - Printing information
[2022-09-30T14:49:05.047+0000] {tasks.py:387} INFO - Price of 1574999 - CONEXAOJOELHODEPVCPARAAGUASOLDAVEL90deg: R$31,35
[2022-09-30T14:49:05.048+0000] {tasks.py:326} INFO - Printing information
[2022-09-30T14:49:08.522+0000] {tasks.py:387} INFO - Price of 1575031 - TUBODEPVCPARAAGUASOLDAVEL: R$99,90
[2022-09-30T14:49:08.523+0000] {tasks.py:326} INFO - Printing information
[2022-09-30T14:49:11.614+0000] {tasks.py:387} INFO - Price of 1575017 - TE90: R$4,47
[2022-09-30T14:49:11.614+0000] {tasks.py:326} INFO - Printing information
[2022-09-30T14:49:14.992+0000] {tasks.py:387} INFO - Price of 1574963 - CAPDEPVCSOLDAVEL: R$1,58
[2022-09-30T14:49:14.993+0000] {tasks.py:326} INFO - Printing information
[2022-09-30T14:49:18.069+0000] {tasks.py:387} INFO - Price of 1574979 - CURVADEPVC90SOLDAVEL: R$16,48
[2022-09-30T14:49:18.070+0000] {tasks.py:326} INFO - Printing information
[2022-09-30T14:49:21.148+0000] {tasks.py:387} INFO - Price of 1575002 - CONEXAOJOELHODEPVCPARAAGUASOLDAVEL90deg: R$0,74
[2022-09-30T14:49:21.148+0000] {tasks.py:326} INFO - Printing information
[2022-09-30T14:49:24.415+0000] {tasks.py:387} INFO - Price of 1574951 - ADAPTADOREMPVCSOLDAVEL: R$1,24
[2022-09-30T14:49:24.415+0000] {tasks.py:326} INFO - Printing information
[2022-09-30T14:49:27.487+0000] {tasks.py:387} INFO - Price of 1574969 - CUMEEIRANORMALDEFIBROCIMENTOPARATELHA: R$48,90
[2022-09-30T14:49:27.488+0000] {tasks.py:326} INFO - Printing information
[2022-09-30T14:49:30.625+0000] {tasks.py:387} INFO - Price of 1575023 - TERMINALDEVENTILACAO: R$9,88
[2022-09-30T14:49:30.626+0000] {tasks.py:326} INFO - Printing information
[2022-09-30T14:49:34.498+0000] {tasks.py:387} INFO - Price of 1574955 - ARGAMASSAPARAREVESTIMENTOEXTERNO: R$30,90
[2022-09-30T14:49:34.499+0000] {tasks.py:326} INFO - Printing information
[2022-09-30T14:49:38.643+0000] {tasks.py:387} INFO - Price of 1574967 - CUBAPARALAVATORIODELOUCAPARABANHEIRO: R$59,90
[2022-09-30T14:49:38.643+0000] {tasks.py:326} INFO - Printing information
[2022-09-30T14:49:41.668+0000] {tasks.py:387} INFO - Price of 1575028 - TUBOPARAAGUASOLDAVEL: R$25,90
[2022-09-30T14:49:41.669+0000] {tasks.py:326} INFO - Printing information
[2022-09-30T14:49:45.867+0000] {tasks.py:387} INFO - Price of 1575038 - UNIAOSOLDAVEL: R$17,01
[2022-09-30T14:49:45.868+0000] {tasks.py:326} INFO - Printing information
[2022-09-30T14:49:48.993+0000] {tasks.py:387} INFO - Price of 1574968 - CUBADEACOINOX: R$279,90
[2022-09-30T14:49:48.993+0000] {tasks.py:326} INFO - Printing information
[2022-09-30T14:49:52.157+0000] {tasks.py:387} INFO - Price of 1575019 - TESANITARIO: R$16,42
[2022-09-30T14:49:52.157+0000] {tasks.py:326} INFO - Printing information
[2022-09-30T14:49:55.714+0000] {tasks.py:387} INFO - Price of 1574960 - CAPPARAESGOTOEMPVC: R$11,69
[2022-09-30T14:49:55.715+0000] {tasks.py:326} INFO - Printing information
[2022-09-30T14:49:58.781+0000] {tasks.py:387} INFO - Price of 1574983 - CURVA90degSOLDAVEL: R$8,40
[2022-09-30T14:49:58.781+0000] {tasks.py:326} INFO - Printing information
[2022-09-30T14:50:01.845+0000] {tasks.py:387} INFO - Price of 1575029 - TUBODEPVCPARAESGOTO: R$97,89
[2022-09-30T14:50:01.846+0000] {tasks.py:326} INFO - Printing information
[2022-09-30T14:50:06.299+0000] {tasks.py:387} INFO - Price of 1574953 - ANELDEVEDACAOPARAVASOSANITARIO: R$8,90
[2022-09-30T14:50:06.299+0000] {tasks.py:326} INFO - Printing information
[2022-09-30T14:50:09.543+0000] {tasks.py:387} INFO - Price of 1574971 - CURVADEPVC90PARAESGOTO: R$10,62
[2022-09-30T14:50:09.544+0000] {tasks.py:326} INFO - Printing information
[2022-09-30T14:50:13.039+0000] {tasks.py:387} INFO - Price of 1575004 - CONEXAOJOELHODEPVCPARAAGUASOLDAVEL45deg: R$5,00
[2022-09-30T14:50:13.039+0000] {tasks.py:326} INFO - Printing information
[2022-09-30T14:50:16.044+0000] {tasks.py:387} INFO - Price of 1575016 - CONEXAOREDUCAOEXCENTRICADEPVCPARAESGOTOPREDIAL: R$9,59
[2022-09-30T14:50:16.044+0000] {tasks.py:326} INFO - Printing information
[2022-09-30T14:50:19.648+0000] {tasks.py:387} INFO - Price of 1574985 - CAIXADAGUA: R$199,90
[2022-09-30T14:50:19.648+0000] {tasks.py:326} INFO - Printing information
[2022-09-30T14:50:22.768+0000] {tasks.py:387} INFO - Price of 1574992 - CONEXAOJOELHODEPVCPARAESGOTO90deg: R$24,36
[2022-09-30T14:50:22.769+0000] {tasks.py:326} INFO - Printing information
[2022-09-30T14:50:25.914+0000] {tasks.py:387} INFO - Price of 1575037 - UNIAOSOLDAVEL: R$93,22
[2022-09-30T14:50:25.914+0000] {tasks.py:326} INFO - Printing information
[2022-09-30T14:50:28.992+0000] {tasks.py:387} INFO - Price of 1574962 - CAPPARAESGOTOEMPVC: R$7,39
[2022-09-30T14:50:28.992+0000] {tasks.py:326} INFO - Printing information
[2022-09-30T14:50:32.035+0000] {tasks.py:387} INFO - Price of 1575034 - TUBODEPVCPARAESGOTO: R$67,90
[2022-09-30T14:50:32.036+0000] {tasks.py:326} INFO - Printing information
[2022-09-30T14:50:35.495+0000] {tasks.py:387} INFO - Price of 1574965 - TEDEPVCSOLDAVEL: R$36,69
[2022-09-30T14:50:35.496+0000] {tasks.py:326} INFO - Printing information
[2022-09-30T14:50:38.558+0000] {tasks.py:387} INFO - Price of 1574997 - CONEXAOJOELHO45DEPVCPARAESGOTO: R$9,28
[2022-09-30T14:50:38.558+0000] {tasks.py:326} INFO - Printing information
[2022-09-30T14:50:42.069+0000] {tasks.py:387} INFO - Price of 1575039 - UNIAOSOLDAVEL: R$12,39
[2022-09-30T14:50:42.069+0000] {tasks.py:326} INFO - Printing information
[2022-09-30T14:50:47.101+0000] {tasks.py:387} INFO - Price of 1574966 - TELHADEPVC: R$99,90
[2022-09-30T14:50:47.101+0000] {tasks.py:326} INFO - Printing information
[2022-09-30T14:50:50.316+0000] {tasks.py:387} INFO - Price of 1574994 - CONEXAOJOELHODEPVCPARAESGOTO90deg: R$2,76
[2022-09-30T14:50:50.316+0000] {tasks.py:326} INFO - Printing information
[2022-09-30T14:50:52.880+0000] {tasks.py:387} INFO - Price of 1574995 - CONEXAOJOELHODEPVCPARAESGOTO45deg: R$3,96
[2022-09-30T14:50:52.881+0000] {tasks.py:326} INFO - Printing information
[2022-09-30T14:50:55.928+0000] {tasks.py:387} INFO - Price of 1575015 - CONEXAOREDUCAOEXCENTRICADEPVCPARAESGOTOPREDIAL: R$11,69
[2022-09-30T14:50:55.928+0000] {tasks.py:326} INFO - Printing information
[2022-09-30T14:50:59.595+0000] {tasks.py:387} INFO - Price of 1574980 - CURVADEPVC90SOLDAVEL: R$3,25
[2022-09-30T14:50:59.596+0000] {tasks.py:326} INFO - Printing information
[2022-09-30T14:51:03.039+0000] {tasks.py:387} INFO - Price of 1574975 - CURVADEPVC90PARAESGOTO: R$5,83
[2022-09-30T14:51:03.039+0000] {tasks.py:326} INFO - Printing information
[2022-09-30T14:51:07.057+0000] {tasks.py:387} INFO - Price of 1574976 - CURVADEPVC90PARAESGOTO: R$35,34
[2022-09-30T14:51:07.057+0000] {tasks.py:326} INFO - Printing information
[2022-09-30T14:51:10.621+0000] {tasks.py:387} INFO - Price of 1575001 - CONEXAOJOELHOSOLDAVELEMPVC45deg: R$9,98
[2022-09-30T14:51:10.622+0000] {tasks.py:326} INFO - Printing information
[2022-09-30T14:51:13.193+0000] {tasks.py:387} INFO - Price of 1575010 - LUVADEPVC: R$4,59
[2022-09-30T14:51:13.193+0000] {tasks.py:326} INFO - Printing information
[2022-09-30T14:51:16.822+0000] {tasks.py:387} INFO - Price of 1574988 - CONJUNTODEINTERRUPTORCOMTOMADA: R$11,98
[2022-09-30T14:51:16.823+0000] {tasks.py:326} INFO - Printing information
[2022-09-30T14:51:20.157+0000] {tasks.py:387} INFO - Price of 1575000 - CONEXAOJOELHOSOLDAVELEMPVC90deg: R$0,99
[2022-09-30T14:51:20.158+0000] {tasks.py:326} INFO - Printing information
[2022-09-30T14:51:23.255+0000] {tasks.py:387} INFO - Price of 1575009 - LUVADEPVCSOLDAVEL: R$4,20
[2022-09-30T14:51:23.255+0000] {tasks.py:326} INFO - Printing information
[2022-09-30T14:51:26.352+0000] {tasks.py:387} INFO - Price of 1575005 - CONEXAOJOELHOSOLDAVELEMPVC45deg: R$2,19
[2022-09-30T14:51:26.353+0000] {tasks.py:326} INFO - Printing information
[2022-09-30T14:51:29.508+0000] {tasks.py:387} INFO - Price of 1575022 - TELHADEFIBROCIMENTOVOGATEX: R$23,90
[2022-09-30T14:51:29.508+0000] {tasks.py:326} INFO - Printing information
[2022-09-30T14:51:32.557+0000] {tasks.py:387} INFO - Price of 1574986 - ELETRODUTOPVCRIGIDOSOLDAVEL: R$27,75
[2022-09-30T14:51:32.558+0000] {tasks.py:326} INFO - Printing information
[2022-09-30T14:51:35.715+0000] {tasks.py:387} INFO - Price of 1575044 - CURVADEPVC90PARAESGOTO: R$27,95
[2022-09-30T14:51:35.715+0000] {tasks.py:326} INFO - Printing information
[2022-09-30T14:51:38.726+0000] {tasks.py:387} INFO - Price of 1575012 - LUVADEPVC: R$1,73
[2022-09-30T14:51:38.727+0000] {tasks.py:326} INFO - Printing information
[2022-09-30T14:51:41.965+0000] {tasks.py:387} INFO - Price of 1575007 - CONEXAOJOELHOEMPVCPARAESGOTO90deg: R$4,96
[2022-09-30T14:51:41.965+0000] {tasks.py:326} INFO - Printing information
[2022-09-30T14:51:45.055+0000] {tasks.py:387} INFO - Price of 1575032 - TUBODEPVCPARAAGUASOLDAVEL: R$229,90
[2022-09-30T14:51:45.055+0000] {tasks.py:326} INFO - Printing information
[2022-09-30T14:51:48.301+0000] {tasks.py:387} INFO - Price of 1574958 - BUCHADEREDUCAOEMPVCSOLDAVEL: R$48,75
[2022-09-30T14:51:48.302+0000] {tasks.py:326} INFO - Printing information
[2022-09-30T14:51:51.619+0000] {tasks.py:387} INFO - Price of 1575014 - LUVADEPVCLISAPARAAGUA: R$1,19
[2022-09-30T14:51:51.619+0000] {tasks.py:326} INFO - Printing information
[2022-09-30T14:51:55.716+0000] {tasks.py:387} INFO - Price of 1574964 - CAPDEPVCSOLDAVEL: R$1,51
[2022-09-30T14:51:55.717+0000] {tasks.py:326} INFO - Printing information
[2022-09-30T14:51:58.942+0000] {tasks.py:387} INFO - Price of 1574989 - CONEXAOJOELHODEPVCPARAESGOTO90deg: R$6,65
[2022-09-30T14:51:58.943+0000] {tasks.py:326} INFO - Printing information
[2022-09-30T14:52:02.010+0000] {tasks.py:387} INFO - Price of 1574990 - CONEXAOJOELHODEPVC90deg: R$6,69
[2022-09-30T14:52:02.011+0000] {tasks.py:326} INFO - Printing information
[2022-09-30T14:52:05.108+0000] {tasks.py:387} INFO - Price of 1575033 - TUBODEPVCPARAAGUASOLDAVEL: R$339,90
[2022-09-30T14:52:05.108+0000] {tasks.py:326} INFO - Printing information
[2022-09-30T14:52:08.742+0000] {tasks.py:387} INFO - Price of 1574957 - BUCHADEREDUCAOEMPVCSOLDAVEL: R$1,14
[2022-09-30T14:52:08.743+0000] {tasks.py:326} INFO - Printing information
[2022-09-30T14:52:12.240+0000] {tasks.py:387} INFO - Price of 1574996 - CONEXAOJOELHODEPVCPARAESGOTO90deg: R$1,60
[2022-09-30T14:52:12.241+0000] {tasks.py:326} INFO - Printing information
[2022-09-30T14:52:15.279+0000] {tasks.py:387} INFO - Price of 1574978 - CURVADEPVC90SOLDAVEL: R$40,14
[2022-09-30T14:52:15.280+0000] {tasks.py:326} INFO - Printing information
[2022-09-30T14:52:15.370+0000] {tasks.py:414} INFO - Saved screenshots and prices
[2022-09-30T14:52:15.371+0000] {tasks.py:245} INFO - Test passed
[2022-09-30T14:52:15.372+0000] {tasks.py:271} INFO - Requested prices: 92
[2022-09-30T14:52:15.373+0000] {tasks.py:272} INFO - Scraped prices: 92
[2022-09-30T14:52:15.373+0000] {tasks.py:273} INFO - Day of the scraping: 30/09/2022
[2022-09-30T14:52:15.387+0000] {python.py:177} INFO - Done. Returned value was: None
[2022-09-30T14:52:15.397+0000] {taskinstance.py:1406} INFO - Marking task as SUCCESS. dag_id=web_da_construcao, task_id=colector, execution_date=20220821T000000, start_date=20220930T144652, end_date=20220930T145215
[2022-09-30T14:52:15.496+0000] {local_task_job.py:164} INFO - Task exited with return code 0
[2022-09-30T14:52:15.569+0000] {local_task_job.py:273} INFO - 1 downstream tasks scheduled from follow-on schedule check
