[2022-10-03T12:49:03.089+0000] {taskinstance.py:1165} INFO - Dependencies all met for <TaskInstance: falcor_dist.colector scheduled__2022-09-01T00:00:00+00:00 [queued]>
[2022-10-03T12:49:03.104+0000] {taskinstance.py:1165} INFO - Dependencies all met for <TaskInstance: falcor_dist.colector scheduled__2022-09-01T00:00:00+00:00 [queued]>
[2022-10-03T12:49:03.105+0000] {taskinstance.py:1362} INFO - 
--------------------------------------------------------------------------------
[2022-10-03T12:49:03.106+0000] {taskinstance.py:1363} INFO - Starting attempt 3 of 3
[2022-10-03T12:49:03.106+0000] {taskinstance.py:1364} INFO - 
--------------------------------------------------------------------------------
[2022-10-03T12:49:03.126+0000] {taskinstance.py:1383} INFO - Executing <Task(PythonOperator): colector> on 2022-09-01 00:00:00+00:00
[2022-10-03T12:49:03.134+0000] {standard_task_runner.py:54} INFO - Started process 928 to run task
[2022-10-03T12:49:03.137+0000] {standard_task_runner.py:82} INFO - Running: ['***', 'tasks', 'run', 'falcor_dist', 'colector', 'scheduled__2022-09-01T00:00:00+00:00', '--job-id', '391', '--raw', '--subdir', 'DAGS_FOLDER/dag.py', '--cfg-path', '/tmp/tmpss905w68']
[2022-10-03T12:49:03.138+0000] {standard_task_runner.py:83} INFO - Job 391: Subtask colector
[2022-10-03T12:49:03.139+0000] {dagbag.py:525} INFO - Filling up the DagBag from /opt/***/dags/dag.py
[2022-10-03T12:49:03.655+0000] {task_command.py:384} INFO - Running <TaskInstance: falcor_dist.colector scheduled__2022-09-01T00:00:00+00:00 [running]> on host 9a36b0424536
[2022-10-03T12:49:03.768+0000] {taskinstance.py:1592} INFO - Exporting the following env vars:
AIRFLOW_CTX_DAG_OWNER=***
AIRFLOW_CTX_DAG_ID=falcor_dist
AIRFLOW_CTX_TASK_ID=colector
AIRFLOW_CTX_EXECUTION_DATE=2022-09-01T00:00:00+00:00
AIRFLOW_CTX_TRY_NUMBER=3
AIRFLOW_CTX_DAG_RUN_ID=scheduled__2022-09-01T00:00:00+00:00
[2022-10-03T12:49:03.769+0000] {tasks.py:39} INFO - Defining DEC to export information
[2022-10-03T12:49:03.777+0000] {tasks.py:353} INFO - Reading prep dataframe
[2022-10-03T12:49:03.787+0000] {tasks.py:146} INFO - Instantiating the Browser with the requested settings
[2022-10-03T12:49:09.125+0000] {tasks.py:160} INFO - Browser configured
[2022-10-03T12:49:09.126+0000] {tasks.py:283} INFO - Removing nan URL values
[2022-10-03T12:49:09.129+0000] {tasks.py:284} INFO - Requested prices before: 11
[2022-10-03T12:49:09.144+0000] {tasks.py:289} INFO - Requested prices after: 11
[2022-10-03T12:49:14.234+0000] {tasks.py:383} INFO - Price of 1574761 - DISPENSERPARASABONETELIQUIDOEALCOOLEMGELDEPLASTICOABS: 66,62
[2022-10-03T12:49:14.236+0000] {tasks.py:322} INFO - Printing information
[2022-10-03T12:49:21.299+0000] {tasks.py:383} INFO - Price of 1574759 - CONEXAOLUVAGALVANIZADAAFOGOPARAELETRODUTO: 16,00
[2022-10-03T12:49:21.301+0000] {tasks.py:322} INFO - Printing information
[2022-10-03T12:49:23.918+0000] {tasks.py:383} INFO - Price of 1574751 - ARRUELAEMALUMINIOPARAELETRODUTO: 3,50
[2022-10-03T12:49:23.919+0000] {tasks.py:322} INFO - Printing information
[2022-10-03T12:49:26.590+0000] {tasks.py:383} INFO - Price of 1574752 - ARRUELAEMALUMINIOPARAELETRODUTO: 2,00
[2022-10-03T12:49:26.591+0000] {tasks.py:322} INFO - Printing information
[2022-10-03T12:49:28.780+0000] {tasks.py:383} INFO - Price of 1574754 - ABRACADEIRATIPOD: 13,00
[2022-10-03T12:49:28.781+0000] {tasks.py:322} INFO - Printing information
[2022-10-03T12:49:31.010+0000] {tasks.py:383} INFO - Price of 1574757 - CONEXAOBUCHADEALUMINIOPARAELETRODUTO: 9,95
[2022-10-03T12:49:31.011+0000] {tasks.py:322} INFO - Printing information
[2022-10-03T12:49:33.064+0000] {tasks.py:383} INFO - Price of 1574758 - BOTADESEGURANCAEMPVC: 66,95
[2022-10-03T12:49:33.065+0000] {tasks.py:322} INFO - Printing information
[2022-10-03T12:49:36.566+0000] {tasks.py:383} INFO - Price of 1574756 - BUCHADEALUMINIO: 10,00
[2022-10-03T12:49:36.567+0000] {tasks.py:322} INFO - Printing information
[2022-10-03T12:49:39.579+0000] {tasks.py:383} INFO - Price of 1574755 - ABRACADEIRATIPOU: 21,00
[2022-10-03T12:49:39.579+0000] {tasks.py:322} INFO - Printing information
[2022-10-03T12:49:43.105+0000] {tasks.py:383} INFO - Price of 1574760 - TOMADAELETRICADEEMBUTIR: 22,00
[2022-10-03T12:49:43.109+0000] {tasks.py:322} INFO - Printing information
[2022-10-03T12:49:45.485+0000] {tasks.py:383} INFO - Price of 1574753 - ARRUELAEMALUMINIOPARAELETRODUTO: 4,00
[2022-10-03T12:49:45.486+0000] {tasks.py:322} INFO - Printing information
[2022-10-03T12:49:45.594+0000] {tasks.py:410} INFO - Saved screenshots and prices
[2022-10-03T12:49:45.595+0000] {tasks.py:241} INFO - Test passed
[2022-10-03T12:49:45.607+0000] {tasks.py:267} INFO - Requested prices: 11
[2022-10-03T12:49:45.608+0000] {tasks.py:268} INFO - Scraped prices: 11
[2022-10-03T12:49:45.608+0000] {tasks.py:269} INFO - Day of the scraping: 03/10/2022
[2022-10-03T12:49:45.625+0000] {python.py:177} INFO - Done. Returned value was: None
[2022-10-03T12:49:45.649+0000] {taskinstance.py:1406} INFO - Marking task as SUCCESS. dag_id=falcor_dist, task_id=colector, execution_date=20220901T000000, start_date=20221003T124903, end_date=20221003T124945
[2022-10-03T12:49:45.705+0000] {local_task_job.py:164} INFO - Task exited with return code 0
[2022-10-03T12:49:45.758+0000] {local_task_job.py:273} INFO - 1 downstream tasks scheduled from follow-on schedule check
