[2022-10-07T16:08:50.497+0000] {taskinstance.py:1165} INFO - Dependencies all met for <TaskInstance: brito_comercial.colector scheduled__2022-09-01T00:00:00+00:00 [queued]>
[2022-10-07T16:08:50.506+0000] {taskinstance.py:1165} INFO - Dependencies all met for <TaskInstance: brito_comercial.colector scheduled__2022-09-01T00:00:00+00:00 [queued]>
[2022-10-07T16:08:50.507+0000] {taskinstance.py:1362} INFO - 
--------------------------------------------------------------------------------
[2022-10-07T16:08:50.507+0000] {taskinstance.py:1363} INFO - Starting attempt 1 of 1
[2022-10-07T16:08:50.508+0000] {taskinstance.py:1364} INFO - 
--------------------------------------------------------------------------------
[2022-10-07T16:08:50.519+0000] {taskinstance.py:1383} INFO - Executing <Task(PythonOperator): colector> on 2022-09-01 00:00:00+00:00
[2022-10-07T16:08:50.523+0000] {standard_task_runner.py:54} INFO - Started process 2020 to run task
[2022-10-07T16:08:50.526+0000] {standard_task_runner.py:82} INFO - Running: ['***', 'tasks', 'run', 'brito_comercial', 'colector', 'scheduled__2022-09-01T00:00:00+00:00', '--job-id', '427', '--raw', '--subdir', 'DAGS_FOLDER/dag.py', '--cfg-path', '/tmp/tmp0cakx6gh']
[2022-10-07T16:08:50.526+0000] {standard_task_runner.py:83} INFO - Job 427: Subtask colector
[2022-10-07T16:08:50.527+0000] {dagbag.py:525} INFO - Filling up the DagBag from /opt/***/dags/dag.py
[2022-10-07T16:08:50.982+0000] {task_command.py:384} INFO - Running <TaskInstance: brito_comercial.colector scheduled__2022-09-01T00:00:00+00:00 [running]> on host 9a36b0424536
[2022-10-07T16:08:51.048+0000] {taskinstance.py:1592} INFO - Exporting the following env vars:
AIRFLOW_CTX_DAG_OWNER=***
AIRFLOW_CTX_DAG_ID=brito_comercial
AIRFLOW_CTX_TASK_ID=colector
AIRFLOW_CTX_EXECUTION_DATE=2022-09-01T00:00:00+00:00
AIRFLOW_CTX_TRY_NUMBER=1
AIRFLOW_CTX_DAG_RUN_ID=scheduled__2022-09-01T00:00:00+00:00
[2022-10-07T16:08:51.048+0000] {tasks.py:39} INFO - Defining DEC to export information
[2022-10-07T16:08:51.054+0000] {tasks.py:353} INFO - Reading prep dataframe
[2022-10-07T16:08:51.063+0000] {tasks.py:146} INFO - Instantiating the Browser with the requested settings
[2022-10-07T16:08:53.708+0000] {tasks.py:160} INFO - Browser configured
[2022-10-07T16:08:53.709+0000] {tasks.py:283} INFO - Removing nan URL values
[2022-10-07T16:08:53.710+0000] {tasks.py:284} INFO - Requested prices before: 1
[2022-10-07T16:08:53.714+0000] {tasks.py:289} INFO - Requested prices after: 1
[2022-10-07T16:09:36.213+0000] {tasks.py:386} INFO - Skipping element errors to: https://britocomercial.com/?s=bacia+turca
[2022-10-07T16:09:36.214+0000] {tasks.py:387} INFO - Error: Message: Reached error page: about:neterror?e=connectionFailure&u=https%3A//britocomercial.com/%3Fs%3Dbacia+turca&c=UTF-8&d=Firefox%20can%E2%80%99t%20establish%20a%20connection%20to%20the%20server%20at%20britocomercial.com.
Stacktrace:
RemoteError@chrome://remote/content/shared/RemoteError.jsm:12:1
WebDriverError@chrome://remote/content/shared/webdriver/Errors.jsm:192:5
UnknownError@chrome://remote/content/shared/webdriver/Errors.jsm:519:5
checkReadyState@chrome://remote/content/marionette/navigate.js:66:24
onNavigation@chrome://remote/content/marionette/navigate.js:334:39
emit@resource://gre/modules/EventEmitter.jsm:160:20
receiveMessage@chrome://remote/content/marionette/actors/MarionetteEventsParent.jsm:44:25

[2022-10-07T16:09:36.215+0000] {tasks.py:322} INFO - Printing information
[2022-10-07T16:09:36.251+0000] {tasks.py:410} INFO - Saved screenshots and prices
[2022-10-07T16:09:36.252+0000] {tasks.py:244} INFO - Test not passed
[2022-10-07T16:09:36.252+0000] {tasks.py:246} INFO - Difference of 1 prices
[2022-10-07T16:09:36.254+0000] {tasks.py:267} INFO - Requested prices: 1
[2022-10-07T16:09:36.254+0000] {tasks.py:268} INFO - Scraped prices: 0
[2022-10-07T16:09:36.255+0000] {tasks.py:269} INFO - Day of the scraping: 07/10/2022
[2022-10-07T16:09:36.263+0000] {python.py:177} INFO - Done. Returned value was: None
[2022-10-07T16:09:36.276+0000] {taskinstance.py:1406} INFO - Marking task as SUCCESS. dag_id=brito_comercial, task_id=colector, execution_date=20220901T000000, start_date=20221007T160850, end_date=20221007T160936
[2022-10-07T16:09:36.323+0000] {local_task_job.py:164} INFO - Task exited with return code 0
[2022-10-07T16:09:36.344+0000] {local_task_job.py:273} INFO - 1 downstream tasks scheduled from follow-on schedule check
