[2022-10-07T16:20:35.082+0000] {taskinstance.py:1165} INFO - Dependencies all met for <TaskInstance: tek_distribuidora.prep manual__2022-10-07T16:15:47.003188+00:00 [queued]>
[2022-10-07T16:20:35.090+0000] {taskinstance.py:1165} INFO - Dependencies all met for <TaskInstance: tek_distribuidora.prep manual__2022-10-07T16:15:47.003188+00:00 [queued]>
[2022-10-07T16:20:35.090+0000] {taskinstance.py:1362} INFO - 
--------------------------------------------------------------------------------
[2022-10-07T16:20:35.091+0000] {taskinstance.py:1363} INFO - Starting attempt 2 of 2
[2022-10-07T16:20:35.091+0000] {taskinstance.py:1364} INFO - 
--------------------------------------------------------------------------------
[2022-10-07T16:20:35.102+0000] {taskinstance.py:1383} INFO - Executing <Task(PythonOperator): prep> on 2022-10-07 16:15:47.003188+00:00
[2022-10-07T16:20:35.106+0000] {standard_task_runner.py:54} INFO - Started process 2594 to run task
[2022-10-07T16:20:35.109+0000] {standard_task_runner.py:82} INFO - Running: ['***', 'tasks', 'run', 'tek_distribuidora', 'prep', 'manual__2022-10-07T16:15:47.003188+00:00', '--job-id', '434', '--raw', '--subdir', 'DAGS_FOLDER/dag.py', '--cfg-path', '/tmp/tmp6latp99d']
[2022-10-07T16:20:35.109+0000] {standard_task_runner.py:83} INFO - Job 434: Subtask prep
[2022-10-07T16:20:35.110+0000] {dagbag.py:525} INFO - Filling up the DagBag from /opt/***/dags/dag.py
[2022-10-07T16:20:35.515+0000] {task_command.py:384} INFO - Running <TaskInstance: tek_distribuidora.prep manual__2022-10-07T16:15:47.003188+00:00 [running]> on host 9a36b0424536
[2022-10-07T16:20:35.575+0000] {taskinstance.py:1592} INFO - Exporting the following env vars:
AIRFLOW_CTX_DAG_OWNER=***
AIRFLOW_CTX_DAG_ID=tek_distribuidora
AIRFLOW_CTX_TASK_ID=prep
AIRFLOW_CTX_EXECUTION_DATE=2022-10-07T16:15:47.003188+00:00
AIRFLOW_CTX_TRY_NUMBER=2
AIRFLOW_CTX_DAG_RUN_ID=manual__2022-10-07T16:15:47.003188+00:00
[2022-10-07T16:20:35.576+0000] {tasks.py:109} INFO - Reading the last request file for day 07/10/2022
[2022-10-07T16:20:35.856+0000] {tasks.py:88} INFO - Cleaning the column NM_INSUMO
[2022-10-07T16:20:35.865+0000] {tasks.py:135} INFO - Filtering for BP ['81272'] and period ['M10', 'B0210', 'M20', 'T0320', 'T0130', 'T0220', 'B0120']
[2022-10-07T16:20:35.866+0000] {tasks.py:39} INFO - Defining DEC to export information
[2022-10-07T16:20:35.876+0000] {tasks.py:143} INFO - Saved prep dataframe in ./data_output/TEK_DISTRIBUIDORA/coleta_2022/coleta_outubro/coleta_1_dec/saida_2022_10_07
[2022-10-07T16:20:35.877+0000] {python.py:177} INFO - Done. Returned value was: None
[2022-10-07T16:20:35.885+0000] {taskinstance.py:1406} INFO - Marking task as SUCCESS. dag_id=tek_distribuidora, task_id=prep, execution_date=20221007T161547, start_date=20221007T162035, end_date=20221007T162035
[2022-10-07T16:20:35.923+0000] {local_task_job.py:164} INFO - Task exited with return code 0
[2022-10-07T16:20:35.953+0000] {local_task_job.py:273} INFO - 0 downstream tasks scheduled from follow-on schedule check
