[2022-10-07T16:15:48.869+0000] {taskinstance.py:1165} INFO - Dependencies all met for <TaskInstance: tek_distribuidora.prep manual__2022-10-07T16:15:47.003188+00:00 [queued]>
[2022-10-07T16:15:48.881+0000] {taskinstance.py:1165} INFO - Dependencies all met for <TaskInstance: tek_distribuidora.prep manual__2022-10-07T16:15:47.003188+00:00 [queued]>
[2022-10-07T16:15:48.881+0000] {taskinstance.py:1362} INFO - 
--------------------------------------------------------------------------------
[2022-10-07T16:15:48.882+0000] {taskinstance.py:1363} INFO - Starting attempt 1 of 1
[2022-10-07T16:15:48.882+0000] {taskinstance.py:1364} INFO - 
--------------------------------------------------------------------------------
[2022-10-07T16:15:48.900+0000] {taskinstance.py:1383} INFO - Executing <Task(PythonOperator): prep> on 2022-10-07 16:15:47.003188+00:00
[2022-10-07T16:15:48.904+0000] {standard_task_runner.py:54} INFO - Started process 2360 to run task
[2022-10-07T16:15:48.907+0000] {standard_task_runner.py:82} INFO - Running: ['***', 'tasks', 'run', 'tek_distribuidora', 'prep', 'manual__2022-10-07T16:15:47.003188+00:00', '--job-id', '431', '--raw', '--subdir', 'DAGS_FOLDER/dag.py', '--cfg-path', '/tmp/tmp_fnk5ups']
[2022-10-07T16:15:48.908+0000] {standard_task_runner.py:83} INFO - Job 431: Subtask prep
[2022-10-07T16:15:48.909+0000] {dagbag.py:525} INFO - Filling up the DagBag from /opt/***/dags/dag.py
[2022-10-07T16:15:49.356+0000] {task_command.py:384} INFO - Running <TaskInstance: tek_distribuidora.prep manual__2022-10-07T16:15:47.003188+00:00 [running]> on host 9a36b0424536
[2022-10-07T16:15:49.419+0000] {taskinstance.py:1592} INFO - Exporting the following env vars:
AIRFLOW_CTX_DAG_OWNER=***
AIRFLOW_CTX_DAG_ID=tek_distribuidora
AIRFLOW_CTX_TASK_ID=prep
AIRFLOW_CTX_EXECUTION_DATE=2022-10-07T16:15:47.003188+00:00
AIRFLOW_CTX_TRY_NUMBER=1
AIRFLOW_CTX_DAG_RUN_ID=manual__2022-10-07T16:15:47.003188+00:00
[2022-10-07T16:15:49.420+0000] {tasks.py:109} INFO - Reading the last request file for day 07/10/2022
[2022-10-07T16:15:49.755+0000] {tasks.py:88} INFO - Cleaning the column NM_INSUMO
[2022-10-07T16:15:49.765+0000] {tasks.py:135} INFO - Filtering for BP ['81272'] and period ['M10']
[2022-10-07T16:15:49.766+0000] {tasks.py:39} INFO - Defining DEC to export information
[2022-10-07T16:15:49.783+0000] {tasks.py:143} INFO - Saved prep dataframe in ./data_output/TEK_DISTRIBUIDORA/coleta_2022/coleta_outubro/coleta_1_dec/saida_2022_10_07
[2022-10-07T16:15:49.784+0000] {python.py:177} INFO - Done. Returned value was: None
[2022-10-07T16:15:49.793+0000] {taskinstance.py:1406} INFO - Marking task as SUCCESS. dag_id=tek_distribuidora, task_id=prep, execution_date=20221007T161547, start_date=20221007T161548, end_date=20221007T161549
[2022-10-07T16:15:49.842+0000] {local_task_job.py:164} INFO - Task exited with return code 0
[2022-10-07T16:15:49.870+0000] {local_task_job.py:273} INFO - 1 downstream tasks scheduled from follow-on schedule check
