[2022-10-07T20:25:08.279+0000] {taskinstance.py:1165} INFO - Dependencies all met for <TaskInstance: unitintas.prep scheduled__2022-09-01T00:00:00+00:00 [queued]>
[2022-10-07T20:25:08.288+0000] {taskinstance.py:1165} INFO - Dependencies all met for <TaskInstance: unitintas.prep scheduled__2022-09-01T00:00:00+00:00 [queued]>
[2022-10-07T20:25:08.289+0000] {taskinstance.py:1362} INFO - 
--------------------------------------------------------------------------------
[2022-10-07T20:25:08.289+0000] {taskinstance.py:1363} INFO - Starting attempt 2 of 2
[2022-10-07T20:25:08.289+0000] {taskinstance.py:1364} INFO - 
--------------------------------------------------------------------------------
[2022-10-07T20:25:08.301+0000] {taskinstance.py:1383} INFO - Executing <Task(PythonOperator): prep> on 2022-09-01 00:00:00+00:00
[2022-10-07T20:25:08.305+0000] {standard_task_runner.py:54} INFO - Started process 211 to run task
[2022-10-07T20:25:08.307+0000] {standard_task_runner.py:82} INFO - Running: ['***', 'tasks', 'run', 'unitintas', 'prep', 'scheduled__2022-09-01T00:00:00+00:00', '--job-id', '441', '--raw', '--subdir', 'DAGS_FOLDER/dag.py', '--cfg-path', '/tmp/tmpw8vn95mp']
[2022-10-07T20:25:08.308+0000] {standard_task_runner.py:83} INFO - Job 441: Subtask prep
[2022-10-07T20:25:08.308+0000] {dagbag.py:525} INFO - Filling up the DagBag from /opt/***/dags/dag.py
[2022-10-07T20:25:08.705+0000] {task_command.py:384} INFO - Running <TaskInstance: unitintas.prep scheduled__2022-09-01T00:00:00+00:00 [running]> on host 9a36b0424536
[2022-10-07T20:25:08.763+0000] {taskinstance.py:1592} INFO - Exporting the following env vars:
AIRFLOW_CTX_DAG_OWNER=***
AIRFLOW_CTX_DAG_ID=unitintas
AIRFLOW_CTX_TASK_ID=prep
AIRFLOW_CTX_EXECUTION_DATE=2022-09-01T00:00:00+00:00
AIRFLOW_CTX_TRY_NUMBER=2
AIRFLOW_CTX_DAG_RUN_ID=scheduled__2022-09-01T00:00:00+00:00
[2022-10-07T20:25:08.764+0000] {tasks.py:109} INFO - Reading the last request file for day 07/10/2022
[2022-10-07T20:25:09.111+0000] {tasks.py:88} INFO - Cleaning the column NM_INSUMO
[2022-10-07T20:25:09.120+0000] {tasks.py:135} INFO - Filtering for BP ['71210'] and period ['M30', 'B0210', 'T0210']
[2022-10-07T20:25:09.121+0000] {tasks.py:39} INFO - Defining DEC to export information
[2022-10-07T20:25:09.131+0000] {tasks.py:143} INFO - Saved prep dataframe in ./data_output/UNITINTAS/coleta_2022/coleta_outubro/coleta_1_dec/saida_2022_10_07
[2022-10-07T20:25:09.132+0000] {python.py:177} INFO - Done. Returned value was: None
[2022-10-07T20:25:09.140+0000] {taskinstance.py:1406} INFO - Marking task as SUCCESS. dag_id=unitintas, task_id=prep, execution_date=20220901T000000, start_date=20221007T202508, end_date=20221007T202509
[2022-10-07T20:25:09.162+0000] {local_task_job.py:164} INFO - Task exited with return code 0
[2022-10-07T20:25:09.187+0000] {local_task_job.py:273} INFO - 1 downstream tasks scheduled from follow-on schedule check
