[2022-10-07T20:27:19.013+0000] {taskinstance.py:1165} INFO - Dependencies all met for <TaskInstance: unitintas.prep scheduled__2022-09-01T00:00:00+00:00 [queued]>
[2022-10-07T20:27:19.022+0000] {taskinstance.py:1165} INFO - Dependencies all met for <TaskInstance: unitintas.prep scheduled__2022-09-01T00:00:00+00:00 [queued]>
[2022-10-07T20:27:19.022+0000] {taskinstance.py:1362} INFO - 
--------------------------------------------------------------------------------
[2022-10-07T20:27:19.023+0000] {taskinstance.py:1363} INFO - Starting attempt 4 of 4
[2022-10-07T20:27:19.023+0000] {taskinstance.py:1364} INFO - 
--------------------------------------------------------------------------------
[2022-10-07T20:27:19.034+0000] {taskinstance.py:1383} INFO - Executing <Task(PythonOperator): prep> on 2022-09-01 00:00:00+00:00
[2022-10-07T20:27:19.039+0000] {standard_task_runner.py:54} INFO - Started process 322 to run task
[2022-10-07T20:27:19.040+0000] {standard_task_runner.py:82} INFO - Running: ['***', 'tasks', 'run', 'unitintas', 'prep', 'scheduled__2022-09-01T00:00:00+00:00', '--job-id', '445', '--raw', '--subdir', 'DAGS_FOLDER/dag.py', '--cfg-path', '/tmp/tmp__il8xdr']
[2022-10-07T20:27:19.041+0000] {standard_task_runner.py:83} INFO - Job 445: Subtask prep
[2022-10-07T20:27:19.042+0000] {dagbag.py:525} INFO - Filling up the DagBag from /opt/***/dags/dag.py
[2022-10-07T20:27:19.484+0000] {task_command.py:384} INFO - Running <TaskInstance: unitintas.prep scheduled__2022-09-01T00:00:00+00:00 [running]> on host 9a36b0424536
[2022-10-07T20:27:19.556+0000] {taskinstance.py:1592} INFO - Exporting the following env vars:
AIRFLOW_CTX_DAG_OWNER=***
AIRFLOW_CTX_DAG_ID=unitintas
AIRFLOW_CTX_TASK_ID=prep
AIRFLOW_CTX_EXECUTION_DATE=2022-09-01T00:00:00+00:00
AIRFLOW_CTX_TRY_NUMBER=4
AIRFLOW_CTX_DAG_RUN_ID=scheduled__2022-09-01T00:00:00+00:00
[2022-10-07T20:27:19.557+0000] {tasks.py:109} INFO - Reading the last request file for day 07/10/2022
[2022-10-07T20:27:19.911+0000] {tasks.py:88} INFO - Cleaning the column NM_INSUMO
[2022-10-07T20:27:20.175+0000] {tasks.py:127} INFO - Filtering for BP ['71210'] and period ['M30', 'B0210', 'T0210', 'T0310']
[2022-10-07T20:27:20.187+0000] {tasks.py:39} INFO - Defining DEC to export information
[2022-10-07T20:27:20.198+0000] {tasks.py:135} INFO - Saved prep dataframe in ./data_output/UNITINTAS/coleta_2022/coleta_outubro/coleta_1_dec/saida_2022_10_07
[2022-10-07T20:27:20.201+0000] {python.py:177} INFO - Done. Returned value was: None
[2022-10-07T20:27:20.211+0000] {taskinstance.py:1406} INFO - Marking task as SUCCESS. dag_id=unitintas, task_id=prep, execution_date=20220901T000000, start_date=20221007T202719, end_date=20221007T202720
[2022-10-07T20:27:20.256+0000] {local_task_job.py:164} INFO - Task exited with return code 0
[2022-10-07T20:27:20.280+0000] {local_task_job.py:273} INFO - 1 downstream tasks scheduled from follow-on schedule check
