[2022-09-26T19:31:13.317+0000] {taskinstance.py:1165} INFO - Dependencies all met for <TaskInstance: tudo_melhor.carga_creation manual__2022-09-26T16:56:29.503852+00:00 [queued]>
[2022-09-26T19:31:13.329+0000] {taskinstance.py:1165} INFO - Dependencies all met for <TaskInstance: tudo_melhor.carga_creation manual__2022-09-26T16:56:29.503852+00:00 [queued]>
[2022-09-26T19:31:13.329+0000] {taskinstance.py:1362} INFO - 
--------------------------------------------------------------------------------
[2022-09-26T19:31:13.329+0000] {taskinstance.py:1363} INFO - Starting attempt 2 of 2
[2022-09-26T19:31:13.330+0000] {taskinstance.py:1364} INFO - 
--------------------------------------------------------------------------------
[2022-09-26T19:31:13.344+0000] {taskinstance.py:1383} INFO - Executing <Task(PythonOperator): carga_creation> on 2022-09-26 16:56:29.503852+00:00
[2022-09-26T19:31:13.349+0000] {standard_task_runner.py:54} INFO - Started process 733 to run task
[2022-09-26T19:31:13.351+0000] {standard_task_runner.py:82} INFO - Running: ['***', 'tasks', 'run', 'tudo_melhor', 'carga_creation', 'manual__2022-09-26T16:56:29.503852+00:00', '--job-id', '271', '--raw', '--subdir', 'DAGS_FOLDER/dag.py', '--cfg-path', '/tmp/tmpx1kym6mb']
[2022-09-26T19:31:13.352+0000] {standard_task_runner.py:83} INFO - Job 271: Subtask carga_creation
[2022-09-26T19:31:13.354+0000] {dagbag.py:525} INFO - Filling up the DagBag from /opt/***/dags/dag.py
[2022-09-26T19:31:13.982+0000] {task_command.py:384} INFO - Running <TaskInstance: tudo_melhor.carga_creation manual__2022-09-26T16:56:29.503852+00:00 [running]> on host 230d0404a0b6
[2022-09-26T19:31:14.046+0000] {taskinstance.py:1592} INFO - Exporting the following env vars:
AIRFLOW_CTX_DAG_OWNER=***
AIRFLOW_CTX_DAG_ID=tudo_melhor
AIRFLOW_CTX_TASK_ID=carga_creation
AIRFLOW_CTX_EXECUTION_DATE=2022-09-26T16:56:29.503852+00:00
AIRFLOW_CTX_TRY_NUMBER=2
AIRFLOW_CTX_DAG_RUN_ID=manual__2022-09-26T16:56:29.503852+00:00
[2022-09-26T19:31:14.047+0000] {tasks.py:535} INFO - Reading results from collect dataframe
[2022-09-26T19:31:14.047+0000] {tasks.py:42} INFO - Defining DEC to export information
[2022-09-26T19:31:14.068+0000] {tasks.py:541} INFO - Renaming columns
[2022-09-26T19:31:14.069+0000] {tasks.py:544} INFO - Creating column with print information
[2022-09-26T19:31:14.072+0000] {tasks.py:555} INFO - Fill nan on dataset
[2022-09-26T19:31:14.075+0000] {tasks.py:558} INFO - Adapting price to the Carga file
[2022-09-26T19:31:14.077+0000] {tasks.py:458} INFO - Carga being prepared for expected data: 30/09/2022
[2022-09-26T19:31:14.078+0000] {tasks.py:564} INFO - Filling null values
[2022-09-26T19:31:14.078+0000] {tasks.py:492} INFO - Naming the price null values
[2022-09-26T19:31:14.079+0000] {tasks.py:495} INFO - Fill Sinonimous column
[2022-09-26T19:31:14.080+0000] {tasks.py:502} INFO - Creating a justification for null prices
[2022-09-26T19:31:14.080+0000] {tasks.py:509} INFO - Fill URL column
[2022-09-26T19:31:14.081+0000] {tasks.py:516} INFO - Fill date column
[2022-09-26T19:31:14.081+0000] {tasks.py:567} INFO - Fill regions column
[2022-09-26T19:31:14.083+0000] {tasks.py:573} INFO - Reordering column
[2022-09-26T19:31:14.084+0000] {tasks.py:575} INFO - Finishing the process
[2022-09-26T19:31:14.084+0000] {tasks.py:576} INFO - Total prices: 201
[2022-09-26T19:31:14.093+0000] {warnings.py:110} WARNING - /opt/***/dags/tasks.py:586: FutureWarning: As the xlwt package is no longer maintained, the xlwt engine will be removed in a future version of pandas. This is the only engine in pandas that supports writing in the xls format. Install openpyxl and write to an xlsx file instead. You can set the option io.excel.xls.writer to 'xlwt' to silence this warning. While this option is deprecated and will also raise a warning, it can be globally set and the warning suppressed.
  ).to_excel(f"{EXPORT}", index=False)

[2022-09-26T19:31:15.020+0000] {python.py:177} INFO - Done. Returned value was: None
[2022-09-26T19:31:15.028+0000] {taskinstance.py:1406} INFO - Marking task as SUCCESS. dag_id=tudo_melhor, task_id=carga_creation, execution_date=20220926T165629, start_date=20220926T193113, end_date=20220926T193115
[2022-09-26T19:31:15.053+0000] {local_task_job.py:164} INFO - Task exited with return code 0
[2022-09-26T19:31:15.068+0000] {local_task_job.py:273} INFO - 0 downstream tasks scheduled from follow-on schedule check
