[2022-10-07T16:08:40.022+0000] {taskinstance.py:1165} INFO - Dependencies all met for <TaskInstance: brito_comercial.prep scheduled__2022-09-01T00:00:00+00:00 [queued]>
[2022-10-07T16:08:40.032+0000] {taskinstance.py:1165} INFO - Dependencies all met for <TaskInstance: brito_comercial.prep scheduled__2022-09-01T00:00:00+00:00 [queued]>
[2022-10-07T16:08:40.033+0000] {taskinstance.py:1362} INFO - 
--------------------------------------------------------------------------------
[2022-10-07T16:08:40.033+0000] {taskinstance.py:1363} INFO - Starting attempt 1 of 1
[2022-10-07T16:08:40.034+0000] {taskinstance.py:1364} INFO - 
--------------------------------------------------------------------------------
[2022-10-07T16:08:40.111+0000] {taskinstance.py:1383} INFO - Executing <Task(PythonOperator): prep> on 2022-09-01 00:00:00+00:00
[2022-10-07T16:08:40.115+0000] {standard_task_runner.py:54} INFO - Started process 2008 to run task
[2022-10-07T16:08:40.117+0000] {standard_task_runner.py:82} INFO - Running: ['***', 'tasks', 'run', 'brito_comercial', 'prep', 'scheduled__2022-09-01T00:00:00+00:00', '--job-id', '426', '--raw', '--subdir', 'DAGS_FOLDER/dag.py', '--cfg-path', '/tmp/tmpfs851qxz']
[2022-10-07T16:08:40.118+0000] {standard_task_runner.py:83} INFO - Job 426: Subtask prep
[2022-10-07T16:08:40.119+0000] {dagbag.py:525} INFO - Filling up the DagBag from /opt/***/dags/dag.py
[2022-10-07T16:08:40.621+0000] {task_command.py:384} INFO - Running <TaskInstance: brito_comercial.prep scheduled__2022-09-01T00:00:00+00:00 [running]> on host 9a36b0424536
[2022-10-07T16:08:41.371+0000] {taskinstance.py:1592} INFO - Exporting the following env vars:
AIRFLOW_CTX_DAG_OWNER=***
AIRFLOW_CTX_DAG_ID=brito_comercial
AIRFLOW_CTX_TASK_ID=prep
AIRFLOW_CTX_EXECUTION_DATE=2022-09-01T00:00:00+00:00
AIRFLOW_CTX_TRY_NUMBER=1
AIRFLOW_CTX_DAG_RUN_ID=scheduled__2022-09-01T00:00:00+00:00
[2022-10-07T16:08:41.372+0000] {tasks.py:109} INFO - Reading the last request file for day 07/10/2022
[2022-10-07T16:08:49.403+0000] {tasks.py:88} INFO - Cleaning the column NM_INSUMO
[2022-10-07T16:08:49.688+0000] {tasks.py:128} INFO - Filtering for BP ['93360'] and period ['M10']
[2022-10-07T16:08:49.701+0000] {tasks.py:39} INFO - Defining DEC to export information
[2022-10-07T16:08:49.722+0000] {tasks.py:136} INFO - Saved prep dataframe in ./data_output/BRITO_COMERCIAL/coleta_2022/coleta_outubro/coleta_1_dec/saida_2022_10_07
[2022-10-07T16:08:49.726+0000] {python.py:177} INFO - Done. Returned value was: None
[2022-10-07T16:08:49.773+0000] {taskinstance.py:1406} INFO - Marking task as SUCCESS. dag_id=brito_comercial, task_id=prep, execution_date=20220901T000000, start_date=20221007T160840, end_date=20221007T160849
[2022-10-07T16:08:49.818+0000] {local_task_job.py:164} INFO - Task exited with return code 0
[2022-10-07T16:08:49.848+0000] {local_task_job.py:273} INFO - 1 downstream tasks scheduled from follow-on schedule check
