[2022-09-30T18:45:05.398+0000] {taskinstance.py:1165} INFO - Dependencies all met for <TaskInstance: casa_das_ferragens.prep manual__2022-09-30T15:34:18.697065+00:00 [queued]>
[2022-09-30T18:45:05.406+0000] {taskinstance.py:1165} INFO - Dependencies all met for <TaskInstance: casa_das_ferragens.prep manual__2022-09-30T15:34:18.697065+00:00 [queued]>
[2022-09-30T18:45:05.406+0000] {taskinstance.py:1362} INFO - 
--------------------------------------------------------------------------------
[2022-09-30T18:45:05.407+0000] {taskinstance.py:1363} INFO - Starting attempt 2 of 2
[2022-09-30T18:45:05.407+0000] {taskinstance.py:1364} INFO - 
--------------------------------------------------------------------------------
[2022-09-30T18:45:05.418+0000] {taskinstance.py:1383} INFO - Executing <Task(PythonOperator): prep> on 2022-09-30 15:34:18.697065+00:00
[2022-09-30T18:45:05.422+0000] {standard_task_runner.py:54} INFO - Started process 322 to run task
[2022-09-30T18:45:05.425+0000] {standard_task_runner.py:82} INFO - Running: ['***', 'tasks', 'run', 'casa_das_ferragens', 'prep', 'manual__2022-09-30T15:34:18.697065+00:00', '--job-id', '343', '--raw', '--subdir', 'DAGS_FOLDER/dag.py', '--cfg-path', '/tmp/tmpv1hqdlsa']
[2022-09-30T18:45:05.426+0000] {standard_task_runner.py:83} INFO - Job 343: Subtask prep
[2022-09-30T18:45:05.426+0000] {dagbag.py:525} INFO - Filling up the DagBag from /opt/***/dags/dag.py
[2022-09-30T18:45:05.826+0000] {task_command.py:384} INFO - Running <TaskInstance: casa_das_ferragens.prep manual__2022-09-30T15:34:18.697065+00:00 [running]> on host dc20523c063c
[2022-09-30T18:45:05.886+0000] {taskinstance.py:1592} INFO - Exporting the following env vars:
AIRFLOW_CTX_DAG_OWNER=***
AIRFLOW_CTX_DAG_ID=casa_das_ferragens
AIRFLOW_CTX_TASK_ID=prep
AIRFLOW_CTX_EXECUTION_DATE=2022-09-30T15:34:18.697065+00:00
AIRFLOW_CTX_TRY_NUMBER=2
AIRFLOW_CTX_DAG_RUN_ID=manual__2022-09-30T15:34:18.697065+00:00
[2022-09-30T18:45:05.887+0000] {tasks.py:109} INFO - Reading the last request file for day 30/09/2022
[2022-09-30T18:45:06.184+0000] {tasks.py:88} INFO - Cleaning the column NM_INSUMO
[2022-09-30T18:45:06.434+0000] {tasks.py:128} INFO - Filtering for BP ['93126'] and period ['M30']
[2022-09-30T18:45:06.689+0000] {tasks.py:39} INFO - Defining DEC to export information
[2022-09-30T18:45:06.703+0000] {tasks.py:136} INFO - Saved prep dataframe in ./data_output/CASA_DAS_FERRAGENS/coleta_2022/coleta_setembro/coleta_3_dec/saida_2022_09_30
[2022-09-30T18:45:06.706+0000] {python.py:177} INFO - Done. Returned value was: None
[2022-09-30T18:45:06.733+0000] {taskinstance.py:1406} INFO - Marking task as SUCCESS. dag_id=casa_das_ferragens, task_id=prep, execution_date=20220930T153418, start_date=20220930T184505, end_date=20220930T184506
[2022-09-30T18:45:06.760+0000] {local_task_job.py:164} INFO - Task exited with return code 0
[2022-09-30T18:45:06.787+0000] {local_task_job.py:273} INFO - 1 downstream tasks scheduled from follow-on schedule check
