[2022-09-27T20:48:49.028+0000] {taskinstance.py:1165} INFO - Dependencies all met for <TaskInstance: casa_das_ferragens.prep manual__2022-09-27T19:59:55.516392+00:00 [queued]>
[2022-09-27T20:48:49.036+0000] {taskinstance.py:1165} INFO - Dependencies all met for <TaskInstance: casa_das_ferragens.prep manual__2022-09-27T19:59:55.516392+00:00 [queued]>
[2022-09-27T20:48:49.037+0000] {taskinstance.py:1362} INFO - 
--------------------------------------------------------------------------------
[2022-09-27T20:48:49.037+0000] {taskinstance.py:1363} INFO - Starting attempt 4 of 4
[2022-09-27T20:48:49.038+0000] {taskinstance.py:1364} INFO - 
--------------------------------------------------------------------------------
[2022-09-27T20:48:49.050+0000] {taskinstance.py:1383} INFO - Executing <Task(PythonOperator): prep> on 2022-09-27 19:59:55.516392+00:00
[2022-09-27T20:48:49.054+0000] {standard_task_runner.py:54} INFO - Started process 216 to run task
[2022-09-27T20:48:49.056+0000] {standard_task_runner.py:82} INFO - Running: ['***', 'tasks', 'run', 'casa_das_ferragens', 'prep', 'manual__2022-09-27T19:59:55.516392+00:00', '--job-id', '300', '--raw', '--subdir', 'DAGS_FOLDER/dag.py', '--cfg-path', '/tmp/tmpngtjf4xw']
[2022-09-27T20:48:49.056+0000] {standard_task_runner.py:83} INFO - Job 300: Subtask prep
[2022-09-27T20:48:49.057+0000] {dagbag.py:525} INFO - Filling up the DagBag from /opt/***/dags/dag.py
[2022-09-27T20:48:49.437+0000] {task_command.py:384} INFO - Running <TaskInstance: casa_das_ferragens.prep manual__2022-09-27T19:59:55.516392+00:00 [running]> on host 4f0e9a210a6d
[2022-09-27T20:48:49.497+0000] {taskinstance.py:1592} INFO - Exporting the following env vars:
AIRFLOW_CTX_DAG_OWNER=***
AIRFLOW_CTX_DAG_ID=casa_das_ferragens
AIRFLOW_CTX_TASK_ID=prep
AIRFLOW_CTX_EXECUTION_DATE=2022-09-27T19:59:55.516392+00:00
AIRFLOW_CTX_TRY_NUMBER=4
AIRFLOW_CTX_DAG_RUN_ID=manual__2022-09-27T19:59:55.516392+00:00
[2022-09-27T20:48:49.498+0000] {tasks.py:112} INFO - Reading the last request file for day 27/09/2022
[2022-09-27T20:48:49.836+0000] {tasks.py:91} INFO - Cleaning the column NM_INSUMO
[2022-09-27T20:48:50.098+0000] {tasks.py:131} INFO - Filtering for BP ['93126'] and period ['M30']
[2022-09-27T20:48:50.114+0000] {tasks.py:42} INFO - Defining DEC to export information
[2022-09-27T20:48:50.130+0000] {tasks.py:139} INFO - Saved prep dataframe in ./data_output/CASA_DAS_FERRAGENS/coleta_2022/coleta_setembro/coleta_3_dec/saida_2022_09_27
[2022-09-27T20:48:50.133+0000] {python.py:177} INFO - Done. Returned value was: None
[2022-09-27T20:48:50.146+0000] {taskinstance.py:1406} INFO - Marking task as SUCCESS. dag_id=casa_das_ferragens, task_id=prep, execution_date=20220927T195955, start_date=20220927T204849, end_date=20220927T204850
[2022-09-27T20:48:50.192+0000] {local_task_job.py:164} INFO - Task exited with return code 0
[2022-09-27T20:48:50.216+0000] {local_task_job.py:273} INFO - 1 downstream tasks scheduled from follow-on schedule check
