[2022-09-26T20:42:18.362+0000] {taskinstance.py:1165} INFO - Dependencies all met for <TaskInstance: tudo_melhor.colector manual__2022-09-26T16:56:29.503852+00:00 [queued]>
[2022-09-26T20:42:18.372+0000] {taskinstance.py:1165} INFO - Dependencies all met for <TaskInstance: tudo_melhor.colector manual__2022-09-26T16:56:29.503852+00:00 [queued]>
[2022-09-26T20:42:18.373+0000] {taskinstance.py:1362} INFO - 
--------------------------------------------------------------------------------
[2022-09-26T20:42:18.373+0000] {taskinstance.py:1363} INFO - Starting attempt 11 of 11
[2022-09-26T20:42:18.373+0000] {taskinstance.py:1364} INFO - 
--------------------------------------------------------------------------------
[2022-09-26T20:42:18.386+0000] {taskinstance.py:1383} INFO - Executing <Task(PythonOperator): colector> on 2022-09-26 16:56:29.503852+00:00
[2022-09-26T20:42:18.390+0000] {standard_task_runner.py:54} INFO - Started process 145 to run task
[2022-09-26T20:42:18.392+0000] {standard_task_runner.py:82} INFO - Running: ['***', 'tasks', 'run', 'tudo_melhor', 'colector', 'manual__2022-09-26T16:56:29.503852+00:00', '--job-id', '277', '--raw', '--subdir', 'DAGS_FOLDER/dag.py', '--cfg-path', '/tmp/tmpkxyxsbhc']
[2022-09-26T20:42:18.393+0000] {standard_task_runner.py:83} INFO - Job 277: Subtask colector
[2022-09-26T20:42:18.393+0000] {dagbag.py:525} INFO - Filling up the DagBag from /opt/***/dags/dag.py
[2022-09-26T20:42:18.800+0000] {task_command.py:384} INFO - Running <TaskInstance: tudo_melhor.colector manual__2022-09-26T16:56:29.503852+00:00 [running]> on host 230d0404a0b6
[2022-09-26T20:42:18.856+0000] {taskinstance.py:1592} INFO - Exporting the following env vars:
AIRFLOW_CTX_DAG_OWNER=***
AIRFLOW_CTX_DAG_ID=tudo_melhor
AIRFLOW_CTX_TASK_ID=colector
AIRFLOW_CTX_EXECUTION_DATE=2022-09-26T16:56:29.503852+00:00
AIRFLOW_CTX_TRY_NUMBER=11
AIRFLOW_CTX_DAG_RUN_ID=manual__2022-09-26T16:56:29.503852+00:00
[2022-09-26T20:42:18.857+0000] {tasks.py:42} INFO - Defining DEC to export information
[2022-09-26T20:42:18.862+0000] {tasks.py:356} INFO - Reading prep dataframe
[2022-09-26T20:42:18.875+0000] {tasks.py:150} INFO - Instantiating the Browser with the requested settings
[2022-09-26T20:42:19.932+0000] {taskinstance.py:1851} ERROR - Task failed with exception
Traceback (most recent call last):
  File "/home/airflow/.local/lib/python3.7/site-packages/airflow/operators/python.py", line 175, in execute
    return_value = self.execute_callable()
  File "/home/airflow/.local/lib/python3.7/site-packages/airflow/operators/python.py", line 193, in execute_callable
    return self.python_callable(*self.op_args, **self.op_kwargs)
  File "/opt/airflow/dags/tasks.py", line 358, in colector
    browser = config_browser(config)
  File "/opt/airflow/dags/tasks.py", line 162, in config_browser
    desired_capabilities=capabilities)
  File "/home/airflow/.local/lib/python3.7/site-packages/selenium/webdriver/remote/webdriver.py", line 270, in __init__
    self.start_session(capabilities, browser_profile)
  File "/home/airflow/.local/lib/python3.7/site-packages/selenium/webdriver/remote/webdriver.py", line 363, in start_session
    response = self.execute(Command.NEW_SESSION, parameters)
  File "/home/airflow/.local/lib/python3.7/site-packages/selenium/webdriver/remote/webdriver.py", line 428, in execute
    self.error_handler.check_response(response)
  File "/home/airflow/.local/lib/python3.7/site-packages/selenium/webdriver/remote/errorhandler.py", line 243, in check_response
    raise exception_class(message, screen, stacktrace)
selenium.common.exceptions.WebDriverException: Message: Requested environment is not available

[2022-09-26T20:42:19.946+0000] {taskinstance.py:1406} INFO - Marking task as FAILED. dag_id=tudo_melhor, task_id=colector, execution_date=20220926T165629, start_date=20220926T204218, end_date=20220926T204219
[2022-09-26T20:42:19.959+0000] {standard_task_runner.py:107} ERROR - Failed to execute job 277 for task colector (Message: Requested environment is not available
; 145)
[2022-09-26T20:42:19.969+0000] {local_task_job.py:164} INFO - Task exited with return code 1
[2022-09-26T20:42:19.993+0000] {local_task_job.py:273} INFO - 0 downstream tasks scheduled from follow-on schedule check
