[2022-09-26T18:04:12.259+0000] {taskinstance.py:1165} INFO - Dependencies all met for <TaskInstance: tudo_melhor.colector manual__2022-09-26T16:56:29.503852+00:00 [queued]>
[2022-09-26T18:04:12.270+0000] {taskinstance.py:1165} INFO - Dependencies all met for <TaskInstance: tudo_melhor.colector manual__2022-09-26T16:56:29.503852+00:00 [queued]>
[2022-09-26T18:04:12.271+0000] {taskinstance.py:1362} INFO - 
--------------------------------------------------------------------------------
[2022-09-26T18:04:12.271+0000] {taskinstance.py:1363} INFO - Starting attempt 6 of 6
[2022-09-26T18:04:12.272+0000] {taskinstance.py:1364} INFO - 
--------------------------------------------------------------------------------
[2022-09-26T18:04:12.287+0000] {taskinstance.py:1383} INFO - Executing <Task(PythonOperator): colector> on 2022-09-26 16:56:29.503852+00:00
[2022-09-26T18:04:12.291+0000] {standard_task_runner.py:54} INFO - Started process 96 to run task
[2022-09-26T18:04:12.293+0000] {standard_task_runner.py:82} INFO - Running: ['***', 'tasks', 'run', 'tudo_melhor', 'colector', 'manual__2022-09-26T16:56:29.503852+00:00', '--job-id', '266', '--raw', '--subdir', 'DAGS_FOLDER/dag.py', '--cfg-path', '/tmp/tmpdevs0g0g']
[2022-09-26T18:04:12.293+0000] {standard_task_runner.py:83} INFO - Job 266: Subtask colector
[2022-09-26T18:04:12.294+0000] {dagbag.py:525} INFO - Filling up the DagBag from /opt/***/dags/dag.py
[2022-09-26T18:04:12.735+0000] {task_command.py:384} INFO - Running <TaskInstance: tudo_melhor.colector manual__2022-09-26T16:56:29.503852+00:00 [running]> on host 230d0404a0b6
[2022-09-26T18:04:12.803+0000] {taskinstance.py:1592} INFO - Exporting the following env vars:
AIRFLOW_CTX_DAG_OWNER=***
AIRFLOW_CTX_DAG_ID=tudo_melhor
AIRFLOW_CTX_TASK_ID=colector
AIRFLOW_CTX_EXECUTION_DATE=2022-09-26T16:56:29.503852+00:00
AIRFLOW_CTX_TRY_NUMBER=6
AIRFLOW_CTX_DAG_RUN_ID=manual__2022-09-26T16:56:29.503852+00:00
[2022-09-26T18:04:12.804+0000] {tasks.py:42} INFO - Defining DEC to export information
[2022-09-26T18:04:12.810+0000] {tasks.py:358} INFO - Reading prep dataframe
[2022-09-26T18:04:12.823+0000] {tasks.py:150} INFO - Instantiating the Browser with the requested settings
[2022-09-26T18:04:18.278+0000] {tasks.py:165} INFO - Browser configured
[2022-09-26T18:04:18.280+0000] {tasks.py:288} INFO - Removing nan URL values
[2022-09-26T18:04:18.295+0000] {tasks.py:289} INFO - Requested prices before: 181
[2022-09-26T18:04:18.309+0000] {tasks.py:294} INFO - Requested prices after: 176
[2022-09-26T18:04:24.995+0000] {tasks.py:388} INFO - Price of 1567793 - DISJUNTORMONOPOLAR: R$ 14,22
[2022-09-26T18:04:24.996+0000] {tasks.py:327} INFO - Printing information
[2022-09-26T18:04:30.160+0000] {tasks.py:388} INFO - Price of 1569051 - TORNEIRAPARAJARDIM: R$ 89,95
[2022-09-26T18:04:30.161+0000] {tasks.py:327} INFO - Printing information
[2022-09-26T18:04:34.455+0000] {tasks.py:388} INFO - Price of 1567776 - JOELHO90DEPVCPARAESGOTO: R$ 9,14
[2022-09-26T18:04:34.456+0000] {tasks.py:327} INFO - Printing information
[2022-09-26T18:04:38.783+0000] {tasks.py:388} INFO - Price of 1567797 - BUCHADEREDUCAOSOLDAVELEMPVC: R$ 19,88
[2022-09-26T18:04:38.784+0000] {tasks.py:327} INFO - Printing information
[2022-09-26T18:04:43.169+0000] {tasks.py:388} INFO - Price of 1567781 - CONEXAOJUNCAODEPVCPARAESGOTOPREDIALSIMPLES: R$ 31,56
[2022-09-26T18:04:43.170+0000] {tasks.py:327} INFO - Printing information
[2022-09-26T18:04:47.444+0000] {tasks.py:388} INFO - Price of 1567746 - CAIXADAGUADEPOLIETILENO: R$ 271,43
[2022-09-26T18:04:47.445+0000] {tasks.py:327} INFO - Printing information
[2022-09-26T18:04:51.353+0000] {tasks.py:388} INFO - Price of 1567815 - JUNCAOSIMPLESDEPVCRIGIDO45: R$ 17,63
[2022-09-26T18:04:51.353+0000] {tasks.py:327} INFO - Printing information
[2022-09-26T18:04:55.166+0000] {tasks.py:388} INFO - Price of 1559693 - PORTADEMADEIRALISA: R$ 239,76
[2022-09-26T18:04:55.167+0000] {tasks.py:327} INFO - Printing information
[2022-09-26T18:04:58.926+0000] {tasks.py:388} INFO - Price of 1554293 - TANQUEMARMOREGRANITOSINTETICO: R$ 265,82
[2022-09-26T18:04:58.926+0000] {tasks.py:327} INFO - Printing information
[2022-09-26T18:05:02.961+0000] {tasks.py:388} INFO - Price of 1567813 - JUNCAOSIMPLESDEPVCRIGIDO45: R$ 23,43
[2022-09-26T18:05:02.962+0000] {tasks.py:327} INFO - Printing information
[2022-09-26T18:05:07.012+0000] {tasks.py:388} INFO - Price of 1569074 - PLACACEGA: R$ 3,82
[2022-09-26T18:05:07.013+0000] {tasks.py:327} INFO - Printing information
[2022-09-26T18:05:10.763+0000] {tasks.py:391} INFO - Skipping element errors to: https://tudodemelhorparavoce.com.br/produto/1092-joelho-90%c2%ba-50mm-tigre
[2022-09-26T18:05:10.763+0000] {tasks.py:392} INFO - Error: Message: Unable to locate element: .col-sm-12.col-md-7.col-xs-7 > h3
Stacktrace:
WebDriverError@chrome://marionette/content/error.js:175:5
NoSuchElementError@chrome://marionette/content/error.js:387:5
element.find/</<@chrome://marionette/content/element.js:331:16

[2022-09-26T18:05:10.764+0000] {tasks.py:327} INFO - Printing information
[2022-09-26T18:05:14.970+0000] {tasks.py:388} INFO - Price of 1569065 - PLUGEMPVC: R$ 1,51
[2022-09-26T18:05:14.970+0000] {tasks.py:327} INFO - Printing information
[2022-09-26T18:05:18.910+0000] {tasks.py:388} INFO - Price of 1554291 - CIMENTOBRANCO: R$ 3,35
[2022-09-26T18:05:18.910+0000] {tasks.py:327} INFO - Printing information
[2022-09-26T18:05:22.886+0000] {tasks.py:388} INFO - Price of 1569104 - TINTAACRILICASEMIBRILHO: R$ 329,27
[2022-09-26T18:05:22.887+0000] {tasks.py:327} INFO - Printing information
[2022-09-26T18:05:27.167+0000] {tasks.py:388} INFO - Price of 1567755 - INTERRUPTORDEEMBUTIR: R$ 16,37
[2022-09-26T18:05:27.167+0000] {tasks.py:327} INFO - Printing information
[2022-09-26T18:05:31.108+0000] {tasks.py:388} INFO - Price of 1567777 - CURVAEMPVCRIGIDO90PARAESGOTO: R$ 31,56
[2022-09-26T18:05:31.108+0000] {tasks.py:327} INFO - Printing information
[2022-09-26T18:05:35.176+0000] {tasks.py:388} INFO - Price of 1567782 - LUVADEREDUCAOEMPVCSOLDAVEL: R$ 27,31
[2022-09-26T18:05:35.176+0000] {tasks.py:327} INFO - Printing information
[2022-09-26T18:05:39.093+0000] {tasks.py:388} INFO - Price of 1567757 - BUCHADEREDUCAOEMPVCSOLDAVEL: R$ 1,55
[2022-09-26T18:05:39.094+0000] {tasks.py:327} INFO - Printing information
[2022-09-26T18:05:43.228+0000] {tasks.py:388} INFO - Price of 1567826 - INTERRUPTORDEEMBUTIR: R$ 6,80
[2022-09-26T18:05:43.228+0000] {tasks.py:327} INFO - Printing information
[2022-09-26T18:05:47.102+0000] {tasks.py:388} INFO - Price of 1567799 - BUCHADEREDUCAOSOLDAVELEMPVC: R$ 6,67
[2022-09-26T18:05:47.103+0000] {tasks.py:327} INFO - Printing information
[2022-09-26T18:05:51.114+0000] {tasks.py:391} INFO - Skipping element errors to: https://tudodemelhorparavoce.com.br/produto/1602-vaso-sanitario-acesso-convencional-branco-incepa
[2022-09-26T18:05:51.114+0000] {tasks.py:392} INFO - Error: Message: Unable to locate element: .col-sm-12.col-md-7.col-xs-7 > h3
Stacktrace:
WebDriverError@chrome://marionette/content/error.js:175:5
NoSuchElementError@chrome://marionette/content/error.js:387:5
element.find/</<@chrome://marionette/content/element.js:331:16

[2022-09-26T18:05:51.115+0000] {tasks.py:327} INFO - Printing information
[2022-09-26T18:05:54.914+0000] {tasks.py:388} INFO - Price of 1567820 - CURVAEMPVCRIGIDO90: R$ 4,67
[2022-09-26T18:05:54.914+0000] {tasks.py:327} INFO - Printing information
[2022-09-26T18:06:05.849+0000] {tasks.py:388} INFO - Price of 1569049 - REGISTRODEGAVETABRUTO: R$ 40,65
[2022-09-26T18:06:05.849+0000] {tasks.py:327} INFO - Printing information
[2022-09-26T18:06:09.757+0000] {tasks.py:388} INFO - Price of 1569084 - COLABRANCA: R$ 32,25
[2022-09-26T18:06:09.757+0000] {tasks.py:327} INFO - Printing information
[2022-09-26T18:06:13.942+0000] {tasks.py:388} INFO - Price of 1554286 - CONJUNTODEFIXACAOPARAVASOSANITARIO: R$ 48,15
[2022-09-26T18:06:13.942+0000] {tasks.py:327} INFO - Printing information
[2022-09-26T18:06:17.799+0000] {tasks.py:388} INFO - Price of 1567803 - CURVA90CURTAESG: R$ 15,18
[2022-09-26T18:06:17.800+0000] {tasks.py:327} INFO - Printing information
[2022-09-26T18:06:22.576+0000] {tasks.py:388} INFO - Price of 1569106 - TINTAACRILICASEMIBRILHO: R$ 240,88
[2022-09-26T18:06:22.577+0000] {tasks.py:327} INFO - Printing information
[2022-09-26T18:06:27.076+0000] {tasks.py:388} INFO - Price of 1569095 - TELHA: R$ 21,64
[2022-09-26T18:06:27.076+0000] {tasks.py:327} INFO - Printing information
[2022-09-26T18:06:30.919+0000] {tasks.py:388} INFO - Price of 1567770 - ELETRODUTODEPVCCORRUGADO: R$ 98,83
[2022-09-26T18:06:30.919+0000] {tasks.py:327} INFO - Printing information
[2022-09-26T18:06:34.959+0000] {tasks.py:388} INFO - Price of 1567784 - CURVA45DEPVCPARAESGOTO: R$ 54,03
[2022-09-26T18:06:34.959+0000] {tasks.py:327} INFO - Printing information
[2022-09-26T18:06:39.101+0000] {tasks.py:388} INFO - Price of 1569062 - JOELHO90DEPVC: R$ 7,47
[2022-09-26T18:06:39.101+0000] {tasks.py:327} INFO - Printing information
[2022-09-26T18:06:43.251+0000] {tasks.py:388} INFO - Price of 1567823 - JOELHO90SOLDAVEL: R$ 3,46
[2022-09-26T18:06:43.252+0000] {tasks.py:327} INFO - Printing information
[2022-09-26T18:06:53.848+0000] {tasks.py:388} INFO - Price of 1554247 - CUBAEMINOX: R$ 304,76
[2022-09-26T18:06:53.849+0000] {tasks.py:327} INFO - Printing information
[2022-09-26T18:06:57.925+0000] {tasks.py:388} INFO - Price of 1567804 - CUBADELOUCA: R$ 91,94
[2022-09-26T18:06:57.925+0000] {tasks.py:327} INFO - Printing information
[2022-09-26T18:07:01.874+0000] {tasks.py:388} INFO - Price of 1567761 - BUCHADEREDUCAO: R$ 5,76
[2022-09-26T18:07:01.874+0000] {tasks.py:327} INFO - Printing information
[2022-09-26T18:07:06.081+0000] {tasks.py:388} INFO - Price of 1569091 - CUBAEMACOINOX304: R$ 263,66
[2022-09-26T18:07:06.082+0000] {tasks.py:327} INFO - Printing information
[2022-09-26T18:07:10.088+0000] {tasks.py:388} INFO - Price of 1569100 - TINTAESMALTESINTETICO: R$ 84,74
[2022-09-26T18:07:10.089+0000] {tasks.py:327} INFO - Printing information
[2022-09-26T18:07:13.900+0000] {tasks.py:388} INFO - Price of 1554279 - TORNEIRADEMESAPARAPNE: R$ 152,57
[2022-09-26T18:07:13.901+0000] {tasks.py:327} INFO - Printing information
[2022-09-26T18:07:17.685+0000] {tasks.py:388} INFO - Price of 1567822 - JOELHO90SOLDAVEL: R$ 10,64
[2022-09-26T18:07:17.686+0000] {tasks.py:327} INFO - Printing information
[2022-09-26T18:07:21.765+0000] {tasks.py:388} INFO - Price of 1569108 - TEXTURAPARASUPERFICIEINTERNAEEXTERNA: R$ 110,77
[2022-09-26T18:07:21.765+0000] {tasks.py:327} INFO - Printing information
[2022-09-26T18:07:25.869+0000] {tasks.py:388} INFO - Price of 1569056 - TORNEIRAPARALAVATORIO: R$ 52,20
[2022-09-26T18:07:25.870+0000] {tasks.py:327} INFO - Printing information
[2022-09-26T18:07:29.793+0000] {tasks.py:388} INFO - Price of 1569075 - PLACACEGA: R$ 2,02
[2022-09-26T18:07:29.794+0000] {tasks.py:327} INFO - Printing information
[2022-09-26T18:07:33.717+0000] {tasks.py:388} INFO - Price of 1569097 - TINTAESMALTESINTETICO: R$ 84,74
[2022-09-26T18:07:33.718+0000] {tasks.py:327} INFO - Printing information
[2022-09-26T18:07:50.986+0000] {tasks.py:391} INFO - Skipping element errors to: https://tudodemelhorparavoce.com.br/produto/1176-adesivo-850-gramas
[2022-09-26T18:07:50.987+0000] {tasks.py:392} INFO - Error: Message: Unable to locate element: .col-sm-12.col-md-7.col-xs-7 > h3
Stacktrace:
WebDriverError@chrome://marionette/content/error.js:175:5
NoSuchElementError@chrome://marionette/content/error.js:387:5
element.find/</<@chrome://marionette/content/element.js:331:16

[2022-09-26T18:07:50.987+0000] {tasks.py:327} INFO - Printing information
[2022-09-26T18:07:55.067+0000] {tasks.py:388} INFO - Price of 1567824 - CONJUNTODETOMADAPARATELEFONE: R$ 24,50
[2022-09-26T18:07:55.068+0000] {tasks.py:327} INFO - Printing information
[2022-09-26T18:07:59.504+0000] {tasks.py:388} INFO - Price of 1569047 - TEDEPVCSOLDAVEL: R$ 14,38
[2022-09-26T18:07:59.504+0000] {tasks.py:327} INFO - Printing information
[2022-09-26T18:08:03.821+0000] {tasks.py:388} INFO - Price of 1557778 - CAIXADAGUADEPOLIETILENOREDONDA: R$ 463,17
[2022-09-26T18:08:03.821+0000] {tasks.py:327} INFO - Printing information
[2022-09-26T18:08:07.936+0000] {tasks.py:388} INFO - Price of 1554259 - CHUVEIROMETALICO: R$ 175,94
[2022-09-26T18:08:07.937+0000] {tasks.py:327} INFO - Printing information
[2022-09-26T18:08:11.827+0000] {tasks.py:388} INFO - Price of 1569089 - VASOSANITARIODELOUCA: R$ 193,73
[2022-09-26T18:08:11.827+0000] {tasks.py:327} INFO - Printing information
[2022-09-26T18:08:15.960+0000] {tasks.py:388} INFO - Price of 1569080 - TUBODEPVCPARAESGOTO: R$ 261,65
[2022-09-26T18:08:15.960+0000] {tasks.py:327} INFO - Printing information
[2022-09-26T18:08:19.845+0000] {tasks.py:388} INFO - Price of 1567780 - CURVAEMPVCRIGIDO90PARAESGOTO: R$ 9,77
[2022-09-26T18:08:19.846+0000] {tasks.py:327} INFO - Printing information
[2022-09-26T18:08:24.392+0000] {tasks.py:388} INFO - Price of 1567747 - LUVASIMPLES: R$ 8,83
[2022-09-26T18:08:24.392+0000] {tasks.py:327} INFO - Printing information
[2022-09-26T18:08:28.472+0000] {tasks.py:388} INFO - Price of 1569078 - CONJUNTODETOMADA: R$ 7,17
[2022-09-26T18:08:28.472+0000] {tasks.py:327} INFO - Printing information
[2022-09-26T18:08:46.748+0000] {tasks.py:388} INFO - Price of 1554271 - TORNEIRADEBOIA: R$ 14,92
[2022-09-26T18:08:46.749+0000] {tasks.py:327} INFO - Printing information
[2022-09-26T18:08:50.801+0000] {tasks.py:388} INFO - Price of 1569076 - CONJUNTODETOMADA: R$ 24,02
[2022-09-26T18:08:50.802+0000] {tasks.py:327} INFO - Printing information
[2022-09-26T18:08:54.728+0000] {tasks.py:388} INFO - Price of 1567811 - ESMERILHADEIRAANGULAR: R$ 1.092,53
[2022-09-26T18:08:54.728+0000] {tasks.py:327} INFO - Printing information
[2022-09-26T18:08:58.648+0000] {tasks.py:388} INFO - Price of 1567819 - CURVAEMPVCRIGIDO90: R$ 53,58
[2022-09-26T18:08:58.649+0000] {tasks.py:327} INFO - Printing information
[2022-09-26T18:09:17.027+0000] {tasks.py:388} INFO - Price of 1567794 - AGUARRAZ: R$ 104,21
[2022-09-26T18:09:17.027+0000] {tasks.py:327} INFO - Printing information
[2022-09-26T18:09:21.202+0000] {tasks.py:388} INFO - Price of 1567758 - BUCHADEREDUCAO: R$ 10,68
[2022-09-26T18:09:21.202+0000] {tasks.py:327} INFO - Printing information
[2022-09-26T18:09:25.140+0000] {tasks.py:388} INFO - Price of 1569068 - CONJUNTODEINTERRUPTORPARALELO: R$ 18,21
[2022-09-26T18:09:25.141+0000] {tasks.py:327} INFO - Printing information
[2022-09-26T18:09:29.338+0000] {tasks.py:388} INFO - Price of 1567779 - CURVAEMPVCRIGIDO90PARAESGOTO: R$ 76,73
[2022-09-26T18:09:29.339+0000] {tasks.py:327} INFO - Printing information
[2022-09-26T18:09:33.458+0000] {tasks.py:388} INFO - Price of 1569061 - CAPROSCAVEL: R$ 3,10
[2022-09-26T18:09:33.458+0000] {tasks.py:327} INFO - Printing information
[2022-09-26T18:09:37.442+0000] {tasks.py:388} INFO - Price of 1569103 - TINTAESMALTESINTETICO: R$ 84,74
[2022-09-26T18:09:37.443+0000] {tasks.py:327} INFO - Printing information
[2022-09-26T18:09:41.492+0000] {tasks.py:388} INFO - Price of 1567821 - CURVAEMPVCRIGIDO90: R$ 15,14
[2022-09-26T18:09:41.492+0000] {tasks.py:327} INFO - Printing information
[2022-09-26T18:09:45.291+0000] {tasks.py:388} INFO - Price of 1567763 - JOELHO90SOLDAVEL: R$ 12,66
[2022-09-26T18:09:45.291+0000] {tasks.py:327} INFO - Printing information
[2022-09-26T18:09:49.406+0000] {tasks.py:388} INFO - Price of 1554272 - TUBODELIGACAODEPVC: R$ 54,76
[2022-09-26T18:09:49.407+0000] {tasks.py:327} INFO - Printing information
[2022-09-26T18:09:53.252+0000] {tasks.py:388} INFO - Price of 1554287 - FITAPARAVEDACAO: R$ 4,65
[2022-09-26T18:09:53.252+0000] {tasks.py:327} INFO - Printing information
[2022-09-26T18:09:57.221+0000] {tasks.py:388} INFO - Price of 1567756 - INTERRUPTORDEEMBUTIR: R$ 7,13
[2022-09-26T18:09:57.221+0000] {tasks.py:327} INFO - Printing information
[2022-09-26T18:10:08.357+0000] {tasks.py:391} INFO - Skipping element errors to: https://tudodemelhorparavoce.com.br/produto/1088-joelho-45%c2%ba-100mm-tigre
[2022-09-26T18:10:08.357+0000] {tasks.py:392} INFO - Error: Message: Unable to locate element: .col-sm-12.col-md-7.col-xs-7 > h3
Stacktrace:
WebDriverError@chrome://marionette/content/error.js:175:5
NoSuchElementError@chrome://marionette/content/error.js:387:5
element.find/</<@chrome://marionette/content/element.js:331:16

[2022-09-26T18:10:08.358+0000] {tasks.py:327} INFO - Printing information
[2022-09-26T18:10:12.365+0000] {tasks.py:388} INFO - Price of 1567814 - JUNCAOSIMPLESDEPVCRIGIDO45: R$ 12,93
[2022-09-26T18:10:12.366+0000] {tasks.py:327} INFO - Printing information
[2022-09-26T18:10:16.337+0000] {tasks.py:388} INFO - Price of 1569067 - TEDEINSPECAO: R$ 53,86
[2022-09-26T18:10:16.337+0000] {tasks.py:327} INFO - Printing information
[2022-09-26T18:10:20.570+0000] {tasks.py:388} INFO - Price of 1567754 - LUVADEREDUCAO: R$ 9,77
[2022-09-26T18:10:20.571+0000] {tasks.py:327} INFO - Printing information
[2022-09-26T18:10:24.503+0000] {tasks.py:388} INFO - Price of 1567788 - DISJUNTORTRIPOLAR: R$ 84,56
[2022-09-26T18:10:24.504+0000] {tasks.py:327} INFO - Printing information
[2022-09-26T18:10:28.550+0000] {tasks.py:388} INFO - Price of 1567808 - CIMENTOBRANCO: R$ 3,35
[2022-09-26T18:10:28.550+0000] {tasks.py:327} INFO - Printing information
[2022-09-26T18:10:32.530+0000] {tasks.py:388} INFO - Price of 1567768 - JOELHOEMPVCRIGIDO90deg: R$ 3,81
[2022-09-26T18:10:32.531+0000] {tasks.py:327} INFO - Printing information
[2022-09-26T18:10:37.331+0000] {tasks.py:388} INFO - Price of 1567759 - BUCHADEREDUCAO: R$ 0,95
[2022-09-26T18:10:37.331+0000] {tasks.py:327} INFO - Printing information
[2022-09-26T18:10:41.446+0000] {tasks.py:388} INFO - Price of 1554263 - SIFAOPARALAVATORIOEMPVC: R$ 53,48
[2022-09-26T18:10:41.447+0000] {tasks.py:327} INFO - Printing information
[2022-09-26T18:10:45.396+0000] {tasks.py:388} INFO - Price of 1567760 - BUCHADEREDUCAO: R$ 8,98
[2022-09-26T18:10:45.396+0000] {tasks.py:327} INFO - Printing information
[2022-09-26T18:10:49.382+0000] {tasks.py:388} INFO - Price of 1569111 - FITAVEDAROSCA: R$ 4,65
[2022-09-26T18:10:49.383+0000] {tasks.py:327} INFO - Printing information
[2022-09-26T18:10:53.392+0000] {tasks.py:388} INFO - Price of 1567767 - JOELHODEREDUCAO90: R$ 7,21
[2022-09-26T18:10:53.393+0000] {tasks.py:327} INFO - Printing information
[2022-09-26T18:10:57.188+0000] {tasks.py:388} INFO - Price of 1554269 - TOMADAHEXAGONAL: R$ 28,06
[2022-09-26T18:10:57.188+0000] {tasks.py:327} INFO - Printing information
[2022-09-26T18:11:01.323+0000] {tasks.py:388} INFO - Price of 1554283 - ADESIVOPLASTICOPARAPVC: R$ 11,05
[2022-09-26T18:11:01.323+0000] {tasks.py:327} INFO - Printing information
[2022-09-26T18:11:05.723+0000] {tasks.py:388} INFO - Price of 1567783 - LUVADEREDUCAOEMPVCSOLDAVEL: R$ 2,82
[2022-09-26T18:11:05.724+0000] {tasks.py:327} INFO - Printing information
[2022-09-26T18:11:09.125+0000] {tasks.py:388} INFO - Price of 1569059 - ADAPTADORSOLDAVELCURTO: R$ 17,55
[2022-09-26T18:11:09.126+0000] {tasks.py:327} INFO - Printing information
[2022-09-26T18:11:12.958+0000] {tasks.py:388} INFO - Price of 1554290 - SABONETEIRAEMMETAL: R$ 24,82
[2022-09-26T18:11:12.958+0000] {tasks.py:327} INFO - Printing information
[2022-09-26T18:11:16.505+0000] {tasks.py:388} INFO - Price of 1569098 - TINTAESMALTESINTETICO: R$ 84,74
[2022-09-26T18:11:16.505+0000] {tasks.py:327} INFO - Printing information
[2022-09-26T18:11:20.412+0000] {tasks.py:388} INFO - Price of 1567752 - JOELHO90DEPVCPARAESGOTO: R$ 28,60
[2022-09-26T18:11:20.413+0000] {tasks.py:327} INFO - Printing information
[2022-09-26T18:11:23.878+0000] {tasks.py:388} INFO - Price of 1569046 - TESOLDAVEL: R$ 17,29
[2022-09-26T18:11:23.878+0000] {tasks.py:327} INFO - Printing information
[2022-09-26T18:11:27.739+0000] {tasks.py:388} INFO - Price of 1569109 - TEXTURAPARASUPERFICIEINTERNAEEXTERNA: R$ 110,77
[2022-09-26T18:11:27.740+0000] {tasks.py:327} INFO - Printing information
[2022-09-26T18:11:31.362+0000] {tasks.py:388} INFO - Price of 1554260 - ESPUDEDELIGACAO: R$ 3,83
[2022-09-26T18:11:31.363+0000] {tasks.py:327} INFO - Printing information
[2022-09-26T18:11:35.225+0000] {tasks.py:388} INFO - Price of 1567791 - DISJUNTORTRIPOLAR: R$ 69,90
[2022-09-26T18:11:35.226+0000] {tasks.py:327} INFO - Printing information
[2022-09-26T18:11:38.728+0000] {tasks.py:388} INFO - Price of 1567762 - JOELHO90SOLDAVEL: R$ 9,14
[2022-09-26T18:11:38.729+0000] {tasks.py:327} INFO - Printing information
[2022-09-26T18:11:42.526+0000] {tasks.py:388} INFO - Price of 1554266 - INTERRUPTOR1SECAO: R$ 4,69
[2022-09-26T18:11:42.527+0000] {tasks.py:327} INFO - Printing information
[2022-09-26T18:11:46.131+0000] {tasks.py:388} INFO - Price of 1554267 - INTERRUPTOR2SECCOES: R$ 12,43
[2022-09-26T18:11:46.132+0000] {tasks.py:327} INFO - Printing information
[2022-09-26T18:11:49.848+0000] {tasks.py:388} INFO - Price of 1559692 - PORTADEMADEIRALISA: R$ 341,20
[2022-09-26T18:11:49.849+0000] {tasks.py:327} INFO - Printing information
[2022-09-26T18:11:53.541+0000] {tasks.py:388} INFO - Price of 1557779 - CAIXADAGUADEPOLIETILENO: R$ 271,43
[2022-09-26T18:11:53.542+0000] {tasks.py:327} INFO - Printing information
[2022-09-26T18:11:56.962+0000] {tasks.py:388} INFO - Price of 1569081 - TUBODEPVCPARAESGOTO: R$ 482,44
[2022-09-26T18:11:56.962+0000] {tasks.py:327} INFO - Printing information
[2022-09-26T18:12:00.899+0000] {tasks.py:388} INFO - Price of 1567805 - CURVA90LONGAESG: R$ 18,02
[2022-09-26T18:12:00.900+0000] {tasks.py:327} INFO - Printing information
[2022-09-26T18:12:04.613+0000] {tasks.py:388} INFO - Price of 1569093 - CAIXADAGUADEPOLIETILENOREDONDA: R$ 463,17
[2022-09-26T18:12:04.614+0000] {tasks.py:327} INFO - Printing information
[2022-09-26T18:12:08.472+0000] {tasks.py:388} INFO - Price of 1569066 - REDUCAOEXCENTRICADEPVC: R$ 13,69
[2022-09-26T18:12:08.472+0000] {tasks.py:327} INFO - Printing information
[2022-09-26T18:12:12.643+0000] {tasks.py:388} INFO - Price of 1567792 - ADESIVOPARATUBODEPVC: R$ 11,05
[2022-09-26T18:12:12.644+0000] {tasks.py:327} INFO - Printing information
[2022-09-26T18:12:21.968+0000] {tasks.py:388} INFO - Price of 1567801 - JOELHO90SOLDAVEL: R$ 2,92
[2022-09-26T18:12:21.968+0000] {tasks.py:327} INFO - Printing information
[2022-09-26T18:12:25.349+0000] {tasks.py:388} INFO - Price of 1567789 - ANELDEVEDACAOPARAVASOSANITARIO: R$ 14,24
[2022-09-26T18:12:25.350+0000] {tasks.py:327} INFO - Printing information
[2022-09-26T18:12:29.061+0000] {tasks.py:388} INFO - Price of 1569057 - VALVULADEESCOAMENTOINOX: R$ 54,78
[2022-09-26T18:12:29.061+0000] {tasks.py:327} INFO - Printing information
[2022-09-26T18:12:32.644+0000] {tasks.py:388} INFO - Price of 1567764 - LUVADEREDUCAOEMPVCRIGIDO: R$ 2,39
[2022-09-26T18:12:32.645+0000] {tasks.py:327} INFO - Printing information
[2022-09-26T18:12:36.561+0000] {tasks.py:388} INFO - Price of 1569052 - TORNEIRAPARAJARDIM: R$ 77,70
[2022-09-26T18:12:36.562+0000] {tasks.py:327} INFO - Printing information
[2022-09-26T18:12:40.062+0000] {tasks.py:388} INFO - Price of 1567800 - CONEXAOBUCHADEREDUCAOSOLDAVEL: R$ 25,94
[2022-09-26T18:12:40.062+0000] {tasks.py:327} INFO - Printing information
[2022-09-26T18:12:43.729+0000] {tasks.py:391} INFO - Skipping element errors to: https://tudodemelhorparavoce.com.br/produto/1336-sifao-50-plastico-branco-atlas
[2022-09-26T18:12:43.730+0000] {tasks.py:392} INFO - Error: Message: Unable to locate element: .col-sm-12.col-md-7.col-xs-7 > h3
Stacktrace:
WebDriverError@chrome://marionette/content/error.js:175:5
NoSuchElementError@chrome://marionette/content/error.js:387:5
element.find/</<@chrome://marionette/content/element.js:331:16

[2022-09-26T18:12:43.730+0000] {tasks.py:327} INFO - Printing information
[2022-09-26T18:12:47.801+0000] {tasks.py:388} INFO - Price of 1554288 - KITDEFERRAGENSPARAMICTORIO: R$ 86,49
[2022-09-26T18:12:47.801+0000] {tasks.py:327} INFO - Printing information
[2022-09-26T18:12:51.585+0000] {tasks.py:388} INFO - Price of 1567810 - JUNCAOSIMPLESDEPVCRIGIDO45: R$ 24,53
[2022-09-26T18:12:51.585+0000] {tasks.py:327} INFO - Printing information
[2022-09-26T18:12:54.983+0000] {tasks.py:391} INFO - Skipping element errors to: https://tudodemelhorparavoce.com.br/produto/2627-barra-imperatriz-3140-aluminio-40cm
[2022-09-26T18:12:54.984+0000] {tasks.py:392} INFO - Error: Message: Unable to locate element: .col-sm-12.col-md-7.col-xs-7 > h3
Stacktrace:
WebDriverError@chrome://marionette/content/error.js:175:5
NoSuchElementError@chrome://marionette/content/error.js:387:5
element.find/</<@chrome://marionette/content/element.js:331:16

[2022-09-26T18:12:54.984+0000] {tasks.py:327} INFO - Printing information
[2022-09-26T18:12:58.768+0000] {tasks.py:388} INFO - Price of 1567748 - LUVASIMPLES: R$ 3,34
[2022-09-26T18:12:58.768+0000] {tasks.py:327} INFO - Printing information
[2022-09-26T18:13:02.265+0000] {tasks.py:388} INFO - Price of 1569102 - TINTAESMALTESINTETICO: R$ 84,74
[2022-09-26T18:13:02.266+0000] {tasks.py:327} INFO - Printing information
[2022-09-26T18:13:05.998+0000] {tasks.py:388} INFO - Price of 1567771 - JOELHO45DEPVCPARAESGOTO: R$ 10,73
[2022-09-26T18:13:05.999+0000] {tasks.py:327} INFO - Printing information
[2022-09-26T18:13:09.267+0000] {tasks.py:388} INFO - Price of 1569073 - PLACACEGA: R$ 8,16
[2022-09-26T18:13:09.267+0000] {tasks.py:327} INFO - Printing information
[2022-09-26T18:13:13.029+0000] {tasks.py:388} INFO - Price of 1567817 - ROLOPARAPINTURADELASINTETICA: R$ 19,11
[2022-09-26T18:13:13.029+0000] {tasks.py:327} INFO - Printing information
[2022-09-26T18:13:16.348+0000] {tasks.py:388} INFO - Price of 1567753 - LUVASOLDAVEL: R$ 8,25
[2022-09-26T18:13:16.348+0000] {tasks.py:327} INFO - Printing information
[2022-09-26T18:13:20.114+0000] {tasks.py:388} INFO - Price of 1554273 - VALVULAPARALAVATORIOEMPVC: R$ 6,48
[2022-09-26T18:13:20.115+0000] {tasks.py:327} INFO - Printing information
[2022-09-26T18:13:23.610+0000] {tasks.py:388} INFO - Price of 1567778 - FITAVEDAROSCA: R$ 18,40
[2022-09-26T18:13:23.610+0000] {tasks.py:327} INFO - Printing information
[2022-09-26T18:13:27.218+0000] {tasks.py:391} INFO - Skipping element errors to: https://tudodemelhorparavoce.com.br/produto/1902-tanque-1-peca-080x050-branco-fibromax
[2022-09-26T18:13:27.218+0000] {tasks.py:392} INFO - Error: Message: Unable to locate element: .col-sm-12.col-md-7.col-xs-7 > h3
Stacktrace:
WebDriverError@chrome://marionette/content/error.js:175:5
NoSuchElementError@chrome://marionette/content/error.js:387:5
element.find/</<@chrome://marionette/content/element.js:331:16

[2022-09-26T18:13:27.219+0000] {tasks.py:327} INFO - Printing information
[2022-09-26T18:13:33.059+0000] {tasks.py:388} INFO - Price of 1567749 - LUVASIMPLES: R$ 4,38
[2022-09-26T18:13:33.060+0000] {tasks.py:327} INFO - Printing information
[2022-09-26T18:13:37.174+0000] {tasks.py:388} INFO - Price of 1554262 - SIFAOFLEXIVELUNIVERSALEMPVC: R$ 56,16
[2022-09-26T18:13:37.174+0000] {tasks.py:327} INFO - Printing information
[2022-09-26T18:13:41.297+0000] {tasks.py:388} INFO - Price of 1554295 - LIGACAOFLEXIVELMETALICO: R$ 35,00
[2022-09-26T18:13:41.298+0000] {tasks.py:327} INFO - Printing information
[2022-09-26T18:13:44.804+0000] {tasks.py:388} INFO - Price of 1567829 - DISJUNTORMONOPOLAR: R$ 11,29
[2022-09-26T18:13:44.804+0000] {tasks.py:327} INFO - Printing information
[2022-09-26T18:13:48.600+0000] {tasks.py:388} INFO - Price of 1569107 - TINTAACRILICASEMIBRILHO: R$ 329,27
[2022-09-26T18:13:48.601+0000] {tasks.py:327} INFO - Printing information
[2022-09-26T18:13:52.137+0000] {tasks.py:388} INFO - Price of 1567809 - BUCHADEDEREDUCAOEMPVCPARAESGOTO: R$ 3,93
[2022-09-26T18:13:52.137+0000] {tasks.py:327} INFO - Printing information
[2022-09-26T18:13:56.062+0000] {tasks.py:388} INFO - Price of 1567806 - TINTAESMALTEBRILHANTE: R$ 164,31
[2022-09-26T18:13:56.063+0000] {tasks.py:327} INFO - Printing information
[2022-09-26T18:13:59.994+0000] {tasks.py:388} INFO - Price of 1569064 - NIPELDEPVCROSCAVEL: R$ 2,91
[2022-09-26T18:13:59.994+0000] {tasks.py:327} INFO - Printing information
[2022-09-26T18:14:03.914+0000] {tasks.py:388} INFO - Price of 1559691 - PORTADEMADEIRALISA: R$ 317,49
[2022-09-26T18:14:03.914+0000] {tasks.py:327} INFO - Printing information
[2022-09-26T18:14:07.329+0000] {tasks.py:388} INFO - Price of 1554261 - MICTORIODELOUCA: R$ 350,67
[2022-09-26T18:14:07.330+0000] {tasks.py:327} INFO - Printing information
[2022-09-26T18:14:11.284+0000] {tasks.py:391} INFO - Skipping element errors to: https://tudodemelhorparavoce.com.br/produto/179-massa-pva-15kg-caixa
[2022-09-26T18:14:11.285+0000] {tasks.py:392} INFO - Error: Message: Unable to locate element: .col-sm-12.col-md-7.col-xs-7 > h3
Stacktrace:
WebDriverError@chrome://marionette/content/error.js:175:5
NoSuchElementError@chrome://marionette/content/error.js:387:5
element.find/</<@chrome://marionette/content/element.js:331:16

[2022-09-26T18:14:11.285+0000] {tasks.py:327} INFO - Printing information
[2022-09-26T18:14:14.869+0000] {tasks.py:391} INFO - Skipping element errors to: https://tudodemelhorparavoce.com.br/produto/1085-joelho-45%c2%ba-40mm-tigre
[2022-09-26T18:14:14.870+0000] {tasks.py:392} INFO - Error: Message: Unable to locate element: .col-sm-12.col-md-7.col-xs-7 > h3
Stacktrace:
WebDriverError@chrome://marionette/content/error.js:175:5
NoSuchElementError@chrome://marionette/content/error.js:387:5
element.find/</<@chrome://marionette/content/element.js:331:16

[2022-09-26T18:14:14.870+0000] {tasks.py:327} INFO - Printing information
[2022-09-26T18:14:18.586+0000] {tasks.py:388} INFO - Price of 1554244 - CUBAEMINOX: R$ 131,48
[2022-09-26T18:14:18.587+0000] {tasks.py:327} INFO - Printing information
[2022-09-26T18:14:21.985+0000] {tasks.py:388} INFO - Price of 1559694 - PORTADEMADEIRALISA: R$ 239,76
[2022-09-26T18:14:21.986+0000] {tasks.py:327} INFO - Printing information
[2022-09-26T18:14:25.687+0000] {tasks.py:388} INFO - Price of 1554278 - TORNEIRADEMESAPARALAVATORIO: R$ 52,20
[2022-09-26T18:14:25.687+0000] {tasks.py:327} INFO - Printing information
[2022-09-26T18:14:29.458+0000] {tasks.py:388} INFO - Price of 1567765 - JOELHOEMPVCRIGIDO45deg: R$ 4,98
[2022-09-26T18:14:29.459+0000] {tasks.py:327} INFO - Printing information
[2022-09-26T18:14:33.137+0000] {tasks.py:388} INFO - Price of 1569105 - TINTAACRILICASEMIBRILHO: R$ 329,27
[2022-09-26T18:14:33.138+0000] {tasks.py:327} INFO - Printing information
[2022-09-26T18:14:37.088+0000] {tasks.py:388} INFO - Price of 1567812 - JUNCAOSIMPLESDEPVCRIGIDO45: R$ 30,99
[2022-09-26T18:14:37.089+0000] {tasks.py:327} INFO - Printing information
[2022-09-26T18:14:40.482+0000] {tasks.py:388} INFO - Price of 1554294 - TANQUEMARMOREGRANITOSINTETICO: R$ 420,10
[2022-09-26T18:14:40.482+0000] {tasks.py:327} INFO - Printing information
[2022-09-26T18:14:44.011+0000] {tasks.py:388} INFO - Price of 1554246 - CUBAEMINOX: R$ 263,66
[2022-09-26T18:14:44.012+0000] {tasks.py:327} INFO - Printing information
[2022-09-26T18:14:47.834+0000] {tasks.py:388} INFO - Price of 1569077 - CONJUNTODETOMADA: R$ 30,39
[2022-09-26T18:14:47.835+0000] {tasks.py:327} INFO - Printing information
[2022-09-26T18:14:51.295+0000] {tasks.py:391} INFO - Skipping element errors to: https://tudodemelhorparavoce.com.br/produto/2638-valvula-1623-ppia-amer-312-cromada
[2022-09-26T18:14:51.296+0000] {tasks.py:392} INFO - Error: Message: Unable to locate element: .col-sm-12.col-md-7.col-xs-7 > h3
Stacktrace:
WebDriverError@chrome://marionette/content/error.js:175:5
NoSuchElementError@chrome://marionette/content/error.js:387:5
element.find/</<@chrome://marionette/content/element.js:331:16

[2022-09-26T18:14:51.296+0000] {tasks.py:327} INFO - Printing information
[2022-09-26T18:14:55.050+0000] {tasks.py:391} INFO - Skipping element errors to: https://tudodemelhorparavoce.com.br/produto/2014-argamassa-ac3-flexivel-cz-20kg
[2022-09-26T18:14:55.051+0000] {tasks.py:392} INFO - Error: Message: Unable to locate element: .col-sm-12.col-md-7.col-xs-7 > h3
Stacktrace:
WebDriverError@chrome://marionette/content/error.js:175:5
NoSuchElementError@chrome://marionette/content/error.js:387:5
element.find/</<@chrome://marionette/content/element.js:331:16

[2022-09-26T18:14:55.051+0000] {tasks.py:327} INFO - Printing information
[2022-09-26T18:14:58.868+0000] {tasks.py:388} INFO - Price of 1554265 - SIFAOMETALICOPARAPIA: R$ 56,16
[2022-09-26T18:14:58.869+0000] {tasks.py:327} INFO - Printing information
[2022-09-26T18:15:02.393+0000] {tasks.py:388} INFO - Price of 1569330 - ARAMEGALVANIZADO: R$ 17,05
[2022-09-26T18:15:02.394+0000] {tasks.py:327} INFO - Printing information
[2022-09-26T18:15:06.518+0000] {tasks.py:388} INFO - Price of 1567787 - TELHADEFIBROCIMENTO: R$ 128,40
[2022-09-26T18:15:06.519+0000] {tasks.py:327} INFO - Printing information
[2022-09-26T18:15:09.965+0000] {tasks.py:388} INFO - Price of 1554277 - TORNEIRADEMESAPARALAVATORIO: R$ 241,01
[2022-09-26T18:15:09.966+0000] {tasks.py:327} INFO - Printing information
[2022-09-26T18:15:13.697+0000] {tasks.py:388} INFO - Price of 1569090 - CUBAEMACOINOX304: R$ 213,19
[2022-09-26T18:15:13.697+0000] {tasks.py:327} INFO - Printing information
[2022-09-26T18:15:17.256+0000] {tasks.py:388} INFO - Price of 1554245 - CUBAEMINOX: R$ 112,49
[2022-09-26T18:15:17.256+0000] {tasks.py:327} INFO - Printing information
[2022-09-26T18:15:21.121+0000] {tasks.py:388} INFO - Price of 1567772 - LUVADEREDUCAOEMPVCRIGIDO: R$ 5,00
[2022-09-26T18:15:21.122+0000] {tasks.py:327} INFO - Printing information
[2022-09-26T18:15:24.571+0000] {tasks.py:388} INFO - Price of 1567796 - INTERRUPTORDEEMBUTIR: R$ 7,06
[2022-09-26T18:15:24.572+0000] {tasks.py:327} INFO - Printing information
[2022-09-26T18:15:28.467+0000] {tasks.py:388} INFO - Price of 1567775 - CURVAEMPVCRIGIDO90PARAESGOTO: R$ 6,59
[2022-09-26T18:15:28.467+0000] {tasks.py:327} INFO - Printing information
[2022-09-26T18:15:33.427+0000] {tasks.py:388} INFO - Price of 1567790 - CUMEEIRANORMALDEFIBROCIMENTOPARATELHA: R$ 50,78
[2022-09-26T18:15:33.428+0000] {tasks.py:327} INFO - Printing information
[2022-09-26T18:15:37.229+0000] {tasks.py:388} INFO - Price of 1569087 - VASOSANITARIOCONVENCIONAL: R$ 349,22
[2022-09-26T18:15:37.229+0000] {tasks.py:327} INFO - Printing information
[2022-09-26T18:15:40.885+0000] {tasks.py:388} INFO - Price of 1567807 - MICTORIOEMLOUCA: R$ 350,67
[2022-09-26T18:15:40.886+0000] {tasks.py:327} INFO - Printing information
[2022-09-26T18:15:44.287+0000] {tasks.py:388} INFO - Price of 1569092 - GRELHAEMACOINOX: R$ 112,69
[2022-09-26T18:15:44.287+0000] {tasks.py:327} INFO - Printing information
[2022-09-26T18:15:48.153+0000] {tasks.py:388} INFO - Price of 1554275 - VALVULADEDESCARGAPARAMICTORIO: R$ 361,55
[2022-09-26T18:15:48.153+0000] {tasks.py:327} INFO - Printing information
[2022-09-26T18:15:51.610+0000] {tasks.py:388} INFO - Price of 1569050 - REGISTRODEGAVETABRUTO: R$ 91,12
[2022-09-26T18:15:51.610+0000] {tasks.py:327} INFO - Printing information
[2022-09-26T18:15:55.438+0000] {tasks.py:388} INFO - Price of 1569096 - TINTAESMALTESINTETICO: R$ 84,74
[2022-09-26T18:15:55.439+0000] {tasks.py:327} INFO - Printing information
[2022-09-26T18:15:58.842+0000] {tasks.py:388} INFO - Price of 1569099 - TINTAESMALTESINTETICO: R$ 84,74
[2022-09-26T18:15:58.843+0000] {tasks.py:327} INFO - Printing information
[2022-09-26T18:16:02.388+0000] {tasks.py:388} INFO - Price of 1557780 - TELHADEFIBROCIMENTO: R$ 21,64
[2022-09-26T18:16:02.389+0000] {tasks.py:327} INFO - Printing information
[2022-09-26T18:16:06.339+0000] {tasks.py:388} INFO - Price of 1554258 - CHUVEIROELETRICOEMPVC: R$ 51,54
[2022-09-26T18:16:06.339+0000] {tasks.py:327} INFO - Printing information
[2022-09-26T18:16:09.745+0000] {tasks.py:388} INFO - Price of 1567774 - JOELHO90DEPVCPARAESGOTO: R$ 10,95
[2022-09-26T18:16:09.746+0000] {tasks.py:327} INFO - Printing information
[2022-09-26T18:16:13.530+0000] {tasks.py:388} INFO - Price of 1569060 - CAPEMPVCPARAESGOTO: R$ 12,71
[2022-09-26T18:16:13.530+0000] {tasks.py:327} INFO - Printing information
[2022-09-26T18:16:17.675+0000] {tasks.py:388} INFO - Price of 1554280 - TORNEIRADEMESAPARAPIA: R$ 131,80
[2022-09-26T18:16:17.676+0000] {tasks.py:327} INFO - Printing information
[2022-09-26T18:16:21.427+0000] {tasks.py:388} INFO - Price of 1569069 - CONJUNTODEINTERRUPTORPARALELO: R$ 14,54
[2022-09-26T18:16:21.427+0000] {tasks.py:327} INFO - Printing information
[2022-09-26T18:16:24.852+0000] {tasks.py:388} INFO - Price of 1567825 - TOMADAPARATELEFONE: R$ 7,29
[2022-09-26T18:16:24.853+0000] {tasks.py:327} INFO - Printing information
[2022-09-26T18:16:28.682+0000] {tasks.py:388} INFO - Price of 1567798 - CONEXAOBUCHADEREDUCAODEPVCSOLDAVEL: R$ 15,96
[2022-09-26T18:16:28.682+0000] {tasks.py:327} INFO - Printing information
[2022-09-26T18:16:32.123+0000] {tasks.py:388} INFO - Price of 1569110 - FITAVEDAROSCA: R$ 9,34
[2022-09-26T18:16:32.124+0000] {tasks.py:327} INFO - Printing information
[2022-09-26T18:16:35.936+0000] {tasks.py:388} INFO - Price of 1569101 - TINTAESMALTESINTETICO: R$ 84,74
[2022-09-26T18:16:35.936+0000] {tasks.py:327} INFO - Printing information
[2022-09-26T18:16:39.524+0000] {tasks.py:388} INFO - Price of 1554270 - TOMADALOGICA: R$ 13,98
[2022-09-26T18:16:39.525+0000] {tasks.py:327} INFO - Printing information
[2022-09-26T18:16:43.293+0000] {tasks.py:388} INFO - Price of 1567786 - MASSAPARAPAREDEPVA: R$ 39,71
[2022-09-26T18:16:43.293+0000] {tasks.py:327} INFO - Printing information
[2022-09-26T18:16:46.916+0000] {tasks.py:388} INFO - Price of 1567785 - LIXAPARAPAREDE: R$ 1,51
[2022-09-26T18:16:46.916+0000] {tasks.py:327} INFO - Printing information
[2022-09-26T18:16:50.747+0000] {tasks.py:388} INFO - Price of 1554285 - ASSENTOEMPOLIPROPILENOEINJETADODEALTADURABILIDADE: R$ 223,20
[2022-09-26T18:16:50.747+0000] {tasks.py:327} INFO - Printing information
[2022-09-26T18:16:54.322+0000] {tasks.py:388} INFO - Price of 1569063 - LUVASOLDAVEL: R$ 3,28
[2022-09-26T18:16:54.323+0000] {tasks.py:327} INFO - Printing information
[2022-09-26T18:16:54.409+0000] {tasks.py:415} INFO - Saved screenshots and prices
[2022-09-26T18:16:54.409+0000] {tasks.py:249} INFO - Test not passed
[2022-09-26T18:16:54.409+0000] {tasks.py:251} INFO - Difference of 16 prices
[2022-09-26T18:16:54.417+0000] {tasks.py:272} INFO - Requested prices: 181
[2022-09-26T18:16:54.418+0000] {tasks.py:273} INFO - Scraped prices: 165
[2022-09-26T18:16:54.418+0000] {tasks.py:274} INFO - Day of the scraping: 26/09/2022
[2022-09-26T18:16:54.457+0000] {python.py:177} INFO - Done. Returned value was: None
[2022-09-26T18:16:54.471+0000] {taskinstance.py:1406} INFO - Marking task as SUCCESS. dag_id=tudo_melhor, task_id=colector, execution_date=20220926T165629, start_date=20220926T180412, end_date=20220926T181654
[2022-09-26T18:16:54.504+0000] {local_task_job.py:164} INFO - Task exited with return code 0
[2022-09-26T18:16:54.526+0000] {local_task_job.py:273} INFO - 1 downstream tasks scheduled from follow-on schedule check
