[2022-09-26T20:36:50.617+0000] {taskinstance.py:1165} INFO - Dependencies all met for <TaskInstance: tudo_melhor.colector manual__2022-09-26T16:56:29.503852+00:00 [queued]>
[2022-09-26T20:36:50.629+0000] {taskinstance.py:1165} INFO - Dependencies all met for <TaskInstance: tudo_melhor.colector manual__2022-09-26T16:56:29.503852+00:00 [queued]>
[2022-09-26T20:36:50.629+0000] {taskinstance.py:1362} INFO - 
--------------------------------------------------------------------------------
[2022-09-26T20:36:50.629+0000] {taskinstance.py:1363} INFO - Starting attempt 8 of 8
[2022-09-26T20:36:50.630+0000] {taskinstance.py:1364} INFO - 
--------------------------------------------------------------------------------
[2022-09-26T20:36:50.642+0000] {taskinstance.py:1383} INFO - Executing <Task(PythonOperator): colector> on 2022-09-26 16:56:29.503852+00:00
[2022-09-26T20:36:50.646+0000] {standard_task_runner.py:54} INFO - Started process 3885 to run task
[2022-09-26T20:36:50.648+0000] {standard_task_runner.py:82} INFO - Running: ['***', 'tasks', 'run', 'tudo_melhor', 'colector', 'manual__2022-09-26T16:56:29.503852+00:00', '--job-id', '272', '--raw', '--subdir', 'DAGS_FOLDER/dag.py', '--cfg-path', '/tmp/tmp6t731j3s']
[2022-09-26T20:36:50.648+0000] {standard_task_runner.py:83} INFO - Job 272: Subtask colector
[2022-09-26T20:36:50.650+0000] {dagbag.py:525} INFO - Filling up the DagBag from /opt/***/dags/dag.py
[2022-09-26T20:36:51.461+0000] {task_command.py:384} INFO - Running <TaskInstance: tudo_melhor.colector manual__2022-09-26T16:56:29.503852+00:00 [running]> on host 230d0404a0b6
[2022-09-26T20:36:51.530+0000] {taskinstance.py:1592} INFO - Exporting the following env vars:
AIRFLOW_CTX_DAG_OWNER=***
AIRFLOW_CTX_DAG_ID=tudo_melhor
AIRFLOW_CTX_TASK_ID=colector
AIRFLOW_CTX_EXECUTION_DATE=2022-09-26T16:56:29.503852+00:00
AIRFLOW_CTX_TRY_NUMBER=8
AIRFLOW_CTX_DAG_RUN_ID=manual__2022-09-26T16:56:29.503852+00:00
[2022-09-26T20:36:51.531+0000] {tasks.py:42} INFO - Defining DEC to export information
[2022-09-26T20:36:51.537+0000] {tasks.py:359} INFO - Reading prep dataframe
[2022-09-26T20:36:51.553+0000] {tasks.py:150} INFO - Instantiating the Browser with the requested settings
[2022-09-26T20:36:55.264+0000] {tasks.py:166} INFO - Browser configured
[2022-09-26T20:36:55.264+0000] {tasks.py:289} INFO - Removing nan URL values
[2022-09-26T20:36:55.265+0000] {tasks.py:290} INFO - Requested prices before: 181
[2022-09-26T20:36:55.269+0000] {tasks.py:295} INFO - Requested prices after: 176
[2022-09-26T20:37:01.394+0000] {tasks.py:389} INFO - Price of 1567793 - DISJUNTORMONOPOLAR: R$ 14,22
[2022-09-26T20:37:01.394+0000] {tasks.py:328} INFO - Printing information
[2022-09-26T20:37:05.040+0000] {tasks.py:389} INFO - Price of 1569051 - TORNEIRAPARAJARDIM: R$ 89,95
[2022-09-26T20:37:05.040+0000] {tasks.py:328} INFO - Printing information
[2022-09-26T20:37:08.907+0000] {tasks.py:389} INFO - Price of 1567776 - JOELHO90DEPVCPARAESGOTO: R$ 9,14
[2022-09-26T20:37:08.908+0000] {tasks.py:328} INFO - Printing information
[2022-09-26T20:37:12.424+0000] {tasks.py:389} INFO - Price of 1567797 - BUCHADEREDUCAOSOLDAVELEMPVC: R$ 19,88
[2022-09-26T20:37:12.424+0000] {tasks.py:328} INFO - Printing information
[2022-09-26T20:37:16.188+0000] {tasks.py:389} INFO - Price of 1567781 - CONEXAOJUNCAODEPVCPARAESGOTOPREDIALSIMPLES: R$ 31,56
[2022-09-26T20:37:16.188+0000] {tasks.py:328} INFO - Printing information
[2022-09-26T20:37:20.040+0000] {tasks.py:389} INFO - Price of 1567746 - CAIXADAGUADEPOLIETILENO: R$ 271,43
[2022-09-26T20:37:20.041+0000] {tasks.py:328} INFO - Printing information
[2022-09-26T20:37:23.925+0000] {tasks.py:389} INFO - Price of 1567815 - JUNCAOSIMPLESDEPVCRIGIDO45: R$ 17,63
[2022-09-26T20:37:23.925+0000] {tasks.py:328} INFO - Printing information
[2022-09-26T20:37:27.949+0000] {tasks.py:389} INFO - Price of 1559693 - PORTADEMADEIRALISA: R$ 239,76
[2022-09-26T20:37:27.950+0000] {tasks.py:328} INFO - Printing information
[2022-09-26T20:37:32.090+0000] {tasks.py:389} INFO - Price of 1554293 - TANQUEMARMOREGRANITOSINTETICO: R$ 265,82
[2022-09-26T20:37:32.090+0000] {tasks.py:328} INFO - Printing information
[2022-09-26T20:37:35.848+0000] {tasks.py:389} INFO - Price of 1567813 - JUNCAOSIMPLESDEPVCRIGIDO45: R$ 23,43
[2022-09-26T20:37:35.849+0000] {tasks.py:328} INFO - Printing information
[2022-09-26T20:37:39.280+0000] {tasks.py:389} INFO - Price of 1569074 - PLACACEGA: R$ 3,82
[2022-09-26T20:37:39.281+0000] {tasks.py:328} INFO - Printing information
[2022-09-26T20:37:42.273+0000] {local_task_job.py:228} WARNING - State of this instance has been externally set to failed. Terminating instance.
[2022-09-26T20:37:42.281+0000] {process_utils.py:133} INFO - Sending Signals.SIGTERM to group 3885. PIDs of all processes in the group: [3885]
[2022-09-26T20:37:42.282+0000] {process_utils.py:84} INFO - Sending the signal Signals.SIGTERM to group 3885
[2022-09-26T20:37:42.282+0000] {taskinstance.py:1562} ERROR - Received SIGTERM. Terminating subprocesses.
[2022-09-26T20:37:42.284+0000] {tasks.py:392} INFO - Skipping element errors to: https://tudodemelhorparavoce.com.br/produto/1092-joelho-90%c2%ba-50mm-tigre
[2022-09-26T20:37:42.284+0000] {tasks.py:393} INFO - Error: Task received SIGTERM signal
[2022-09-26T20:37:42.285+0000] {tasks.py:328} INFO - Printing information
[2022-09-26T20:37:46.028+0000] {tasks.py:389} INFO - Price of 1569065 - PLUGEMPVC: R$ 1,51
[2022-09-26T20:37:46.029+0000] {tasks.py:328} INFO - Printing information
[2022-09-26T20:37:49.739+0000] {tasks.py:389} INFO - Price of 1554291 - CIMENTOBRANCO: R$ 3,35
[2022-09-26T20:37:49.740+0000] {tasks.py:328} INFO - Printing information
[2022-09-26T20:37:53.124+0000] {tasks.py:389} INFO - Price of 1569104 - TINTAACRILICASEMIBRILHO: R$ 329,27
[2022-09-26T20:37:53.124+0000] {tasks.py:328} INFO - Printing information
[2022-09-26T20:37:56.817+0000] {tasks.py:389} INFO - Price of 1567755 - INTERRUPTORDEEMBUTIR: R$ 16,37
[2022-09-26T20:37:56.818+0000] {tasks.py:328} INFO - Printing information
[2022-09-26T20:38:00.371+0000] {tasks.py:389} INFO - Price of 1567777 - CURVAEMPVCRIGIDO90PARAESGOTO: R$ 31,56
[2022-09-26T20:38:00.372+0000] {tasks.py:328} INFO - Printing information
[2022-09-26T20:38:04.164+0000] {tasks.py:389} INFO - Price of 1567782 - LUVADEREDUCAOEMPVCSOLDAVEL: R$ 27,31
[2022-09-26T20:38:04.164+0000] {tasks.py:328} INFO - Printing information
[2022-09-26T20:38:07.609+0000] {tasks.py:389} INFO - Price of 1567757 - BUCHADEREDUCAOEMPVCSOLDAVEL: R$ 1,55
[2022-09-26T20:38:07.609+0000] {tasks.py:328} INFO - Printing information
[2022-09-26T20:38:11.321+0000] {tasks.py:389} INFO - Price of 1567826 - INTERRUPTORDEEMBUTIR: R$ 6,80
[2022-09-26T20:38:11.321+0000] {tasks.py:328} INFO - Printing information
[2022-09-26T20:38:14.677+0000] {tasks.py:389} INFO - Price of 1567799 - BUCHADEREDUCAOSOLDAVELEMPVC: R$ 6,67
[2022-09-26T20:38:14.677+0000] {tasks.py:328} INFO - Printing information
[2022-09-26T20:38:18.430+0000] {tasks.py:392} INFO - Skipping element errors to: https://tudodemelhorparavoce.com.br/produto/1602-vaso-sanitario-acesso-convencional-branco-incepa
[2022-09-26T20:38:18.431+0000] {tasks.py:393} INFO - Error: Message: Unable to locate element: .col-sm-12.col-md-7.col-xs-7 > h3
Stacktrace:
WebDriverError@chrome://marionette/content/error.js:175:5
NoSuchElementError@chrome://marionette/content/error.js:387:5
element.find/</<@chrome://marionette/content/element.js:331:16

[2022-09-26T20:38:18.431+0000] {tasks.py:328} INFO - Printing information
[2022-09-26T20:38:21.759+0000] {tasks.py:389} INFO - Price of 1567820 - CURVAEMPVCRIGIDO90: R$ 4,67
[2022-09-26T20:38:21.759+0000] {tasks.py:328} INFO - Printing information
[2022-09-26T20:38:25.562+0000] {tasks.py:389} INFO - Price of 1569049 - REGISTRODEGAVETABRUTO: R$ 40,65
[2022-09-26T20:38:25.563+0000] {tasks.py:328} INFO - Printing information
[2022-09-26T20:38:29.207+0000] {tasks.py:389} INFO - Price of 1569084 - COLABRANCA: R$ 32,25
[2022-09-26T20:38:29.208+0000] {tasks.py:328} INFO - Printing information
[2022-09-26T20:38:32.889+0000] {tasks.py:389} INFO - Price of 1554286 - CONJUNTODEFIXACAOPARAVASOSANITARIO: R$ 48,15
[2022-09-26T20:38:32.890+0000] {tasks.py:328} INFO - Printing information
[2022-09-26T20:38:36.309+0000] {tasks.py:389} INFO - Price of 1567803 - CURVA90CURTAESG: R$ 15,18
[2022-09-26T20:38:36.309+0000] {tasks.py:328} INFO - Printing information
[2022-09-26T20:38:40.001+0000] {tasks.py:389} INFO - Price of 1569106 - TINTAACRILICASEMIBRILHO: R$ 240,88
[2022-09-26T20:38:40.002+0000] {tasks.py:328} INFO - Printing information
[2022-09-26T20:38:42.312+0000] {process_utils.py:147} WARNING - process psutil.Process(pid=3885, name='airflow task ru', status='sleeping', started='20:36:50') did not respond to SIGTERM. Trying SIGKILL
[2022-09-26T20:38:42.315+0000] {process_utils.py:84} INFO - Sending the signal Signals.SIGKILL to group 3885
[2022-09-26T20:38:42.322+0000] {process_utils.py:79} INFO - Process psutil.Process(pid=3885, name='airflow task ru', status='terminated', exitcode=<Negsignal.SIGKILL: -9>, started='20:36:50') (3885) terminated with exit code Negsignal.SIGKILL
[2022-09-26T20:38:42.324+0000] {standard_task_runner.py:172} ERROR - Job 272 was killed before it finished (likely due to running out of memory)
