[2022-10-03T12:48:46.171+0000] {taskinstance.py:1165} INFO - Dependencies all met for <TaskInstance: eletrica_bsb.colector scheduled__2022-09-01T00:00:00+00:00 [queued]>
[2022-10-03T12:48:46.184+0000] {taskinstance.py:1165} INFO - Dependencies all met for <TaskInstance: eletrica_bsb.colector scheduled__2022-09-01T00:00:00+00:00 [queued]>
[2022-10-03T12:48:46.184+0000] {taskinstance.py:1362} INFO - 
--------------------------------------------------------------------------------
[2022-10-03T12:48:46.185+0000] {taskinstance.py:1363} INFO - Starting attempt 2 of 2
[2022-10-03T12:48:46.186+0000] {taskinstance.py:1364} INFO - 
--------------------------------------------------------------------------------
[2022-10-03T12:48:46.202+0000] {taskinstance.py:1383} INFO - Executing <Task(PythonOperator): colector> on 2022-09-01 00:00:00+00:00
[2022-10-03T12:48:46.207+0000] {standard_task_runner.py:54} INFO - Started process 913 to run task
[2022-10-03T12:48:46.209+0000] {standard_task_runner.py:82} INFO - Running: ['***', 'tasks', 'run', 'eletrica_bsb', 'colector', 'scheduled__2022-09-01T00:00:00+00:00', '--job-id', '389', '--raw', '--subdir', 'DAGS_FOLDER/dag.py', '--cfg-path', '/tmp/tmpu28k5z1o']
[2022-10-03T12:48:46.210+0000] {standard_task_runner.py:83} INFO - Job 389: Subtask colector
[2022-10-03T12:48:46.211+0000] {dagbag.py:525} INFO - Filling up the DagBag from /opt/***/dags/dag.py
[2022-10-03T12:48:46.910+0000] {task_command.py:384} INFO - Running <TaskInstance: eletrica_bsb.colector scheduled__2022-09-01T00:00:00+00:00 [running]> on host 9a36b0424536
[2022-10-03T12:48:47.062+0000] {taskinstance.py:1592} INFO - Exporting the following env vars:
AIRFLOW_CTX_DAG_OWNER=***
AIRFLOW_CTX_DAG_ID=eletrica_bsb
AIRFLOW_CTX_TASK_ID=colector
AIRFLOW_CTX_EXECUTION_DATE=2022-09-01T00:00:00+00:00
AIRFLOW_CTX_TRY_NUMBER=2
AIRFLOW_CTX_DAG_RUN_ID=scheduled__2022-09-01T00:00:00+00:00
[2022-10-03T12:48:47.065+0000] {tasks.py:39} INFO - Defining DEC to export information
[2022-10-03T12:48:47.077+0000] {tasks.py:353} INFO - Reading prep dataframe
[2022-10-03T12:48:47.102+0000] {tasks.py:146} INFO - Instantiating the Browser with the requested settings
[2022-10-03T12:48:50.556+0000] {tasks.py:160} INFO - Browser configured
[2022-10-03T12:48:50.556+0000] {tasks.py:283} INFO - Removing nan URL values
[2022-10-03T12:48:50.558+0000] {tasks.py:284} INFO - Requested prices before: 23
[2022-10-03T12:48:50.562+0000] {tasks.py:289} INFO - Requested prices after: 23
[2022-10-03T12:48:54.127+0000] {tasks.py:383} INFO - Price of 1574670 - CABODECOBRENU: R$54,89
[2022-10-03T12:48:54.128+0000] {tasks.py:322} INFO - Printing information
[2022-10-03T12:48:56.587+0000] {tasks.py:383} INFO - Price of 1574664 - DISJUNTORMONOPOLAR: R$16,06
[2022-10-03T12:48:56.587+0000] {tasks.py:322} INFO - Printing information
[2022-10-03T12:48:59.054+0000] {tasks.py:383} INFO - Price of 1574665 - DISJUNTORMONOPOLAR: R$16,06
[2022-10-03T12:48:59.055+0000] {tasks.py:322} INFO - Printing information
[2022-10-03T12:49:01.158+0000] {tasks.py:383} INFO - Price of 1574663 - TRANSFORMADORDEDISTRIBUICAOTRIFASICO: R$27.990,25
[2022-10-03T12:49:01.159+0000] {tasks.py:322} INFO - Printing information
[2022-10-03T12:49:03.764+0000] {tasks.py:383} INFO - Price of 1574669 - CABODECOBRENU: R$40,02
[2022-10-03T12:49:03.765+0000] {tasks.py:322} INFO - Printing information
[2022-10-03T12:49:06.012+0000] {tasks.py:383} INFO - Price of 1574660 - ELOFUSIVELDEDISTRIBUICAO: R$12,70
[2022-10-03T12:49:06.013+0000] {tasks.py:322} INFO - Printing information
[2022-10-03T12:49:08.294+0000] {tasks.py:383} INFO - Price of 1574671 - CABODECOBRENU: R$71,03
[2022-10-03T12:49:08.294+0000] {tasks.py:322} INFO - Printing information
[2022-10-03T12:49:10.293+0000] {tasks.py:386} INFO - Skipping element errors to: https://www.eletricabsb.com.br/item/cabo-cobre-unipolar-flexivel-25-mm2-azul-claro-hepr-061-kv-classe-5
[2022-10-03T12:49:10.297+0000] {tasks.py:387} INFO - Error: Message: Unable to locate element: .price-new.VariationProductPrice .PrecoPor > strong
Stacktrace:
RemoteError@chrome://remote/content/shared/RemoteError.jsm:12:1
WebDriverError@chrome://remote/content/shared/webdriver/Errors.jsm:192:5
NoSuchElementError@chrome://remote/content/shared/webdriver/Errors.jsm:404:5
element.find/</<@chrome://remote/content/marionette/element.js:291:16

[2022-10-03T12:49:10.298+0000] {tasks.py:322} INFO - Printing information
[2022-10-03T12:49:12.729+0000] {tasks.py:386} INFO - Skipping element errors to: https://www.eletricabsb.com.br/item/cabo-cobre-unipolar-flexivel-25-mm2-azul-claro-pvc-450750-v-classe-4
[2022-10-03T12:49:12.732+0000] {tasks.py:387} INFO - Error: Message: Unable to locate element: .price-new.VariationProductPrice .PrecoPor > strong
Stacktrace:
RemoteError@chrome://remote/content/shared/RemoteError.jsm:12:1
WebDriverError@chrome://remote/content/shared/webdriver/Errors.jsm:192:5
NoSuchElementError@chrome://remote/content/shared/webdriver/Errors.jsm:404:5
element.find/</<@chrome://remote/content/marionette/element.js:291:16

[2022-10-03T12:49:12.733+0000] {tasks.py:322} INFO - Printing information
[2022-10-03T12:49:14.455+0000] {tasks.py:386} INFO - Skipping element errors to: https://www.eletricabsb.com.br/item/cabo-cobre-unipolar-flexivel-6-mm2-azul-claro-pvc-450750-v-classe-4
[2022-10-03T12:49:14.456+0000] {tasks.py:387} INFO - Error: Message: Unable to locate element: .price-new.VariationProductPrice .PrecoPor > strong
Stacktrace:
RemoteError@chrome://remote/content/shared/RemoteError.jsm:12:1
WebDriverError@chrome://remote/content/shared/webdriver/Errors.jsm:192:5
NoSuchElementError@chrome://remote/content/shared/webdriver/Errors.jsm:404:5
element.find/</<@chrome://remote/content/marionette/element.js:291:16

[2022-10-03T12:49:14.456+0000] {tasks.py:322} INFO - Printing information
[2022-10-03T12:49:16.496+0000] {tasks.py:386} INFO - Skipping element errors to: https://www.eletricabsb.com.br/item/cabo-cobre-unipolar-flexivel-4-mm2-azul-claro-pvc-450750-v-classe-4
[2022-10-03T12:49:16.497+0000] {tasks.py:387} INFO - Error: Message: Unable to locate element: .price-new.VariationProductPrice .PrecoPor > strong
Stacktrace:
RemoteError@chrome://remote/content/shared/RemoteError.jsm:12:1
WebDriverError@chrome://remote/content/shared/webdriver/Errors.jsm:192:5
NoSuchElementError@chrome://remote/content/shared/webdriver/Errors.jsm:404:5
element.find/</<@chrome://remote/content/marionette/element.js:291:16

[2022-10-03T12:49:16.498+0000] {tasks.py:322} INFO - Printing information
[2022-10-03T12:49:19.189+0000] {tasks.py:383} INFO - Price of 1574661 - ELOFUSIVELDEDISTRIBUICAO: R$14,00
[2022-10-03T12:49:19.377+0000] {tasks.py:322} INFO - Printing information
[2022-10-03T12:49:22.020+0000] {tasks.py:386} INFO - Skipping element errors to: https://www.eletricabsb.com.br/item/cabo-cobre-unipolar-flexivel-10-mm2-preto-hepr-061-kv-classe-5
[2022-10-03T12:49:22.022+0000] {tasks.py:387} INFO - Error: Message: Unable to locate element: .price-new.VariationProductPrice .PrecoPor > strong
Stacktrace:
RemoteError@chrome://remote/content/shared/RemoteError.jsm:12:1
WebDriverError@chrome://remote/content/shared/webdriver/Errors.jsm:192:5
NoSuchElementError@chrome://remote/content/shared/webdriver/Errors.jsm:404:5
element.find/</<@chrome://remote/content/marionette/element.js:291:16

[2022-10-03T12:49:22.022+0000] {tasks.py:322} INFO - Printing information
[2022-10-03T12:49:24.443+0000] {tasks.py:383} INFO - Price of 1574672 - CABODECOBRENUPARAFINSELETRICOS: R$105,58
[2022-10-03T12:49:24.444+0000] {tasks.py:322} INFO - Printing information
[2022-10-03T12:49:26.217+0000] {tasks.py:386} INFO - Skipping element errors to: https://www.eletricabsb.com.br/item/cabo-cobre-unipolar-flexivel-70-mm2-preto-hepr-061-kv-classe-5
[2022-10-03T12:49:26.218+0000] {tasks.py:387} INFO - Error: Message: Unable to locate element: .price-new.VariationProductPrice .PrecoPor > strong
Stacktrace:
RemoteError@chrome://remote/content/shared/RemoteError.jsm:12:1
WebDriverError@chrome://remote/content/shared/webdriver/Errors.jsm:192:5
NoSuchElementError@chrome://remote/content/shared/webdriver/Errors.jsm:404:5
element.find/</<@chrome://remote/content/marionette/element.js:291:16

[2022-10-03T12:49:26.219+0000] {tasks.py:322} INFO - Printing information
[2022-10-03T12:49:28.562+0000] {tasks.py:383} INFO - Price of 1574666 - DISJUNTORTRIPOLAR: R$74,98
[2022-10-03T12:49:28.564+0000] {tasks.py:322} INFO - Printing information
[2022-10-03T12:49:30.373+0000] {tasks.py:386} INFO - Skipping element errors to: https://www.eletricabsb.com.br/item/cabo-cobre-unipolar-flexivel-50-mm2-preto-hepr-061-kv-classe-5
[2022-10-03T12:49:30.375+0000] {tasks.py:387} INFO - Error: Message: Unable to locate element: .price-new.VariationProductPrice .PrecoPor > strong
Stacktrace:
RemoteError@chrome://remote/content/shared/RemoteError.jsm:12:1
WebDriverError@chrome://remote/content/shared/webdriver/Errors.jsm:192:5
NoSuchElementError@chrome://remote/content/shared/webdriver/Errors.jsm:404:5
element.find/</<@chrome://remote/content/marionette/element.js:291:16

[2022-10-03T12:49:30.375+0000] {tasks.py:322} INFO - Printing information
[2022-10-03T12:49:32.674+0000] {tasks.py:383} INFO - Price of 1574667 - CABODECOBRENU: R$22,39
[2022-10-03T12:49:32.674+0000] {tasks.py:322} INFO - Printing information
[2022-10-03T12:49:34.701+0000] {tasks.py:386} INFO - Skipping element errors to: https://www.eletricabsb.com.br/item/cabo-cobre-unipolar-flexivel-16-mm2-preto-hepr-061-kv-classe-5
[2022-10-03T12:49:34.702+0000] {tasks.py:387} INFO - Error: Message: Unable to locate element: .price-new.VariationProductPrice .PrecoPor > strong
Stacktrace:
RemoteError@chrome://remote/content/shared/RemoteError.jsm:12:1
WebDriverError@chrome://remote/content/shared/webdriver/Errors.jsm:192:5
NoSuchElementError@chrome://remote/content/shared/webdriver/Errors.jsm:404:5
element.find/</<@chrome://remote/content/marionette/element.js:291:16

[2022-10-03T12:49:34.702+0000] {tasks.py:322} INFO - Printing information
[2022-10-03T12:49:37.531+0000] {tasks.py:383} INFO - Price of 1574668 - CABODECOBRENU: R$30,64
[2022-10-03T12:49:37.532+0000] {tasks.py:322} INFO - Printing information
[2022-10-03T12:49:41.422+0000] {tasks.py:383} INFO - Price of 1574662 - ELOFUSIVELDEDISTRIBUICAO: R$11,00
[2022-10-03T12:49:41.422+0000] {tasks.py:322} INFO - Printing information
[2022-10-03T12:49:43.659+0000] {tasks.py:386} INFO - Skipping element errors to: https://www.eletricabsb.com.br/item/cabo-cobre-unipolar-flexivel-35-mm2-azul-claro-hepr-061-kv-classe-5
[2022-10-03T12:49:43.659+0000] {tasks.py:387} INFO - Error: Message: Unable to locate element: .price-new.VariationProductPrice .PrecoPor > strong
Stacktrace:
RemoteError@chrome://remote/content/shared/RemoteError.jsm:12:1
WebDriverError@chrome://remote/content/shared/webdriver/Errors.jsm:192:5
NoSuchElementError@chrome://remote/content/shared/webdriver/Errors.jsm:404:5
element.find/</<@chrome://remote/content/marionette/element.js:291:16

[2022-10-03T12:49:43.660+0000] {tasks.py:322} INFO - Printing information
[2022-10-03T12:49:46.115+0000] {tasks.py:386} INFO - Skipping element errors to: https://www.eletricabsb.com.br/item/cabo-cobre-unipolar-flexivel-35-mm2-preto-pvc-450750-v-classe-5-maq-soldar
[2022-10-03T12:49:46.115+0000] {tasks.py:387} INFO - Error: Message: Unable to locate element: .price-new.VariationProductPrice .PrecoPor > strong
Stacktrace:
RemoteError@chrome://remote/content/shared/RemoteError.jsm:12:1
WebDriverError@chrome://remote/content/shared/webdriver/Errors.jsm:192:5
NoSuchElementError@chrome://remote/content/shared/webdriver/Errors.jsm:404:5
element.find/</<@chrome://remote/content/marionette/element.js:291:16

[2022-10-03T12:49:46.116+0000] {tasks.py:322} INFO - Printing information
[2022-10-03T12:49:46.236+0000] {tasks.py:410} INFO - Saved screenshots and prices
[2022-10-03T12:49:46.237+0000] {tasks.py:244} INFO - Test not passed
[2022-10-03T12:49:46.237+0000] {tasks.py:246} INFO - Difference of 10 prices
[2022-10-03T12:49:46.239+0000] {tasks.py:267} INFO - Requested prices: 23
[2022-10-03T12:49:46.240+0000] {tasks.py:268} INFO - Scraped prices: 13
[2022-10-03T12:49:46.241+0000] {tasks.py:269} INFO - Day of the scraping: 03/10/2022
[2022-10-03T12:49:46.256+0000] {python.py:177} INFO - Done. Returned value was: None
[2022-10-03T12:49:46.276+0000] {taskinstance.py:1406} INFO - Marking task as SUCCESS. dag_id=eletrica_bsb, task_id=colector, execution_date=20220901T000000, start_date=20221003T124846, end_date=20221003T124946
[2022-10-03T12:49:46.336+0000] {local_task_job.py:164} INFO - Task exited with return code 0
[2022-10-03T12:49:46.370+0000] {local_task_job.py:273} INFO - 1 downstream tasks scheduled from follow-on schedule check
