[2022-09-26T02:00:55.827+0000] {taskinstance.py:1165} INFO - Dependencies all met for <TaskInstance: encasa.prep manual__2022-09-26T01:58:51.913110+00:00 [queued]>
[2022-09-26T02:00:55.836+0000] {taskinstance.py:1165} INFO - Dependencies all met for <TaskInstance: encasa.prep manual__2022-09-26T01:58:51.913110+00:00 [queued]>
[2022-09-26T02:00:55.836+0000] {taskinstance.py:1362} INFO - 
--------------------------------------------------------------------------------
[2022-09-26T02:00:55.836+0000] {taskinstance.py:1363} INFO - Starting attempt 2 of 2
[2022-09-26T02:00:55.837+0000] {taskinstance.py:1364} INFO - 
--------------------------------------------------------------------------------
[2022-09-26T02:00:55.849+0000] {taskinstance.py:1383} INFO - Executing <Task(PythonOperator): prep> on 2022-09-26 01:58:51.913110+00:00
[2022-09-26T02:00:55.854+0000] {standard_task_runner.py:54} INFO - Started process 172 to run task
[2022-09-26T02:00:55.855+0000] {standard_task_runner.py:82} INFO - Running: ['***', 'tasks', 'run', 'encasa', 'prep', 'manual__2022-09-26T01:58:51.913110+00:00', '--job-id', '30', '--raw', '--subdir', 'DAGS_FOLDER/dag.py', '--cfg-path', '/tmp/tmpn1lw6bhc']
[2022-09-26T02:00:55.856+0000] {standard_task_runner.py:83} INFO - Job 30: Subtask prep
[2022-09-26T02:00:55.856+0000] {dagbag.py:525} INFO - Filling up the DagBag from /opt/***/dags/dag.py
[2022-09-26T02:00:56.275+0000] {task_command.py:384} INFO - Running <TaskInstance: encasa.prep manual__2022-09-26T01:58:51.913110+00:00 [running]> on host 8600278d5a66
[2022-09-26T02:00:56.329+0000] {taskinstance.py:1592} INFO - Exporting the following env vars:
AIRFLOW_CTX_DAG_OWNER=***
AIRFLOW_CTX_DAG_ID=encasa
AIRFLOW_CTX_TASK_ID=prep
AIRFLOW_CTX_EXECUTION_DATE=2022-09-26T01:58:51.913110+00:00
AIRFLOW_CTX_TRY_NUMBER=2
AIRFLOW_CTX_DAG_RUN_ID=manual__2022-09-26T01:58:51.913110+00:00
[2022-09-26T02:00:56.330+0000] {tasks.py:113} INFO - Reading the last request file for day 26/09/2022
[2022-09-26T02:00:56.672+0000] {tasks.py:92} INFO - Cleaning the column NM_INSUMO
[2022-09-26T02:00:56.916+0000] {tasks.py:132} INFO - Filtering for BP 93148 and period ['M20']
[2022-09-26T02:00:56.931+0000] {tasks.py:43} INFO - Defining DEC to export information
[2022-09-26T02:00:56.950+0000] {tasks.py:140} INFO - Saved prep dataframe in ./data_output/ENCASA/coleta_2022/coleta_setembro/coleta_3_dec/saida_2022_09_26
[2022-09-26T02:00:56.953+0000] {python.py:177} INFO - Done. Returned value was: None
[2022-09-26T02:00:56.967+0000] {taskinstance.py:1406} INFO - Marking task as SUCCESS. dag_id=encasa, task_id=prep, execution_date=20220926T015851, start_date=20220926T020055, end_date=20220926T020056
[2022-09-26T02:00:56.991+0000] {local_task_job.py:164} INFO - Task exited with return code 0
[2022-09-26T02:00:57.023+0000] {local_task_job.py:273} INFO - 1 downstream tasks scheduled from follow-on schedule check
