[2022-09-30T15:58:24.727+0000] {taskinstance.py:1165} INFO - Dependencies all met for <TaskInstance: encasa.prep manual__2022-09-26T01:58:51.913110+00:00 [queued]>
[2022-09-30T15:58:24.737+0000] {taskinstance.py:1165} INFO - Dependencies all met for <TaskInstance: encasa.prep manual__2022-09-26T01:58:51.913110+00:00 [queued]>
[2022-09-30T15:58:24.738+0000] {taskinstance.py:1362} INFO - 
--------------------------------------------------------------------------------
[2022-09-30T15:58:24.738+0000] {taskinstance.py:1363} INFO - Starting attempt 4 of 4
[2022-09-30T15:58:24.738+0000] {taskinstance.py:1364} INFO - 
--------------------------------------------------------------------------------
[2022-09-30T15:58:24.751+0000] {taskinstance.py:1383} INFO - Executing <Task(PythonOperator): prep> on 2022-09-26 01:58:51.913110+00:00
[2022-09-30T15:58:24.756+0000] {standard_task_runner.py:54} INFO - Started process 500 to run task
[2022-09-30T15:58:24.758+0000] {standard_task_runner.py:82} INFO - Running: ['***', 'tasks', 'run', 'encasa', 'prep', 'manual__2022-09-26T01:58:51.913110+00:00', '--job-id', '335', '--raw', '--subdir', 'DAGS_FOLDER/dag.py', '--cfg-path', '/tmp/tmpaf081o38']
[2022-09-30T15:58:24.758+0000] {standard_task_runner.py:83} INFO - Job 335: Subtask prep
[2022-09-30T15:58:24.759+0000] {dagbag.py:525} INFO - Filling up the DagBag from /opt/***/dags/dag.py
[2022-09-30T15:58:25.176+0000] {task_command.py:384} INFO - Running <TaskInstance: encasa.prep manual__2022-09-26T01:58:51.913110+00:00 [running]> on host dc20523c063c
[2022-09-30T15:58:25.245+0000] {taskinstance.py:1592} INFO - Exporting the following env vars:
AIRFLOW_CTX_DAG_OWNER=***
AIRFLOW_CTX_DAG_ID=encasa
AIRFLOW_CTX_TASK_ID=prep
AIRFLOW_CTX_EXECUTION_DATE=2022-09-26T01:58:51.913110+00:00
AIRFLOW_CTX_TRY_NUMBER=4
AIRFLOW_CTX_DAG_RUN_ID=manual__2022-09-26T01:58:51.913110+00:00
[2022-09-30T15:58:25.246+0000] {tasks.py:109} INFO - Reading the last request file for day 30/09/2022
[2022-09-30T15:58:25.683+0000] {tasks.py:88} INFO - Cleaning the column NM_INSUMO
[2022-09-30T15:58:25.932+0000] {tasks.py:128} INFO - Filtering for BP ['93148'] and period ['M20']
[2022-09-30T15:58:25.944+0000] {tasks.py:39} INFO - Defining DEC to export information
[2022-09-30T15:58:25.957+0000] {tasks.py:136} INFO - Saved prep dataframe in ./data_output/ENCASA/coleta_2022/coleta_setembro/coleta_3_dec/saida_2022_09_30
[2022-09-30T15:58:25.960+0000] {python.py:177} INFO - Done. Returned value was: None
[2022-09-30T15:58:25.970+0000] {taskinstance.py:1406} INFO - Marking task as SUCCESS. dag_id=encasa, task_id=prep, execution_date=20220926T015851, start_date=20220930T155824, end_date=20220930T155825
[2022-09-30T15:58:26.013+0000] {local_task_job.py:164} INFO - Task exited with return code 0
[2022-09-30T15:58:26.041+0000] {local_task_job.py:273} INFO - 1 downstream tasks scheduled from follow-on schedule check
