[2022-09-30T18:45:03.234+0000] {taskinstance.py:1165} INFO - Dependencies all met for <TaskInstance: casa_das_ferragens.carga_creation manual__2022-09-30T18:44:52.473155+00:00 [queued]>
[2022-09-30T18:45:03.244+0000] {taskinstance.py:1165} INFO - Dependencies all met for <TaskInstance: casa_das_ferragens.carga_creation manual__2022-09-30T18:44:52.473155+00:00 [queued]>
[2022-09-30T18:45:03.245+0000] {taskinstance.py:1362} INFO - 
--------------------------------------------------------------------------------
[2022-09-30T18:45:03.245+0000] {taskinstance.py:1363} INFO - Starting attempt 1 of 1
[2022-09-30T18:45:03.245+0000] {taskinstance.py:1364} INFO - 
--------------------------------------------------------------------------------
[2022-09-30T18:45:03.259+0000] {taskinstance.py:1383} INFO - Executing <Task(PythonOperator): carga_creation> on 2022-09-30 18:44:52.473155+00:00
[2022-09-30T18:45:03.264+0000] {standard_task_runner.py:54} INFO - Started process 317 to run task
[2022-09-30T18:45:03.269+0000] {standard_task_runner.py:82} INFO - Running: ['***', 'tasks', 'run', 'casa_das_ferragens', 'carga_creation', 'manual__2022-09-30T18:44:52.473155+00:00', '--job-id', '342', '--raw', '--subdir', 'DAGS_FOLDER/dag.py', '--cfg-path', '/tmp/tmp2s5klu9r']
[2022-09-30T18:45:03.269+0000] {standard_task_runner.py:83} INFO - Job 342: Subtask carga_creation
[2022-09-30T18:45:03.270+0000] {dagbag.py:525} INFO - Filling up the DagBag from /opt/***/dags/dag.py
[2022-09-30T18:45:03.813+0000] {task_command.py:384} INFO - Running <TaskInstance: casa_das_ferragens.carga_creation manual__2022-09-30T18:44:52.473155+00:00 [running]> on host dc20523c063c
[2022-09-30T18:45:03.899+0000] {taskinstance.py:1592} INFO - Exporting the following env vars:
AIRFLOW_CTX_DAG_OWNER=***
AIRFLOW_CTX_DAG_ID=casa_das_ferragens
AIRFLOW_CTX_TASK_ID=carga_creation
AIRFLOW_CTX_EXECUTION_DATE=2022-09-30T18:44:52.473155+00:00
AIRFLOW_CTX_TRY_NUMBER=1
AIRFLOW_CTX_DAG_RUN_ID=manual__2022-09-30T18:44:52.473155+00:00
[2022-09-30T18:45:03.900+0000] {tasks.py:520} INFO - Reading results from collect dataframe
[2022-09-30T18:45:03.901+0000] {tasks.py:39} INFO - Defining DEC to export information
[2022-09-30T18:45:03.916+0000] {tasks.py:526} INFO - Renaming columns
[2022-09-30T18:45:03.917+0000] {tasks.py:529} INFO - Creating column with print information
[2022-09-30T18:45:03.919+0000] {tasks.py:540} INFO - Fill nan on dataset
[2022-09-30T18:45:03.922+0000] {tasks.py:543} INFO - Adapting price to the Carga file
[2022-09-30T18:45:03.925+0000] {tasks.py:443} INFO - Carga being prepared for expected data: 30/09/2022
[2022-09-30T18:45:03.926+0000] {tasks.py:549} INFO - Filling null values
[2022-09-30T18:45:03.926+0000] {tasks.py:477} INFO - Naming the price null values
[2022-09-30T18:45:03.928+0000] {tasks.py:480} INFO - Fill Sinonimous column
[2022-09-30T18:45:03.928+0000] {tasks.py:487} INFO - Creating a justification for null prices
[2022-09-30T18:45:03.929+0000] {tasks.py:494} INFO - Fill URL column
[2022-09-30T18:45:03.930+0000] {tasks.py:501} INFO - Fill date column
[2022-09-30T18:45:03.931+0000] {tasks.py:552} INFO - Fill regions column
[2022-09-30T18:45:03.933+0000] {tasks.py:558} INFO - Reordering column
[2022-09-30T18:45:03.933+0000] {tasks.py:560} INFO - Finishing the process
[2022-09-30T18:45:03.933+0000] {tasks.py:561} INFO - Total prices: 1
[2022-09-30T18:45:03.943+0000] {warnings.py:110} WARNING - /opt/***/dags/tasks.py:571: FutureWarning: As the xlwt package is no longer maintained, the xlwt engine will be removed in a future version of pandas. This is the only engine in pandas that supports writing in the xls format. Install openpyxl and write to an xlsx file instead. You can set the option io.excel.xls.writer to 'xlwt' to silence this warning. While this option is deprecated and will also raise a warning, it can be globally set and the warning suppressed.
  ).to_excel(f"{EXPORT}", index=False)

[2022-09-30T18:45:03.974+0000] {python.py:177} INFO - Done. Returned value was: None
[2022-09-30T18:45:03.983+0000] {taskinstance.py:1406} INFO - Marking task as SUCCESS. dag_id=casa_das_ferragens, task_id=carga_creation, execution_date=20220930T184452, start_date=20220930T184503, end_date=20220930T184503
[2022-09-30T18:45:04.042+0000] {local_task_job.py:164} INFO - Task exited with return code 0
[2022-09-30T18:45:04.059+0000] {local_task_job.py:273} INFO - 0 downstream tasks scheduled from follow-on schedule check
