[2022-10-03T12:11:32.621+0000] {taskinstance.py:1165} INFO - Dependencies all met for <TaskInstance: eletro_energia.colector scheduled__2022-09-01T00:00:00+00:00 [queued]>
[2022-10-03T12:11:32.637+0000] {taskinstance.py:1165} INFO - Dependencies all met for <TaskInstance: eletro_energia.colector scheduled__2022-09-01T00:00:00+00:00 [queued]>
[2022-10-03T12:11:32.637+0000] {taskinstance.py:1362} INFO - 
--------------------------------------------------------------------------------
[2022-10-03T12:11:32.639+0000] {taskinstance.py:1363} INFO - Starting attempt 1 of 1
[2022-10-03T12:11:32.639+0000] {taskinstance.py:1364} INFO - 
--------------------------------------------------------------------------------
[2022-10-03T12:11:32.655+0000] {taskinstance.py:1383} INFO - Executing <Task(PythonOperator): colector> on 2022-09-01 00:00:00+00:00
[2022-10-03T12:11:32.660+0000] {standard_task_runner.py:54} INFO - Started process 1862 to run task
[2022-10-03T12:11:32.663+0000] {standard_task_runner.py:82} INFO - Running: ['***', 'tasks', 'run', 'eletro_energia', 'colector', 'scheduled__2022-09-01T00:00:00+00:00', '--job-id', '367', '--raw', '--subdir', 'DAGS_FOLDER/dag.py', '--cfg-path', '/tmp/tmpuhhx48n3']
[2022-10-03T12:11:32.664+0000] {standard_task_runner.py:83} INFO - Job 367: Subtask colector
[2022-10-03T12:11:32.665+0000] {dagbag.py:525} INFO - Filling up the DagBag from /opt/***/dags/dag.py
[2022-10-03T12:11:33.124+0000] {task_command.py:384} INFO - Running <TaskInstance: eletro_energia.colector scheduled__2022-09-01T00:00:00+00:00 [running]> on host a4a362a654c5
[2022-10-03T12:11:33.183+0000] {taskinstance.py:1592} INFO - Exporting the following env vars:
AIRFLOW_CTX_DAG_OWNER=***
AIRFLOW_CTX_DAG_ID=eletro_energia
AIRFLOW_CTX_TASK_ID=colector
AIRFLOW_CTX_EXECUTION_DATE=2022-09-01T00:00:00+00:00
AIRFLOW_CTX_TRY_NUMBER=1
AIRFLOW_CTX_DAG_RUN_ID=scheduled__2022-09-01T00:00:00+00:00
[2022-10-03T12:11:33.184+0000] {tasks.py:39} INFO - Defining DEC to export information
[2022-10-03T12:11:33.191+0000] {tasks.py:343} INFO - Reading prep dataframe
[2022-10-03T12:11:33.200+0000] {tasks.py:146} INFO - Instantiating the Browser with the requested settings
[2022-10-03T12:11:33.264+0000] {taskinstance.py:1851} ERROR - Task failed with exception
Traceback (most recent call last):
  File "/home/airflow/.local/lib/python3.7/site-packages/airflow/operators/python.py", line 175, in execute
    return_value = self.execute_callable()
  File "/home/airflow/.local/lib/python3.7/site-packages/airflow/operators/python.py", line 193, in execute_callable
    return self.python_callable(*self.op_args, **self.op_kwargs)
  File "/opt/airflow/dags/tasks.py", line 345, in colector
    browser = config_browser(config)
  File "/opt/airflow/dags/tasks.py", line 149, in config_browser
    desired_capabilities=config["browser_arg"])
  File "/home/airflow/.local/lib/python3.7/site-packages/selenium/webdriver/remote/webdriver.py", line 270, in __init__
    self.start_session(capabilities, browser_profile)
  File "/home/airflow/.local/lib/python3.7/site-packages/selenium/webdriver/remote/webdriver.py", line 363, in start_session
    response = self.execute(Command.NEW_SESSION, parameters)
  File "/home/airflow/.local/lib/python3.7/site-packages/selenium/webdriver/remote/webdriver.py", line 428, in execute
    self.error_handler.check_response(response)
  File "/home/airflow/.local/lib/python3.7/site-packages/selenium/webdriver/remote/errorhandler.py", line 243, in check_response
    raise exception_class(message, screen, stacktrace)
selenium.common.exceptions.InvalidArgumentException: Message: json: cannot unmarshal number into Go struct field Caps.capabilities.alwaysMatch.browserVersion of type string

[2022-10-03T12:11:33.274+0000] {taskinstance.py:1406} INFO - Marking task as FAILED. dag_id=eletro_energia, task_id=colector, execution_date=20220901T000000, start_date=20221003T121132, end_date=20221003T121133
[2022-10-03T12:11:33.286+0000] {standard_task_runner.py:107} ERROR - Failed to execute job 367 for task colector (Message: json: cannot unmarshal number into Go struct field Caps.capabilities.alwaysMatch.browserVersion of type string
; 1862)
[2022-10-03T12:11:33.316+0000] {local_task_job.py:164} INFO - Task exited with return code 1
[2022-10-03T12:11:33.340+0000] {local_task_job.py:273} INFO - 0 downstream tasks scheduled from follow-on schedule check
