[2022-10-03T12:51:01.952+0000] {taskinstance.py:1165} INFO - Dependencies all met for <TaskInstance: tudaco.prep scheduled__2022-09-01T00:00:00+00:00 [queued]>
[2022-10-03T12:51:01.966+0000] {taskinstance.py:1165} INFO - Dependencies all met for <TaskInstance: tudaco.prep scheduled__2022-09-01T00:00:00+00:00 [queued]>
[2022-10-03T12:51:01.967+0000] {taskinstance.py:1362} INFO - 
--------------------------------------------------------------------------------
[2022-10-03T12:51:01.968+0000] {taskinstance.py:1363} INFO - Starting attempt 2 of 2
[2022-10-03T12:51:01.968+0000] {taskinstance.py:1364} INFO - 
--------------------------------------------------------------------------------
[2022-10-03T12:51:01.986+0000] {taskinstance.py:1383} INFO - Executing <Task(PythonOperator): prep> on 2022-09-01 00:00:00+00:00
[2022-10-03T12:51:01.999+0000] {standard_task_runner.py:54} INFO - Started process 1033 to run task
[2022-10-03T12:51:02.015+0000] {standard_task_runner.py:82} INFO - Running: ['***', 'tasks', 'run', 'tudaco', 'prep', 'scheduled__2022-09-01T00:00:00+00:00', '--job-id', '399', '--raw', '--subdir', 'DAGS_FOLDER/dag.py', '--cfg-path', '/tmp/tmp0203m159']
[2022-10-03T12:51:02.017+0000] {standard_task_runner.py:83} INFO - Job 399: Subtask prep
[2022-10-03T12:51:02.019+0000] {dagbag.py:525} INFO - Filling up the DagBag from /opt/***/dags/dag.py
[2022-10-03T12:51:02.821+0000] {task_command.py:384} INFO - Running <TaskInstance: tudaco.prep scheduled__2022-09-01T00:00:00+00:00 [running]> on host 9a36b0424536
[2022-10-03T12:51:02.933+0000] {taskinstance.py:1592} INFO - Exporting the following env vars:
AIRFLOW_CTX_DAG_OWNER=***
AIRFLOW_CTX_DAG_ID=tudaco
AIRFLOW_CTX_TASK_ID=prep
AIRFLOW_CTX_EXECUTION_DATE=2022-09-01T00:00:00+00:00
AIRFLOW_CTX_TRY_NUMBER=2
AIRFLOW_CTX_DAG_RUN_ID=scheduled__2022-09-01T00:00:00+00:00
[2022-10-03T12:51:02.935+0000] {tasks.py:109} INFO - Reading the last request file for day 03/10/2022
[2022-10-03T12:51:03.357+0000] {tasks.py:88} INFO - Cleaning the column NM_INSUMO
[2022-10-03T12:51:03.672+0000] {tasks.py:128} INFO - Filtering for BP ['92054'] and period ['M10']
[2022-10-03T12:51:03.687+0000] {tasks.py:39} INFO - Defining DEC to export information
[2022-10-03T12:51:03.714+0000] {tasks.py:136} INFO - Saved prep dataframe in ./data_output/TUDACO/coleta_2022/coleta_outubro/coleta_1_dec/saida_2022_10_03
[2022-10-03T12:51:03.718+0000] {python.py:177} INFO - Done. Returned value was: None
[2022-10-03T12:51:03.732+0000] {taskinstance.py:1406} INFO - Marking task as SUCCESS. dag_id=tudaco, task_id=prep, execution_date=20220901T000000, start_date=20221003T125101, end_date=20221003T125103
[2022-10-03T12:51:03.793+0000] {local_task_job.py:164} INFO - Task exited with return code 0
[2022-10-03T12:51:03.824+0000] {local_task_job.py:273} INFO - 1 downstream tasks scheduled from follow-on schedule check
