[2022-10-01T21:34:03.765+0000] {taskinstance.py:1165} INFO - Dependencies all met for <TaskInstance: primavera_place.colector scheduled__2022-09-01T00:00:00+00:00 [queued]>
[2022-10-01T21:34:03.776+0000] {taskinstance.py:1165} INFO - Dependencies all met for <TaskInstance: primavera_place.colector scheduled__2022-09-01T00:00:00+00:00 [queued]>
[2022-10-01T21:34:03.776+0000] {taskinstance.py:1362} INFO - 
--------------------------------------------------------------------------------
[2022-10-01T21:34:03.777+0000] {taskinstance.py:1363} INFO - Starting attempt 1 of 1
[2022-10-01T21:34:03.777+0000] {taskinstance.py:1364} INFO - 
--------------------------------------------------------------------------------
[2022-10-01T21:34:03.789+0000] {taskinstance.py:1383} INFO - Executing <Task(PythonOperator): colector> on 2022-09-01 00:00:00+00:00
[2022-10-01T21:34:03.795+0000] {standard_task_runner.py:54} INFO - Started process 80 to run task
[2022-10-01T21:34:03.797+0000] {standard_task_runner.py:82} INFO - Running: ['***', 'tasks', 'run', 'primavera_place', 'colector', 'scheduled__2022-09-01T00:00:00+00:00', '--job-id', '351', '--raw', '--subdir', 'DAGS_FOLDER/dag.py', '--cfg-path', '/tmp/tmpohqzh03r']
[2022-10-01T21:34:03.797+0000] {standard_task_runner.py:83} INFO - Job 351: Subtask colector
[2022-10-01T21:34:03.798+0000] {dagbag.py:525} INFO - Filling up the DagBag from /opt/***/dags/dag.py
[2022-10-01T21:34:04.358+0000] {task_command.py:384} INFO - Running <TaskInstance: primavera_place.colector scheduled__2022-09-01T00:00:00+00:00 [running]> on host dc20523c063c
[2022-10-01T21:34:04.459+0000] {taskinstance.py:1592} INFO - Exporting the following env vars:
AIRFLOW_CTX_DAG_OWNER=***
AIRFLOW_CTX_DAG_ID=primavera_place
AIRFLOW_CTX_TASK_ID=colector
AIRFLOW_CTX_EXECUTION_DATE=2022-09-01T00:00:00+00:00
AIRFLOW_CTX_TRY_NUMBER=1
AIRFLOW_CTX_DAG_RUN_ID=scheduled__2022-09-01T00:00:00+00:00
[2022-10-01T21:34:04.461+0000] {tasks.py:39} INFO - Defining DEC to export information
[2022-10-01T21:34:04.468+0000] {tasks.py:343} INFO - Reading prep dataframe
[2022-10-01T21:34:04.480+0000] {tasks.py:146} INFO - Instantiating the Browser with the requested settings
[2022-10-01T21:34:04.481+0000] {taskinstance.py:1851} ERROR - Task failed with exception
Traceback (most recent call last):
  File "/home/airflow/.local/lib/python3.7/site-packages/airflow/operators/python.py", line 175, in execute
    return_value = self.execute_callable()
  File "/home/airflow/.local/lib/python3.7/site-packages/airflow/operators/python.py", line 193, in execute_callable
    return self.python_callable(*self.op_args, **self.op_kwargs)
  File "/opt/airflow/dags/tasks.py", line 345, in colector
    browser = config_browser(config)
  File "/opt/airflow/dags/tasks.py", line 149, in config_browser
    desired_capabilities=config["browser_arg"])
  File "/home/airflow/.local/lib/python3.7/site-packages/selenium/webdriver/remote/webdriver.py", line 252, in __init__
    raise WebDriverException("Desired Capabilities must be a dictionary")
selenium.common.exceptions.WebDriverException: Message: Desired Capabilities must be a dictionary

[2022-10-01T21:34:04.496+0000] {taskinstance.py:1406} INFO - Marking task as FAILED. dag_id=primavera_place, task_id=colector, execution_date=20220901T000000, start_date=20221001T213403, end_date=20221001T213404
[2022-10-01T21:34:04.512+0000] {standard_task_runner.py:107} ERROR - Failed to execute job 351 for task colector (Message: Desired Capabilities must be a dictionary
; 80)
[2022-10-01T21:34:04.531+0000] {local_task_job.py:164} INFO - Task exited with return code 1
[2022-10-01T21:34:04.570+0000] {local_task_job.py:273} INFO - 0 downstream tasks scheduled from follow-on schedule check
