[2022-10-03T12:50:50.407+0000] {taskinstance.py:1165} INFO - Dependencies all met for <TaskInstance: primavera_place.colector scheduled__2022-09-01T00:00:00+00:00 [queued]>
[2022-10-03T12:50:50.418+0000] {taskinstance.py:1165} INFO - Dependencies all met for <TaskInstance: primavera_place.colector scheduled__2022-09-01T00:00:00+00:00 [queued]>
[2022-10-03T12:50:50.419+0000] {taskinstance.py:1362} INFO - 
--------------------------------------------------------------------------------
[2022-10-03T12:50:50.419+0000] {taskinstance.py:1363} INFO - Starting attempt 2 of 2
[2022-10-03T12:50:50.420+0000] {taskinstance.py:1364} INFO - 
--------------------------------------------------------------------------------
[2022-10-03T12:50:50.438+0000] {taskinstance.py:1383} INFO - Executing <Task(PythonOperator): colector> on 2022-09-01 00:00:00+00:00
[2022-10-03T12:50:50.447+0000] {standard_task_runner.py:54} INFO - Started process 1015 to run task
[2022-10-03T12:50:50.450+0000] {standard_task_runner.py:82} INFO - Running: ['***', 'tasks', 'run', 'primavera_place', 'colector', 'scheduled__2022-09-01T00:00:00+00:00', '--job-id', '396', '--raw', '--subdir', 'DAGS_FOLDER/dag.py', '--cfg-path', '/tmp/tmp6kvtiv3g']
[2022-10-03T12:50:50.451+0000] {standard_task_runner.py:83} INFO - Job 396: Subtask colector
[2022-10-03T12:50:50.451+0000] {dagbag.py:525} INFO - Filling up the DagBag from /opt/***/dags/dag.py
[2022-10-03T12:50:50.906+0000] {task_command.py:384} INFO - Running <TaskInstance: primavera_place.colector scheduled__2022-09-01T00:00:00+00:00 [running]> on host 9a36b0424536
[2022-10-03T12:50:50.992+0000] {taskinstance.py:1592} INFO - Exporting the following env vars:
AIRFLOW_CTX_DAG_OWNER=***
AIRFLOW_CTX_DAG_ID=primavera_place
AIRFLOW_CTX_TASK_ID=colector
AIRFLOW_CTX_EXECUTION_DATE=2022-09-01T00:00:00+00:00
AIRFLOW_CTX_TRY_NUMBER=2
AIRFLOW_CTX_DAG_RUN_ID=scheduled__2022-09-01T00:00:00+00:00
[2022-10-03T12:50:50.994+0000] {tasks.py:39} INFO - Defining DEC to export information
[2022-10-03T12:50:51.002+0000] {tasks.py:353} INFO - Reading prep dataframe
[2022-10-03T12:50:51.015+0000] {tasks.py:146} INFO - Instantiating the Browser with the requested settings
[2022-10-03T12:50:54.568+0000] {tasks.py:160} INFO - Browser configured
[2022-10-03T12:50:54.569+0000] {tasks.py:283} INFO - Removing nan URL values
[2022-10-03T12:50:54.570+0000] {tasks.py:284} INFO - Requested prices before: 118
[2022-10-03T12:50:54.573+0000] {tasks.py:289} INFO - Requested prices after: 118
[2022-10-03T12:50:57.940+0000] {tasks.py:383} INFO - Price of 1567863 - CURVA90DEPVCLONGAPARAESGOTO: R$47,00
[2022-10-03T12:50:57.940+0000] {tasks.py:322} INFO - Printing information
[2022-10-03T12:50:59.996+0000] {tasks.py:383} INFO - Price of 1570703 - TEDEPVCSOLDAVEL: R$235,00
[2022-10-03T12:50:59.997+0000] {tasks.py:322} INFO - Printing information
[2022-10-03T12:51:02.072+0000] {tasks.py:383} INFO - Price of 1567840 - BASEPARAVALVULADEDESCARGA: R$125,00
[2022-10-03T12:51:02.073+0000] {tasks.py:322} INFO - Printing information
[2022-10-03T12:51:04.371+0000] {tasks.py:383} INFO - Price of 1570687 - JOELHO90degEMPVCSOLDAVEL: R$40,00
[2022-10-03T12:51:04.372+0000] {tasks.py:322} INFO - Printing information
[2022-10-03T12:51:06.422+0000] {tasks.py:383} INFO - Price of 1570706 - TEDEREDUCAOEMPVCPARAESGOTO: R$26,00
[2022-10-03T12:51:06.423+0000] {tasks.py:322} INFO - Printing information
[2022-10-03T12:51:08.906+0000] {tasks.py:383} INFO - Price of 1567843 - BASEPARAREGISTRODEPRESSAO: R$39,00
[2022-10-03T12:51:08.908+0000] {tasks.py:322} INFO - Printing information
[2022-10-03T12:51:11.211+0000] {tasks.py:383} INFO - Price of 1570724 - REGISTRODEGAVETADEMETAL: R$44,00
[2022-10-03T12:51:11.212+0000] {tasks.py:322} INFO - Printing information
[2022-10-03T12:51:13.332+0000] {tasks.py:383} INFO - Price of 1567860 - ARAMERECOZIDOTRANCADO: R$31,00
[2022-10-03T12:51:13.333+0000] {tasks.py:322} INFO - Printing information
[2022-10-03T12:51:15.556+0000] {tasks.py:383} INFO - Price of 1570679 - JOELHO45degEMPVCSOLDAVEL: R$43,00
[2022-10-03T12:51:15.557+0000] {tasks.py:322} INFO - Printing information
[2022-10-03T12:51:17.743+0000] {tasks.py:383} INFO - Price of 1567862 - ANELDEVEDACAOPARAVASOSANITARIO: R$14,00
[2022-10-03T12:51:17.745+0000] {tasks.py:322} INFO - Printing information
[2022-10-03T12:51:19.908+0000] {tasks.py:383} INFO - Price of 1567880 - FITAADESIVAISOLANTEAUTOFUSAO: R$28,00
[2022-10-03T12:51:19.909+0000] {tasks.py:322} INFO - Printing information
[2022-10-03T12:51:22.131+0000] {tasks.py:383} INFO - Price of 1567884 - CAPDEPVCROSCAVEL: R$100,00
[2022-10-03T12:51:22.132+0000] {tasks.py:322} INFO - Printing information
[2022-10-03T12:51:24.378+0000] {tasks.py:383} INFO - Price of 1570663 - REGISTRODEESFERA: R$47,00
[2022-10-03T12:51:24.379+0000] {tasks.py:322} INFO - Printing information
[2022-10-03T12:51:26.425+0000] {tasks.py:383} INFO - Price of 1570674 - CAPDEPVCPARAESGOTO: R$91,00
[2022-10-03T12:51:26.425+0000] {tasks.py:322} INFO - Printing information
[2022-10-03T12:51:28.553+0000] {tasks.py:383} INFO - Price of 1570721 - REGISTRODEGAVETADEMETAL: R$71,00
[2022-10-03T12:51:28.554+0000] {tasks.py:322} INFO - Printing information
[2022-10-03T12:51:30.609+0000] {tasks.py:383} INFO - Price of 1570682 - JOELHO90degEMPVCPARAESGOTO: R$37,00
[2022-10-03T12:51:30.610+0000] {tasks.py:322} INFO - Printing information
[2022-10-03T12:51:32.670+0000] {tasks.py:383} INFO - Price of 1570693 - LUVADEPVCROSCAVEL: R$235,00
[2022-10-03T12:51:32.671+0000] {tasks.py:322} INFO - Printing information
[2022-10-03T12:51:35.039+0000] {tasks.py:383} INFO - Price of 1567874 - TORNEIRADEBOIAEMPVC: R$60,00
[2022-10-03T12:51:35.040+0000] {tasks.py:322} INFO - Printing information
[2022-10-03T12:51:37.378+0000] {tasks.py:383} INFO - Price of 1570704 - TEDEREDUCAOEMPVCSOLDAVEL: R$33,00
[2022-10-03T12:51:37.379+0000] {tasks.py:322} INFO - Printing information
[2022-10-03T12:51:39.488+0000] {tasks.py:383} INFO - Price of 1570700 - TEDEPVCSOLDAVEL: R$25,00
[2022-10-03T12:51:39.489+0000] {tasks.py:322} INFO - Printing information
[2022-10-03T12:51:41.726+0000] {tasks.py:383} INFO - Price of 1567867 - FIODECOBREISOLADOFLEXIVEL: R$243,00
[2022-10-03T12:51:41.727+0000] {tasks.py:322} INFO - Printing information
[2022-10-03T12:51:43.956+0000] {tasks.py:383} INFO - Price of 1567886 - CAIXADESOBREPOR: R$44,00
[2022-10-03T12:51:43.958+0000] {tasks.py:322} INFO - Printing information
[2022-10-03T12:51:45.973+0000] {tasks.py:383} INFO - Price of 1570701 - TEDEPVCSOLDAVEL: R$25,00
[2022-10-03T12:51:45.975+0000] {tasks.py:322} INFO - Printing information
[2022-10-03T12:51:48.206+0000] {tasks.py:383} INFO - Price of 1567841 - CAIXASIFONADADEPVC: R$39,90
[2022-10-03T12:51:48.207+0000] {tasks.py:322} INFO - Printing information
[2022-10-03T12:51:50.738+0000] {tasks.py:383} INFO - Price of 1570696 - LUVADEPVCSOLDAVEL: R$21,00
[2022-10-03T12:51:50.740+0000] {tasks.py:322} INFO - Printing information
[2022-10-03T12:51:53.106+0000] {tasks.py:383} INFO - Price of 1567865 - TUBODEPVCPARAESGOTO: R$79,00
[2022-10-03T12:51:53.107+0000] {tasks.py:322} INFO - Printing information
[2022-10-03T12:51:55.189+0000] {tasks.py:383} INFO - Price of 1567889 - CAPDEPVCPARAESGOTO: R$64,00
[2022-10-03T12:51:55.190+0000] {tasks.py:322} INFO - Printing information
[2022-10-03T12:51:57.523+0000] {tasks.py:383} INFO - Price of 1570710 - EUCALIPTOTRATADO: R$80,00
[2022-10-03T12:51:57.523+0000] {tasks.py:322} INFO - Printing information
[2022-10-03T12:51:59.888+0000] {tasks.py:383} INFO - Price of 1567859 - SELADORACRILICO: R$159,00
[2022-10-03T12:51:59.889+0000] {tasks.py:322} INFO - Printing information
[2022-10-03T12:52:02.314+0000] {tasks.py:383} INFO - Price of 1567872 - ABRACADEIRATIPOU: R$20,00
[2022-10-03T12:52:02.315+0000] {tasks.py:322} INFO - Printing information
[2022-10-03T12:52:04.459+0000] {tasks.py:383} INFO - Price of 1567852 - CAPDEPVCSOLDAVEL: R$99,00
[2022-10-03T12:52:04.461+0000] {tasks.py:322} INFO - Printing information
[2022-10-03T12:52:06.814+0000] {tasks.py:383} INFO - Price of 1567854 - INTERRUPTORDIFERENCIALRESIDUAL: R$95,00
[2022-10-03T12:52:06.815+0000] {tasks.py:322} INFO - Printing information
[2022-10-03T12:52:09.194+0000] {tasks.py:383} INFO - Price of 1567846 - ARAMEFARPADO: R$459,00
[2022-10-03T12:52:09.196+0000] {tasks.py:322} INFO - Printing information
[2022-10-03T12:52:11.460+0000] {tasks.py:383} INFO - Price of 1570705 - TEDEREDUCAOEMPVCSOLDAVEL: R$12,00
[2022-10-03T12:52:11.465+0000] {tasks.py:322} INFO - Printing information
[2022-10-03T12:52:13.891+0000] {tasks.py:383} INFO - Price of 1570686 - JOELHO90degEMPVCSOLDAVEL: R$16,00
[2022-10-03T12:52:13.897+0000] {tasks.py:322} INFO - Printing information
[2022-10-03T12:52:16.172+0000] {tasks.py:383} INFO - Price of 1570709 - TEDEREDUCAOEMPVCPARAESGOTO: R$29,00
[2022-10-03T12:52:16.173+0000] {tasks.py:322} INFO - Printing information
[2022-10-03T12:52:18.259+0000] {tasks.py:383} INFO - Price of 1570714 - ADITIVOPARACHAPISCO: R$199,00
[2022-10-03T12:52:18.259+0000] {tasks.py:322} INFO - Printing information
[2022-10-03T12:52:20.491+0000] {tasks.py:383} INFO - Price of 1570717 - CAIXADAGUA: R$359,00
[2022-10-03T12:52:20.492+0000] {tasks.py:322} INFO - Printing information
[2022-10-03T12:52:22.376+0000] {tasks.py:383} INFO - Price of 1570670 - CAPDEPVCROSCAVEL: R$26,00
[2022-10-03T12:52:22.376+0000] {tasks.py:322} INFO - Printing information
[2022-10-03T12:52:25.400+0000] {tasks.py:383} INFO - Price of 1567871 - TOMADADEEMBUTIRDUPLA: R$14,90
[2022-10-03T12:52:25.402+0000] {tasks.py:322} INFO - Printing information
[2022-10-03T12:52:27.619+0000] {tasks.py:383} INFO - Price of 1570677 - JOELHO45degEMPVCSOLDAVEL: R$64,00
[2022-10-03T12:52:27.620+0000] {tasks.py:322} INFO - Printing information
[2022-10-03T12:52:30.451+0000] {tasks.py:383} INFO - Price of 1570707 - TEDEREDUCAOEMPVCSOLDAVEL: R$64,00
[2022-10-03T12:52:30.452+0000] {tasks.py:322} INFO - Printing information
[2022-10-03T12:52:32.646+0000] {tasks.py:383} INFO - Price of 1570723 - REGISTRODEGAVETADEMETAL: R$44,00
[2022-10-03T12:52:32.647+0000] {tasks.py:322} INFO - Printing information
[2022-10-03T12:52:34.781+0000] {tasks.py:383} INFO - Price of 1570675 - CAPDEPVCSOLDAVEL: R$139,00
[2022-10-03T12:52:34.782+0000] {tasks.py:322} INFO - Printing information
[2022-10-03T12:52:37.273+0000] {tasks.py:383} INFO - Price of 1570708 - TEDEREDUCAOEMPVCPARAESGOTO: R$26,00
[2022-10-03T12:52:37.274+0000] {tasks.py:322} INFO - Printing information
[2022-10-03T12:52:39.470+0000] {tasks.py:383} INFO - Price of 1567881 - JOELHODEREDUCAO90: R$48,00
[2022-10-03T12:52:39.470+0000] {tasks.py:322} INFO - Printing information
[2022-10-03T12:52:41.620+0000] {tasks.py:383} INFO - Price of 1570722 - REGISTRODEGAVETADEMETAL: R$88,00
[2022-10-03T12:52:41.621+0000] {tasks.py:322} INFO - Printing information
[2022-10-03T12:52:44.907+0000] {tasks.py:383} INFO - Price of 1567844 - CAIXASIFONADADEPVC: R$19,90
[2022-10-03T12:52:44.908+0000] {tasks.py:322} INFO - Printing information
[2022-10-03T12:52:47.042+0000] {tasks.py:383} INFO - Price of 1567838 - THINNER: R$156,00
[2022-10-03T12:52:47.043+0000] {tasks.py:322} INFO - Printing information
[2022-10-03T12:52:49.179+0000] {tasks.py:383} INFO - Price of 1567868 - CAIXADEDESCARGA: R$44,00
[2022-10-03T12:52:49.180+0000] {tasks.py:322} INFO - Printing information
[2022-10-03T12:52:53.471+0000] {tasks.py:383} INFO - Price of 1570685 - JOELHO90degEMPVCSOLDAVEL: R$16,00
[2022-10-03T12:52:53.472+0000] {tasks.py:322} INFO - Printing information
[2022-10-03T12:52:55.611+0000] {tasks.py:383} INFO - Price of 1567845 - ARAMERECOZIDO: R$27,00
[2022-10-03T12:52:55.612+0000] {tasks.py:322} INFO - Printing information
[2022-10-03T12:52:57.898+0000] {tasks.py:383} INFO - Price of 1567870 - CAIXADESOBREPOR: R$31,00
[2022-10-03T12:52:57.899+0000] {tasks.py:322} INFO - Printing information
[2022-10-03T12:53:01.717+0000] {tasks.py:383} INFO - Price of 1570712 - ABRACADEIRATIPOU: R$20,00
[2022-10-03T12:53:01.718+0000] {tasks.py:322} INFO - Printing information
[2022-10-03T12:53:04.023+0000] {tasks.py:383} INFO - Price of 1570695 - LUVADEPVCSOLDAVEL: R$16,00
[2022-10-03T12:53:04.024+0000] {tasks.py:322} INFO - Printing information
[2022-10-03T12:53:09.253+0000] {tasks.py:383} INFO - Price of 1567853 - INTERRUPTORDIFERENCIALRESIDUAL: R$128,00
[2022-10-03T12:53:09.254+0000] {tasks.py:322} INFO - Printing information
[2022-10-03T12:53:14.497+0000] {tasks.py:383} INFO - Price of 1567864 - TOMADADESOBREPORPARATELEFONE: R$14,90
[2022-10-03T12:53:14.498+0000] {tasks.py:322} INFO - Printing information
[2022-10-03T12:53:16.915+0000] {tasks.py:383} INFO - Price of 1570664 - REGISTRODEESFERA: R$108,00
[2022-10-03T12:53:16.916+0000] {tasks.py:322} INFO - Printing information
[2022-10-03T12:53:19.156+0000] {tasks.py:383} INFO - Price of 1570694 - LUVADEPVCROSCAVEL: R$21,00
[2022-10-03T12:53:19.157+0000] {tasks.py:322} INFO - Printing information
[2022-10-03T12:53:25.218+0000] {tasks.py:383} INFO - Price of 1567855 - INTERRUPTORDIFERENCIALRESIDUAL: R$88,00
[2022-10-03T12:53:25.219+0000] {tasks.py:322} INFO - Printing information
[2022-10-03T12:53:27.336+0000] {tasks.py:383} INFO - Price of 1567869 - VALVULAAMERICANA: R$20,00
[2022-10-03T12:53:27.336+0000] {tasks.py:322} INFO - Printing information
[2022-10-03T12:53:29.457+0000] {tasks.py:383} INFO - Price of 1570673 - CAPDEPVCPARAESGOTO: R$52,00
[2022-10-03T12:53:29.458+0000] {tasks.py:322} INFO - Printing information
[2022-10-03T12:53:36.567+0000] {tasks.py:383} INFO - Price of 1570668 - CAPDEPVCROSCAVEL: R$105,00
[2022-10-03T12:53:36.569+0000] {tasks.py:322} INFO - Printing information
[2022-10-03T12:53:38.566+0000] {tasks.py:383} INFO - Price of 1570672 - CAPDEPVCSOLDAVEL: R$25,00
[2022-10-03T12:53:38.567+0000] {tasks.py:322} INFO - Printing information
[2022-10-03T12:53:40.707+0000] {tasks.py:383} INFO - Price of 1567887 - PLUGDEPVCROSCAVEL: R$12,00
[2022-10-03T12:53:40.708+0000] {tasks.py:322} INFO - Printing information
[2022-10-03T12:53:47.718+0000] {tasks.py:383} INFO - Price of 1570697 - LUVADEPVCSOLDAVEL: R$48,00
[2022-10-03T12:53:47.719+0000] {tasks.py:322} INFO - Printing information
[2022-10-03T12:53:49.820+0000] {tasks.py:383} INFO - Price of 1567883 - JOELHO90EMPVCROSCAVEL: R$26,00
[2022-10-03T12:53:49.821+0000] {tasks.py:322} INFO - Printing information
[2022-10-03T12:53:52.065+0000] {tasks.py:383} INFO - Price of 1570666 - REGISTRODEESFERA: R$180,00
[2022-10-03T12:53:52.066+0000] {tasks.py:322} INFO - Printing information
[2022-10-03T12:53:59.384+0000] {tasks.py:383} INFO - Price of 1567861 - INTERRUPTORDIFERENCIALRESIDUAL: R$63,00
[2022-10-03T12:53:59.385+0000] {tasks.py:322} INFO - Printing information
[2022-10-03T12:54:01.640+0000] {tasks.py:383} INFO - Price of 1570719 - CAIXADAGUA: R$225,00
[2022-10-03T12:54:01.641+0000] {tasks.py:322} INFO - Printing information
[2022-10-03T12:54:03.877+0000] {tasks.py:383} INFO - Price of 1570688 - JOELHO90degEMPVCSOLDAVEL: R$210,00
[2022-10-03T12:54:03.879+0000] {tasks.py:322} INFO - Printing information
[2022-10-03T12:54:10.389+0000] {tasks.py:383} INFO - Price of 1567858 - JUNCAO45PARAESGOTO: R$9,00
[2022-10-03T12:54:10.390+0000] {tasks.py:322} INFO - Printing information
[2022-10-03T12:54:12.372+0000] {tasks.py:383} INFO - Price of 1570689 - LUVADEPVCROSCAVEL: R$45,00
[2022-10-03T12:54:12.373+0000] {tasks.py:322} INFO - Printing information
[2022-10-03T12:54:14.638+0000] {tasks.py:383} INFO - Price of 1567857 - SIFAODEPVC: R$28,00
[2022-10-03T12:54:14.640+0000] {tasks.py:322} INFO - Printing information
[2022-10-03T12:54:21.608+0000] {tasks.py:383} INFO - Price of 1570691 - LUVADEPVCROSCAVEL: R$115,00
[2022-10-03T12:54:21.609+0000] {tasks.py:322} INFO - Printing information
[2022-10-03T12:54:23.682+0000] {tasks.py:383} INFO - Price of 1570681 - JOELHO90degEMPVCPARAESGOTO: R$47,00
[2022-10-03T12:54:23.683+0000] {tasks.py:322} INFO - Printing information
[2022-10-03T12:54:31.489+0000] {tasks.py:383} INFO - Price of 1570662 - JOELHODEREDUCAO90: R$52,00
[2022-10-03T12:54:31.490+0000] {tasks.py:322} INFO - Printing information
[2022-10-03T12:54:33.704+0000] {tasks.py:383} INFO - Price of 1567848 - CONJUNTODEINTERRUPTOR: R$6,90
[2022-10-03T12:54:33.705+0000] {tasks.py:322} INFO - Printing information
[2022-10-03T12:54:35.994+0000] {tasks.py:383} INFO - Price of 1570692 - LUVADEPVCROSCAVEL: R$19,00
[2022-10-03T12:54:35.995+0000] {tasks.py:322} INFO - Printing information
[2022-10-03T12:54:38.345+0000] {tasks.py:383} INFO - Price of 1567847 - SIFAOSANFONADOUNIVERSALDEPVC: R$13,00
[2022-10-03T12:54:38.346+0000] {tasks.py:322} INFO - Printing information
[2022-10-03T12:54:46.429+0000] {tasks.py:383} INFO - Price of 1567849 - FITAADESIVAISOLANTEAUTOFUSAO: R$28,00
[2022-10-03T12:54:46.430+0000] {tasks.py:322} INFO - Printing information
[2022-10-03T12:54:48.569+0000] {tasks.py:383} INFO - Price of 1567892 - LUVADEREDUCAOEMPVC: R$1.419,00
[2022-10-03T12:54:48.570+0000] {tasks.py:322} INFO - Printing information
[2022-10-03T12:54:50.798+0000] {tasks.py:383} INFO - Price of 1567850 - QUADRODEDISTRIBUICAODEEMBUTIRBRANCO: R$79,00
[2022-10-03T12:54:50.799+0000] {tasks.py:322} INFO - Printing information
[2022-10-03T12:54:59.952+0000] {tasks.py:383} INFO - Price of 1570665 - REGISTRODEESFERA: R$55,00
[2022-10-03T12:54:59.953+0000] {tasks.py:322} INFO - Printing information
[2022-10-03T12:55:02.377+0000] {tasks.py:383} INFO - Price of 1567873 - TINTAACRILICA: R$200,00
[2022-10-03T12:55:02.378+0000] {tasks.py:322} INFO - Printing information
[2022-10-03T12:55:04.597+0000] {tasks.py:383} INFO - Price of 1570713 - ABRACADEIRATIPOU: R$24,00
[2022-10-03T12:55:04.598+0000] {tasks.py:322} INFO - Printing information
[2022-10-03T12:55:13.424+0000] {tasks.py:383} INFO - Price of 1570698 - LUVADEPVCSOLDAVEL: R$36,00
[2022-10-03T12:55:13.425+0000] {tasks.py:322} INFO - Printing information
[2022-10-03T12:55:15.545+0000] {tasks.py:383} INFO - Price of 1567866 - CONEXAOREDUCAOEXCENTRICADEPVCPARAESGOTO: R$15,00
[2022-10-03T12:55:15.546+0000] {tasks.py:322} INFO - Printing information
[2022-10-03T12:55:17.591+0000] {tasks.py:383} INFO - Price of 1570671 - CAPDEPVCSOLDAVEL: R$25,00
[2022-10-03T12:55:17.592+0000] {tasks.py:322} INFO - Printing information
[2022-10-03T12:55:19.693+0000] {tasks.py:383} INFO - Price of 1567851 - CAIXASIFONADADEPVC: R$49,90
[2022-10-03T12:55:19.694+0000] {tasks.py:322} INFO - Printing information
[2022-10-03T12:55:21.637+0000] {tasks.py:383} INFO - Price of 1570669 - CAPDEPVCROSCAVEL: R$264,00
[2022-10-03T12:55:21.637+0000] {tasks.py:322} INFO - Printing information
[2022-10-03T12:55:23.593+0000] {tasks.py:383} INFO - Price of 1570690 - LUVADEPVCROSCAVEL: R$120,00
[2022-10-03T12:55:23.594+0000] {tasks.py:322} INFO - Printing information
[2022-10-03T12:55:25.576+0000] {tasks.py:383} INFO - Price of 1570715 - CABODECOBREFLEXIVEL: R$352,00
[2022-10-03T12:55:25.576+0000] {tasks.py:322} INFO - Printing information
[2022-10-03T12:55:28.009+0000] {tasks.py:383} INFO - Price of 1567894 - CHAVEBOIA: R$39,00
[2022-10-03T12:55:28.010+0000] {tasks.py:322} INFO - Printing information
[2022-10-03T12:55:30.268+0000] {tasks.py:383} INFO - Price of 1570683 - JOELHO90degEMPVCPARAESGOTO: R$57,00
[2022-10-03T12:55:30.269+0000] {tasks.py:322} INFO - Printing information
[2022-10-03T12:55:32.178+0000] {tasks.py:383} INFO - Price of 1567875 - CAPDEPVCSOLDAVEL: R$57,00
[2022-10-03T12:55:32.179+0000] {tasks.py:322} INFO - Printing information
[2022-10-03T12:55:34.192+0000] {tasks.py:383} INFO - Price of 1570720 - CAIXADAGUADEPOLIETILENO: R$250,00
[2022-10-03T12:55:34.193+0000] {tasks.py:322} INFO - Printing information
[2022-10-03T12:55:36.763+0000] {tasks.py:383} INFO - Price of 1567891 - LUVADEREDUCAOEMPVC: R$168,00
[2022-10-03T12:55:36.764+0000] {tasks.py:322} INFO - Printing information
[2022-10-03T12:55:38.726+0000] {tasks.py:383} INFO - Price of 1570678 - JOELHO45degEMPVCSOLDAVEL: R$33,00
[2022-10-03T12:55:38.727+0000] {tasks.py:322} INFO - Printing information
[2022-10-03T12:55:40.840+0000] {tasks.py:383} INFO - Price of 1570667 - CAPDEPVCROSCAVEL: R$54,00
[2022-10-03T12:55:40.841+0000] {tasks.py:322} INFO - Printing information
[2022-10-03T12:55:43.287+0000] {tasks.py:383} INFO - Price of 1570702 - TEDEPVCSOLDAVEL: R$81,00
[2022-10-03T12:55:43.287+0000] {tasks.py:322} INFO - Printing information
[2022-10-03T12:55:45.252+0000] {tasks.py:383} INFO - Price of 1570718 - CAIXADAGUADEPOLIETILENOREDONDA: R$379,00
[2022-10-03T12:55:45.253+0000] {tasks.py:322} INFO - Printing information
[2022-10-03T12:55:47.319+0000] {tasks.py:383} INFO - Price of 1570711 - ABRACADEIRATIPOU: R$16,00
[2022-10-03T12:55:47.320+0000] {tasks.py:322} INFO - Printing information
[2022-10-03T12:55:50.315+0000] {tasks.py:383} INFO - Price of 1567893 - LUVADEREDUCAOEMPVC: R$57,00
[2022-10-03T12:55:50.315+0000] {tasks.py:322} INFO - Printing information
[2022-10-03T12:55:52.445+0000] {tasks.py:383} INFO - Price of 1567842 - BASEPARAVALVULADEDESCARGA: R$125,00
[2022-10-03T12:55:52.446+0000] {tasks.py:322} INFO - Printing information
[2022-10-03T12:55:54.572+0000] {tasks.py:383} INFO - Price of 1567876 - COLABRANCAEXTRA: R$38,00
[2022-10-03T12:55:54.572+0000] {tasks.py:322} INFO - Printing information
[2022-10-03T12:55:57.760+0000] {tasks.py:383} INFO - Price of 1567890 - CAPDEPVCPARAESGOTO: R$64,00
[2022-10-03T12:55:57.761+0000] {tasks.py:322} INFO - Printing information
[2022-10-03T12:55:59.934+0000] {tasks.py:383} INFO - Price of 1570699 - LUVADEPVCSOLDAVEL: R$120,00
[2022-10-03T12:55:59.935+0000] {tasks.py:322} INFO - Printing information
[2022-10-03T12:56:03.386+0000] {tasks.py:383} INFO - Price of 1567878 - BUCHADEREDUCAOEMPVCSOLDAVEL: R$86,00
[2022-10-03T12:56:03.387+0000] {tasks.py:322} INFO - Printing information
[2022-10-03T12:56:05.355+0000] {tasks.py:383} INFO - Price of 1570716 - CABODECOBREFLEXIVEL: R$743,00
[2022-10-03T12:56:05.356+0000] {tasks.py:322} INFO - Printing information
[2022-10-03T12:56:07.472+0000] {tasks.py:383} INFO - Price of 1567877 - TINTAZARCAO: R$129,00
[2022-10-03T12:56:07.472+0000] {tasks.py:322} INFO - Printing information
[2022-10-03T12:56:11.267+0000] {tasks.py:383} INFO - Price of 1567879 - TORNEIRADEJARDIM: R$36,00
[2022-10-03T12:56:11.268+0000] {tasks.py:322} INFO - Printing information
[2022-10-03T12:56:13.323+0000] {tasks.py:383} INFO - Price of 1570676 - JOELHO45degEMPVCSOLDAVEL: R$64,00
[2022-10-03T12:56:13.324+0000] {tasks.py:322} INFO - Printing information
[2022-10-03T12:56:17.275+0000] {tasks.py:383} INFO - Price of 1567885 - NIPELEMPVCROSCAVEL: R$120,00
[2022-10-03T12:56:17.275+0000] {tasks.py:322} INFO - Printing information
[2022-10-03T12:56:19.371+0000] {tasks.py:383} INFO - Price of 1567882 - TORNEIRADEBOIAEMMETALDEPRESSAO: R$79,00
[2022-10-03T12:56:19.371+0000] {tasks.py:322} INFO - Printing information
[2022-10-03T12:56:23.984+0000] {tasks.py:383} INFO - Price of 1567839 - ESMALTESINTETICO: R$123,00
[2022-10-03T12:56:23.985+0000] {tasks.py:322} INFO - Printing information
[2022-10-03T12:56:26.061+0000] {tasks.py:383} INFO - Price of 1567856 - INTERRUPTORDIFERENCIALRESIDUAL: R$95,00
[2022-10-03T12:56:26.062+0000] {tasks.py:322} INFO - Printing information
[2022-10-03T12:56:28.005+0000] {tasks.py:383} INFO - Price of 1570680 - JOELHOEMPVCSOLDAVEL: R$50,00
[2022-10-03T12:56:28.005+0000] {tasks.py:322} INFO - Printing information
[2022-10-03T12:56:28.169+0000] {tasks.py:410} INFO - Saved screenshots and prices
[2022-10-03T12:56:28.170+0000] {tasks.py:241} INFO - Test passed
[2022-10-03T12:56:28.176+0000] {tasks.py:267} INFO - Requested prices: 118
[2022-10-03T12:56:28.177+0000] {tasks.py:268} INFO - Scraped prices: 118
[2022-10-03T12:56:28.177+0000] {tasks.py:269} INFO - Day of the scraping: 03/10/2022
[2022-10-03T12:56:28.199+0000] {python.py:177} INFO - Done. Returned value was: None
[2022-10-03T12:56:28.220+0000] {taskinstance.py:1406} INFO - Marking task as SUCCESS. dag_id=primavera_place, task_id=colector, execution_date=20220901T000000, start_date=20221003T125050, end_date=20221003T125628
[2022-10-03T12:56:28.272+0000] {local_task_job.py:164} INFO - Task exited with return code 0
[2022-10-03T12:56:28.302+0000] {local_task_job.py:273} INFO - 1 downstream tasks scheduled from follow-on schedule check
