[2022-09-26T01:35:59.144+0000] {taskinstance.py:1165} INFO - Dependencies all met for <TaskInstance: encasa.prep scheduled__2022-09-25T00:00:00+00:00 [queued]>
[2022-09-26T01:35:59.152+0000] {taskinstance.py:1165} INFO - Dependencies all met for <TaskInstance: encasa.prep scheduled__2022-09-25T00:00:00+00:00 [queued]>
[2022-09-26T01:35:59.152+0000] {taskinstance.py:1362} INFO - 
--------------------------------------------------------------------------------
[2022-09-26T01:35:59.152+0000] {taskinstance.py:1363} INFO - Starting attempt 3 of 3
[2022-09-26T01:35:59.153+0000] {taskinstance.py:1364} INFO - 
--------------------------------------------------------------------------------
[2022-09-26T01:35:59.164+0000] {taskinstance.py:1383} INFO - Executing <Task(PythonOperator): prep> on 2022-09-25 00:00:00+00:00
[2022-09-26T01:35:59.168+0000] {standard_task_runner.py:54} INFO - Started process 2364 to run task
[2022-09-26T01:35:59.171+0000] {standard_task_runner.py:82} INFO - Running: ['***', 'tasks', 'run', 'encasa', 'prep', 'scheduled__2022-09-25T00:00:00+00:00', '--job-id', '15', '--raw', '--subdir', 'DAGS_FOLDER/dag.py', '--cfg-path', '/tmp/tmpg2u4c9tn']
[2022-09-26T01:35:59.171+0000] {standard_task_runner.py:83} INFO - Job 15: Subtask prep
[2022-09-26T01:35:59.172+0000] {dagbag.py:525} INFO - Filling up the DagBag from /opt/***/dags/dag.py
[2022-09-26T01:35:59.575+0000] {task_command.py:384} INFO - Running <TaskInstance: encasa.prep scheduled__2022-09-25T00:00:00+00:00 [running]> on host 4df58d125c59
[2022-09-26T01:35:59.627+0000] {taskinstance.py:1592} INFO - Exporting the following env vars:
AIRFLOW_CTX_DAG_OWNER=***
AIRFLOW_CTX_DAG_ID=encasa
AIRFLOW_CTX_TASK_ID=prep
AIRFLOW_CTX_EXECUTION_DATE=2022-09-25T00:00:00+00:00
AIRFLOW_CTX_TRY_NUMBER=3
AIRFLOW_CTX_DAG_RUN_ID=scheduled__2022-09-25T00:00:00+00:00
[2022-09-26T01:35:59.628+0000] {tasks.py:113} INFO - Reading the last request file for day 26/09/2022
[2022-09-26T01:35:59.943+0000] {tasks.py:92} INFO - Cleaning the column NM_INSUMO
[2022-09-26T01:36:00.164+0000] {tasks.py:131} INFO - Filtering for BP 93148 and period ['M20']
[2022-09-26T01:36:00.183+0000] {python.py:177} INFO - Done. Returned value was: None
[2022-09-26T01:36:00.191+0000] {taskinstance.py:1406} INFO - Marking task as SUCCESS. dag_id=encasa, task_id=prep, execution_date=20220925T000000, start_date=20220926T013559, end_date=20220926T013600
[2022-09-26T01:36:00.225+0000] {local_task_job.py:164} INFO - Task exited with return code 0
[2022-09-26T01:36:00.249+0000] {local_task_job.py:273} INFO - 0 downstream tasks scheduled from follow-on schedule check
