[2022-09-26T02:55:36.112+0000] {taskinstance.py:1165} INFO - Dependencies all met for <TaskInstance: rede_mercado.prep scheduled__2022-08-01T00:00:00+00:00 [queued]>
[2022-09-26T02:55:36.128+0000] {taskinstance.py:1165} INFO - Dependencies all met for <TaskInstance: rede_mercado.prep scheduled__2022-08-01T00:00:00+00:00 [queued]>
[2022-09-26T02:55:36.128+0000] {taskinstance.py:1362} INFO - 
--------------------------------------------------------------------------------
[2022-09-26T02:55:36.129+0000] {taskinstance.py:1363} INFO - Starting attempt 1 of 1
[2022-09-26T02:55:36.130+0000] {taskinstance.py:1364} INFO - 
--------------------------------------------------------------------------------
[2022-09-26T02:55:36.147+0000] {taskinstance.py:1383} INFO - Executing <Task(PythonOperator): prep> on 2022-08-01 00:00:00+00:00
[2022-09-26T02:55:36.152+0000] {standard_task_runner.py:54} INFO - Started process 243 to run task
[2022-09-26T02:55:36.156+0000] {standard_task_runner.py:82} INFO - Running: ['***', 'tasks', 'run', 'rede_mercado', 'prep', 'scheduled__2022-08-01T00:00:00+00:00', '--job-id', '40', '--raw', '--subdir', 'DAGS_FOLDER/dag.py', '--cfg-path', '/tmp/tmpoulkhgd4']
[2022-09-26T02:55:36.157+0000] {standard_task_runner.py:83} INFO - Job 40: Subtask prep
[2022-09-26T02:55:36.158+0000] {dagbag.py:525} INFO - Filling up the DagBag from /opt/***/dags/dag.py
[2022-09-26T02:55:36.772+0000] {task_command.py:384} INFO - Running <TaskInstance: rede_mercado.prep scheduled__2022-08-01T00:00:00+00:00 [running]> on host 8600278d5a66
[2022-09-26T02:55:36.876+0000] {taskinstance.py:1592} INFO - Exporting the following env vars:
AIRFLOW_CTX_DAG_OWNER=***
AIRFLOW_CTX_DAG_ID=rede_mercado
AIRFLOW_CTX_TASK_ID=prep
AIRFLOW_CTX_EXECUTION_DATE=2022-08-01T00:00:00+00:00
AIRFLOW_CTX_TRY_NUMBER=1
AIRFLOW_CTX_DAG_RUN_ID=scheduled__2022-08-01T00:00:00+00:00
[2022-09-26T02:55:36.878+0000] {tasks.py:113} INFO - Reading the last request file for day 26/09/2022
[2022-09-26T02:55:37.227+0000] {tasks.py:92} INFO - Cleaning the column NM_INSUMO
[2022-09-26T02:55:37.494+0000] {tasks.py:132} INFO - Filtering for BP 93048 and period ['M10']
[2022-09-26T02:55:37.524+0000] {tasks.py:43} INFO - Defining DEC to export information
[2022-09-26T02:55:37.554+0000] {tasks.py:140} INFO - Saved prep dataframe in ./data_output/REDE_MERCADO/coleta_2022/coleta_setembro/coleta_3_dec/saida_2022_09_26
[2022-09-26T02:55:37.557+0000] {python.py:177} INFO - Done. Returned value was: None
[2022-09-26T02:55:37.567+0000] {taskinstance.py:1406} INFO - Marking task as SUCCESS. dag_id=rede_mercado, task_id=prep, execution_date=20220801T000000, start_date=20220926T025536, end_date=20220926T025537
[2022-09-26T02:55:37.611+0000] {local_task_job.py:164} INFO - Task exited with return code 0
[2022-09-26T02:55:37.652+0000] {local_task_job.py:273} INFO - 1 downstream tasks scheduled from follow-on schedule check
