[2022-09-27T14:47:35.620+0000] {taskinstance.py:1165} INFO - Dependencies all met for <TaskInstance: saraiva.prep scheduled__2022-08-21T00:00:00+00:00 [queued]>
[2022-09-27T14:47:35.629+0000] {taskinstance.py:1165} INFO - Dependencies all met for <TaskInstance: saraiva.prep scheduled__2022-08-21T00:00:00+00:00 [queued]>
[2022-09-27T14:47:35.630+0000] {taskinstance.py:1362} INFO - 
--------------------------------------------------------------------------------
[2022-09-27T14:47:35.630+0000] {taskinstance.py:1363} INFO - Starting attempt 1 of 1
[2022-09-27T14:47:35.630+0000] {taskinstance.py:1364} INFO - 
--------------------------------------------------------------------------------
[2022-09-27T14:47:35.643+0000] {taskinstance.py:1383} INFO - Executing <Task(PythonOperator): prep> on 2022-08-21 00:00:00+00:00
[2022-09-27T14:47:35.647+0000] {standard_task_runner.py:54} INFO - Started process 3200 to run task
[2022-09-27T14:47:35.649+0000] {standard_task_runner.py:82} INFO - Running: ['***', 'tasks', 'run', 'saraiva', 'prep', 'scheduled__2022-08-21T00:00:00+00:00', '--job-id', '288', '--raw', '--subdir', 'DAGS_FOLDER/dag.py', '--cfg-path', '/tmp/tmplajjocdo']
[2022-09-27T14:47:35.650+0000] {standard_task_runner.py:83} INFO - Job 288: Subtask prep
[2022-09-27T14:47:35.650+0000] {dagbag.py:525} INFO - Filling up the DagBag from /opt/***/dags/dag.py
[2022-09-27T14:47:36.035+0000] {task_command.py:384} INFO - Running <TaskInstance: saraiva.prep scheduled__2022-08-21T00:00:00+00:00 [running]> on host 230d0404a0b6
[2022-09-27T14:47:36.094+0000] {taskinstance.py:1592} INFO - Exporting the following env vars:
AIRFLOW_CTX_DAG_OWNER=***
AIRFLOW_CTX_DAG_ID=saraiva
AIRFLOW_CTX_TASK_ID=prep
AIRFLOW_CTX_EXECUTION_DATE=2022-08-21T00:00:00+00:00
AIRFLOW_CTX_TRY_NUMBER=1
AIRFLOW_CTX_DAG_RUN_ID=scheduled__2022-08-21T00:00:00+00:00
[2022-09-27T14:47:36.095+0000] {tasks.py:112} INFO - Reading the last request file for day 27/09/2022
[2022-09-27T14:47:37.279+0000] {tasks.py:91} INFO - Cleaning the column NM_INSUMO
[2022-09-27T14:47:37.501+0000] {tasks.py:131} INFO - Filtering for BP ['46782', '73779', '87330', '40226'] and period ['M30']
[2022-09-27T14:47:37.512+0000] {tasks.py:42} INFO - Defining DEC to export information
[2022-09-27T14:47:37.530+0000] {tasks.py:139} INFO - Saved prep dataframe in ./data_output/SARAIVA/coleta_2022/coleta_setembro/coleta_3_dec/saida_2022_09_27
[2022-09-27T14:47:37.533+0000] {python.py:177} INFO - Done. Returned value was: None
[2022-09-27T14:47:37.542+0000] {taskinstance.py:1406} INFO - Marking task as SUCCESS. dag_id=saraiva, task_id=prep, execution_date=20220821T000000, start_date=20220927T144735, end_date=20220927T144737
[2022-09-27T14:47:38.269+0000] {local_task_job.py:164} INFO - Task exited with return code 0
[2022-09-27T14:47:40.109+0000] {local_task_job.py:273} INFO - 1 downstream tasks scheduled from follow-on schedule check
