[2022-10-05T14:13:50.540+0000] {taskinstance.py:1165} INFO - Dependencies all met for <TaskInstance: tek_distribuidora.colector scheduled__2022-09-01T00:00:00+00:00 [queued]>
[2022-10-05T14:13:50.552+0000] {taskinstance.py:1165} INFO - Dependencies all met for <TaskInstance: tek_distribuidora.colector scheduled__2022-09-01T00:00:00+00:00 [queued]>
[2022-10-05T14:13:50.553+0000] {taskinstance.py:1362} INFO - 
--------------------------------------------------------------------------------
[2022-10-05T14:13:50.554+0000] {taskinstance.py:1363} INFO - Starting attempt 1 of 1
[2022-10-05T14:13:50.554+0000] {taskinstance.py:1364} INFO - 
--------------------------------------------------------------------------------
[2022-10-05T14:13:50.569+0000] {taskinstance.py:1383} INFO - Executing <Task(PythonOperator): colector> on 2022-09-01 00:00:00+00:00
[2022-10-05T14:13:50.573+0000] {standard_task_runner.py:54} INFO - Started process 135 to run task
[2022-10-05T14:13:50.575+0000] {standard_task_runner.py:82} INFO - Running: ['***', 'tasks', 'run', 'tek_distribuidora', 'colector', 'scheduled__2022-09-01T00:00:00+00:00', '--job-id', '419', '--raw', '--subdir', 'DAGS_FOLDER/dag.py', '--cfg-path', '/tmp/tmpvakys_96']
[2022-10-05T14:13:50.576+0000] {standard_task_runner.py:83} INFO - Job 419: Subtask colector
[2022-10-05T14:13:50.577+0000] {dagbag.py:525} INFO - Filling up the DagBag from /opt/***/dags/dag.py
[2022-10-05T14:13:50.993+0000] {task_command.py:384} INFO - Running <TaskInstance: tek_distribuidora.colector scheduled__2022-09-01T00:00:00+00:00 [running]> on host 9a36b0424536
[2022-10-05T14:13:51.055+0000] {taskinstance.py:1592} INFO - Exporting the following env vars:
AIRFLOW_CTX_DAG_OWNER=***
AIRFLOW_CTX_DAG_ID=tek_distribuidora
AIRFLOW_CTX_TASK_ID=colector
AIRFLOW_CTX_EXECUTION_DATE=2022-09-01T00:00:00+00:00
AIRFLOW_CTX_TRY_NUMBER=1
AIRFLOW_CTX_DAG_RUN_ID=scheduled__2022-09-01T00:00:00+00:00
[2022-10-05T14:13:51.056+0000] {tasks.py:39} INFO - Defining DEC to export information
[2022-10-05T14:13:51.062+0000] {tasks.py:353} INFO - Reading prep dataframe
[2022-10-05T14:13:51.071+0000] {tasks.py:146} INFO - Instantiating the Browser with the requested settings
[2022-10-05T14:13:55.529+0000] {tasks.py:160} INFO - Browser configured
[2022-10-05T14:13:55.531+0000] {tasks.py:283} INFO - Removing nan URL values
[2022-10-05T14:13:55.532+0000] {tasks.py:284} INFO - Requested prices before: 24
[2022-10-05T14:13:55.536+0000] {tasks.py:289} INFO - Requested prices after: 24
[2022-10-05T14:14:09.507+0000] {tasks.py:383} INFO - Price of 1578488 - FITAADESIVAISOLANTE: 2,35
[2022-10-05T14:14:09.508+0000] {tasks.py:322} INFO - Printing information
[2022-10-05T14:14:14.075+0000] {tasks.py:383} INFO - Price of 1578482 - CABODECOBREISOLADOFLEXIVEL: 504,60
[2022-10-05T14:14:14.076+0000] {tasks.py:322} INFO - Printing information
[2022-10-05T14:14:20.116+0000] {tasks.py:383} INFO - Price of 1578481 - CABODECOBREISOLADOFLEXIVEL: 219,95
[2022-10-05T14:14:20.117+0000] {tasks.py:322} INFO - Printing information
[2022-10-05T14:14:26.560+0000] {tasks.py:383} INFO - Price of 1578486 - CHUVEIROELETRICO: 56,15
[2022-10-05T14:14:26.561+0000] {tasks.py:322} INFO - Printing information
[2022-10-05T14:14:33.152+0000] {tasks.py:383} INFO - Price of 1578479 - CABODECOBREISOLADOFLEXIVEL: 879,60
[2022-10-05T14:14:33.153+0000] {tasks.py:322} INFO - Printing information
[2022-10-05T14:14:39.183+0000] {tasks.py:383} INFO - Price of 1578468 - COTOVELOEXTENOPARACANALETAELETROCALHA: 1,40
[2022-10-05T14:14:39.184+0000] {tasks.py:322} INFO - Printing information
[2022-10-05T14:14:44.327+0000] {tasks.py:383} INFO - Price of 1578480 - CABODECOBREISOLADOFLEXIVEL: 204,09
[2022-10-05T14:14:44.327+0000] {tasks.py:322} INFO - Printing information
[2022-10-05T14:14:49.644+0000] {tasks.py:383} INFO - Price of 1578476 - CABODECOBREISOLADOFLEXIVEL: 1.443,25
[2022-10-05T14:14:49.645+0000] {tasks.py:322} INFO - Printing information
[2022-10-05T14:14:57.691+0000] {tasks.py:383} INFO - Price of 1578478 - CABODECOBREISOLADOFLEXIVEL: 2.019,55
[2022-10-05T14:14:57.691+0000] {tasks.py:322} INFO - Printing information
[2022-10-05T14:15:04.992+0000] {tasks.py:383} INFO - Price of 1578471 - LAMPADAFLUORESCENTE: 16,10
[2022-10-05T14:15:04.992+0000] {tasks.py:322} INFO - Printing information
[2022-10-05T14:15:09.814+0000] {tasks.py:383} INFO - Price of 1578467 - COTOVELO90PARACANALETADEPLASTICO: 9,10
[2022-10-05T14:15:09.814+0000] {tasks.py:322} INFO - Printing information
[2022-10-05T14:15:15.348+0000] {tasks.py:383} INFO - Price of 1578470 - COTOVELOINTERNOPARACANALETAELETROCALHA: 6,40
[2022-10-05T14:15:15.348+0000] {tasks.py:322} INFO - Printing information
[2022-10-05T14:15:20.768+0000] {tasks.py:383} INFO - Price of 1578489 - FITAADESIVAISOLANTE: 1,40
[2022-10-05T14:15:20.769+0000] {tasks.py:322} INFO - Printing information
[2022-10-05T14:15:25.762+0000] {tasks.py:383} INFO - Price of 1578472 - ALCAPREFORMADA: 1,58
[2022-10-05T14:15:25.762+0000] {tasks.py:322} INFO - Printing information
[2022-10-05T14:15:31.660+0000] {tasks.py:383} INFO - Price of 1578485 - PATCHCORD: 7,50
[2022-10-05T14:15:31.660+0000] {tasks.py:322} INFO - Printing information
[2022-10-05T14:15:36.098+0000] {tasks.py:383} INFO - Price of 1578466 - CADEADODELATAOMACICO: 17,65
[2022-10-05T14:15:36.099+0000] {tasks.py:322} INFO - Printing information
[2022-10-05T14:15:40.524+0000] {tasks.py:383} INFO - Price of 1578473 - DISJUNTORTRIPOLAR: 69,90
[2022-10-05T14:15:40.525+0000] {tasks.py:322} INFO - Printing information
[2022-10-05T14:15:50.859+0000] {tasks.py:383} INFO - Price of 1578484 - PATCHCORD: 5,10
[2022-10-05T14:15:50.860+0000] {tasks.py:322} INFO - Printing information
[2022-10-05T14:15:56.950+0000] {tasks.py:383} INFO - Price of 1578483 - CABODEREDE: 426,90
[2022-10-05T14:15:56.950+0000] {tasks.py:322} INFO - Printing information
[2022-10-05T14:16:03.532+0000] {tasks.py:383} INFO - Price of 1578487 - FITAADESIVAISOLANTE: 2,35
[2022-10-05T14:16:03.533+0000] {tasks.py:322} INFO - Printing information
[2022-10-05T14:16:09.584+0000] {tasks.py:383} INFO - Price of 1578477 - CABODECOBREISOLADOFLEXIVEL: 2.160,25
[2022-10-05T14:16:09.585+0000] {tasks.py:322} INFO - Printing information
[2022-10-05T14:16:17.759+0000] {tasks.py:383} INFO - Price of 1578469 - COTOVELOEXTERNOPARACANALETADEPLASTICO: 4,50
[2022-10-05T14:16:17.759+0000] {tasks.py:322} INFO - Printing information
[2022-10-05T14:16:25.261+0000] {tasks.py:383} INFO - Price of 1578475 - CABODECOBREISOLADOFLEXIVEL: 2.382,15
[2022-10-05T14:16:25.262+0000] {tasks.py:322} INFO - Printing information
[2022-10-05T14:16:31.606+0000] {tasks.py:383} INFO - Price of 1578474 - CABODECOBREISOLADOFLEXIVEL: 1.624,45
[2022-10-05T14:16:31.607+0000] {tasks.py:322} INFO - Printing information
[2022-10-05T14:16:31.709+0000] {tasks.py:410} INFO - Saved screenshots and prices
[2022-10-05T14:16:31.711+0000] {tasks.py:241} INFO - Test passed
[2022-10-05T14:16:31.715+0000] {tasks.py:267} INFO - Requested prices: 24
[2022-10-05T14:16:31.715+0000] {tasks.py:268} INFO - Scraped prices: 24
[2022-10-05T14:16:31.715+0000] {tasks.py:269} INFO - Day of the scraping: 05/10/2022
[2022-10-05T14:16:31.732+0000] {python.py:177} INFO - Done. Returned value was: None
[2022-10-05T14:16:31.752+0000] {taskinstance.py:1406} INFO - Marking task as SUCCESS. dag_id=tek_distribuidora, task_id=colector, execution_date=20220901T000000, start_date=20221005T141350, end_date=20221005T141631
[2022-10-05T14:16:31.804+0000] {local_task_job.py:164} INFO - Task exited with return code 0
[2022-10-05T14:16:31.836+0000] {local_task_job.py:273} INFO - 1 downstream tasks scheduled from follow-on schedule check
