[2022-09-30T18:44:53.179+0000] {taskinstance.py:1165} INFO - Dependencies all met for <TaskInstance: casa_das_ferragens.prep manual__2022-09-30T18:44:52.473155+00:00 [queued]>
[2022-09-30T18:44:53.187+0000] {taskinstance.py:1165} INFO - Dependencies all met for <TaskInstance: casa_das_ferragens.prep manual__2022-09-30T18:44:52.473155+00:00 [queued]>
[2022-09-30T18:44:53.188+0000] {taskinstance.py:1362} INFO - 
--------------------------------------------------------------------------------
[2022-09-30T18:44:53.188+0000] {taskinstance.py:1363} INFO - Starting attempt 1 of 1
[2022-09-30T18:44:53.188+0000] {taskinstance.py:1364} INFO - 
--------------------------------------------------------------------------------
[2022-09-30T18:44:53.199+0000] {taskinstance.py:1383} INFO - Executing <Task(PythonOperator): prep> on 2022-09-30 18:44:52.473155+00:00
[2022-09-30T18:44:53.204+0000] {standard_task_runner.py:54} INFO - Started process 304 to run task
[2022-09-30T18:44:53.205+0000] {standard_task_runner.py:82} INFO - Running: ['***', 'tasks', 'run', 'casa_das_ferragens', 'prep', 'manual__2022-09-30T18:44:52.473155+00:00', '--job-id', '340', '--raw', '--subdir', 'DAGS_FOLDER/dag.py', '--cfg-path', '/tmp/tmp5fp2qexr']
[2022-09-30T18:44:53.206+0000] {standard_task_runner.py:83} INFO - Job 340: Subtask prep
[2022-09-30T18:44:53.207+0000] {dagbag.py:525} INFO - Filling up the DagBag from /opt/***/dags/dag.py
[2022-09-30T18:44:53.626+0000] {task_command.py:384} INFO - Running <TaskInstance: casa_das_ferragens.prep manual__2022-09-30T18:44:52.473155+00:00 [running]> on host dc20523c063c
[2022-09-30T18:44:53.683+0000] {taskinstance.py:1592} INFO - Exporting the following env vars:
AIRFLOW_CTX_DAG_OWNER=***
AIRFLOW_CTX_DAG_ID=casa_das_ferragens
AIRFLOW_CTX_TASK_ID=prep
AIRFLOW_CTX_EXECUTION_DATE=2022-09-30T18:44:52.473155+00:00
AIRFLOW_CTX_TRY_NUMBER=1
AIRFLOW_CTX_DAG_RUN_ID=manual__2022-09-30T18:44:52.473155+00:00
[2022-09-30T18:44:53.684+0000] {tasks.py:109} INFO - Reading the last request file for day 30/09/2022
[2022-09-30T18:44:54.112+0000] {tasks.py:88} INFO - Cleaning the column NM_INSUMO
[2022-09-30T18:44:54.342+0000] {tasks.py:128} INFO - Filtering for BP ['93126'] and period ['M30']
[2022-09-30T18:44:54.355+0000] {tasks.py:39} INFO - Defining DEC to export information
[2022-09-30T18:44:54.369+0000] {tasks.py:136} INFO - Saved prep dataframe in ./data_output/CASA_DAS_FERRAGENS/coleta_2022/coleta_setembro/coleta_3_dec/saida_2022_09_30
[2022-09-30T18:44:54.372+0000] {python.py:177} INFO - Done. Returned value was: None
[2022-09-30T18:44:54.381+0000] {taskinstance.py:1406} INFO - Marking task as SUCCESS. dag_id=casa_das_ferragens, task_id=prep, execution_date=20220930T184452, start_date=20220930T184453, end_date=20220930T184454
[2022-09-30T18:44:54.421+0000] {local_task_job.py:164} INFO - Task exited with return code 0
[2022-09-30T18:44:54.446+0000] {local_task_job.py:273} INFO - 0 downstream tasks scheduled from follow-on schedule check
