[2022-09-25T23:32:42.815+0000] {taskinstance.py:1165} INFO - Dependencies all met for <TaskInstance: encasa.prep manual__2022-09-25T23:32:41.540461+00:00 [queued]>
[2022-09-25T23:32:42.824+0000] {taskinstance.py:1165} INFO - Dependencies all met for <TaskInstance: encasa.prep manual__2022-09-25T23:32:41.540461+00:00 [queued]>
[2022-09-25T23:32:42.825+0000] {taskinstance.py:1362} INFO - 
--------------------------------------------------------------------------------
[2022-09-25T23:32:42.825+0000] {taskinstance.py:1363} INFO - Starting attempt 1 of 1
[2022-09-25T23:32:42.826+0000] {taskinstance.py:1364} INFO - 
--------------------------------------------------------------------------------
[2022-09-25T23:32:42.838+0000] {taskinstance.py:1383} INFO - Executing <Task(PythonOperator): prep> on 2022-09-25 23:32:41.540461+00:00
[2022-09-25T23:32:42.842+0000] {standard_task_runner.py:54} INFO - Started process 152 to run task
[2022-09-25T23:32:42.844+0000] {standard_task_runner.py:82} INFO - Running: ['***', 'tasks', 'run', 'encasa', 'prep', 'manual__2022-09-25T23:32:41.540461+00:00', '--job-id', '70', '--raw', '--subdir', 'DAGS_FOLDER/dag.py', '--cfg-path', '/tmp/tmp91xfou2z']
[2022-09-25T23:32:42.845+0000] {standard_task_runner.py:83} INFO - Job 70: Subtask prep
[2022-09-25T23:32:42.846+0000] {dagbag.py:525} INFO - Filling up the DagBag from /opt/***/dags/dag.py
[2022-09-25T23:32:43.407+0000] {task_command.py:384} INFO - Running <TaskInstance: encasa.prep manual__2022-09-25T23:32:41.540461+00:00 [running]> on host 4f5142878d09
[2022-09-25T23:32:43.466+0000] {taskinstance.py:1592} INFO - Exporting the following env vars:
AIRFLOW_CTX_DAG_OWNER=***
AIRFLOW_CTX_DAG_ID=encasa
AIRFLOW_CTX_TASK_ID=prep
AIRFLOW_CTX_EXECUTION_DATE=2022-09-25T23:32:41.540461+00:00
AIRFLOW_CTX_TRY_NUMBER=1
AIRFLOW_CTX_DAG_RUN_ID=manual__2022-09-25T23:32:41.540461+00:00
[2022-09-25T23:32:43.467+0000] {tasks.py:112} INFO - Reading the last request file for day 25/09/2022
[2022-09-25T23:32:43.817+0000] {tasks.py:92} INFO - Cleaning the column NM_INSUMO
[2022-09-25T23:32:44.059+0000] {tasks.py:129} INFO - Filtering for BP 93148 and period ['M20']
[2022-09-25T23:32:44.081+0000] {python.py:177} INFO - Done. Returned value was: None
[2022-09-25T23:32:44.092+0000] {taskinstance.py:1406} INFO - Marking task as SUCCESS. dag_id=encasa, task_id=prep, execution_date=20220925T233241, start_date=20220925T233242, end_date=20220925T233244
[2022-09-25T23:32:44.141+0000] {local_task_job.py:164} INFO - Task exited with return code 0
[2022-09-25T23:32:44.167+0000] {local_task_job.py:273} INFO - 1 downstream tasks scheduled from follow-on schedule check
