[2022-09-25T23:45:09.220+0000] {taskinstance.py:1165} INFO - Dependencies all met for <TaskInstance: encasa.prep manual__2022-09-25T23:32:41.540461+00:00 [queued]>
[2022-09-25T23:45:09.229+0000] {taskinstance.py:1165} INFO - Dependencies all met for <TaskInstance: encasa.prep manual__2022-09-25T23:32:41.540461+00:00 [queued]>
[2022-09-25T23:45:09.230+0000] {taskinstance.py:1362} INFO - 
--------------------------------------------------------------------------------
[2022-09-25T23:45:09.230+0000] {taskinstance.py:1363} INFO - Starting attempt 2 of 2
[2022-09-25T23:45:09.230+0000] {taskinstance.py:1364} INFO - 
--------------------------------------------------------------------------------
[2022-09-25T23:45:09.245+0000] {taskinstance.py:1383} INFO - Executing <Task(PythonOperator): prep> on 2022-09-25 23:32:41.540461+00:00
[2022-09-25T23:45:09.250+0000] {standard_task_runner.py:54} INFO - Started process 62 to run task
[2022-09-25T23:45:09.253+0000] {standard_task_runner.py:82} INFO - Running: ['***', 'tasks', 'run', 'encasa', 'prep', 'manual__2022-09-25T23:32:41.540461+00:00', '--job-id', '76', '--raw', '--subdir', 'DAGS_FOLDER/dag.py', '--cfg-path', '/tmp/tmpaom0q_au']
[2022-09-25T23:45:09.253+0000] {standard_task_runner.py:83} INFO - Job 76: Subtask prep
[2022-09-25T23:45:09.254+0000] {dagbag.py:525} INFO - Filling up the DagBag from /opt/***/dags/dag.py
[2022-09-25T23:45:09.828+0000] {task_command.py:384} INFO - Running <TaskInstance: encasa.prep manual__2022-09-25T23:32:41.540461+00:00 [running]> on host 4f5142878d09
[2022-09-25T23:45:09.895+0000] {taskinstance.py:1592} INFO - Exporting the following env vars:
AIRFLOW_CTX_DAG_OWNER=***
AIRFLOW_CTX_DAG_ID=encasa
AIRFLOW_CTX_TASK_ID=prep
AIRFLOW_CTX_EXECUTION_DATE=2022-09-25T23:32:41.540461+00:00
AIRFLOW_CTX_TRY_NUMBER=2
AIRFLOW_CTX_DAG_RUN_ID=manual__2022-09-25T23:32:41.540461+00:00
[2022-09-25T23:45:09.896+0000] {tasks.py:112} INFO - Reading the last request file for day 25/09/2022
[2022-09-25T23:45:10.509+0000] {tasks.py:92} INFO - Cleaning the column NM_INSUMO
[2022-09-25T23:45:10.753+0000] {tasks.py:129} INFO - Filtering for BP 93148 and period ['M20']
[2022-09-25T23:45:10.769+0000] {python.py:177} INFO - Done. Returned value was: None
[2022-09-25T23:45:10.777+0000] {taskinstance.py:1406} INFO - Marking task as SUCCESS. dag_id=encasa, task_id=prep, execution_date=20220925T233241, start_date=20220925T234509, end_date=20220925T234510
[2022-09-25T23:45:10.829+0000] {local_task_job.py:164} INFO - Task exited with return code 0
[2022-09-25T23:45:10.854+0000] {local_task_job.py:273} INFO - 1 downstream tasks scheduled from follow-on schedule check
