[2022-09-24T18:13:34.775+0000] {taskinstance.py:1165} INFO - Dependencies all met for <TaskInstance: encasa.colector manual__2022-09-24T13:49:38.592870+00:00 [queued]>
[2022-09-24T18:13:34.785+0000] {taskinstance.py:1165} INFO - Dependencies all met for <TaskInstance: encasa.colector manual__2022-09-24T13:49:38.592870+00:00 [queued]>
[2022-09-24T18:13:34.786+0000] {taskinstance.py:1362} INFO - 
--------------------------------------------------------------------------------
[2022-09-24T18:13:34.786+0000] {taskinstance.py:1363} INFO - Starting attempt 3 of 3
[2022-09-24T18:13:34.786+0000] {taskinstance.py:1364} INFO - 
--------------------------------------------------------------------------------
[2022-09-24T18:13:34.799+0000] {taskinstance.py:1383} INFO - Executing <Task(PythonOperator): colector> on 2022-09-24 13:49:38.592870+00:00
[2022-09-24T18:13:34.803+0000] {standard_task_runner.py:54} INFO - Started process 246 to run task
[2022-09-24T18:13:34.805+0000] {standard_task_runner.py:82} INFO - Running: ['***', 'tasks', 'run', 'encasa', 'colector', 'manual__2022-09-24T13:49:38.592870+00:00', '--job-id', '34', '--raw', '--subdir', 'DAGS_FOLDER/dag.py', '--cfg-path', '/tmp/tmp0j7z4ojq']
[2022-09-24T18:13:34.805+0000] {standard_task_runner.py:83} INFO - Job 34: Subtask colector
[2022-09-24T18:13:34.806+0000] {dagbag.py:525} INFO - Filling up the DagBag from /opt/***/dags/dag.py
[2022-09-24T18:13:35.235+0000] {task_command.py:384} INFO - Running <TaskInstance: encasa.colector manual__2022-09-24T13:49:38.592870+00:00 [running]> on host 4f5142878d09
[2022-09-24T18:13:35.300+0000] {taskinstance.py:1592} INFO - Exporting the following env vars:
AIRFLOW_CTX_DAG_OWNER=***
AIRFLOW_CTX_DAG_ID=encasa
AIRFLOW_CTX_TASK_ID=colector
AIRFLOW_CTX_EXECUTION_DATE=2022-09-24T13:49:38.592870+00:00
AIRFLOW_CTX_TRY_NUMBER=3
AIRFLOW_CTX_DAG_RUN_ID=manual__2022-09-24T13:49:38.592870+00:00
[2022-09-24T18:13:35.301+0000] {tasks.py:42} INFO - Defining DEC to export information
[2022-09-24T18:13:35.312+0000] {tasks.py:340} INFO - Reading prep dataframe
[2022-09-24T18:13:35.319+0000] {tasks.py:145} INFO - Instantiating the Browser with the requested settings
[2022-09-24T18:13:35.319+0000] {tasks.py:150} INFO - Browser configured
[2022-09-24T18:13:35.320+0000] {logger.py:11} INFO - ====== WebDriver manager ======
[2022-09-24T18:13:35.435+0000] {logger.py:11} INFO - Get LATEST geckodriver version for None firefox
[2022-09-24T18:13:35.435+0000] {logger.py:11} INFO - GH_TOKEN will be used to perform requests
[2022-09-24T18:13:35.945+0000] {logger.py:11} INFO - There is no [linux64] geckodriver for browser None in cache
[2022-09-24T18:13:35.946+0000] {logger.py:11} INFO - Getting latest mozilla release info for v0.31.0
[2022-09-24T18:13:35.947+0000] {logger.py:11} INFO - GH_TOKEN will be used to perform requests
[2022-09-24T18:13:36.223+0000] {logger.py:11} INFO - About to download new driver from https://github.com/mozilla/geckodriver/releases/download/v0.31.0/geckodriver-v0.31.0-linux64.tar.gz
[2022-09-24T18:13:37.509+0000] {logging_mixin.py:117} WARNING - [WDM] - Downloading:   0%|          | 0.00/2.59M [00:00<?, ?B/s]
[2022-09-24T18:13:37.610+0000] {logging_mixin.py:117} WARNING - [WDM] - Downloading:   1%|          | 16.0k/2.59M [00:00<00:16, 163kB/s]
[2022-09-24T18:13:37.724+0000] {logging_mixin.py:117} WARNING - [WDM] - Downloading:   2%|1         | 48.0k/2.59M [00:00<00:11, 241kB/s]
[2022-09-24T18:13:37.841+0000] {logging_mixin.py:117} WARNING - [WDM] - Downloading:   3%|3         | 80.0k/2.59M [00:00<00:10, 259kB/s]
[2022-09-24T18:13:37.947+0000] {logging_mixin.py:117} WARNING - [WDM] - Downloading:   5%|5         | 144k/2.59M [00:00<00:06, 396kB/s] 
[2022-09-24T18:13:38.059+0000] {logging_mixin.py:117} WARNING - [WDM] - Downloading:   9%|9         | 240k/2.59M [00:00<00:04, 573kB/s]
[2022-09-24T18:13:38.170+0000] {logging_mixin.py:117} WARNING - [WDM] - Downloading:  14%|#3        | 368k/2.59M [00:00<00:03, 779kB/s]
[2022-09-24T18:13:38.282+0000] {logging_mixin.py:117} WARNING - [WDM] - Downloading:  21%|##        | 544k/2.59M [00:00<00:02, 1.05MB/s]
[2022-09-24T18:13:38.396+0000] {logging_mixin.py:117} WARNING - [WDM] - Downloading:  30%|##9       | 784k/2.59M [00:00<00:01, 1.41MB/s]
[2022-09-24T18:13:38.506+0000] {logging_mixin.py:117} WARNING - [WDM] - Downloading:  43%|####2     | 1.11M/2.59M [00:00<00:00, 1.99MB/s]
[2022-09-24T18:13:38.616+0000] {logging_mixin.py:117} WARNING - [WDM] - Downloading:  62%|######2   | 1.61M/2.59M [00:01<00:00, 2.83MB/s]
[2022-09-24T18:13:38.728+0000] {logging_mixin.py:117} WARNING - [WDM] - Downloading:  90%|########9 | 2.33M/2.59M [00:01<00:00, 4.04MB/s]
[2022-09-24T18:13:38.741+0000] {logging_mixin.py:117} WARNING - [WDM] - Downloading: 100%|##########| 2.59M/2.59M [00:01<00:00, 2.20MB/s]
[2022-09-24T18:13:38.999+0000] {logger.py:11} INFO - Driver has been saved in cache [/home/***/.wdm/drivers/geckodriver/linux64/0.31]
[2022-09-24T18:13:39.012+0000] {taskinstance.py:1851} ERROR - Task failed with exception
Traceback (most recent call last):
  File "/home/airflow/.local/lib/python3.7/site-packages/airflow/operators/python.py", line 175, in execute
    return_value = self.execute_callable()
  File "/home/airflow/.local/lib/python3.7/site-packages/airflow/operators/python.py", line 193, in execute_callable
    return self.python_callable(*self.op_args, **self.op_kwargs)
  File "/opt/airflow/dags/tasks.py", line 342, in colector
    browser = config_browser(config)
  File "/opt/airflow/dags/tasks.py", line 152, in config_browser
    service=FirefoxService(GeckoDriverManager().install()), options=options
  File "/home/airflow/.local/lib/python3.7/site-packages/selenium/webdriver/firefox/webdriver.py", line 180, in __init__
    keep_alive=True)
  File "/home/airflow/.local/lib/python3.7/site-packages/selenium/webdriver/remote/webdriver.py", line 270, in __init__
    self.start_session(capabilities, browser_profile)
  File "/home/airflow/.local/lib/python3.7/site-packages/selenium/webdriver/remote/webdriver.py", line 363, in start_session
    response = self.execute(Command.NEW_SESSION, parameters)
  File "/home/airflow/.local/lib/python3.7/site-packages/selenium/webdriver/remote/webdriver.py", line 428, in execute
    self.error_handler.check_response(response)
  File "/home/airflow/.local/lib/python3.7/site-packages/selenium/webdriver/remote/errorhandler.py", line 243, in check_response
    raise exception_class(message, screen, stacktrace)
selenium.common.exceptions.SessionNotCreatedException: Message: Expected browser binary location, but unable to find binary in default location, no 'moz:firefoxOptions.binary' capability provided, and no binary flag set on the command line

[2022-09-24T18:13:39.029+0000] {taskinstance.py:1406} INFO - Marking task as FAILED. dag_id=encasa, task_id=colector, execution_date=20220924T134938, start_date=20220924T181334, end_date=20220924T181339
[2022-09-24T18:13:39.043+0000] {standard_task_runner.py:107} ERROR - Failed to execute job 34 for task colector (Message: Expected browser binary location, but unable to find binary in default location, no 'moz:firefoxOptions.binary' capability provided, and no binary flag set on the command line
; 246)
[2022-09-24T18:13:39.072+0000] {local_task_job.py:164} INFO - Task exited with return code 1
[2022-09-24T18:13:39.104+0000] {local_task_job.py:273} INFO - 0 downstream tasks scheduled from follow-on schedule check
