[2022-09-25T23:45:40.099+0000] {taskinstance.py:1165} INFO - Dependencies all met for <TaskInstance: encasa.colector manual__2022-09-25T23:32:41.540461+00:00 [queued]>
[2022-09-25T23:45:40.109+0000] {taskinstance.py:1165} INFO - Dependencies all met for <TaskInstance: encasa.colector manual__2022-09-25T23:32:41.540461+00:00 [queued]>
[2022-09-25T23:45:40.110+0000] {taskinstance.py:1362} INFO - 
--------------------------------------------------------------------------------
[2022-09-25T23:45:40.110+0000] {taskinstance.py:1363} INFO - Starting attempt 4 of 4
[2022-09-25T23:45:40.196+0000] {taskinstance.py:1364} INFO - 
--------------------------------------------------------------------------------
[2022-09-25T23:45:40.362+0000] {taskinstance.py:1383} INFO - Executing <Task(PythonOperator): colector> on 2022-09-25 23:32:41.540461+00:00
[2022-09-25T23:45:40.365+0000] {standard_task_runner.py:54} INFO - Started process 111 to run task
[2022-09-25T23:45:40.367+0000] {standard_task_runner.py:82} INFO - Running: ['***', 'tasks', 'run', 'encasa', 'colector', 'manual__2022-09-25T23:32:41.540461+00:00', '--job-id', '78', '--raw', '--subdir', 'DAGS_FOLDER/dag.py', '--cfg-path', '/tmp/tmp812dcuk7']
[2022-09-25T23:45:40.367+0000] {standard_task_runner.py:83} INFO - Job 78: Subtask colector
[2022-09-25T23:45:40.368+0000] {dagbag.py:525} INFO - Filling up the DagBag from /opt/***/dags/dag.py
[2022-09-25T23:45:40.968+0000] {task_command.py:384} INFO - Running <TaskInstance: encasa.colector manual__2022-09-25T23:32:41.540461+00:00 [running]> on host 4f5142878d09
[2022-09-25T23:45:41.140+0000] {taskinstance.py:1592} INFO - Exporting the following env vars:
AIRFLOW_CTX_DAG_OWNER=***
AIRFLOW_CTX_DAG_ID=encasa
AIRFLOW_CTX_TASK_ID=colector
AIRFLOW_CTX_EXECUTION_DATE=2022-09-25T23:32:41.540461+00:00
AIRFLOW_CTX_TRY_NUMBER=4
AIRFLOW_CTX_DAG_RUN_ID=manual__2022-09-25T23:32:41.540461+00:00
[2022-09-25T23:45:41.141+0000] {tasks.py:43} INFO - Defining DEC to export information
[2022-09-25T23:45:41.146+0000] {tasks.py:341} INFO - Reading prep dataframe
[2022-09-25T23:45:41.151+0000] {tasks.py:146} INFO - Instantiating the Browser with the requested settings
[2022-09-25T23:45:41.151+0000] {tasks.py:151} INFO - Browser configured
[2022-09-25T23:45:41.151+0000] {logger.py:11} INFO - ====== WebDriver manager ======
[2022-09-25T23:45:41.191+0000] {logger.py:11} INFO - Get LATEST geckodriver version for None firefox
[2022-09-25T23:45:41.191+0000] {logger.py:11} INFO - GH_TOKEN will be used to perform requests
[2022-09-25T23:45:41.522+0000] {logger.py:11} INFO - Driver [/home/***/.wdm/drivers/geckodriver/linux64/0.31/geckodriver] found in cache
[2022-09-25T23:45:41.523+0000] {taskinstance.py:1851} ERROR - Task failed with exception
Traceback (most recent call last):
  File "/home/airflow/.local/lib/python3.7/site-packages/airflow/operators/python.py", line 175, in execute
    return_value = self.execute_callable()
  File "/home/airflow/.local/lib/python3.7/site-packages/airflow/operators/python.py", line 193, in execute_callable
    return self.python_callable(*self.op_args, **self.op_kwargs)
  File "/opt/airflow/dags/tasks.py", line 343, in colector
    browser = config_browser(config)
  File "/opt/airflow/dags/tasks.py", line 153, in config_browser
    service=FirefoxService(GeckoDriverManager().install()), options=options, firefox_binary=firefox_binary
NameError: name 'firefox_binary' is not defined
[2022-09-25T23:45:41.532+0000] {taskinstance.py:1406} INFO - Marking task as FAILED. dag_id=encasa, task_id=colector, execution_date=20220925T233241, start_date=20220925T234540, end_date=20220925T234541
[2022-09-25T23:45:41.771+0000] {standard_task_runner.py:107} ERROR - Failed to execute job 78 for task colector (name 'firefox_binary' is not defined; 111)
[2022-09-25T23:45:41.783+0000] {local_task_job.py:164} INFO - Task exited with return code 1
[2022-09-25T23:45:41.840+0000] {local_task_job.py:273} INFO - 0 downstream tasks scheduled from follow-on schedule check
