[2022-10-03T12:58:27.622+0000] {taskinstance.py:1165} INFO - Dependencies all met for <TaskInstance: imperio_ferragista.prep scheduled__2022-09-01T00:00:00+00:00 [queued]>
[2022-10-03T12:58:27.636+0000] {taskinstance.py:1165} INFO - Dependencies all met for <TaskInstance: imperio_ferragista.prep scheduled__2022-09-01T00:00:00+00:00 [queued]>
[2022-10-03T12:58:27.636+0000] {taskinstance.py:1362} INFO - 
--------------------------------------------------------------------------------
[2022-10-03T12:58:27.637+0000] {taskinstance.py:1363} INFO - Starting attempt 1 of 1
[2022-10-03T12:58:27.637+0000] {taskinstance.py:1364} INFO - 
--------------------------------------------------------------------------------
[2022-10-03T12:58:27.652+0000] {taskinstance.py:1383} INFO - Executing <Task(PythonOperator): prep> on 2022-09-01 00:00:00+00:00
[2022-10-03T12:58:27.657+0000] {standard_task_runner.py:54} INFO - Started process 1363 to run task
[2022-10-03T12:58:27.660+0000] {standard_task_runner.py:82} INFO - Running: ['***', 'tasks', 'run', 'imperio_ferragista', 'prep', 'scheduled__2022-09-01T00:00:00+00:00', '--job-id', '404', '--raw', '--subdir', 'DAGS_FOLDER/dag.py', '--cfg-path', '/tmp/tmpnvu09zi5']
[2022-10-03T12:58:27.660+0000] {standard_task_runner.py:83} INFO - Job 404: Subtask prep
[2022-10-03T12:58:27.661+0000] {dagbag.py:525} INFO - Filling up the DagBag from /opt/***/dags/dag.py
[2022-10-03T12:58:28.089+0000] {task_command.py:384} INFO - Running <TaskInstance: imperio_ferragista.prep scheduled__2022-09-01T00:00:00+00:00 [running]> on host 9a36b0424536
[2022-10-03T12:58:28.150+0000] {taskinstance.py:1592} INFO - Exporting the following env vars:
AIRFLOW_CTX_DAG_OWNER=***
AIRFLOW_CTX_DAG_ID=imperio_ferragista
AIRFLOW_CTX_TASK_ID=prep
AIRFLOW_CTX_EXECUTION_DATE=2022-09-01T00:00:00+00:00
AIRFLOW_CTX_TRY_NUMBER=1
AIRFLOW_CTX_DAG_RUN_ID=scheduled__2022-09-01T00:00:00+00:00
[2022-10-03T12:58:28.151+0000] {tasks.py:109} INFO - Reading the last request file for day 03/10/2022
[2022-10-03T12:58:28.507+0000] {tasks.py:88} INFO - Cleaning the column NM_INSUMO
[2022-10-03T12:58:28.779+0000] {tasks.py:128} INFO - Filtering for BP ['93768'] and period ['M10']
[2022-10-03T12:58:28.801+0000] {tasks.py:39} INFO - Defining DEC to export information
[2022-10-03T12:58:28.827+0000] {tasks.py:136} INFO - Saved prep dataframe in ./data_output/IMPERIO_FERRAGISTA/coleta_2022/coleta_outubro/coleta_1_dec/saida_2022_10_03
[2022-10-03T12:58:28.832+0000] {python.py:177} INFO - Done. Returned value was: None
[2022-10-03T12:58:28.930+0000] {taskinstance.py:1406} INFO - Marking task as SUCCESS. dag_id=imperio_ferragista, task_id=prep, execution_date=20220901T000000, start_date=20221003T125827, end_date=20221003T125828
[2022-10-03T12:58:28.996+0000] {local_task_job.py:164} INFO - Task exited with return code 0
[2022-10-03T12:58:29.024+0000] {local_task_job.py:273} INFO - 1 downstream tasks scheduled from follow-on schedule check
