[2022-10-09T23:30:51.963+0000] {taskinstance.py:1165} INFO - Dependencies all met for <TaskInstance: ferragista.colector scheduled__2022-08-21T00:00:00+00:00 [queued]>
[2022-10-09T23:30:51.971+0000] {taskinstance.py:1165} INFO - Dependencies all met for <TaskInstance: ferragista.colector scheduled__2022-08-21T00:00:00+00:00 [queued]>
[2022-10-09T23:30:51.972+0000] {taskinstance.py:1362} INFO - 
--------------------------------------------------------------------------------
[2022-10-09T23:30:51.972+0000] {taskinstance.py:1363} INFO - Starting attempt 1 of 1
[2022-10-09T23:30:51.972+0000] {taskinstance.py:1364} INFO - 
--------------------------------------------------------------------------------
[2022-10-09T23:30:51.985+0000] {taskinstance.py:1383} INFO - Executing <Task(PythonOperator): colector> on 2022-08-21 00:00:00+00:00
[2022-10-09T23:30:51.989+0000] {standard_task_runner.py:54} INFO - Started process 1145 to run task
[2022-10-09T23:30:51.991+0000] {standard_task_runner.py:82} INFO - Running: ['***', 'tasks', 'run', 'ferragista', 'colector', 'scheduled__2022-08-21T00:00:00+00:00', '--job-id', '19', '--raw', '--subdir', 'DAGS_FOLDER/dag.py', '--cfg-path', '/tmp/tmpxcxhnz05']
[2022-10-09T23:30:51.991+0000] {standard_task_runner.py:83} INFO - Job 19: Subtask colector
[2022-10-09T23:30:51.992+0000] {dagbag.py:525} INFO - Filling up the DagBag from /opt/***/dags/dag.py
[2022-10-09T23:30:52.255+0000] {task_command.py:384} INFO - Running <TaskInstance: ferragista.colector scheduled__2022-08-21T00:00:00+00:00 [running]> on host 7dcbfa2899a4
[2022-10-09T23:30:52.312+0000] {taskinstance.py:1592} INFO - Exporting the following env vars:
AIRFLOW_CTX_DAG_OWNER=***
AIRFLOW_CTX_DAG_ID=ferragista
AIRFLOW_CTX_TASK_ID=colector
AIRFLOW_CTX_EXECUTION_DATE=2022-08-21T00:00:00+00:00
AIRFLOW_CTX_TRY_NUMBER=1
AIRFLOW_CTX_DAG_RUN_ID=scheduled__2022-08-21T00:00:00+00:00
[2022-10-09T23:30:52.315+0000] {tasks.py:241} INFO - Reading prep dataframe
[2022-10-09T23:30:52.320+0000] {tasks.py:122} INFO - Instantiating the Browser with the requested settings
[2022-10-09T23:30:54.732+0000] {tasks.py:126} INFO - Browser configured
[2022-10-09T23:30:54.732+0000] {tasks.py:181} INFO - Removing nan URL values
[2022-10-09T23:30:54.733+0000] {tasks.py:182} INFO - Requested prices before: 12
[2022-10-09T23:30:54.735+0000] {tasks.py:187} INFO - Requested prices after: 12
[2022-10-09T23:31:07.434+0000] {tasks.py:261} INFO - Price of 92184 - CARRINHODEMAO: R$544.90
[2022-10-09T23:31:07.434+0000] {tasks.py:211} INFO - Printing information
[2022-10-09T23:31:12.437+0000] {tasks.py:261} INFO - Price of 92184 - ESMERILHADEIRAANGULAR: R$999.00
[2022-10-09T23:31:12.438+0000] {tasks.py:211} INFO - Printing information
[2022-10-09T23:31:20.058+0000] {tasks.py:261} INFO - Price of 92184 - FURADEIRADEIMPACTO: R$1,599.00
[2022-10-09T23:31:20.058+0000] {tasks.py:211} INFO - Printing information
[2022-10-09T23:31:24.953+0000] {tasks.py:261} INFO - Price of 92184 - DISCODECORTEDIAMANTADO: R$35.90
[2022-10-09T23:31:24.954+0000] {tasks.py:211} INFO - Printing information
[2022-10-09T23:31:29.746+0000] {tasks.py:261} INFO - Price of 92184 - SERRAMARMORE: R$489.00
[2022-10-09T23:31:29.746+0000] {tasks.py:211} INFO - Printing information
[2022-10-09T23:31:35.114+0000] {tasks.py:261} INFO - Price of 92184 - SERRAMARMORE: R$569.00
[2022-10-09T23:31:35.115+0000] {tasks.py:211} INFO - Printing information
[2022-10-09T23:31:40.128+0000] {tasks.py:261} INFO - Price of 92184 - CARRINHODEMAO: R$589.00
[2022-10-09T23:31:40.128+0000] {tasks.py:211} INFO - Printing information
[2022-10-09T23:31:45.035+0000] {tasks.py:261} INFO - Price of 92184 - FURADEIRADEIMPACTO: R$659.00
[2022-10-09T23:31:45.036+0000] {tasks.py:211} INFO - Printing information
[2022-10-09T23:31:50.145+0000] {tasks.py:261} INFO - Price of 92184 - VASSOURAO: R$13.10
[2022-10-09T23:31:50.145+0000] {tasks.py:211} INFO - Printing information
[2022-10-09T23:31:55.529+0000] {tasks.py:261} INFO - Price of 92184 - CARRINHODEMAO: R$589.00
[2022-10-09T23:31:55.530+0000] {tasks.py:211} INFO - Printing information
[2022-10-09T23:32:00.317+0000] {tasks.py:261} INFO - Price of 92184 - FECHADURAPARAPORTAEXTERNA: R$59.90
[2022-10-09T23:32:00.317+0000] {tasks.py:211} INFO - Printing information
[2022-10-09T23:32:05.896+0000] {tasks.py:261} INFO - Price of 92184 - COMPRESSORDEAR: R$2,999.00
[2022-10-09T23:32:05.897+0000] {tasks.py:211} INFO - Printing information
[2022-10-09T23:32:06.073+0000] {tasks.py:277} INFO - Saved screenshots and prices
[2022-10-09T23:32:06.073+0000] {tasks.py:141} INFO - Test passed
[2022-10-09T23:32:06.075+0000] {tasks.py:163} INFO - Requested prices: 12
[2022-10-09T23:32:06.076+0000] {tasks.py:164} INFO - Scraped prices: 12
[2022-10-09T23:32:06.076+0000] {tasks.py:165} INFO - Day of the scraping: 09/10/2022
[2022-10-09T23:32:06.087+0000] {warnings.py:110} WARNING - /opt/***/dags/tasks.py:172: FutureWarning: As the xlwt package is no longer maintained, the xlwt engine will be removed in a future version of pandas. This is the only engine in pandas that supports writing in the xls format. Install openpyxl and write to an xlsx file instead. You can set the option io.excel.xls.writer to 'xlwt' to silence this warning. While this option is deprecated and will also raise a warning, it can be globally set and the warning suppressed.
  result_colector.to_excel(f"{export}", index=False)

[2022-10-09T23:32:06.107+0000] {python.py:177} INFO - Done. Returned value was: None
[2022-10-09T23:32:06.119+0000] {taskinstance.py:1406} INFO - Marking task as SUCCESS. dag_id=ferragista, task_id=colector, execution_date=20220821T000000, start_date=20221009T233051, end_date=20221009T233206
[2022-10-09T23:32:06.176+0000] {local_task_job.py:164} INFO - Task exited with return code 0
[2022-10-09T23:32:06.191+0000] {local_task_job.py:273} INFO - 0 downstream tasks scheduled from follow-on schedule check
