[2022-10-07T16:15:45.039+0000] {taskinstance.py:1165} INFO - Dependencies all met for <TaskInstance: constrular.prep manual__2022-10-07T16:15:44.424159+00:00 [queued]>
[2022-10-07T16:15:45.049+0000] {taskinstance.py:1165} INFO - Dependencies all met for <TaskInstance: constrular.prep manual__2022-10-07T16:15:44.424159+00:00 [queued]>
[2022-10-07T16:15:45.049+0000] {taskinstance.py:1362} INFO - 
--------------------------------------------------------------------------------
[2022-10-07T16:15:45.049+0000] {taskinstance.py:1363} INFO - Starting attempt 1 of 1
[2022-10-07T16:15:45.050+0000] {taskinstance.py:1364} INFO - 
--------------------------------------------------------------------------------
[2022-10-07T16:15:45.063+0000] {taskinstance.py:1383} INFO - Executing <Task(PythonOperator): prep> on 2022-10-07 16:15:44.424159+00:00
[2022-10-07T16:15:45.067+0000] {standard_task_runner.py:54} INFO - Started process 2354 to run task
[2022-10-07T16:15:45.068+0000] {standard_task_runner.py:82} INFO - Running: ['***', 'tasks', 'run', 'constrular', 'prep', 'manual__2022-10-07T16:15:44.424159+00:00', '--job-id', '429', '--raw', '--subdir', 'DAGS_FOLDER/dag.py', '--cfg-path', '/tmp/tmp8iaqcoux']
[2022-10-07T16:15:45.069+0000] {standard_task_runner.py:83} INFO - Job 429: Subtask prep
[2022-10-07T16:15:45.069+0000] {dagbag.py:525} INFO - Filling up the DagBag from /opt/***/dags/dag.py
[2022-10-07T16:15:45.472+0000] {task_command.py:384} INFO - Running <TaskInstance: constrular.prep manual__2022-10-07T16:15:44.424159+00:00 [running]> on host 9a36b0424536
[2022-10-07T16:15:45.536+0000] {taskinstance.py:1592} INFO - Exporting the following env vars:
AIRFLOW_CTX_DAG_OWNER=***
AIRFLOW_CTX_DAG_ID=constrular
AIRFLOW_CTX_TASK_ID=prep
AIRFLOW_CTX_EXECUTION_DATE=2022-10-07T16:15:44.424159+00:00
AIRFLOW_CTX_TRY_NUMBER=1
AIRFLOW_CTX_DAG_RUN_ID=manual__2022-10-07T16:15:44.424159+00:00
[2022-10-07T16:15:45.537+0000] {tasks.py:109} INFO - Reading the last request file for day 07/10/2022
[2022-10-07T16:15:45.986+0000] {tasks.py:88} INFO - Cleaning the column NM_INSUMO
[2022-10-07T16:15:45.995+0000] {tasks.py:135} INFO - Filtering for BP ['92964'] and period ['M10']
[2022-10-07T16:15:45.996+0000] {tasks.py:39} INFO - Defining DEC to export information
[2022-10-07T16:15:46.011+0000] {tasks.py:143} INFO - Saved prep dataframe in ./data_output/CONSTRULAR/coleta_2022/coleta_outubro/coleta_1_dec/saida_2022_10_07
[2022-10-07T16:15:46.011+0000] {python.py:177} INFO - Done. Returned value was: None
[2022-10-07T16:15:46.020+0000] {taskinstance.py:1406} INFO - Marking task as SUCCESS. dag_id=constrular, task_id=prep, execution_date=20221007T161544, start_date=20221007T161545, end_date=20221007T161546
[2022-10-07T16:15:46.044+0000] {local_task_job.py:164} INFO - Task exited with return code 0
[2022-10-07T16:15:46.069+0000] {local_task_job.py:273} INFO - 1 downstream tasks scheduled from follow-on schedule check
