[2022-09-26T16:56:30.901+0000] {taskinstance.py:1165} INFO - Dependencies all met for <TaskInstance: tudo_melhor.prep manual__2022-09-26T16:56:29.503852+00:00 [queued]>
[2022-09-26T16:56:30.911+0000] {taskinstance.py:1165} INFO - Dependencies all met for <TaskInstance: tudo_melhor.prep manual__2022-09-26T16:56:29.503852+00:00 [queued]>
[2022-09-26T16:56:30.912+0000] {taskinstance.py:1362} INFO - 
--------------------------------------------------------------------------------
[2022-09-26T16:56:30.912+0000] {taskinstance.py:1363} INFO - Starting attempt 1 of 1
[2022-09-26T16:56:30.912+0000] {taskinstance.py:1364} INFO - 
--------------------------------------------------------------------------------
[2022-09-26T16:56:30.926+0000] {taskinstance.py:1383} INFO - Executing <Task(PythonOperator): prep> on 2022-09-26 16:56:29.503852+00:00
[2022-09-26T16:56:30.930+0000] {standard_task_runner.py:54} INFO - Started process 204 to run task
[2022-09-26T16:56:30.932+0000] {standard_task_runner.py:82} INFO - Running: ['***', 'tasks', 'run', 'tudo_melhor', 'prep', 'manual__2022-09-26T16:56:29.503852+00:00', '--job-id', '251', '--raw', '--subdir', 'DAGS_FOLDER/dag.py', '--cfg-path', '/tmp/tmp1x3mn4tr']
[2022-09-26T16:56:30.933+0000] {standard_task_runner.py:83} INFO - Job 251: Subtask prep
[2022-09-26T16:56:30.933+0000] {dagbag.py:525} INFO - Filling up the DagBag from /opt/***/dags/dag.py
[2022-09-26T16:56:31.855+0000] {task_command.py:384} INFO - Running <TaskInstance: tudo_melhor.prep manual__2022-09-26T16:56:29.503852+00:00 [running]> on host 3d19d37ea0f5
[2022-09-26T16:56:31.921+0000] {taskinstance.py:1592} INFO - Exporting the following env vars:
AIRFLOW_CTX_DAG_OWNER=***
AIRFLOW_CTX_DAG_ID=tudo_melhor
AIRFLOW_CTX_TASK_ID=prep
AIRFLOW_CTX_EXECUTION_DATE=2022-09-26T16:56:29.503852+00:00
AIRFLOW_CTX_TRY_NUMBER=1
AIRFLOW_CTX_DAG_RUN_ID=manual__2022-09-26T16:56:29.503852+00:00
[2022-09-26T16:56:31.922+0000] {tasks.py:112} INFO - Reading the last request file for day 26/09/2022
[2022-09-26T16:56:32.289+0000] {tasks.py:91} INFO - Cleaning the column NM_INSUMO
[2022-09-26T16:56:32.552+0000] {tasks.py:131} INFO - Filtering for BP 91634 and period ['M30']
[2022-09-26T16:56:32.572+0000] {tasks.py:42} INFO - Defining DEC to export information
[2022-09-26T16:56:32.598+0000] {tasks.py:139} INFO - Saved prep dataframe in ./data_output/TUDO_MELHOR/coleta_2022/coleta_setembro/coleta_3_dec/saida_2022_09_26
[2022-09-26T16:56:32.601+0000] {python.py:177} INFO - Done. Returned value was: None
[2022-09-26T16:56:32.611+0000] {taskinstance.py:1406} INFO - Marking task as SUCCESS. dag_id=tudo_melhor, task_id=prep, execution_date=20220926T165629, start_date=20220926T165630, end_date=20220926T165632
[2022-09-26T16:56:32.630+0000] {local_task_job.py:164} INFO - Task exited with return code 0
[2022-09-26T16:56:32.663+0000] {local_task_job.py:273} INFO - 1 downstream tasks scheduled from follow-on schedule check
