[2022-09-26T02:55:39.965+0000] {taskinstance.py:1165} INFO - Dependencies all met for <TaskInstance: primavera_place.prep scheduled__2022-08-01T00:00:00+00:00 [queued]>
[2022-09-26T02:55:39.976+0000] {taskinstance.py:1165} INFO - Dependencies all met for <TaskInstance: primavera_place.prep scheduled__2022-08-01T00:00:00+00:00 [queued]>
[2022-09-26T02:55:39.977+0000] {taskinstance.py:1362} INFO - 
--------------------------------------------------------------------------------
[2022-09-26T02:55:39.978+0000] {taskinstance.py:1363} INFO - Starting attempt 1 of 1
[2022-09-26T02:55:39.978+0000] {taskinstance.py:1364} INFO - 
--------------------------------------------------------------------------------
[2022-09-26T02:55:39.999+0000] {taskinstance.py:1383} INFO - Executing <Task(PythonOperator): prep> on 2022-08-01 00:00:00+00:00
[2022-09-26T02:55:40.006+0000] {standard_task_runner.py:54} INFO - Started process 536 to run task
[2022-09-26T02:55:40.009+0000] {standard_task_runner.py:82} INFO - Running: ['***', 'tasks', 'run', 'primavera_place', 'prep', 'scheduled__2022-08-01T00:00:00+00:00', '--job-id', '48', '--raw', '--subdir', 'DAGS_FOLDER/dag.py', '--cfg-path', '/tmp/tmpfe2n0zcj']
[2022-09-26T02:55:40.010+0000] {standard_task_runner.py:83} INFO - Job 48: Subtask prep
[2022-09-26T02:55:40.011+0000] {dagbag.py:525} INFO - Filling up the DagBag from /opt/***/dags/dag.py
[2022-09-26T02:55:41.703+0000] {task_command.py:384} INFO - Running <TaskInstance: primavera_place.prep scheduled__2022-08-01T00:00:00+00:00 [running]> on host 8600278d5a66
[2022-09-26T02:55:42.133+0000] {taskinstance.py:1592} INFO - Exporting the following env vars:
AIRFLOW_CTX_DAG_OWNER=***
AIRFLOW_CTX_DAG_ID=primavera_place
AIRFLOW_CTX_TASK_ID=prep
AIRFLOW_CTX_EXECUTION_DATE=2022-08-01T00:00:00+00:00
AIRFLOW_CTX_TRY_NUMBER=1
AIRFLOW_CTX_DAG_RUN_ID=scheduled__2022-08-01T00:00:00+00:00
[2022-09-26T02:55:42.135+0000] {tasks.py:113} INFO - Reading the last request file for day 26/09/2022
[2022-09-26T02:55:43.757+0000] {tasks.py:92} INFO - Cleaning the column NM_INSUMO
[2022-09-26T02:55:44.234+0000] {tasks.py:132} INFO - Filtering for BP 93052 and period ['M10']
[2022-09-26T02:55:44.358+0000] {tasks.py:43} INFO - Defining DEC to export information
[2022-09-26T02:55:44.476+0000] {tasks.py:140} INFO - Saved prep dataframe in ./data_output/PRIMAVERA_PLACE/coleta_2022/coleta_setembro/coleta_3_dec/saida_2022_09_26
[2022-09-26T02:55:44.481+0000] {python.py:177} INFO - Done. Returned value was: None
[2022-09-26T02:55:44.498+0000] {taskinstance.py:1406} INFO - Marking task as SUCCESS. dag_id=primavera_place, task_id=prep, execution_date=20220801T000000, start_date=20220926T025539, end_date=20220926T025544
[2022-09-26T02:55:44.579+0000] {local_task_job.py:164} INFO - Task exited with return code 0
[2022-09-26T02:55:44.668+0000] {local_task_job.py:273} INFO - 1 downstream tasks scheduled from follow-on schedule check
