[2022-09-27T14:23:03.554+0000] {taskinstance.py:1165} INFO - Dependencies all met for <TaskInstance: casa_das_ferragens.colector scheduled__2022-08-21T00:00:00+00:00 [queued]>
[2022-09-27T14:23:03.565+0000] {taskinstance.py:1165} INFO - Dependencies all met for <TaskInstance: casa_das_ferragens.colector scheduled__2022-08-21T00:00:00+00:00 [queued]>
[2022-09-27T14:23:03.565+0000] {taskinstance.py:1362} INFO - 
--------------------------------------------------------------------------------
[2022-09-27T14:23:03.566+0000] {taskinstance.py:1363} INFO - Starting attempt 1 of 1
[2022-09-27T14:23:03.566+0000] {taskinstance.py:1364} INFO - 
--------------------------------------------------------------------------------
[2022-09-27T14:23:03.580+0000] {taskinstance.py:1383} INFO - Executing <Task(PythonOperator): colector> on 2022-08-21 00:00:00+00:00
[2022-09-27T14:23:03.585+0000] {standard_task_runner.py:54} INFO - Started process 2018 to run task
[2022-09-27T14:23:03.587+0000] {standard_task_runner.py:82} INFO - Running: ['***', 'tasks', 'run', 'casa_das_ferragens', 'colector', 'scheduled__2022-08-21T00:00:00+00:00', '--job-id', '286', '--raw', '--subdir', 'DAGS_FOLDER/dag.py', '--cfg-path', '/tmp/tmpz1kzvgag']
[2022-09-27T14:23:03.588+0000] {standard_task_runner.py:83} INFO - Job 286: Subtask colector
[2022-09-27T14:23:03.588+0000] {dagbag.py:525} INFO - Filling up the DagBag from /opt/***/dags/dag.py
[2022-09-27T14:23:04.032+0000] {task_command.py:384} INFO - Running <TaskInstance: casa_das_ferragens.colector scheduled__2022-08-21T00:00:00+00:00 [running]> on host 230d0404a0b6
[2022-09-27T14:23:04.106+0000] {taskinstance.py:1592} INFO - Exporting the following env vars:
AIRFLOW_CTX_DAG_OWNER=***
AIRFLOW_CTX_DAG_ID=casa_das_ferragens
AIRFLOW_CTX_TASK_ID=colector
AIRFLOW_CTX_EXECUTION_DATE=2022-08-21T00:00:00+00:00
AIRFLOW_CTX_TRY_NUMBER=1
AIRFLOW_CTX_DAG_RUN_ID=scheduled__2022-08-21T00:00:00+00:00
[2022-09-27T14:23:04.107+0000] {tasks.py:42} INFO - Defining DEC to export information
[2022-09-27T14:23:04.112+0000] {tasks.py:358} INFO - Reading prep dataframe
[2022-09-27T14:23:04.119+0000] {tasks.py:150} INFO - Instantiating the Browser with the requested settings
[2022-09-27T14:23:06.828+0000] {tasks.py:165} INFO - Browser configured
[2022-09-27T14:23:06.828+0000] {tasks.py:288} INFO - Removing nan URL values
[2022-09-27T14:23:06.829+0000] {tasks.py:289} INFO - Requested prices before: 1
[2022-09-27T14:23:06.832+0000] {tasks.py:294} INFO - Requested prices after: 1
[2022-09-27T14:23:11.268+0000] {tasks.py:388} INFO - Price of 1574829 - COLADECONTATO: R$349,00
[2022-09-27T14:23:11.269+0000] {tasks.py:327} INFO - Printing information
[2022-09-27T14:23:11.349+0000] {tasks.py:415} INFO - Saved screenshots and prices
[2022-09-27T14:23:11.350+0000] {tasks.py:246} INFO - Test passed
[2022-09-27T14:23:11.351+0000] {tasks.py:272} INFO - Requested prices: 1
[2022-09-27T14:23:11.351+0000] {tasks.py:273} INFO - Scraped prices: 1
[2022-09-27T14:23:11.351+0000] {tasks.py:274} INFO - Day of the scraping: 27/09/2022
[2022-09-27T14:23:11.360+0000] {python.py:177} INFO - Done. Returned value was: None
[2022-09-27T14:23:11.371+0000] {taskinstance.py:1406} INFO - Marking task as SUCCESS. dag_id=casa_das_ferragens, task_id=colector, execution_date=20220821T000000, start_date=20220927T142303, end_date=20220927T142311
[2022-09-27T14:23:11.499+0000] {local_task_job.py:164} INFO - Task exited with return code 0
[2022-09-27T14:23:11.521+0000] {local_task_job.py:273} INFO - 1 downstream tasks scheduled from follow-on schedule check
