[2022-09-25T01:26:53.194+0000] {taskinstance.py:1165} INFO - Dependencies all met for <TaskInstance: encasa.prep scheduled__2022-09-24T00:00:00+00:00 [queued]>
[2022-09-25T01:26:53.205+0000] {taskinstance.py:1165} INFO - Dependencies all met for <TaskInstance: encasa.prep scheduled__2022-09-24T00:00:00+00:00 [queued]>
[2022-09-25T01:26:53.206+0000] {taskinstance.py:1362} INFO - 
--------------------------------------------------------------------------------
[2022-09-25T01:26:53.206+0000] {taskinstance.py:1363} INFO - Starting attempt 1 of 1
[2022-09-25T01:26:53.207+0000] {taskinstance.py:1364} INFO - 
--------------------------------------------------------------------------------
[2022-09-25T01:26:53.222+0000] {taskinstance.py:1383} INFO - Executing <Task(PythonOperator): prep> on 2022-09-24 00:00:00+00:00
[2022-09-25T01:26:53.233+0000] {standard_task_runner.py:54} INFO - Started process 68 to run task
[2022-09-25T01:26:53.234+0000] {standard_task_runner.py:82} INFO - Running: ['***', 'tasks', 'run', 'encasa', 'prep', 'scheduled__2022-09-24T00:00:00+00:00', '--job-id', '37', '--raw', '--subdir', 'DAGS_FOLDER/dag.py', '--cfg-path', '/tmp/tmpn55sftm4']
[2022-09-25T01:26:53.235+0000] {standard_task_runner.py:83} INFO - Job 37: Subtask prep
[2022-09-25T01:26:53.236+0000] {dagbag.py:525} INFO - Filling up the DagBag from /opt/***/dags/dag.py
[2022-09-25T01:26:53.974+0000] {task_command.py:384} INFO - Running <TaskInstance: encasa.prep scheduled__2022-09-24T00:00:00+00:00 [running]> on host 4f5142878d09
[2022-09-25T01:26:54.046+0000] {taskinstance.py:1592} INFO - Exporting the following env vars:
AIRFLOW_CTX_DAG_OWNER=***
AIRFLOW_CTX_DAG_ID=encasa
AIRFLOW_CTX_TASK_ID=prep
AIRFLOW_CTX_EXECUTION_DATE=2022-09-24T00:00:00+00:00
AIRFLOW_CTX_TRY_NUMBER=1
AIRFLOW_CTX_DAG_RUN_ID=scheduled__2022-09-24T00:00:00+00:00
[2022-09-25T01:26:54.047+0000] {tasks.py:111} INFO - Reading the last request file for day 25/09/2022
[2022-09-25T01:26:54.558+0000] {tasks.py:91} INFO - Cleaning the column NM_INSUMO
[2022-09-25T01:26:54.839+0000] {tasks.py:128} INFO - Filtering for BP 93148 and period ['M20']
[2022-09-25T01:26:54.870+0000] {python.py:177} INFO - Done. Returned value was: None
[2022-09-25T01:26:54.879+0000] {taskinstance.py:1406} INFO - Marking task as SUCCESS. dag_id=encasa, task_id=prep, execution_date=20220924T000000, start_date=20220925T012653, end_date=20220925T012654
[2022-09-25T01:26:54.932+0000] {local_task_job.py:164} INFO - Task exited with return code 0
[2022-09-25T01:26:54.963+0000] {local_task_job.py:273} INFO - 1 downstream tasks scheduled from follow-on schedule check
