[2022-09-30T15:34:22.437+0000] {taskinstance.py:1165} INFO - Dependencies all met for <TaskInstance: casa_das_ferragens.colector manual__2022-09-30T15:34:18.697065+00:00 [queued]>
[2022-09-30T15:34:22.447+0000] {taskinstance.py:1165} INFO - Dependencies all met for <TaskInstance: casa_das_ferragens.colector manual__2022-09-30T15:34:18.697065+00:00 [queued]>
[2022-09-30T15:34:22.448+0000] {taskinstance.py:1362} INFO - 
--------------------------------------------------------------------------------
[2022-09-30T15:34:22.448+0000] {taskinstance.py:1363} INFO - Starting attempt 1 of 1
[2022-09-30T15:34:22.449+0000] {taskinstance.py:1364} INFO - 
--------------------------------------------------------------------------------
[2022-09-30T15:34:22.463+0000] {taskinstance.py:1383} INFO - Executing <Task(PythonOperator): colector> on 2022-09-30 15:34:18.697065+00:00
[2022-09-30T15:34:22.468+0000] {standard_task_runner.py:54} INFO - Started process 126 to run task
[2022-09-30T15:34:22.470+0000] {standard_task_runner.py:82} INFO - Running: ['***', 'tasks', 'run', 'casa_das_ferragens', 'colector', 'manual__2022-09-30T15:34:18.697065+00:00', '--job-id', '324', '--raw', '--subdir', 'DAGS_FOLDER/dag.py', '--cfg-path', '/tmp/tmpl_jtfaq3']
[2022-09-30T15:34:22.470+0000] {standard_task_runner.py:83} INFO - Job 324: Subtask colector
[2022-09-30T15:34:22.471+0000] {dagbag.py:525} INFO - Filling up the DagBag from /opt/***/dags/dag.py
[2022-09-30T15:34:22.931+0000] {task_command.py:384} INFO - Running <TaskInstance: casa_das_ferragens.colector manual__2022-09-30T15:34:18.697065+00:00 [running]> on host dc20523c063c
[2022-09-30T15:34:23.005+0000] {taskinstance.py:1592} INFO - Exporting the following env vars:
AIRFLOW_CTX_DAG_OWNER=***
AIRFLOW_CTX_DAG_ID=casa_das_ferragens
AIRFLOW_CTX_TASK_ID=colector
AIRFLOW_CTX_EXECUTION_DATE=2022-09-30T15:34:18.697065+00:00
AIRFLOW_CTX_TRY_NUMBER=1
AIRFLOW_CTX_DAG_RUN_ID=manual__2022-09-30T15:34:18.697065+00:00
[2022-09-30T15:34:23.006+0000] {tasks.py:39} INFO - Defining DEC to export information
[2022-09-30T15:34:23.013+0000] {tasks.py:343} INFO - Reading prep dataframe
[2022-09-30T15:34:23.023+0000] {tasks.py:146} INFO - Instantiating the Browser with the requested settings
[2022-09-30T15:34:23.023+0000] {taskinstance.py:1851} ERROR - Task failed with exception
Traceback (most recent call last):
  File "/home/airflow/.local/lib/python3.7/site-packages/airflow/operators/python.py", line 175, in execute
    return_value = self.execute_callable()
  File "/home/airflow/.local/lib/python3.7/site-packages/airflow/operators/python.py", line 193, in execute_callable
    return self.python_callable(*self.op_args, **self.op_kwargs)
  File "/opt/airflow/dags/tasks.py", line 345, in colector
    browser = config_browser(config)
  File "/opt/airflow/dags/tasks.py", line 149, in config_browser
    desired_capabilities=config["browser_arg"])
  File "/home/airflow/.local/lib/python3.7/site-packages/selenium/webdriver/remote/webdriver.py", line 252, in __init__
    raise WebDriverException("Desired Capabilities must be a dictionary")
selenium.common.exceptions.WebDriverException: Message: Desired Capabilities must be a dictionary

[2022-09-30T15:34:23.034+0000] {taskinstance.py:1406} INFO - Marking task as FAILED. dag_id=casa_das_ferragens, task_id=colector, execution_date=20220930T153418, start_date=20220930T153422, end_date=20220930T153423
[2022-09-30T15:34:23.044+0000] {standard_task_runner.py:107} ERROR - Failed to execute job 324 for task colector (Message: Desired Capabilities must be a dictionary
; 126)
[2022-09-30T15:34:23.083+0000] {local_task_job.py:164} INFO - Task exited with return code 1
[2022-09-30T15:34:23.105+0000] {local_task_job.py:273} INFO - 0 downstream tasks scheduled from follow-on schedule check
