[2022-10-05T14:13:47.721+0000] {taskinstance.py:1165} INFO - Dependencies all met for <TaskInstance: tek_distribuidora.prep scheduled__2022-09-01T00:00:00+00:00 [queued]>
[2022-10-05T14:13:47.730+0000] {taskinstance.py:1165} INFO - Dependencies all met for <TaskInstance: tek_distribuidora.prep scheduled__2022-09-01T00:00:00+00:00 [queued]>
[2022-10-05T14:13:47.731+0000] {taskinstance.py:1362} INFO - 
--------------------------------------------------------------------------------
[2022-10-05T14:13:47.731+0000] {taskinstance.py:1363} INFO - Starting attempt 1 of 1
[2022-10-05T14:13:47.732+0000] {taskinstance.py:1364} INFO - 
--------------------------------------------------------------------------------
[2022-10-05T14:13:47.750+0000] {taskinstance.py:1383} INFO - Executing <Task(PythonOperator): prep> on 2022-09-01 00:00:00+00:00
[2022-10-05T14:13:47.757+0000] {standard_task_runner.py:54} INFO - Started process 123 to run task
[2022-10-05T14:13:47.760+0000] {standard_task_runner.py:82} INFO - Running: ['***', 'tasks', 'run', 'tek_distribuidora', 'prep', 'scheduled__2022-09-01T00:00:00+00:00', '--job-id', '418', '--raw', '--subdir', 'DAGS_FOLDER/dag.py', '--cfg-path', '/tmp/tmp9thtixnh']
[2022-10-05T14:13:47.760+0000] {standard_task_runner.py:83} INFO - Job 418: Subtask prep
[2022-10-05T14:13:47.761+0000] {dagbag.py:525} INFO - Filling up the DagBag from /opt/***/dags/dag.py
[2022-10-05T14:13:48.511+0000] {task_command.py:384} INFO - Running <TaskInstance: tek_distribuidora.prep scheduled__2022-09-01T00:00:00+00:00 [running]> on host 9a36b0424536
[2022-10-05T14:13:48.609+0000] {taskinstance.py:1592} INFO - Exporting the following env vars:
AIRFLOW_CTX_DAG_OWNER=***
AIRFLOW_CTX_DAG_ID=tek_distribuidora
AIRFLOW_CTX_TASK_ID=prep
AIRFLOW_CTX_EXECUTION_DATE=2022-09-01T00:00:00+00:00
AIRFLOW_CTX_TRY_NUMBER=1
AIRFLOW_CTX_DAG_RUN_ID=scheduled__2022-09-01T00:00:00+00:00
[2022-10-05T14:13:48.611+0000] {tasks.py:109} INFO - Reading the last request file for day 05/10/2022
[2022-10-05T14:13:49.115+0000] {tasks.py:88} INFO - Cleaning the column NM_INSUMO
[2022-10-05T14:13:49.561+0000] {tasks.py:128} INFO - Filtering for BP ['81272'] and period ['M10']
[2022-10-05T14:13:49.581+0000] {tasks.py:39} INFO - Defining DEC to export information
[2022-10-05T14:13:49.606+0000] {tasks.py:136} INFO - Saved prep dataframe in ./data_output/TEK_DISTRIBUIDORA/coleta_2022/coleta_outubro/coleta_1_dec/saida_2022_10_05
[2022-10-05T14:13:49.610+0000] {python.py:177} INFO - Done. Returned value was: None
[2022-10-05T14:13:49.627+0000] {taskinstance.py:1406} INFO - Marking task as SUCCESS. dag_id=tek_distribuidora, task_id=prep, execution_date=20220901T000000, start_date=20221005T141347, end_date=20221005T141349
[2022-10-05T14:13:49.661+0000] {local_task_job.py:164} INFO - Task exited with return code 0
[2022-10-05T14:13:49.708+0000] {local_task_job.py:273} INFO - 1 downstream tasks scheduled from follow-on schedule check
