[2022-10-03T12:11:29.542+0000] {taskinstance.py:1165} INFO - Dependencies all met for <TaskInstance: eletro_energia.prep scheduled__2022-09-01T00:00:00+00:00 [queued]>
[2022-10-03T12:11:29.551+0000] {taskinstance.py:1165} INFO - Dependencies all met for <TaskInstance: eletro_energia.prep scheduled__2022-09-01T00:00:00+00:00 [queued]>
[2022-10-03T12:11:29.551+0000] {taskinstance.py:1362} INFO - 
--------------------------------------------------------------------------------
[2022-10-03T12:11:29.551+0000] {taskinstance.py:1363} INFO - Starting attempt 1 of 1
[2022-10-03T12:11:29.552+0000] {taskinstance.py:1364} INFO - 
--------------------------------------------------------------------------------
[2022-10-03T12:11:29.570+0000] {taskinstance.py:1383} INFO - Executing <Task(PythonOperator): prep> on 2022-09-01 00:00:00+00:00
[2022-10-03T12:11:29.575+0000] {standard_task_runner.py:54} INFO - Started process 1846 to run task
[2022-10-03T12:11:29.578+0000] {standard_task_runner.py:82} INFO - Running: ['***', 'tasks', 'run', 'eletro_energia', 'prep', 'scheduled__2022-09-01T00:00:00+00:00', '--job-id', '365', '--raw', '--subdir', 'DAGS_FOLDER/dag.py', '--cfg-path', '/tmp/tmpzblw4ypc']
[2022-10-03T12:11:29.579+0000] {standard_task_runner.py:83} INFO - Job 365: Subtask prep
[2022-10-03T12:11:29.580+0000] {dagbag.py:525} INFO - Filling up the DagBag from /opt/***/dags/dag.py
[2022-10-03T12:11:30.075+0000] {task_command.py:384} INFO - Running <TaskInstance: eletro_energia.prep scheduled__2022-09-01T00:00:00+00:00 [running]> on host a4a362a654c5
[2022-10-03T12:11:30.158+0000] {taskinstance.py:1592} INFO - Exporting the following env vars:
AIRFLOW_CTX_DAG_OWNER=***
AIRFLOW_CTX_DAG_ID=eletro_energia
AIRFLOW_CTX_TASK_ID=prep
AIRFLOW_CTX_EXECUTION_DATE=2022-09-01T00:00:00+00:00
AIRFLOW_CTX_TRY_NUMBER=1
AIRFLOW_CTX_DAG_RUN_ID=scheduled__2022-09-01T00:00:00+00:00
[2022-10-03T12:11:30.159+0000] {tasks.py:109} INFO - Reading the last request file for day 03/10/2022
[2022-10-03T12:11:30.757+0000] {tasks.py:88} INFO - Cleaning the column NM_INSUMO
[2022-10-03T12:11:31.038+0000] {tasks.py:128} INFO - Filtering for BP ['18441'] and period ['M10']
[2022-10-03T12:11:31.060+0000] {tasks.py:39} INFO - Defining DEC to export information
[2022-10-03T12:11:31.104+0000] {tasks.py:136} INFO - Saved prep dataframe in ./data_output/ELETRO_ENERGIA/coleta_2022/coleta_outubro/coleta_1_dec/saida_2022_10_03
[2022-10-03T12:11:31.108+0000] {python.py:177} INFO - Done. Returned value was: None
[2022-10-03T12:11:31.118+0000] {taskinstance.py:1406} INFO - Marking task as SUCCESS. dag_id=eletro_energia, task_id=prep, execution_date=20220901T000000, start_date=20221003T121129, end_date=20221003T121131
[2022-10-03T12:11:31.154+0000] {local_task_job.py:164} INFO - Task exited with return code 0
[2022-10-03T12:11:31.187+0000] {local_task_job.py:273} INFO - 1 downstream tasks scheduled from follow-on schedule check
