[2022-09-27T20:49:29.861+0000] {taskinstance.py:1165} INFO - Dependencies all met for <TaskInstance: perfinasa.prep scheduled__2022-08-11T00:00:00+00:00 [queued]>
[2022-09-27T20:49:29.868+0000] {taskinstance.py:1165} INFO - Dependencies all met for <TaskInstance: perfinasa.prep scheduled__2022-08-11T00:00:00+00:00 [queued]>
[2022-09-27T20:49:29.869+0000] {taskinstance.py:1362} INFO - 
--------------------------------------------------------------------------------
[2022-09-27T20:49:29.869+0000] {taskinstance.py:1363} INFO - Starting attempt 2 of 2
[2022-09-27T20:49:29.869+0000] {taskinstance.py:1364} INFO - 
--------------------------------------------------------------------------------
[2022-09-27T20:49:29.881+0000] {taskinstance.py:1383} INFO - Executing <Task(PythonOperator): prep> on 2022-08-11 00:00:00+00:00
[2022-09-27T20:49:29.885+0000] {standard_task_runner.py:54} INFO - Started process 264 to run task
[2022-09-27T20:49:29.887+0000] {standard_task_runner.py:82} INFO - Running: ['***', 'tasks', 'run', 'perfinasa', 'prep', 'scheduled__2022-08-11T00:00:00+00:00', '--job-id', '304', '--raw', '--subdir', 'DAGS_FOLDER/dag.py', '--cfg-path', '/tmp/tmpp8g1361e']
[2022-09-27T20:49:29.887+0000] {standard_task_runner.py:83} INFO - Job 304: Subtask prep
[2022-09-27T20:49:29.888+0000] {dagbag.py:525} INFO - Filling up the DagBag from /opt/***/dags/dag.py
[2022-09-27T20:49:30.264+0000] {task_command.py:384} INFO - Running <TaskInstance: perfinasa.prep scheduled__2022-08-11T00:00:00+00:00 [running]> on host 4f0e9a210a6d
[2022-09-27T20:49:30.324+0000] {taskinstance.py:1592} INFO - Exporting the following env vars:
AIRFLOW_CTX_DAG_OWNER=***
AIRFLOW_CTX_DAG_ID=perfinasa
AIRFLOW_CTX_TASK_ID=prep
AIRFLOW_CTX_EXECUTION_DATE=2022-08-11T00:00:00+00:00
AIRFLOW_CTX_TRY_NUMBER=2
AIRFLOW_CTX_DAG_RUN_ID=scheduled__2022-08-11T00:00:00+00:00
[2022-09-27T20:49:30.325+0000] {tasks.py:112} INFO - Reading the last request file for day 27/09/2022
[2022-09-27T20:49:30.584+0000] {tasks.py:91} INFO - Cleaning the column NM_INSUMO
[2022-09-27T20:49:30.807+0000] {tasks.py:131} INFO - Filtering for BP ['91824'] and period ['M20']
[2022-09-27T20:49:30.818+0000] {tasks.py:42} INFO - Defining DEC to export information
[2022-09-27T20:49:30.831+0000] {tasks.py:139} INFO - Saved prep dataframe in ./data_output/PERFINASA/coleta_2022/coleta_setembro/coleta_3_dec/saida_2022_09_27
[2022-09-27T20:49:30.834+0000] {python.py:177} INFO - Done. Returned value was: None
[2022-09-27T20:49:30.842+0000] {taskinstance.py:1406} INFO - Marking task as SUCCESS. dag_id=perfinasa, task_id=prep, execution_date=20220811T000000, start_date=20220927T204929, end_date=20220927T204930
[2022-09-27T20:49:30.861+0000] {local_task_job.py:164} INFO - Task exited with return code 0
[2022-09-27T20:49:30.885+0000] {local_task_job.py:273} INFO - 1 downstream tasks scheduled from follow-on schedule check
