[2022-09-26T02:55:45.217+0000] {taskinstance.py:1165} INFO - Dependencies all met for <TaskInstance: perfinasa.prep scheduled__2022-08-11T00:00:00+00:00 [queued]>
[2022-09-26T02:55:45.272+0000] {taskinstance.py:1165} INFO - Dependencies all met for <TaskInstance: perfinasa.prep scheduled__2022-08-11T00:00:00+00:00 [queued]>
[2022-09-26T02:55:45.273+0000] {taskinstance.py:1362} INFO - 
--------------------------------------------------------------------------------
[2022-09-26T02:55:45.274+0000] {taskinstance.py:1363} INFO - Starting attempt 1 of 1
[2022-09-26T02:55:45.275+0000] {taskinstance.py:1364} INFO - 
--------------------------------------------------------------------------------
[2022-09-26T02:55:45.354+0000] {taskinstance.py:1383} INFO - Executing <Task(PythonOperator): prep> on 2022-08-11 00:00:00+00:00
[2022-09-26T02:55:45.378+0000] {standard_task_runner.py:54} INFO - Started process 1061 to run task
[2022-09-26T02:55:45.480+0000] {standard_task_runner.py:82} INFO - Running: ['***', 'tasks', 'run', 'perfinasa', 'prep', 'scheduled__2022-08-11T00:00:00+00:00', '--job-id', '50', '--raw', '--subdir', 'DAGS_FOLDER/dag.py', '--cfg-path', '/tmp/tmpz29z8qy4']
[2022-09-26T02:55:45.481+0000] {standard_task_runner.py:83} INFO - Job 50: Subtask prep
[2022-09-26T02:55:45.503+0000] {dagbag.py:525} INFO - Filling up the DagBag from /opt/***/dags/dag.py
[2022-09-26T02:55:47.893+0000] {task_command.py:384} INFO - Running <TaskInstance: perfinasa.prep scheduled__2022-08-11T00:00:00+00:00 [running]> on host 8600278d5a66
[2022-09-26T02:55:48.375+0000] {taskinstance.py:1592} INFO - Exporting the following env vars:
AIRFLOW_CTX_DAG_OWNER=***
AIRFLOW_CTX_DAG_ID=perfinasa
AIRFLOW_CTX_TASK_ID=prep
AIRFLOW_CTX_EXECUTION_DATE=2022-08-11T00:00:00+00:00
AIRFLOW_CTX_TRY_NUMBER=1
AIRFLOW_CTX_DAG_RUN_ID=scheduled__2022-08-11T00:00:00+00:00
[2022-09-26T02:55:48.380+0000] {tasks.py:113} INFO - Reading the last request file for day 26/09/2022
[2022-09-26T02:55:50.201+0000] {tasks.py:92} INFO - Cleaning the column NM_INSUMO
[2022-09-26T02:55:50.634+0000] {tasks.py:132} INFO - Filtering for BP 91824 and period ['M20']
[2022-09-26T02:55:50.863+0000] {tasks.py:43} INFO - Defining DEC to export information
[2022-09-26T02:55:50.929+0000] {tasks.py:140} INFO - Saved prep dataframe in ./data_output/PERFINASA/coleta_2022/coleta_setembro/coleta_3_dec/saida_2022_09_26
[2022-09-26T02:55:50.933+0000] {python.py:177} INFO - Done. Returned value was: None
[2022-09-26T02:55:51.030+0000] {taskinstance.py:1406} INFO - Marking task as SUCCESS. dag_id=perfinasa, task_id=prep, execution_date=20220811T000000, start_date=20220926T025545, end_date=20220926T025551
[2022-09-26T02:55:51.093+0000] {local_task_job.py:164} INFO - Task exited with return code 0
[2022-09-26T02:55:51.158+0000] {local_task_job.py:273} INFO - 1 downstream tasks scheduled from follow-on schedule check
