[2022-09-26T02:55:38.401+0000] {taskinstance.py:1165} INFO - Dependencies all met for <TaskInstance: tocaobra.colector scheduled__2022-08-11T00:00:00+00:00 [queued]>
[2022-09-26T02:55:38.412+0000] {taskinstance.py:1165} INFO - Dependencies all met for <TaskInstance: tocaobra.colector scheduled__2022-08-11T00:00:00+00:00 [queued]>
[2022-09-26T02:55:38.412+0000] {taskinstance.py:1362} INFO - 
--------------------------------------------------------------------------------
[2022-09-26T02:55:38.413+0000] {taskinstance.py:1363} INFO - Starting attempt 1 of 1
[2022-09-26T02:55:38.413+0000] {taskinstance.py:1364} INFO - 
--------------------------------------------------------------------------------
[2022-09-26T02:55:38.435+0000] {taskinstance.py:1383} INFO - Executing <Task(PythonOperator): colector> on 2022-08-11 00:00:00+00:00
[2022-09-26T02:55:38.443+0000] {standard_task_runner.py:54} INFO - Started process 277 to run task
[2022-09-26T02:55:38.445+0000] {standard_task_runner.py:82} INFO - Running: ['***', 'tasks', 'run', 'tocaobra', 'colector', 'scheduled__2022-08-11T00:00:00+00:00', '--job-id', '44', '--raw', '--subdir', 'DAGS_FOLDER/dag.py', '--cfg-path', '/tmp/tmp666bnr40']
[2022-09-26T02:55:38.446+0000] {standard_task_runner.py:83} INFO - Job 44: Subtask colector
[2022-09-26T02:55:38.446+0000] {dagbag.py:525} INFO - Filling up the DagBag from /opt/***/dags/dag.py
[2022-09-26T02:55:38.886+0000] {task_command.py:384} INFO - Running <TaskInstance: tocaobra.colector scheduled__2022-08-11T00:00:00+00:00 [running]> on host 8600278d5a66
[2022-09-26T02:55:38.955+0000] {taskinstance.py:1592} INFO - Exporting the following env vars:
AIRFLOW_CTX_DAG_OWNER=***
AIRFLOW_CTX_DAG_ID=tocaobra
AIRFLOW_CTX_TASK_ID=colector
AIRFLOW_CTX_EXECUTION_DATE=2022-08-11T00:00:00+00:00
AIRFLOW_CTX_TRY_NUMBER=1
AIRFLOW_CTX_DAG_RUN_ID=scheduled__2022-08-11T00:00:00+00:00
[2022-09-26T02:55:38.956+0000] {tasks.py:43} INFO - Defining DEC to export information
[2022-09-26T02:55:38.963+0000] {tasks.py:349} INFO - Reading prep dataframe
[2022-09-26T02:55:38.973+0000] {tasks.py:151} INFO - Instantiating the Browser with the requested settings
[2022-09-26T02:55:38.973+0000] {tasks.py:156} INFO - Browser configured
[2022-09-26T02:55:38.973+0000] {logger.py:11} INFO - ====== WebDriver manager ======
[2022-09-26T02:55:39.132+0000] {logger.py:11} INFO - Get LATEST geckodriver version for 102.3 firefox
[2022-09-26T02:55:39.133+0000] {logger.py:11} INFO - GH_TOKEN will be used to perform requests
[2022-09-26T02:55:39.531+0000] {logger.py:11} INFO - Driver [/home/***/.wdm/drivers/geckodriver/linux64/0.31/geckodriver] found in cache
[2022-09-26T02:55:45.599+0000] {tasks.py:279} INFO - Removing nan URL values
[2022-09-26T02:55:45.625+0000] {tasks.py:280} INFO - Requested prices before: 14
[2022-09-26T02:55:45.888+0000] {tasks.py:285} INFO - Requested prices after: 14
[2022-09-26T02:55:50.526+0000] {tasks.py:382} INFO - Skipping element errors to: https://www.tocaobra.com.br/p/6508242/registro-de-gaveta-docolbase-34-docol-25130600-unitario?loja=grupo-sebba
[2022-09-26T02:55:50.526+0000] {tasks.py:383} INFO - Error: Message: Unable to locate element: .product-price.yyz .price-title
Stacktrace:
WebDriverError@chrome://remote/content/shared/webdriver/Errors.jsm:186:5
NoSuchElementError@chrome://remote/content/shared/webdriver/Errors.jsm:398:5
element.find/</<@chrome://remote/content/marionette/element.js:300:16

[2022-09-26T02:55:50.527+0000] {tasks.py:318} INFO - Printing information
[2022-09-26T02:55:55.253+0000] {tasks.py:382} INFO - Skipping element errors to: https://www.tocaobra.com.br/p/6503795/saboneteira-de-parede-deca-2010c02-unitario?loja=grupo-sebba
[2022-09-26T02:55:55.254+0000] {tasks.py:383} INFO - Error: Message: Unable to locate element: .product-price.yyz .price-title
Stacktrace:
WebDriverError@chrome://remote/content/shared/webdriver/Errors.jsm:186:5
NoSuchElementError@chrome://remote/content/shared/webdriver/Errors.jsm:398:5
element.find/</<@chrome://remote/content/marionette/element.js:300:16

[2022-09-26T02:55:55.255+0000] {tasks.py:318} INFO - Printing information
[2022-09-26T02:55:58.782+0000] {tasks.py:382} INFO - Skipping element errors to: https://www.tocaobra.com.br/p/6507552/saboneteira-city-celite-b8002c2cr0-unitario?loja=grupo-sebba
[2022-09-26T02:55:58.783+0000] {tasks.py:383} INFO - Error: Message: Unable to locate element: .product-price.yyz .price-title
Stacktrace:
WebDriverError@chrome://remote/content/shared/webdriver/Errors.jsm:186:5
NoSuchElementError@chrome://remote/content/shared/webdriver/Errors.jsm:398:5
element.find/</<@chrome://remote/content/marionette/element.js:300:16

[2022-09-26T02:55:58.783+0000] {tasks.py:318} INFO - Printing information
[2022-09-26T02:56:02.553+0000] {tasks.py:382} INFO - Skipping element errors to: https://www.tocaobra.com.br/p/6556940/torneira-para-tanque-e-jardim-com-bico-uniao-brio-branco-12-lorenzetti-7112000-unitario?loja=grupo-sebba
[2022-09-26T02:56:02.554+0000] {tasks.py:383} INFO - Error: Message: Unable to locate element: .product-price.yyz .price-title
Stacktrace:
WebDriverError@chrome://remote/content/shared/webdriver/Errors.jsm:186:5
NoSuchElementError@chrome://remote/content/shared/webdriver/Errors.jsm:398:5
element.find/</<@chrome://remote/content/marionette/element.js:300:16

[2022-09-26T02:56:02.555+0000] {tasks.py:318} INFO - Printing information
[2022-09-26T02:56:08.112+0000] {tasks.py:382} INFO - Skipping element errors to: https://www.tocaobra.com.br/p/6508243/registro-de-gaveta-docolbase-112-docol-25131500-unitario?loja=grupo-sebba
[2022-09-26T02:56:08.113+0000] {tasks.py:383} INFO - Error: Message: Unable to locate element: .product-price.yyz .price-title
Stacktrace:
WebDriverError@chrome://remote/content/shared/webdriver/Errors.jsm:186:5
NoSuchElementError@chrome://remote/content/shared/webdriver/Errors.jsm:398:5
element.find/</<@chrome://remote/content/marionette/element.js:300:16

[2022-09-26T02:56:08.114+0000] {tasks.py:318} INFO - Printing information
[2022-09-26T02:56:18.513+0000] {tasks.py:382} INFO - Skipping element errors to: https://www.tocaobra.com.br/p/6508235/registro-de-gaveta-docolbase-1-docol-25131000-unitario?loja=grupo-sebba
[2022-09-26T02:56:18.513+0000] {tasks.py:383} INFO - Error: Message: Unable to locate element: .product-price.yyz .price-title
Stacktrace:
WebDriverError@chrome://remote/content/shared/webdriver/Errors.jsm:186:5
NoSuchElementError@chrome://remote/content/shared/webdriver/Errors.jsm:398:5
element.find/</<@chrome://remote/content/marionette/element.js:300:16

[2022-09-26T02:56:18.515+0000] {tasks.py:318} INFO - Printing information
[2022-09-26T02:56:22.077+0000] {tasks.py:382} INFO - Skipping element errors to: https://www.tocaobra.com.br/p/6507463/torneira-de-mesa-bica-movel-com-arejador-celite-one-celite-b5009ckcr3-unitario?loja=grupo-sebba
[2022-09-26T02:56:22.078+0000] {tasks.py:383} INFO - Error: Message: Unable to locate element: .product-price.yyz .price-title
Stacktrace:
WebDriverError@chrome://remote/content/shared/webdriver/Errors.jsm:186:5
NoSuchElementError@chrome://remote/content/shared/webdriver/Errors.jsm:398:5
element.find/</<@chrome://remote/content/marionette/element.js:300:16

[2022-09-26T02:56:22.078+0000] {tasks.py:318} INFO - Printing information
[2022-09-26T02:56:23.941+0000] {tasks.py:382} INFO - Skipping element errors to: https://www.tocaobra.com.br/p/7493667/acabamento-para-registro-nova-pertutti-34-docol-00904006-unitario?loja=grupo-sebba
[2022-09-26T02:56:23.942+0000] {tasks.py:383} INFO - Error: Message: Unable to locate element: .product-price.yyz .price-title
Stacktrace:
WebDriverError@chrome://remote/content/shared/webdriver/Errors.jsm:186:5
NoSuchElementError@chrome://remote/content/shared/webdriver/Errors.jsm:398:5
element.find/</<@chrome://remote/content/marionette/element.js:300:16

[2022-09-26T02:56:23.942+0000] {tasks.py:318} INFO - Printing information
[2022-09-26T02:56:29.294+0000] {tasks.py:382} INFO - Skipping element errors to: https://www.tocaobra.com.br/p/6508152/saboneteira-docolidea-docol-00586106-unitario?loja=grupo-sebba
[2022-09-26T02:56:29.299+0000] {tasks.py:383} INFO - Error: Message: Unable to locate element: .product-price.yyz .price-title
Stacktrace:
WebDriverError@chrome://remote/content/shared/webdriver/Errors.jsm:186:5
NoSuchElementError@chrome://remote/content/shared/webdriver/Errors.jsm:398:5
element.find/</<@chrome://remote/content/marionette/element.js:300:16

[2022-09-26T02:56:29.300+0000] {tasks.py:318} INFO - Printing information
[2022-09-26T02:56:39.521+0000] {tasks.py:382} INFO - Skipping element errors to: https://www.tocaobra.com.br/p/7815874/valvula-para-pia-americana-312-cromado-esteves-metais-vva228cwb-unitario?loja=grupo-sebba
[2022-09-26T02:56:39.522+0000] {tasks.py:383} INFO - Error: Message: Unable to locate element: .product-price.yyz .price-title
Stacktrace:
WebDriverError@chrome://remote/content/shared/webdriver/Errors.jsm:186:5
NoSuchElementError@chrome://remote/content/shared/webdriver/Errors.jsm:398:5
element.find/</<@chrome://remote/content/marionette/element.js:300:16

[2022-09-26T02:56:39.523+0000] {tasks.py:318} INFO - Printing information
[2022-09-26T02:56:48.604+0000] {tasks.py:382} INFO - Skipping element errors to: https://www.tocaobra.com.br/p/7450701/base-registro-de-pressao-34-bruto-deca-4416202-unitario?loja=grupo-sebba
[2022-09-26T02:56:48.605+0000] {tasks.py:383} INFO - Error: Message: Unable to locate element: .product-price.yyz .price-title
Stacktrace:
WebDriverError@chrome://remote/content/shared/webdriver/Errors.jsm:186:5
NoSuchElementError@chrome://remote/content/shared/webdriver/Errors.jsm:398:5
element.find/</<@chrome://remote/content/marionette/element.js:300:16

[2022-09-26T02:56:48.605+0000] {tasks.py:318} INFO - Printing information
[2022-09-26T02:56:59.401+0000] {tasks.py:382} INFO - Skipping element errors to: https://www.tocaobra.com.br/p/6507493/torneira-de-parede-para-tanque-e-jardim-com-bico-uniao-plastico-celite-one-celite-b5007ckcr3-unitario?loja=grupo-sebba
[2022-09-26T02:56:59.402+0000] {tasks.py:383} INFO - Error: Message: Unable to locate element: .product-price.yyz .price-title
Stacktrace:
WebDriverError@chrome://remote/content/shared/webdriver/Errors.jsm:186:5
NoSuchElementError@chrome://remote/content/shared/webdriver/Errors.jsm:398:5
element.find/</<@chrome://remote/content/marionette/element.js:300:16

[2022-09-26T02:56:59.403+0000] {tasks.py:318} INFO - Printing information
[2022-09-26T02:57:01.244+0000] {tasks.py:382} INFO - Skipping element errors to: https://www.tocaobra.com.br/p/6507479/torneira-de-parede-bica-movel-com-arejador-celite-one-celite-b5008ckcr3-unitario?loja=grupo-sebba
[2022-09-26T02:57:01.245+0000] {tasks.py:383} INFO - Error: Message: Unable to locate element: .product-price.yyz .price-title
Stacktrace:
WebDriverError@chrome://remote/content/shared/webdriver/Errors.jsm:186:5
NoSuchElementError@chrome://remote/content/shared/webdriver/Errors.jsm:398:5
element.find/</<@chrome://remote/content/marionette/element.js:300:16

[2022-09-26T02:57:01.245+0000] {tasks.py:318} INFO - Printing information
[2022-09-26T02:57:03.489+0000] {tasks.py:382} INFO - Skipping element errors to: https://www.tocaobra.com.br/p/7576684/porta-toalha-rosto-net-cromado-deca-2050c01-unitario?loja=grupo-sebba
[2022-09-26T02:57:03.490+0000] {tasks.py:383} INFO - Error: Message: Unable to locate element: .product-price.yyz .price-title
Stacktrace:
WebDriverError@chrome://remote/content/shared/webdriver/Errors.jsm:186:5
NoSuchElementError@chrome://remote/content/shared/webdriver/Errors.jsm:398:5
element.find/</<@chrome://remote/content/marionette/element.js:300:16

[2022-09-26T02:57:03.490+0000] {tasks.py:318} INFO - Printing information
[2022-09-26T02:57:03.765+0000] {tasks.py:406} INFO - Saved screenshots and prices
[2022-09-26T02:57:03.843+0000] {tasks.py:240} INFO - Test not passed
[2022-09-26T02:57:03.844+0000] {tasks.py:242} INFO - Difference of 14 prices
[2022-09-26T02:57:04.510+0000] {tasks.py:263} INFO - Requested prices: 14
[2022-09-26T02:57:04.510+0000] {tasks.py:264} INFO - Scraped prices: 0
[2022-09-26T02:57:04.511+0000] {tasks.py:265} INFO - Day of the scraping: 26/09/2022
[2022-09-26T02:57:05.417+0000] {python.py:177} INFO - Done. Returned value was: None
[2022-09-26T02:57:06.020+0000] {taskinstance.py:1406} INFO - Marking task as SUCCESS. dag_id=tocaobra, task_id=colector, execution_date=20220811T000000, start_date=20220926T025538, end_date=20220926T025706
[2022-09-26T02:57:08.300+0000] {local_task_job.py:164} INFO - Task exited with return code 0
[2022-09-26T02:57:08.401+0000] {local_task_job.py:273} INFO - 1 downstream tasks scheduled from follow-on schedule check
