[2022-10-07T20:27:20.914+0000] {taskinstance.py:1165} INFO - Dependencies all met for <TaskInstance: unitintas.colector scheduled__2022-09-01T00:00:00+00:00 [queued]>
[2022-10-07T20:27:20.923+0000] {taskinstance.py:1165} INFO - Dependencies all met for <TaskInstance: unitintas.colector scheduled__2022-09-01T00:00:00+00:00 [queued]>
[2022-10-07T20:27:20.923+0000] {taskinstance.py:1362} INFO - 
--------------------------------------------------------------------------------
[2022-10-07T20:27:20.923+0000] {taskinstance.py:1363} INFO - Starting attempt 4 of 4
[2022-10-07T20:27:20.924+0000] {taskinstance.py:1364} INFO - 
--------------------------------------------------------------------------------
[2022-10-07T20:27:20.938+0000] {taskinstance.py:1383} INFO - Executing <Task(PythonOperator): colector> on 2022-09-01 00:00:00+00:00
[2022-10-07T20:27:20.943+0000] {standard_task_runner.py:54} INFO - Started process 325 to run task
[2022-10-07T20:27:20.946+0000] {standard_task_runner.py:82} INFO - Running: ['***', 'tasks', 'run', 'unitintas', 'colector', 'scheduled__2022-09-01T00:00:00+00:00', '--job-id', '446', '--raw', '--subdir', 'DAGS_FOLDER/dag.py', '--cfg-path', '/tmp/tmpu4026a47']
[2022-10-07T20:27:20.946+0000] {standard_task_runner.py:83} INFO - Job 446: Subtask colector
[2022-10-07T20:27:20.947+0000] {dagbag.py:525} INFO - Filling up the DagBag from /opt/***/dags/dag.py
[2022-10-07T20:27:21.363+0000] {task_command.py:384} INFO - Running <TaskInstance: unitintas.colector scheduled__2022-09-01T00:00:00+00:00 [running]> on host 9a36b0424536
[2022-10-07T20:27:21.430+0000] {taskinstance.py:1592} INFO - Exporting the following env vars:
AIRFLOW_CTX_DAG_OWNER=***
AIRFLOW_CTX_DAG_ID=unitintas
AIRFLOW_CTX_TASK_ID=colector
AIRFLOW_CTX_EXECUTION_DATE=2022-09-01T00:00:00+00:00
AIRFLOW_CTX_TRY_NUMBER=4
AIRFLOW_CTX_DAG_RUN_ID=scheduled__2022-09-01T00:00:00+00:00
[2022-10-07T20:27:21.431+0000] {tasks.py:39} INFO - Defining DEC to export information
[2022-10-07T20:27:21.437+0000] {tasks.py:352} INFO - Reading prep dataframe
[2022-10-07T20:27:21.447+0000] {tasks.py:145} INFO - Instantiating the Browser with the requested settings
[2022-10-07T20:27:24.330+0000] {tasks.py:159} INFO - Browser configured
[2022-10-07T20:27:24.331+0000] {tasks.py:282} INFO - Removing nan URL values
[2022-10-07T20:27:24.332+0000] {tasks.py:283} INFO - Requested prices before: 45
[2022-10-07T20:27:24.335+0000] {tasks.py:288} INFO - Requested prices after: 22
[2022-10-07T20:27:30.982+0000] {tasks.py:382} INFO - Price of 1578939 - COLAPVA: R$ 14,31
[2022-10-07T20:27:30.983+0000] {tasks.py:321} INFO - Printing information
[2022-10-07T20:27:34.948+0000] {tasks.py:382} INFO - Price of 1578890 - LIXAPARAMASSA: R$ 0,90
[2022-10-07T20:27:34.948+0000] {tasks.py:321} INFO - Printing information
[2022-10-07T20:27:38.609+0000] {tasks.py:382} INFO - Price of 1578898 - MASCARARESPIRATORIA: R$ 9,54
[2022-10-07T20:27:38.610+0000] {tasks.py:321} INFO - Printing information
[2022-10-07T20:27:43.673+0000] {tasks.py:382} INFO - Price of 1578895 - TEXTURAACRILICA: R$ 110,34
[2022-10-07T20:27:43.673+0000] {tasks.py:321} INFO - Printing information
[2022-10-07T20:27:47.372+0000] {tasks.py:382} INFO - Price of 1578882 - ADITIVOADESIVOSINTETICO: R$ 218,79
[2022-10-07T20:27:47.372+0000] {tasks.py:321} INFO - Printing information
[2022-10-07T20:27:50.985+0000] {tasks.py:382} INFO - Price of 1578880 - REVESTIMENTOIMPERMEABILIZANTESEMIFLEXIVEL: R$ 158,67
[2022-10-07T20:27:50.985+0000] {tasks.py:321} INFO - Printing information
[2022-10-07T20:27:55.809+0000] {tasks.py:382} INFO - Price of 1578888 - TINTAASFALTICAIMPERMEABILIZANTE: R$ 669,69
[2022-10-07T20:27:55.810+0000] {tasks.py:321} INFO - Printing information
[2022-10-07T20:27:59.597+0000] {tasks.py:382} INFO - Price of 1578892 - MASSAACRILICA: R$ 38,88
[2022-10-07T20:27:59.598+0000] {tasks.py:321} INFO - Printing information
[2022-10-07T20:28:03.007+0000] {tasks.py:382} INFO - Price of 1578887 - ADITIVOIMPERMEABILIZANTE: R$ 106,74
[2022-10-07T20:28:03.008+0000] {tasks.py:321} INFO - Printing information
[2022-10-07T20:28:07.873+0000] {tasks.py:382} INFO - Price of 1578886 - ADITIVOIMPERMEABILIZANTEPARACONCRETOSEARGAMASSAS: R$ 197,10
[2022-10-07T20:28:07.873+0000] {tasks.py:321} INFO - Printing information
[2022-10-07T20:28:11.843+0000] {tasks.py:382} INFO - Price of 1578885 - SELADORACRILICO: R$ 98,19
[2022-10-07T20:28:11.844+0000] {tasks.py:321} INFO - Printing information
[2022-10-07T20:28:16.617+0000] {tasks.py:382} INFO - Price of 1578896 - VERNIZACRILICO: R$ 58,68
[2022-10-07T20:28:16.618+0000] {tasks.py:321} INFO - Printing information
[2022-10-07T20:28:19.781+0000] {tasks.py:382} INFO - Price of 1578884 - IMPERMEABILIZANTEABASERESINAACRILICAEFIBRASSINTETICAS: R$ 204,30
[2022-10-07T20:28:19.781+0000] {tasks.py:321} INFO - Printing information
[2022-10-07T20:28:23.490+0000] {tasks.py:382} INFO - Price of 1578889 - LIXAPARAFERRO: R$ 3,15
[2022-10-07T20:28:23.491+0000] {tasks.py:321} INFO - Printing information
[2022-10-07T20:28:26.967+0000] {tasks.py:382} INFO - Price of 1578878 - TELADEREPAROAUTOADESIVA: R$ 31,86
[2022-10-07T20:28:26.968+0000] {tasks.py:321} INFO - Printing information
[2022-10-07T20:28:30.620+0000] {tasks.py:382} INFO - Price of 1578894 - AGUARRAS: R$ 25,92
[2022-10-07T20:28:30.620+0000] {tasks.py:321} INFO - Printing information
[2022-10-07T20:28:34.044+0000] {tasks.py:382} INFO - Price of 1578879 - ENGATERAPIDOPLASTICOPARAMANGUEIRA: R$ 5,85
[2022-10-07T20:28:34.045+0000] {tasks.py:321} INFO - Printing information
[2022-10-07T20:28:37.857+0000] {tasks.py:382} INFO - Price of 1578891 - FITAADESIVAANTIDERRAPANTE: R$ 41,94
[2022-10-07T20:28:37.858+0000] {tasks.py:321} INFO - Printing information
[2022-10-07T20:28:40.830+0000] {tasks.py:382} INFO - Price of 1578881 - ADESIVODEALTODESEMPENHOPARAARGAMASSASECHAPISCOS: R$ 481,68
[2022-10-07T20:28:40.830+0000] {tasks.py:321} INFO - Printing information
[2022-10-07T20:28:44.819+0000] {tasks.py:382} INFO - Price of 1578893 - MASSACORRIDAABASEDEPVA: R$ 53,91
[2022-10-07T20:28:44.820+0000] {tasks.py:321} INFO - Printing information
[2022-10-07T20:28:48.266+0000] {tasks.py:382} INFO - Price of 1578883 - REVESTIMENTOIMPERMEABILIZANTESEMIFLEXIVEL: R$ 63,00
[2022-10-07T20:28:48.266+0000] {tasks.py:321} INFO - Printing information
[2022-10-07T20:28:51.589+0000] {tasks.py:382} INFO - Price of 1578897 - ZARCAO: R$ 160,20
[2022-10-07T20:28:51.589+0000] {tasks.py:321} INFO - Printing information
[2022-10-07T20:28:51.692+0000] {tasks.py:409} INFO - Saved screenshots and prices
[2022-10-07T20:28:51.693+0000] {tasks.py:243} INFO - Test not passed
[2022-10-07T20:28:51.693+0000] {tasks.py:245} INFO - Difference of 23 prices
[2022-10-07T20:28:51.695+0000] {tasks.py:266} INFO - Requested prices: 45
[2022-10-07T20:28:51.695+0000] {tasks.py:267} INFO - Scraped prices: 22
[2022-10-07T20:28:51.695+0000] {tasks.py:268} INFO - Day of the scraping: 07/10/2022
[2022-10-07T20:28:51.712+0000] {python.py:177} INFO - Done. Returned value was: None
[2022-10-07T20:28:51.722+0000] {taskinstance.py:1406} INFO - Marking task as SUCCESS. dag_id=unitintas, task_id=colector, execution_date=20220901T000000, start_date=20221007T202720, end_date=20221007T202851
[2022-10-07T20:28:51.749+0000] {local_task_job.py:164} INFO - Task exited with return code 0
[2022-10-07T20:28:51.767+0000] {local_task_job.py:273} INFO - 1 downstream tasks scheduled from follow-on schedule check
