[2022-10-04T19:42:38.537+0000] {taskinstance.py:1165} INFO - Dependencies all met for <TaskInstance: constrular.prep scheduled__2022-09-21T00:00:00+00:00 [queued]>
[2022-10-04T19:42:38.547+0000] {taskinstance.py:1165} INFO - Dependencies all met for <TaskInstance: constrular.prep scheduled__2022-09-21T00:00:00+00:00 [queued]>
[2022-10-04T19:42:38.548+0000] {taskinstance.py:1362} INFO - 
--------------------------------------------------------------------------------
[2022-10-04T19:42:38.548+0000] {taskinstance.py:1363} INFO - Starting attempt 3 of 3
[2022-10-04T19:42:38.549+0000] {taskinstance.py:1364} INFO - 
--------------------------------------------------------------------------------
[2022-10-04T19:42:38.563+0000] {taskinstance.py:1383} INFO - Executing <Task(PythonOperator): prep> on 2022-09-21 00:00:00+00:00
[2022-10-04T19:42:38.567+0000] {standard_task_runner.py:54} INFO - Started process 1268 to run task
[2022-10-04T19:42:38.569+0000] {standard_task_runner.py:82} INFO - Running: ['***', 'tasks', 'run', 'constrular', 'prep', 'scheduled__2022-09-21T00:00:00+00:00', '--job-id', '413', '--raw', '--subdir', 'DAGS_FOLDER/dag.py', '--cfg-path', '/tmp/tmpjlai76_7']
[2022-10-04T19:42:38.569+0000] {standard_task_runner.py:83} INFO - Job 413: Subtask prep
[2022-10-04T19:42:38.570+0000] {dagbag.py:525} INFO - Filling up the DagBag from /opt/***/dags/dag.py
[2022-10-04T19:42:38.989+0000] {task_command.py:384} INFO - Running <TaskInstance: constrular.prep scheduled__2022-09-21T00:00:00+00:00 [running]> on host 9a36b0424536
[2022-10-04T19:42:39.050+0000] {taskinstance.py:1592} INFO - Exporting the following env vars:
AIRFLOW_CTX_DAG_OWNER=***
AIRFLOW_CTX_DAG_ID=constrular
AIRFLOW_CTX_TASK_ID=prep
AIRFLOW_CTX_EXECUTION_DATE=2022-09-21T00:00:00+00:00
AIRFLOW_CTX_TRY_NUMBER=3
AIRFLOW_CTX_DAG_RUN_ID=scheduled__2022-09-21T00:00:00+00:00
[2022-10-04T19:42:39.051+0000] {tasks.py:109} INFO - Reading the last request file for day 04/10/2022
[2022-10-04T19:42:39.085+0000] {tasks.py:88} INFO - Cleaning the column NM_INSUMO
[2022-10-04T19:42:39.117+0000] {tasks.py:128} INFO - Filtering for BP ['92964'] and period ['M10']
[2022-10-04T19:42:39.124+0000] {tasks.py:39} INFO - Defining DEC to export information
[2022-10-04T19:42:39.151+0000] {tasks.py:136} INFO - Saved prep dataframe in ./data_output/CONSTRULAR/coleta_2022/coleta_outubro/coleta_1_dec/saida_2022_10_04
[2022-10-04T19:42:39.151+0000] {python.py:177} INFO - Done. Returned value was: None
[2022-10-04T19:42:39.161+0000] {taskinstance.py:1406} INFO - Marking task as SUCCESS. dag_id=constrular, task_id=prep, execution_date=20220921T000000, start_date=20221004T194238, end_date=20221004T194239
[2022-10-04T19:42:39.188+0000] {local_task_job.py:164} INFO - Task exited with return code 0
[2022-10-04T19:42:39.216+0000] {local_task_job.py:273} INFO - 1 downstream tasks scheduled from follow-on schedule check
