[2022-09-26T05:05:35.986+0000] {taskinstance.py:1165} INFO - Dependencies all met for <TaskInstance: tudo_melhor.colector scheduled__2022-08-21T00:00:00+00:00 [queued]>
[2022-09-26T05:05:35.994+0000] {taskinstance.py:1165} INFO - Dependencies all met for <TaskInstance: tudo_melhor.colector scheduled__2022-08-21T00:00:00+00:00 [queued]>
[2022-09-26T05:05:35.995+0000] {taskinstance.py:1362} INFO - 
--------------------------------------------------------------------------------
[2022-09-26T05:05:35.995+0000] {taskinstance.py:1363} INFO - Starting attempt 17 of 17
[2022-09-26T05:05:35.995+0000] {taskinstance.py:1364} INFO - 
--------------------------------------------------------------------------------
[2022-09-26T05:05:36.006+0000] {taskinstance.py:1383} INFO - Executing <Task(PythonOperator): colector> on 2022-08-21 00:00:00+00:00
[2022-09-26T05:05:36.011+0000] {standard_task_runner.py:54} INFO - Started process 276 to run task
[2022-09-26T05:05:36.013+0000] {standard_task_runner.py:82} INFO - Running: ['***', 'tasks', 'run', 'tudo_melhor', 'colector', 'scheduled__2022-08-21T00:00:00+00:00', '--job-id', '191', '--raw', '--subdir', 'DAGS_FOLDER/dag.py', '--cfg-path', '/tmp/tmp16s_uyrr']
[2022-09-26T05:05:36.013+0000] {standard_task_runner.py:83} INFO - Job 191: Subtask colector
[2022-09-26T05:05:36.014+0000] {dagbag.py:525} INFO - Filling up the DagBag from /opt/***/dags/dag.py
[2022-09-26T05:05:36.221+0000] {dagbag.py:330} ERROR - Failed to import: /opt/***/dags/dag.py
Traceback (most recent call last):
  File "/home/airflow/.local/lib/python3.7/site-packages/airflow/models/dagbag.py", line 326, in parse
    loader.exec_module(new_module)
  File "<frozen importlib._bootstrap_external>", line 728, in exec_module
  File "<frozen importlib._bootstrap>", line 219, in _call_with_frames_removed
  File "/opt/airflow/dags/dag.py", line 3, in <module>
    from tasks import create_task_collector, create_task_carga, create_task_prep
  File "/opt/airflow/dags/tasks.py", line 28, in <module>
    host = os.environ['SELENIUM_REMOTE_HOST']
  File "/usr/local/lib/python3.7/os.py", line 681, in __getitem__
    raise KeyError(key) from None
KeyError: 'SELENIUM_REMOTE_HOST'
[2022-09-26T05:05:36.228+0000] {standard_task_runner.py:107} ERROR - Failed to execute job 191 for task colector (Dag 'tudo_melhor' could not be found; either it does not exist or it failed to parse.; 276)
[2022-09-26T05:05:36.266+0000] {local_task_job.py:164} INFO - Task exited with return code 1
[2022-09-26T05:05:36.286+0000] {local_task_job.py:273} INFO - 0 downstream tasks scheduled from follow-on schedule check
