[2022-09-27T20:48:50.515+0000] {taskinstance.py:1165} INFO - Dependencies all met for <TaskInstance: casa_das_ferragens.colector manual__2022-09-27T19:59:55.516392+00:00 [queued]>
[2022-09-27T20:48:50.524+0000] {taskinstance.py:1165} INFO - Dependencies all met for <TaskInstance: casa_das_ferragens.colector manual__2022-09-27T19:59:55.516392+00:00 [queued]>
[2022-09-27T20:48:50.524+0000] {taskinstance.py:1362} INFO - 
--------------------------------------------------------------------------------
[2022-09-27T20:48:50.525+0000] {taskinstance.py:1363} INFO - Starting attempt 1 of 1
[2022-09-27T20:48:50.525+0000] {taskinstance.py:1364} INFO - 
--------------------------------------------------------------------------------
[2022-09-27T20:48:50.536+0000] {taskinstance.py:1383} INFO - Executing <Task(PythonOperator): colector> on 2022-09-27 19:59:55.516392+00:00
[2022-09-27T20:48:50.541+0000] {standard_task_runner.py:54} INFO - Started process 219 to run task
[2022-09-27T20:48:50.542+0000] {standard_task_runner.py:82} INFO - Running: ['***', 'tasks', 'run', 'casa_das_ferragens', 'colector', 'manual__2022-09-27T19:59:55.516392+00:00', '--job-id', '301', '--raw', '--subdir', 'DAGS_FOLDER/dag.py', '--cfg-path', '/tmp/tmp0h3mzs9m']
[2022-09-27T20:48:50.543+0000] {standard_task_runner.py:83} INFO - Job 301: Subtask colector
[2022-09-27T20:48:50.544+0000] {dagbag.py:525} INFO - Filling up the DagBag from /opt/***/dags/dag.py
[2022-09-27T20:48:50.923+0000] {task_command.py:384} INFO - Running <TaskInstance: casa_das_ferragens.colector manual__2022-09-27T19:59:55.516392+00:00 [running]> on host 4f0e9a210a6d
[2022-09-27T20:48:50.980+0000] {taskinstance.py:1592} INFO - Exporting the following env vars:
AIRFLOW_CTX_DAG_OWNER=***
AIRFLOW_CTX_DAG_ID=casa_das_ferragens
AIRFLOW_CTX_TASK_ID=colector
AIRFLOW_CTX_EXECUTION_DATE=2022-09-27T19:59:55.516392+00:00
AIRFLOW_CTX_TRY_NUMBER=1
AIRFLOW_CTX_DAG_RUN_ID=manual__2022-09-27T19:59:55.516392+00:00
[2022-09-27T20:48:50.981+0000] {tasks.py:42} INFO - Defining DEC to export information
[2022-09-27T20:48:50.985+0000] {tasks.py:357} INFO - Reading prep dataframe
[2022-09-27T20:48:50.992+0000] {tasks.py:150} INFO - Instantiating the Browser with the requested settings
[2022-09-27T20:48:53.919+0000] {tasks.py:164} INFO - Browser configured
[2022-09-27T20:48:53.920+0000] {tasks.py:287} INFO - Removing nan URL values
[2022-09-27T20:48:53.921+0000] {tasks.py:288} INFO - Requested prices before: 1
[2022-09-27T20:48:53.927+0000] {tasks.py:293} INFO - Requested prices after: 1
[2022-09-27T20:48:58.270+0000] {tasks.py:387} INFO - Price of 1574829 - COLADECONTATO: R$349,00
[2022-09-27T20:48:58.270+0000] {tasks.py:326} INFO - Printing information
[2022-09-27T20:48:58.342+0000] {tasks.py:414} INFO - Saved screenshots and prices
[2022-09-27T20:48:58.342+0000] {tasks.py:245} INFO - Test passed
[2022-09-27T20:48:58.344+0000] {tasks.py:271} INFO - Requested prices: 1
[2022-09-27T20:48:58.344+0000] {tasks.py:272} INFO - Scraped prices: 1
[2022-09-27T20:48:58.345+0000] {tasks.py:273} INFO - Day of the scraping: 27/09/2022
[2022-09-27T20:48:58.355+0000] {python.py:177} INFO - Done. Returned value was: None
[2022-09-27T20:48:58.364+0000] {taskinstance.py:1406} INFO - Marking task as SUCCESS. dag_id=casa_das_ferragens, task_id=colector, execution_date=20220927T195955, start_date=20220927T204850, end_date=20220927T204858
[2022-09-27T20:48:58.412+0000] {local_task_job.py:164} INFO - Task exited with return code 0
[2022-09-27T20:48:58.430+0000] {local_task_job.py:273} INFO - 1 downstream tasks scheduled from follow-on schedule check
