[2022-10-03T12:11:52.622+0000] {taskinstance.py:1165} INFO - Dependencies all met for <TaskInstance: casa_da_limpeza.prep scheduled__2022-09-01T00:00:00+00:00 [queued]>
[2022-10-03T12:11:52.632+0000] {taskinstance.py:1165} INFO - Dependencies all met for <TaskInstance: casa_da_limpeza.prep scheduled__2022-09-01T00:00:00+00:00 [queued]>
[2022-10-03T12:11:52.632+0000] {taskinstance.py:1362} INFO - 
--------------------------------------------------------------------------------
[2022-10-03T12:11:52.634+0000] {taskinstance.py:1363} INFO - Starting attempt 1 of 1
[2022-10-03T12:11:52.634+0000] {taskinstance.py:1364} INFO - 
--------------------------------------------------------------------------------
[2022-10-03T12:11:52.646+0000] {taskinstance.py:1383} INFO - Executing <Task(PythonOperator): prep> on 2022-09-01 00:00:00+00:00
[2022-10-03T12:11:52.651+0000] {standard_task_runner.py:54} INFO - Started process 1881 to run task
[2022-10-03T12:11:52.653+0000] {standard_task_runner.py:82} INFO - Running: ['***', 'tasks', 'run', 'casa_da_limpeza', 'prep', 'scheduled__2022-09-01T00:00:00+00:00', '--job-id', '371', '--raw', '--subdir', 'DAGS_FOLDER/dag.py', '--cfg-path', '/tmp/tmpw8_aska2']
[2022-10-03T12:11:52.653+0000] {standard_task_runner.py:83} INFO - Job 371: Subtask prep
[2022-10-03T12:11:52.654+0000] {dagbag.py:525} INFO - Filling up the DagBag from /opt/***/dags/dag.py
[2022-10-03T12:11:53.068+0000] {task_command.py:384} INFO - Running <TaskInstance: casa_da_limpeza.prep scheduled__2022-09-01T00:00:00+00:00 [running]> on host a4a362a654c5
[2022-10-03T12:11:53.137+0000] {taskinstance.py:1592} INFO - Exporting the following env vars:
AIRFLOW_CTX_DAG_OWNER=***
AIRFLOW_CTX_DAG_ID=casa_da_limpeza
AIRFLOW_CTX_TASK_ID=prep
AIRFLOW_CTX_EXECUTION_DATE=2022-09-01T00:00:00+00:00
AIRFLOW_CTX_TRY_NUMBER=1
AIRFLOW_CTX_DAG_RUN_ID=scheduled__2022-09-01T00:00:00+00:00
[2022-10-03T12:11:53.138+0000] {tasks.py:109} INFO - Reading the last request file for day 03/10/2022
[2022-10-03T12:11:53.405+0000] {tasks.py:88} INFO - Cleaning the column NM_INSUMO
[2022-10-03T12:11:53.647+0000] {tasks.py:128} INFO - Filtering for BP ['93781'] and period ['M10']
[2022-10-03T12:11:53.659+0000] {tasks.py:39} INFO - Defining DEC to export information
[2022-10-03T12:11:53.676+0000] {tasks.py:136} INFO - Saved prep dataframe in ./data_output/CASA_DA_LIMPEZA/coleta_2022/coleta_outubro/coleta_1_dec/saida_2022_10_03
[2022-10-03T12:11:53.680+0000] {python.py:177} INFO - Done. Returned value was: None
[2022-10-03T12:11:53.689+0000] {taskinstance.py:1406} INFO - Marking task as SUCCESS. dag_id=casa_da_limpeza, task_id=prep, execution_date=20220901T000000, start_date=20221003T121152, end_date=20221003T121153
[2022-10-03T12:11:53.748+0000] {local_task_job.py:164} INFO - Task exited with return code 0
[2022-10-03T12:11:53.787+0000] {local_task_job.py:273} INFO - 1 downstream tasks scheduled from follow-on schedule check
