[2022-09-26T02:55:42.475+0000] {taskinstance.py:1165} INFO - Dependencies all met for <TaskInstance: rede_casarao.colector scheduled__2022-08-11T00:00:00+00:00 [queued]>
[2022-09-26T02:55:42.504+0000] {taskinstance.py:1165} INFO - Dependencies all met for <TaskInstance: rede_casarao.colector scheduled__2022-08-11T00:00:00+00:00 [queued]>
[2022-09-26T02:55:42.505+0000] {taskinstance.py:1362} INFO - 
--------------------------------------------------------------------------------
[2022-09-26T02:55:42.507+0000] {taskinstance.py:1363} INFO - Starting attempt 1 of 1
[2022-09-26T02:55:42.507+0000] {taskinstance.py:1364} INFO - 
--------------------------------------------------------------------------------
[2022-09-26T02:55:42.719+0000] {taskinstance.py:1383} INFO - Executing <Task(PythonOperator): colector> on 2022-08-11 00:00:00+00:00
[2022-09-26T02:55:42.807+0000] {standard_task_runner.py:54} INFO - Started process 848 to run task
[2022-09-26T02:55:42.852+0000] {standard_task_runner.py:82} INFO - Running: ['***', 'tasks', 'run', 'rede_casarao', 'colector', 'scheduled__2022-08-11T00:00:00+00:00', '--job-id', '49', '--raw', '--subdir', 'DAGS_FOLDER/dag.py', '--cfg-path', '/tmp/tmpd3g7kvj2']
[2022-09-26T02:55:42.858+0000] {standard_task_runner.py:83} INFO - Job 49: Subtask colector
[2022-09-26T02:55:42.901+0000] {dagbag.py:525} INFO - Filling up the DagBag from /opt/***/dags/dag.py
[2022-09-26T02:55:45.537+0000] {task_command.py:384} INFO - Running <TaskInstance: rede_casarao.colector scheduled__2022-08-11T00:00:00+00:00 [running]> on host 8600278d5a66
[2022-09-26T02:55:45.904+0000] {taskinstance.py:1592} INFO - Exporting the following env vars:
AIRFLOW_CTX_DAG_OWNER=***
AIRFLOW_CTX_DAG_ID=rede_casarao
AIRFLOW_CTX_TASK_ID=colector
AIRFLOW_CTX_EXECUTION_DATE=2022-08-11T00:00:00+00:00
AIRFLOW_CTX_TRY_NUMBER=1
AIRFLOW_CTX_DAG_RUN_ID=scheduled__2022-08-11T00:00:00+00:00
[2022-09-26T02:55:45.906+0000] {tasks.py:43} INFO - Defining DEC to export information
[2022-09-26T02:55:45.945+0000] {tasks.py:349} INFO - Reading prep dataframe
[2022-09-26T02:55:46.008+0000] {tasks.py:151} INFO - Instantiating the Browser with the requested settings
[2022-09-26T02:55:46.008+0000] {tasks.py:156} INFO - Browser configured
[2022-09-26T02:55:46.009+0000] {logger.py:11} INFO - ====== WebDriver manager ======
[2022-09-26T02:55:46.441+0000] {logger.py:11} INFO - Get LATEST geckodriver version for 102.3 firefox
[2022-09-26T02:55:46.442+0000] {logger.py:11} INFO - GH_TOKEN will be used to perform requests
[2022-09-26T02:55:47.129+0000] {logger.py:11} INFO - Driver [/home/***/.wdm/drivers/geckodriver/linux64/0.31/geckodriver] found in cache
[2022-09-26T02:55:53.391+0000] {tasks.py:279} INFO - Removing nan URL values
[2022-09-26T02:55:53.393+0000] {tasks.py:280} INFO - Requested prices before: 15
[2022-09-26T02:55:53.407+0000] {tasks.py:285} INFO - Requested prices after: 15
[2022-09-26T02:56:02.365+0000] {tasks.py:379} INFO - Price of 1572366 - VASOSANITARIODELOUCA: R$ 499,99
[2022-09-26T02:56:02.365+0000] {tasks.py:318} INFO - Printing information
[2022-09-26T02:56:07.139+0000] {tasks.py:379} INFO - Price of 1572363 - ARGAMASSAPARAREVESTIMENTOINTERNOEEXTERNO: R$ 32,99
[2022-09-26T02:56:07.140+0000] {tasks.py:318} INFO - Printing information
[2022-09-26T02:56:11.373+0000] {tasks.py:379} INFO - Price of 1569650 - SERRAMARMORE: R$ 477,77
[2022-09-26T02:56:11.374+0000] {tasks.py:318} INFO - Printing information
[2022-09-26T02:56:17.164+0000] {tasks.py:379} INFO - Price of 1569649 - PICARETAESTREITA: R$ 91,10
[2022-09-26T02:56:17.355+0000] {tasks.py:318} INFO - Printing information
[2022-09-26T02:56:21.534+0000] {tasks.py:379} INFO - Price of 1569652 - VASOSANITARIODELOUCA: R$ 649,99
[2022-09-26T02:56:21.535+0000] {tasks.py:318} INFO - Printing information
[2022-09-26T02:56:26.591+0000] {tasks.py:379} INFO - Price of 1569647 - ANELDEVEDACAOCOMGUIA: R$ 12,21
[2022-09-26T02:56:26.592+0000] {tasks.py:318} INFO - Printing information
[2022-09-26T02:56:34.965+0000] {tasks.py:379} INFO - Price of 1572367 - PISOCERAMICO: 
[2022-09-26T02:56:34.978+0000] {tasks.py:318} INFO - Printing information
[2022-09-26T02:56:46.790+0000] {tasks.py:379} INFO - Price of 1572368 - PORTADEALUMINIO: R$ 1.033,33
[2022-09-26T02:56:46.792+0000] {tasks.py:318} INFO - Printing information
[2022-09-26T02:56:59.502+0000] {tasks.py:379} INFO - Price of 1569637 - ACABAMENTOPARAREGISTRODEGAVETA: R$ 37,99
[2022-09-26T02:56:59.502+0000] {tasks.py:318} INFO - Printing information
[2022-09-26T02:57:04.379+0000] {tasks.py:379} INFO - Price of 1569646 - JOGODEALIZARDETAUARI: R$ 149,99
[2022-09-26T02:57:04.380+0000] {tasks.py:318} INFO - Printing information
[2022-09-26T02:57:08.422+0000] {tasks.py:379} INFO - Price of 1569651 - TINTAACRILICATEXTURADA: R$ 166,66
[2022-09-26T02:57:08.422+0000] {tasks.py:318} INFO - Printing information
[2022-09-26T02:57:12.527+0000] {tasks.py:379} INFO - Price of 1572365 - TINTAACRILICAFOSCA: R$ 199,99
[2022-09-26T02:57:12.528+0000] {tasks.py:318} INFO - Printing information
[2022-09-26T02:57:17.145+0000] {tasks.py:379} INFO - Price of 1572362 - CONJUNTODEDOBRADICADEACOCARBONO: R$ 58,88
[2022-09-26T02:57:17.145+0000] {tasks.py:318} INFO - Printing information
[2022-09-26T02:57:21.411+0000] {tasks.py:379} INFO - Price of 1572364 - ASSENTODEPLASTICOPARAVASOSANITARIO: R$ 29,99
[2022-09-26T02:57:21.412+0000] {tasks.py:318} INFO - Printing information
[2022-09-26T02:57:25.455+0000] {tasks.py:379} INFO - Price of 1569648 - MASSACORRIDAPVA: R$ 32,21
[2022-09-26T02:57:25.456+0000] {tasks.py:318} INFO - Printing information
[2022-09-26T02:57:25.517+0000] {tasks.py:406} INFO - Saved screenshots and prices
[2022-09-26T02:57:25.518+0000] {tasks.py:237} INFO - Test passed
[2022-09-26T02:57:25.520+0000] {tasks.py:263} INFO - Requested prices: 15
[2022-09-26T02:57:25.521+0000] {tasks.py:264} INFO - Scraped prices: 15
[2022-09-26T02:57:25.521+0000] {tasks.py:265} INFO - Day of the scraping: 26/09/2022
[2022-09-26T02:57:25.533+0000] {python.py:177} INFO - Done. Returned value was: None
[2022-09-26T02:57:25.547+0000] {taskinstance.py:1406} INFO - Marking task as SUCCESS. dag_id=rede_casarao, task_id=colector, execution_date=20220811T000000, start_date=20220926T025542, end_date=20220926T025725
[2022-09-26T02:57:25.578+0000] {local_task_job.py:164} INFO - Task exited with return code 0
[2022-09-26T02:57:25.602+0000] {local_task_job.py:273} INFO - 1 downstream tasks scheduled from follow-on schedule check
