[2022-10-03T12:16:46.861+0000] {taskinstance.py:1165} INFO - Dependencies all met for <TaskInstance: agrobombas.prep scheduled__2022-09-01T00:00:00+00:00 [queued]>
[2022-10-03T12:16:46.869+0000] {taskinstance.py:1165} INFO - Dependencies all met for <TaskInstance: agrobombas.prep scheduled__2022-09-01T00:00:00+00:00 [queued]>
[2022-10-03T12:16:46.869+0000] {taskinstance.py:1362} INFO - 
--------------------------------------------------------------------------------
[2022-10-03T12:16:46.870+0000] {taskinstance.py:1363} INFO - Starting attempt 2 of 2
[2022-10-03T12:16:46.870+0000] {taskinstance.py:1364} INFO - 
--------------------------------------------------------------------------------
[2022-10-03T12:16:46.881+0000] {taskinstance.py:1383} INFO - Executing <Task(PythonOperator): prep> on 2022-09-01 00:00:00+00:00
[2022-10-03T12:16:46.885+0000] {standard_task_runner.py:54} INFO - Started process 2125 to run task
[2022-10-03T12:16:46.887+0000] {standard_task_runner.py:82} INFO - Running: ['***', 'tasks', 'run', 'agrobombas', 'prep', 'scheduled__2022-09-01T00:00:00+00:00', '--job-id', '374', '--raw', '--subdir', 'DAGS_FOLDER/dag.py', '--cfg-path', '/tmp/tmppjgjspll']
[2022-10-03T12:16:46.887+0000] {standard_task_runner.py:83} INFO - Job 374: Subtask prep
[2022-10-03T12:16:46.888+0000] {dagbag.py:525} INFO - Filling up the DagBag from /opt/***/dags/dag.py
[2022-10-03T12:16:47.275+0000] {task_command.py:384} INFO - Running <TaskInstance: agrobombas.prep scheduled__2022-09-01T00:00:00+00:00 [running]> on host a4a362a654c5
[2022-10-03T12:16:47.330+0000] {taskinstance.py:1592} INFO - Exporting the following env vars:
AIRFLOW_CTX_DAG_OWNER=***
AIRFLOW_CTX_DAG_ID=agrobombas
AIRFLOW_CTX_TASK_ID=prep
AIRFLOW_CTX_EXECUTION_DATE=2022-09-01T00:00:00+00:00
AIRFLOW_CTX_TRY_NUMBER=2
AIRFLOW_CTX_DAG_RUN_ID=scheduled__2022-09-01T00:00:00+00:00
[2022-10-03T12:16:47.331+0000] {tasks.py:109} INFO - Reading the last request file for day 03/10/2022
[2022-10-03T12:16:47.812+0000] {tasks.py:88} INFO - Cleaning the column NM_INSUMO
[2022-10-03T12:16:48.033+0000] {tasks.py:128} INFO - Filtering for BP ['92326'] and period ['M10']
[2022-10-03T12:16:48.045+0000] {tasks.py:39} INFO - Defining DEC to export information
[2022-10-03T12:16:48.066+0000] {tasks.py:136} INFO - Saved prep dataframe in ./data_output/AGROBOMBAS/coleta_2022/coleta_outubro/coleta_1_dec/saida_2022_10_03
[2022-10-03T12:16:48.070+0000] {python.py:177} INFO - Done. Returned value was: None
[2022-10-03T12:16:48.078+0000] {taskinstance.py:1406} INFO - Marking task as SUCCESS. dag_id=agrobombas, task_id=prep, execution_date=20220901T000000, start_date=20221003T121646, end_date=20221003T121648
[2022-10-03T12:16:48.102+0000] {local_task_job.py:164} INFO - Task exited with return code 0
[2022-10-03T12:16:48.127+0000] {local_task_job.py:273} INFO - 1 downstream tasks scheduled from follow-on schedule check
