[2022-10-03T12:23:13.824+0000] {taskinstance.py:1165} INFO - Dependencies all met for <TaskInstance: agrobombas.prep scheduled__2022-09-01T00:00:00+00:00 [queued]>
[2022-10-03T12:23:13.938+0000] {taskinstance.py:1165} INFO - Dependencies all met for <TaskInstance: agrobombas.prep scheduled__2022-09-01T00:00:00+00:00 [queued]>
[2022-10-03T12:23:13.938+0000] {taskinstance.py:1362} INFO - 
--------------------------------------------------------------------------------
[2022-10-03T12:23:13.939+0000] {taskinstance.py:1363} INFO - Starting attempt 3 of 3
[2022-10-03T12:23:13.967+0000] {taskinstance.py:1364} INFO - 
--------------------------------------------------------------------------------
[2022-10-03T12:23:14.164+0000] {taskinstance.py:1383} INFO - Executing <Task(PythonOperator): prep> on 2022-09-01 00:00:00+00:00
[2022-10-03T12:23:14.168+0000] {standard_task_runner.py:54} INFO - Started process 2376 to run task
[2022-10-03T12:23:14.170+0000] {standard_task_runner.py:82} INFO - Running: ['***', 'tasks', 'run', 'agrobombas', 'prep', 'scheduled__2022-09-01T00:00:00+00:00', '--job-id', '376', '--raw', '--subdir', 'DAGS_FOLDER/dag.py', '--cfg-path', '/tmp/tmpm3xatpab']
[2022-10-03T12:23:14.170+0000] {standard_task_runner.py:83} INFO - Job 376: Subtask prep
[2022-10-03T12:23:14.171+0000] {dagbag.py:525} INFO - Filling up the DagBag from /opt/***/dags/dag.py
[2022-10-03T12:23:16.330+0000] {task_command.py:384} INFO - Running <TaskInstance: agrobombas.prep scheduled__2022-09-01T00:00:00+00:00 [running]> on host a4a362a654c5
[2022-10-03T12:23:16.649+0000] {taskinstance.py:1592} INFO - Exporting the following env vars:
AIRFLOW_CTX_DAG_OWNER=***
AIRFLOW_CTX_DAG_ID=agrobombas
AIRFLOW_CTX_TASK_ID=prep
AIRFLOW_CTX_EXECUTION_DATE=2022-09-01T00:00:00+00:00
AIRFLOW_CTX_TRY_NUMBER=3
AIRFLOW_CTX_DAG_RUN_ID=scheduled__2022-09-01T00:00:00+00:00
[2022-10-03T12:23:16.651+0000] {tasks.py:109} INFO - Reading the last request file for day 03/10/2022
[2022-10-03T12:23:22.563+0000] {tasks.py:88} INFO - Cleaning the column NM_INSUMO
[2022-10-03T12:23:22.915+0000] {tasks.py:128} INFO - Filtering for BP ['92326'] and period ['M10']
[2022-10-03T12:23:22.936+0000] {tasks.py:39} INFO - Defining DEC to export information
[2022-10-03T12:23:22.971+0000] {tasks.py:136} INFO - Saved prep dataframe in ./data_output/AGROBOMBAS/coleta_2022/coleta_outubro/coleta_1_dec/saida_2022_10_03
[2022-10-03T12:23:22.975+0000] {python.py:177} INFO - Done. Returned value was: None
[2022-10-03T12:23:22.989+0000] {taskinstance.py:1406} INFO - Marking task as SUCCESS. dag_id=agrobombas, task_id=prep, execution_date=20220901T000000, start_date=20221003T122313, end_date=20221003T122322
[2022-10-03T12:23:23.021+0000] {local_task_job.py:164} INFO - Task exited with return code 0
[2022-10-03T12:23:23.051+0000] {local_task_job.py:273} INFO - 1 downstream tasks scheduled from follow-on schedule check
