[2022-10-09T23:30:50.561+0000] {taskinstance.py:1165} INFO - Dependencies all met for <TaskInstance: ferragista.prep scheduled__2022-08-21T00:00:00+00:00 [queued]>
[2022-10-09T23:30:50.570+0000] {taskinstance.py:1165} INFO - Dependencies all met for <TaskInstance: ferragista.prep scheduled__2022-08-21T00:00:00+00:00 [queued]>
[2022-10-09T23:30:50.570+0000] {taskinstance.py:1362} INFO - 
--------------------------------------------------------------------------------
[2022-10-09T23:30:50.570+0000] {taskinstance.py:1363} INFO - Starting attempt 1 of 1
[2022-10-09T23:30:50.571+0000] {taskinstance.py:1364} INFO - 
--------------------------------------------------------------------------------
[2022-10-09T23:30:50.583+0000] {taskinstance.py:1383} INFO - Executing <Task(PythonOperator): prep> on 2022-08-21 00:00:00+00:00
[2022-10-09T23:30:50.587+0000] {standard_task_runner.py:54} INFO - Started process 1140 to run task
[2022-10-09T23:30:50.589+0000] {standard_task_runner.py:82} INFO - Running: ['***', 'tasks', 'run', 'ferragista', 'prep', 'scheduled__2022-08-21T00:00:00+00:00', '--job-id', '18', '--raw', '--subdir', 'DAGS_FOLDER/dag.py', '--cfg-path', '/tmp/tmprccdz76c']
[2022-10-09T23:30:50.589+0000] {standard_task_runner.py:83} INFO - Job 18: Subtask prep
[2022-10-09T23:30:50.590+0000] {dagbag.py:525} INFO - Filling up the DagBag from /opt/***/dags/dag.py
[2022-10-09T23:30:50.878+0000] {task_command.py:384} INFO - Running <TaskInstance: ferragista.prep scheduled__2022-08-21T00:00:00+00:00 [running]> on host 7dcbfa2899a4
[2022-10-09T23:30:50.944+0000] {taskinstance.py:1592} INFO - Exporting the following env vars:
AIRFLOW_CTX_DAG_OWNER=***
AIRFLOW_CTX_DAG_ID=ferragista
AIRFLOW_CTX_TASK_ID=prep
AIRFLOW_CTX_EXECUTION_DATE=2022-08-21T00:00:00+00:00
AIRFLOW_CTX_TRY_NUMBER=1
AIRFLOW_CTX_DAG_RUN_ID=scheduled__2022-08-21T00:00:00+00:00
[2022-10-09T23:30:50.945+0000] {tasks.py:83} INFO - Reading the last request file for day 09/10/2022
[2022-10-09T23:30:50.951+0000] {tasks.py:62} INFO - Cleaning the column name
[2022-10-09T23:30:50.961+0000] {tasks.py:98} INFO - Filtering for Codes 92184
[2022-10-09T23:30:50.969+0000] {tasks.py:105} INFO - Saved prep dataframe in ./data_output/FERRAGISTA/output_2022_10_09
[2022-10-09T23:30:50.970+0000] {python.py:177} INFO - Done. Returned value was: None
[2022-10-09T23:30:50.979+0000] {taskinstance.py:1406} INFO - Marking task as SUCCESS. dag_id=ferragista, task_id=prep, execution_date=20220821T000000, start_date=20221009T233050, end_date=20221009T233050
[2022-10-09T23:30:51.001+0000] {local_task_job.py:164} INFO - Task exited with return code 0
[2022-10-09T23:30:51.021+0000] {local_task_job.py:273} INFO - 1 downstream tasks scheduled from follow-on schedule check
