[2022-09-26T02:00:57.708+0000] {taskinstance.py:1165} INFO - Dependencies all met for <TaskInstance: encasa.colector manual__2022-09-26T01:58:51.913110+00:00 [queued]>
[2022-09-26T02:00:57.716+0000] {taskinstance.py:1165} INFO - Dependencies all met for <TaskInstance: encasa.colector manual__2022-09-26T01:58:51.913110+00:00 [queued]>
[2022-09-26T02:00:57.716+0000] {taskinstance.py:1362} INFO - 
--------------------------------------------------------------------------------
[2022-09-26T02:00:57.716+0000] {taskinstance.py:1363} INFO - Starting attempt 1 of 1
[2022-09-26T02:00:57.717+0000] {taskinstance.py:1364} INFO - 
--------------------------------------------------------------------------------
[2022-09-26T02:00:57.728+0000] {taskinstance.py:1383} INFO - Executing <Task(PythonOperator): colector> on 2022-09-26 01:58:51.913110+00:00
[2022-09-26T02:00:57.732+0000] {standard_task_runner.py:54} INFO - Started process 175 to run task
[2022-09-26T02:00:57.733+0000] {standard_task_runner.py:82} INFO - Running: ['***', 'tasks', 'run', 'encasa', 'colector', 'manual__2022-09-26T01:58:51.913110+00:00', '--job-id', '31', '--raw', '--subdir', 'DAGS_FOLDER/dag.py', '--cfg-path', '/tmp/tmpocxo01la']
[2022-09-26T02:00:57.734+0000] {standard_task_runner.py:83} INFO - Job 31: Subtask colector
[2022-09-26T02:00:57.735+0000] {dagbag.py:525} INFO - Filling up the DagBag from /opt/***/dags/dag.py
[2022-09-26T02:00:58.144+0000] {task_command.py:384} INFO - Running <TaskInstance: encasa.colector manual__2022-09-26T01:58:51.913110+00:00 [running]> on host 8600278d5a66
[2022-09-26T02:00:58.197+0000] {taskinstance.py:1592} INFO - Exporting the following env vars:
AIRFLOW_CTX_DAG_OWNER=***
AIRFLOW_CTX_DAG_ID=encasa
AIRFLOW_CTX_TASK_ID=colector
AIRFLOW_CTX_EXECUTION_DATE=2022-09-26T01:58:51.913110+00:00
AIRFLOW_CTX_TRY_NUMBER=1
AIRFLOW_CTX_DAG_RUN_ID=manual__2022-09-26T01:58:51.913110+00:00
[2022-09-26T02:00:58.198+0000] {tasks.py:43} INFO - Defining DEC to export information
[2022-09-26T02:00:58.203+0000] {tasks.py:349} INFO - Reading prep dataframe
[2022-09-26T02:00:58.210+0000] {tasks.py:151} INFO - Instantiating the Browser with the requested settings
[2022-09-26T02:00:58.210+0000] {tasks.py:156} INFO - Browser configured
[2022-09-26T02:00:58.211+0000] {logger.py:11} INFO - ====== WebDriver manager ======
[2022-09-26T02:00:58.268+0000] {logger.py:11} INFO - Get LATEST geckodriver version for 102.3 firefox
[2022-09-26T02:00:58.268+0000] {logger.py:11} INFO - GH_TOKEN will be used to perform requests
[2022-09-26T02:00:58.642+0000] {logger.py:11} INFO - Driver [/home/***/.wdm/drivers/geckodriver/linux64/0.31/geckodriver] found in cache
[2022-09-26T02:01:01.201+0000] {tasks.py:279} INFO - Removing nan URL values
[2022-09-26T02:01:01.205+0000] {tasks.py:280} INFO - Requested prices before: 15
[2022-09-26T02:01:01.213+0000] {tasks.py:285} INFO - Requested prices after: 15
[2022-09-26T02:01:09.388+0000] {tasks.py:379} INFO - Price of 1569497 - ASSENTOPARAVASOSANITARIO: R$ 52,99
[2022-09-26T02:01:09.389+0000] {tasks.py:318} INFO - Printing information
[2022-09-26T02:01:13.426+0000] {tasks.py:379} INFO - Price of 1569507 - BASEPARAREGISTRODEGAVETA: R$ 49,90
[2022-09-26T02:01:13.427+0000] {tasks.py:318} INFO - Printing information
[2022-09-26T02:01:17.421+0000] {tasks.py:379} INFO - Price of 1569498 - BASEREGISTROHIDRAULICODEPRESSAO: R$ 52,99
[2022-09-26T02:01:17.421+0000] {tasks.py:318} INFO - Printing information
[2022-09-26T02:01:21.084+0000] {tasks.py:379} INFO - Price of 1569495 - ACABAMENTOHIDRAULICO: R$ 111,99
[2022-09-26T02:01:21.084+0000] {tasks.py:318} INFO - Printing information
[2022-09-26T02:01:25.648+0000] {tasks.py:379} INFO - Price of 1569500 - CUBARETANGULAREMACOINOXALTOBRILHO: R$ 319,99
[2022-09-26T02:01:25.649+0000] {tasks.py:318} INFO - Printing information
[2022-09-26T02:01:30.420+0000] {tasks.py:379} INFO - Price of 1569496 - ACABAMENTOHIDRAULICO: R$ 89,99
[2022-09-26T02:01:30.420+0000] {tasks.py:318} INFO - Printing information
[2022-09-26T02:01:33.434+0000] {tasks.py:379} INFO - Price of 1569503 - CAIXADAGUADEPOLIETILENOREDONDA: R$ 349,90
[2022-09-26T02:01:33.435+0000] {tasks.py:318} INFO - Printing information
[2022-09-26T02:01:36.378+0000] {tasks.py:379} INFO - Price of 1569501 - CUBAEMINOXACO: R$ 179,99
[2022-09-26T02:01:36.379+0000] {tasks.py:318} INFO - Printing information
[2022-09-26T02:01:39.500+0000] {tasks.py:379} INFO - Price of 1569504 - CAIXADAGUADEPOLIETILENO: R$ 274,99
[2022-09-26T02:01:39.501+0000] {tasks.py:318} INFO - Printing information
[2022-09-26T02:01:43.876+0000] {tasks.py:379} INFO - Price of 1569499 - BASEPARAVALVULADEDESCARGA: R$ 139,99
[2022-09-26T02:01:43.877+0000] {tasks.py:318} INFO - Printing information
[2022-09-26T02:01:47.302+0000] {tasks.py:379} INFO - Price of 1569509 - TINTAACRILICA: R$ 299,90
[2022-09-26T02:01:47.302+0000] {tasks.py:318} INFO - Printing information
[2022-09-26T02:01:50.316+0000] {tasks.py:379} INFO - Price of 1569502 - CAIXADAGUADEPOLIETILENO: R$ 429,90
[2022-09-26T02:01:50.317+0000] {tasks.py:318} INFO - Printing information
[2022-09-26T02:01:53.198+0000] {tasks.py:379} INFO - Price of 1569505 - CAIXADAGUAEMPOLIETILENO: R$ 219,99
[2022-09-26T02:01:53.199+0000] {tasks.py:318} INFO - Printing information
[2022-09-26T02:01:58.194+0000] {tasks.py:379} INFO - Price of 1569508 - SERRADEMARMORE: R$ 569,99
[2022-09-26T02:01:58.195+0000] {tasks.py:318} INFO - Printing information
[2022-09-26T02:02:02.090+0000] {tasks.py:379} INFO - Price of 1569506 - ENXADA: R$ 89,99
[2022-09-26T02:02:02.091+0000] {tasks.py:318} INFO - Printing information
[2022-09-26T02:02:02.140+0000] {tasks.py:406} INFO - Saved screenshots and prices
[2022-09-26T02:02:02.141+0000] {tasks.py:237} INFO - Test passed
[2022-09-26T02:02:02.143+0000] {tasks.py:263} INFO - Requested prices: 15
[2022-09-26T02:02:02.144+0000] {tasks.py:264} INFO - Scraped prices: 15
[2022-09-26T02:02:02.144+0000] {tasks.py:265} INFO - Day of the scraping: 26/09/2022
[2022-09-26T02:02:02.156+0000] {python.py:177} INFO - Done. Returned value was: None
[2022-09-26T02:02:02.175+0000] {taskinstance.py:1406} INFO - Marking task as SUCCESS. dag_id=encasa, task_id=colector, execution_date=20220926T015851, start_date=20220926T020057, end_date=20220926T020202
[2022-09-26T02:02:02.231+0000] {local_task_job.py:164} INFO - Task exited with return code 0
[2022-09-26T02:02:02.251+0000] {local_task_job.py:273} INFO - 1 downstream tasks scheduled from follow-on schedule check
