[2022-09-27T14:20:57.889+0000] {taskinstance.py:1165} INFO - Dependencies all met for <TaskInstance: encasa.colector manual__2022-09-26T01:58:51.913110+00:00 [queued]>
[2022-09-27T14:20:57.901+0000] {taskinstance.py:1165} INFO - Dependencies all met for <TaskInstance: encasa.colector manual__2022-09-26T01:58:51.913110+00:00 [queued]>
[2022-09-27T14:20:57.901+0000] {taskinstance.py:1362} INFO - 
--------------------------------------------------------------------------------
[2022-09-27T14:20:57.902+0000] {taskinstance.py:1363} INFO - Starting attempt 2 of 2
[2022-09-27T14:20:57.902+0000] {taskinstance.py:1364} INFO - 
--------------------------------------------------------------------------------
[2022-09-27T14:20:57.922+0000] {taskinstance.py:1383} INFO - Executing <Task(PythonOperator): colector> on 2022-09-26 01:58:51.913110+00:00
[2022-09-27T14:20:57.927+0000] {standard_task_runner.py:54} INFO - Started process 1910 to run task
[2022-09-27T14:20:57.930+0000] {standard_task_runner.py:82} INFO - Running: ['***', 'tasks', 'run', 'encasa', 'colector', 'manual__2022-09-26T01:58:51.913110+00:00', '--job-id', '283', '--raw', '--subdir', 'DAGS_FOLDER/dag.py', '--cfg-path', '/tmp/tmpyexr8uks']
[2022-09-27T14:20:57.932+0000] {standard_task_runner.py:83} INFO - Job 283: Subtask colector
[2022-09-27T14:20:57.933+0000] {dagbag.py:525} INFO - Filling up the DagBag from /opt/***/dags/dag.py
[2022-09-27T14:20:58.333+0000] {task_command.py:384} INFO - Running <TaskInstance: encasa.colector manual__2022-09-26T01:58:51.913110+00:00 [running]> on host 230d0404a0b6
[2022-09-27T14:20:58.397+0000] {taskinstance.py:1592} INFO - Exporting the following env vars:
AIRFLOW_CTX_DAG_OWNER=***
AIRFLOW_CTX_DAG_ID=encasa
AIRFLOW_CTX_TASK_ID=colector
AIRFLOW_CTX_EXECUTION_DATE=2022-09-26T01:58:51.913110+00:00
AIRFLOW_CTX_TRY_NUMBER=2
AIRFLOW_CTX_DAG_RUN_ID=manual__2022-09-26T01:58:51.913110+00:00
[2022-09-27T14:20:58.398+0000] {tasks.py:42} INFO - Defining DEC to export information
[2022-09-27T14:20:58.403+0000] {tasks.py:358} INFO - Reading prep dataframe
[2022-09-27T14:20:58.410+0000] {tasks.py:150} INFO - Instantiating the Browser with the requested settings
[2022-09-27T14:21:01.360+0000] {tasks.py:165} INFO - Browser configured
[2022-09-27T14:21:01.361+0000] {tasks.py:288} INFO - Removing nan URL values
[2022-09-27T14:21:01.361+0000] {tasks.py:289} INFO - Requested prices before: 15
[2022-09-27T14:21:01.370+0000] {tasks.py:294} INFO - Requested prices after: 15
[2022-09-27T14:21:18.567+0000] {tasks.py:388} INFO - Price of 1569497 - ASSENTOPARAVASOSANITARIO: R$ 52,99
[2022-09-27T14:21:18.568+0000] {tasks.py:327} INFO - Printing information
[2022-09-27T14:21:23.368+0000] {tasks.py:388} INFO - Price of 1569507 - BASEPARAREGISTRODEGAVETA: R$ 49,90
[2022-09-27T14:21:23.368+0000] {tasks.py:327} INFO - Printing information
[2022-09-27T14:21:28.189+0000] {tasks.py:388} INFO - Price of 1569498 - BASEREGISTROHIDRAULICODEPRESSAO: R$ 52,99
[2022-09-27T14:21:28.189+0000] {tasks.py:327} INFO - Printing information
[2022-09-27T14:21:32.541+0000] {tasks.py:388} INFO - Price of 1569495 - ACABAMENTOHIDRAULICO: R$ 111,99
[2022-09-27T14:21:32.542+0000] {tasks.py:327} INFO - Printing information
[2022-09-27T14:21:38.820+0000] {tasks.py:388} INFO - Price of 1569500 - CUBARETANGULAREMACOINOXALTOBRILHO: R$ 319,99
[2022-09-27T14:21:38.821+0000] {tasks.py:327} INFO - Printing information
[2022-09-27T14:21:45.172+0000] {tasks.py:388} INFO - Price of 1569496 - ACABAMENTOHIDRAULICO: R$ 89,99
[2022-09-27T14:21:45.173+0000] {tasks.py:327} INFO - Printing information
[2022-09-27T14:21:48.320+0000] {tasks.py:388} INFO - Price of 1569503 - CAIXADAGUADEPOLIETILENOREDONDA: R$ 349,90
[2022-09-27T14:21:48.320+0000] {tasks.py:327} INFO - Printing information
[2022-09-27T14:21:51.416+0000] {tasks.py:388} INFO - Price of 1569501 - CUBAEMINOXACO: R$ 179,99
[2022-09-27T14:21:51.417+0000] {tasks.py:327} INFO - Printing information
[2022-09-27T14:21:54.477+0000] {tasks.py:388} INFO - Price of 1569504 - CAIXADAGUADEPOLIETILENO: R$ 274,99
[2022-09-27T14:21:54.478+0000] {tasks.py:327} INFO - Printing information
[2022-09-27T14:22:00.184+0000] {tasks.py:388} INFO - Price of 1569499 - BASEPARAVALVULADEDESCARGA: R$ 139,99
[2022-09-27T14:22:00.185+0000] {tasks.py:327} INFO - Printing information
[2022-09-27T14:22:03.941+0000] {tasks.py:388} INFO - Price of 1569509 - TINTAACRILICA: R$ 299,90
[2022-09-27T14:22:03.941+0000] {tasks.py:327} INFO - Printing information
[2022-09-27T14:22:07.246+0000] {tasks.py:388} INFO - Price of 1569502 - CAIXADAGUADEPOLIETILENO: R$ 429,90
[2022-09-27T14:22:07.246+0000] {tasks.py:327} INFO - Printing information
[2022-09-27T14:22:10.174+0000] {tasks.py:388} INFO - Price of 1569505 - CAIXADAGUAEMPOLIETILENO: R$ 219,99
[2022-09-27T14:22:10.175+0000] {tasks.py:327} INFO - Printing information
[2022-09-27T14:22:16.240+0000] {tasks.py:388} INFO - Price of 1569508 - SERRADEMARMORE: R$ 569,99
[2022-09-27T14:22:16.241+0000] {tasks.py:327} INFO - Printing information
[2022-09-27T14:22:20.573+0000] {tasks.py:388} INFO - Price of 1569506 - ENXADA: R$ 89,99
[2022-09-27T14:22:20.574+0000] {tasks.py:327} INFO - Printing information
[2022-09-27T14:22:20.674+0000] {tasks.py:415} INFO - Saved screenshots and prices
[2022-09-27T14:22:20.675+0000] {tasks.py:246} INFO - Test passed
[2022-09-27T14:22:20.678+0000] {tasks.py:272} INFO - Requested prices: 15
[2022-09-27T14:22:20.678+0000] {tasks.py:273} INFO - Scraped prices: 15
[2022-09-27T14:22:20.678+0000] {tasks.py:274} INFO - Day of the scraping: 27/09/2022
[2022-09-27T14:22:21.364+0000] {python.py:177} INFO - Done. Returned value was: None
[2022-09-27T14:22:21.382+0000] {taskinstance.py:1406} INFO - Marking task as SUCCESS. dag_id=encasa, task_id=colector, execution_date=20220926T015851, start_date=20220927T142057, end_date=20220927T142221
[2022-09-27T14:22:21.428+0000] {local_task_job.py:164} INFO - Task exited with return code 0
[2022-09-27T14:22:21.451+0000] {local_task_job.py:273} INFO - 1 downstream tasks scheduled from follow-on schedule check
