[2022-09-30T15:58:26.873+0000] {taskinstance.py:1165} INFO - Dependencies all met for <TaskInstance: encasa.colector manual__2022-09-26T01:58:51.913110+00:00 [queued]>
[2022-09-30T15:58:26.882+0000] {taskinstance.py:1165} INFO - Dependencies all met for <TaskInstance: encasa.colector manual__2022-09-26T01:58:51.913110+00:00 [queued]>
[2022-09-30T15:58:26.883+0000] {taskinstance.py:1362} INFO - 
--------------------------------------------------------------------------------
[2022-09-30T15:58:26.883+0000] {taskinstance.py:1363} INFO - Starting attempt 4 of 4
[2022-09-30T15:58:26.883+0000] {taskinstance.py:1364} INFO - 
--------------------------------------------------------------------------------
[2022-09-30T15:58:26.895+0000] {taskinstance.py:1383} INFO - Executing <Task(PythonOperator): colector> on 2022-09-26 01:58:51.913110+00:00
[2022-09-30T15:58:26.900+0000] {standard_task_runner.py:54} INFO - Started process 512 to run task
[2022-09-30T15:58:26.901+0000] {standard_task_runner.py:82} INFO - Running: ['***', 'tasks', 'run', 'encasa', 'colector', 'manual__2022-09-26T01:58:51.913110+00:00', '--job-id', '336', '--raw', '--subdir', 'DAGS_FOLDER/dag.py', '--cfg-path', '/tmp/tmpn0tkm67c']
[2022-09-30T15:58:26.902+0000] {standard_task_runner.py:83} INFO - Job 336: Subtask colector
[2022-09-30T15:58:26.903+0000] {dagbag.py:525} INFO - Filling up the DagBag from /opt/***/dags/dag.py
[2022-09-30T15:58:27.274+0000] {task_command.py:384} INFO - Running <TaskInstance: encasa.colector manual__2022-09-26T01:58:51.913110+00:00 [running]> on host dc20523c063c
[2022-09-30T15:58:27.329+0000] {taskinstance.py:1592} INFO - Exporting the following env vars:
AIRFLOW_CTX_DAG_OWNER=***
AIRFLOW_CTX_DAG_ID=encasa
AIRFLOW_CTX_TASK_ID=colector
AIRFLOW_CTX_EXECUTION_DATE=2022-09-26T01:58:51.913110+00:00
AIRFLOW_CTX_TRY_NUMBER=4
AIRFLOW_CTX_DAG_RUN_ID=manual__2022-09-26T01:58:51.913110+00:00
[2022-09-30T15:58:27.330+0000] {tasks.py:39} INFO - Defining DEC to export information
[2022-09-30T15:58:27.335+0000] {tasks.py:343} INFO - Reading prep dataframe
[2022-09-30T15:58:27.342+0000] {tasks.py:146} INFO - Instantiating the Browser with the requested settings
[2022-09-30T15:58:30.033+0000] {tasks.py:150} INFO - Browser configured
[2022-09-30T15:58:30.033+0000] {tasks.py:273} INFO - Removing nan URL values
[2022-09-30T15:58:30.035+0000] {tasks.py:274} INFO - Requested prices before: 15
[2022-09-30T15:58:30.040+0000] {tasks.py:279} INFO - Requested prices after: 15
[2022-09-30T15:58:37.930+0000] {tasks.py:373} INFO - Price of 1569497 - ASSENTOPARAVASOSANITARIO: R$ 52,99
[2022-09-30T15:58:37.931+0000] {tasks.py:312} INFO - Printing information
[2022-09-30T15:58:42.850+0000] {tasks.py:373} INFO - Price of 1569507 - BASEPARAREGISTRODEGAVETA: R$ 49,90
[2022-09-30T15:58:42.850+0000] {tasks.py:312} INFO - Printing information
[2022-09-30T15:58:47.750+0000] {tasks.py:373} INFO - Price of 1569498 - BASEREGISTROHIDRAULICODEPRESSAO: R$ 52,99
[2022-09-30T15:58:47.750+0000] {tasks.py:312} INFO - Printing information
[2022-09-30T15:58:52.168+0000] {tasks.py:373} INFO - Price of 1569495 - ACABAMENTOHIDRAULICO: R$ 111,99
[2022-09-30T15:58:52.169+0000] {tasks.py:312} INFO - Printing information
[2022-09-30T15:58:58.308+0000] {tasks.py:373} INFO - Price of 1569500 - CUBARETANGULAREMACOINOXALTOBRILHO: R$ 319,99
[2022-09-30T15:58:58.309+0000] {tasks.py:312} INFO - Printing information
[2022-09-30T15:59:04.696+0000] {tasks.py:373} INFO - Price of 1569496 - ACABAMENTOHIDRAULICO: R$ 89,99
[2022-09-30T15:59:04.697+0000] {tasks.py:312} INFO - Printing information
[2022-09-30T15:59:07.759+0000] {tasks.py:373} INFO - Price of 1569503 - CAIXADAGUADEPOLIETILENOREDONDA: R$ 349,90
[2022-09-30T15:59:07.760+0000] {tasks.py:312} INFO - Printing information
[2022-09-30T15:59:10.933+0000] {tasks.py:373} INFO - Price of 1569501 - CUBAEMINOXACO: R$ 179,99
[2022-09-30T15:59:10.934+0000] {tasks.py:312} INFO - Printing information
[2022-09-30T15:59:14.035+0000] {tasks.py:373} INFO - Price of 1569504 - CAIXADAGUADEPOLIETILENO: R$ 274,99
[2022-09-30T15:59:14.035+0000] {tasks.py:312} INFO - Printing information
[2022-09-30T15:59:19.715+0000] {tasks.py:373} INFO - Price of 1569499 - BASEPARAVALVULADEDESCARGA: R$ 139,99
[2022-09-30T15:59:19.715+0000] {tasks.py:312} INFO - Printing information
[2022-09-30T15:59:23.275+0000] {tasks.py:373} INFO - Price of 1569509 - TINTAACRILICA: R$ 299,90
[2022-09-30T15:59:23.275+0000] {tasks.py:312} INFO - Printing information
[2022-09-30T15:59:26.419+0000] {tasks.py:373} INFO - Price of 1569502 - CAIXADAGUADEPOLIETILENO: R$ 429,90
[2022-09-30T15:59:26.420+0000] {tasks.py:312} INFO - Printing information
[2022-09-30T15:59:29.297+0000] {tasks.py:373} INFO - Price of 1569505 - CAIXADAGUAEMPOLIETILENO: R$ 219,99
[2022-09-30T15:59:29.297+0000] {tasks.py:312} INFO - Printing information
[2022-09-30T15:59:35.155+0000] {tasks.py:373} INFO - Price of 1569508 - SERRADEMARMORE: R$ 569,99
[2022-09-30T15:59:35.156+0000] {tasks.py:312} INFO - Printing information
[2022-09-30T15:59:39.538+0000] {tasks.py:373} INFO - Price of 1569506 - ENXADA: R$ 89,99
[2022-09-30T15:59:39.539+0000] {tasks.py:312} INFO - Printing information
[2022-09-30T15:59:39.597+0000] {tasks.py:400} INFO - Saved screenshots and prices
[2022-09-30T15:59:39.598+0000] {tasks.py:231} INFO - Test passed
[2022-09-30T15:59:39.601+0000] {tasks.py:257} INFO - Requested prices: 15
[2022-09-30T15:59:39.601+0000] {tasks.py:258} INFO - Scraped prices: 15
[2022-09-30T15:59:39.601+0000] {tasks.py:259} INFO - Day of the scraping: 30/09/2022
[2022-09-30T15:59:39.612+0000] {python.py:177} INFO - Done. Returned value was: None
[2022-09-30T15:59:39.627+0000] {taskinstance.py:1406} INFO - Marking task as SUCCESS. dag_id=encasa, task_id=colector, execution_date=20220926T015851, start_date=20220930T155826, end_date=20220930T155939
[2022-09-30T15:59:39.656+0000] {local_task_job.py:164} INFO - Task exited with return code 0
[2022-09-30T15:59:39.679+0000] {local_task_job.py:273} INFO - 1 downstream tasks scheduled from follow-on schedule check
