[2022-10-04T19:26:47.089+0000] {taskinstance.py:1165} INFO - Dependencies all met for <TaskInstance: constrular.prep scheduled__2022-08-21T00:00:00+00:00 [queued]>
[2022-10-04T19:26:47.107+0000] {taskinstance.py:1165} INFO - Dependencies all met for <TaskInstance: constrular.prep scheduled__2022-08-21T00:00:00+00:00 [queued]>
[2022-10-04T19:26:47.108+0000] {taskinstance.py:1362} INFO - 
--------------------------------------------------------------------------------
[2022-10-04T19:26:47.109+0000] {taskinstance.py:1363} INFO - Starting attempt 1 of 1
[2022-10-04T19:26:47.109+0000] {taskinstance.py:1364} INFO - 
--------------------------------------------------------------------------------
[2022-10-04T19:26:47.130+0000] {taskinstance.py:1383} INFO - Executing <Task(PythonOperator): prep> on 2022-08-21 00:00:00+00:00
[2022-10-04T19:26:47.140+0000] {standard_task_runner.py:54} INFO - Started process 531 to run task
[2022-10-04T19:26:47.144+0000] {standard_task_runner.py:82} INFO - Running: ['***', 'tasks', 'run', 'constrular', 'prep', 'scheduled__2022-08-21T00:00:00+00:00', '--job-id', '409', '--raw', '--subdir', 'DAGS_FOLDER/dag.py', '--cfg-path', '/tmp/tmpve9bqbyv']
[2022-10-04T19:26:47.145+0000] {standard_task_runner.py:83} INFO - Job 409: Subtask prep
[2022-10-04T19:26:47.146+0000] {dagbag.py:525} INFO - Filling up the DagBag from /opt/***/dags/dag.py
[2022-10-04T19:26:48.237+0000] {task_command.py:384} INFO - Running <TaskInstance: constrular.prep scheduled__2022-08-21T00:00:00+00:00 [running]> on host 9a36b0424536
[2022-10-04T19:26:48.318+0000] {taskinstance.py:1592} INFO - Exporting the following env vars:
AIRFLOW_CTX_DAG_OWNER=***
AIRFLOW_CTX_DAG_ID=constrular
AIRFLOW_CTX_TASK_ID=prep
AIRFLOW_CTX_EXECUTION_DATE=2022-08-21T00:00:00+00:00
AIRFLOW_CTX_TRY_NUMBER=1
AIRFLOW_CTX_DAG_RUN_ID=scheduled__2022-08-21T00:00:00+00:00
[2022-10-04T19:26:48.321+0000] {tasks.py:109} INFO - Reading the last request file for day 04/10/2022
[2022-10-04T19:26:49.033+0000] {tasks.py:88} INFO - Cleaning the column NM_INSUMO
[2022-10-04T19:26:49.328+0000] {tasks.py:128} INFO - Filtering for BP ['92964'] and period ['M30']
[2022-10-04T19:26:49.358+0000] {tasks.py:39} INFO - Defining DEC to export information
[2022-10-04T19:26:49.432+0000] {tasks.py:136} INFO - Saved prep dataframe in ./data_output/CONSTRULAR/coleta_2022/coleta_outubro/coleta_1_dec/saida_2022_10_04
[2022-10-04T19:26:49.436+0000] {python.py:177} INFO - Done. Returned value was: None
[2022-10-04T19:26:49.456+0000] {taskinstance.py:1406} INFO - Marking task as SUCCESS. dag_id=constrular, task_id=prep, execution_date=20220821T000000, start_date=20221004T192647, end_date=20221004T192649
[2022-10-04T19:26:49.538+0000] {local_task_job.py:164} INFO - Task exited with return code 0
[2022-10-04T19:26:49.575+0000] {local_task_job.py:273} INFO - 1 downstream tasks scheduled from follow-on schedule check
