[2022-10-09T23:21:16.811+0000] {taskinstance.py:1165} INFO - Dependencies all met for <TaskInstance: cemaco.colector scheduled__2022-08-11T00:00:00+00:00 [queued]>
[2022-10-09T23:21:16.818+0000] {taskinstance.py:1165} INFO - Dependencies all met for <TaskInstance: cemaco.colector scheduled__2022-08-11T00:00:00+00:00 [queued]>
[2022-10-09T23:21:16.819+0000] {taskinstance.py:1362} INFO - 
--------------------------------------------------------------------------------
[2022-10-09T23:21:16.819+0000] {taskinstance.py:1363} INFO - Starting attempt 4 of 4
[2022-10-09T23:21:16.819+0000] {taskinstance.py:1364} INFO - 
--------------------------------------------------------------------------------
[2022-10-09T23:21:16.878+0000] {taskinstance.py:1383} INFO - Executing <Task(PythonOperator): colector> on 2022-08-11 00:00:00+00:00
[2022-10-09T23:21:16.882+0000] {standard_task_runner.py:54} INFO - Started process 673 to run task
[2022-10-09T23:21:16.884+0000] {standard_task_runner.py:82} INFO - Running: ['***', 'tasks', 'run', 'cemaco', 'colector', 'scheduled__2022-08-11T00:00:00+00:00', '--job-id', '15', '--raw', '--subdir', 'DAGS_FOLDER/dag.py', '--cfg-path', '/tmp/tmp7ihb4_xu']
[2022-10-09T23:21:16.885+0000] {standard_task_runner.py:83} INFO - Job 15: Subtask colector
[2022-10-09T23:21:16.885+0000] {dagbag.py:525} INFO - Filling up the DagBag from /opt/***/dags/dag.py
[2022-10-09T23:21:17.194+0000] {task_command.py:384} INFO - Running <TaskInstance: cemaco.colector scheduled__2022-08-11T00:00:00+00:00 [running]> on host 7dcbfa2899a4
[2022-10-09T23:21:17.359+0000] {taskinstance.py:1592} INFO - Exporting the following env vars:
AIRFLOW_CTX_DAG_OWNER=***
AIRFLOW_CTX_DAG_ID=cemaco
AIRFLOW_CTX_TASK_ID=colector
AIRFLOW_CTX_EXECUTION_DATE=2022-08-11T00:00:00+00:00
AIRFLOW_CTX_TRY_NUMBER=4
AIRFLOW_CTX_DAG_RUN_ID=scheduled__2022-08-11T00:00:00+00:00
[2022-10-09T23:21:17.364+0000] {tasks.py:241} INFO - Reading prep dataframe
[2022-10-09T23:21:17.370+0000] {tasks.py:122} INFO - Instantiating the Browser with the requested settings
[2022-10-09T23:21:29.305+0000] {tasks.py:126} INFO - Browser configured
[2022-10-09T23:21:29.306+0000] {tasks.py:181} INFO - Removing nan URL values
[2022-10-09T23:21:29.307+0000] {tasks.py:182} INFO - Requested prices before: 35
[2022-10-09T23:21:29.310+0000] {tasks.py:187} INFO - Requested prices after: 35
[2022-10-09T23:21:33.389+0000] {tasks.py:261} INFO - Price of 91792 - SELANTEELASTICOABASEDEPOLIURETANO: R$ 44,90
[2022-10-09T23:21:33.389+0000] {tasks.py:211} INFO - Printing information
[2022-10-09T23:21:33.390+0000] {taskinstance.py:1851} ERROR - Task failed with exception
Traceback (most recent call last):
  File "/home/airflow/.local/lib/python3.7/site-packages/airflow/operators/python.py", line 175, in execute
    return_value = self.execute_callable()
  File "/home/airflow/.local/lib/python3.7/site-packages/airflow/operators/python.py", line 193, in execute_callable
    return self.python_callable(*self.op_args, **self.op_kwargs)
  File "/opt/airflow/dags/tasks.py", line 274, in colector
    path=path,
  File "/opt/airflow/dags/tasks.py", line 212, in printer
    scroll(config=config, browser=browser)
  File "/opt/airflow/dags/tasks.py", line 199, in scroll
    logging.info(f"Scrolling pages into {str(config['scroll']['value'])} keys")
TypeError: 'int' object is not subscriptable
[2022-10-09T23:21:33.400+0000] {taskinstance.py:1406} INFO - Marking task as FAILED. dag_id=cemaco, task_id=colector, execution_date=20220811T000000, start_date=20221009T232116, end_date=20221009T232133
[2022-10-09T23:21:34.264+0000] {standard_task_runner.py:107} ERROR - Failed to execute job 15 for task colector ('int' object is not subscriptable; 673)
[2022-10-09T23:21:34.278+0000] {local_task_job.py:164} INFO - Task exited with return code 1
[2022-10-09T23:21:34.298+0000] {local_task_job.py:273} INFO - 0 downstream tasks scheduled from follow-on schedule check
