[2022-09-26T02:55:37.145+0000] {taskinstance.py:1165} INFO - Dependencies all met for <TaskInstance: tudaco.colector scheduled__2022-08-01T00:00:00+00:00 [queued]>
[2022-09-26T02:55:37.156+0000] {taskinstance.py:1165} INFO - Dependencies all met for <TaskInstance: tudaco.colector scheduled__2022-08-01T00:00:00+00:00 [queued]>
[2022-09-26T02:55:37.157+0000] {taskinstance.py:1362} INFO - 
--------------------------------------------------------------------------------
[2022-09-26T02:55:37.157+0000] {taskinstance.py:1363} INFO - Starting attempt 1 of 1
[2022-09-26T02:55:37.157+0000] {taskinstance.py:1364} INFO - 
--------------------------------------------------------------------------------
[2022-09-26T02:55:37.170+0000] {taskinstance.py:1383} INFO - Executing <Task(PythonOperator): colector> on 2022-08-01 00:00:00+00:00
[2022-09-26T02:55:37.174+0000] {standard_task_runner.py:54} INFO - Started process 249 to run task
[2022-09-26T02:55:37.176+0000] {standard_task_runner.py:82} INFO - Running: ['***', 'tasks', 'run', 'tudaco', 'colector', 'scheduled__2022-08-01T00:00:00+00:00', '--job-id', '42', '--raw', '--subdir', 'DAGS_FOLDER/dag.py', '--cfg-path', '/tmp/tmp2to_d7_1']
[2022-09-26T02:55:37.176+0000] {standard_task_runner.py:83} INFO - Job 42: Subtask colector
[2022-09-26T02:55:37.177+0000] {dagbag.py:525} INFO - Filling up the DagBag from /opt/***/dags/dag.py
[2022-09-26T02:55:37.726+0000] {task_command.py:384} INFO - Running <TaskInstance: tudaco.colector scheduled__2022-08-01T00:00:00+00:00 [running]> on host 8600278d5a66
[2022-09-26T02:55:37.811+0000] {taskinstance.py:1592} INFO - Exporting the following env vars:
AIRFLOW_CTX_DAG_OWNER=***
AIRFLOW_CTX_DAG_ID=tudaco
AIRFLOW_CTX_TASK_ID=colector
AIRFLOW_CTX_EXECUTION_DATE=2022-08-01T00:00:00+00:00
AIRFLOW_CTX_TRY_NUMBER=1
AIRFLOW_CTX_DAG_RUN_ID=scheduled__2022-08-01T00:00:00+00:00
[2022-09-26T02:55:37.812+0000] {tasks.py:43} INFO - Defining DEC to export information
[2022-09-26T02:55:37.819+0000] {tasks.py:349} INFO - Reading prep dataframe
[2022-09-26T02:55:37.829+0000] {tasks.py:151} INFO - Instantiating the Browser with the requested settings
[2022-09-26T02:55:37.829+0000] {tasks.py:156} INFO - Browser configured
[2022-09-26T02:55:37.830+0000] {logger.py:11} INFO - ====== WebDriver manager ======
[2022-09-26T02:55:37.906+0000] {logger.py:11} INFO - Get LATEST geckodriver version for 102.3 firefox
[2022-09-26T02:55:37.907+0000] {logger.py:11} INFO - GH_TOKEN will be used to perform requests
[2022-09-26T02:55:38.884+0000] {logger.py:11} INFO - Driver [/home/***/.wdm/drivers/geckodriver/linux64/0.31/geckodriver] found in cache
[2022-09-26T02:55:43.849+0000] {tasks.py:279} INFO - Removing nan URL values
[2022-09-26T02:55:43.851+0000] {tasks.py:280} INFO - Requested prices before: 46
[2022-09-26T02:55:43.857+0000] {tasks.py:285} INFO - Requested prices after: 46
[2022-09-26T02:55:51.136+0000] {tasks.py:379} INFO - Price of 1569684 - JOELHODEPVC: 3,10
[2022-09-26T02:55:51.137+0000] {tasks.py:318} INFO - Printing information
[2022-09-26T02:55:54.648+0000] {tasks.py:379} INFO - Price of 1569696 - TUBODEPVCSOLDAVELPARAAGUA: 74,90
[2022-09-26T02:55:54.649+0000] {tasks.py:318} INFO - Printing information
[2022-09-26T02:55:57.843+0000] {tasks.py:379} INFO - Price of 1557772 - VERGALHAOEMACO: 17,86
[2022-09-26T02:55:57.844+0000] {tasks.py:318} INFO - Printing information
[2022-09-26T02:56:02.588+0000] {tasks.py:379} INFO - Price of 1569693 - CONEXAOJOELHO90DEPVCSOLDAVEL: 3,80
[2022-09-26T02:56:02.589+0000] {tasks.py:318} INFO - Printing information
[2022-09-26T02:56:06.847+0000] {tasks.py:379} INFO - Price of 1569691 - CONEXAOJOELHO90: 1,05
[2022-09-26T02:56:06.848+0000] {tasks.py:318} INFO - Printing information
[2022-09-26T02:56:09.946+0000] {tasks.py:379} INFO - Price of 1568730 - TUBODEPVCPARAESGOTO: 74,90
[2022-09-26T02:56:09.951+0000] {tasks.py:318} INFO - Printing information
[2022-09-26T02:56:14.272+0000] {tasks.py:379} INFO - Price of 1557767 - VERGALHAOEMACO: 214,79
[2022-09-26T02:56:14.296+0000] {tasks.py:318} INFO - Printing information
[2022-09-26T02:56:19.168+0000] {tasks.py:379} INFO - Price of 1569685 - JOELHODEPVC: 6,00
[2022-09-26T02:56:19.169+0000] {tasks.py:318} INFO - Printing information
[2022-09-26T02:56:21.516+0000] {tasks.py:379} INFO - Price of 1557774 - TE90: 9,00
[2022-09-26T02:56:21.517+0000] {tasks.py:318} INFO - Printing information
[2022-09-26T02:56:23.580+0000] {tasks.py:379} INFO - Price of 1557770 - VERGALHAOEMACO: 53,61
[2022-09-26T02:56:23.581+0000] {tasks.py:318} INFO - Printing information
[2022-09-26T02:56:26.397+0000] {tasks.py:379} INFO - Price of 1569689 - CONEXAOTEDEPVCPARAAGUASOLDAVEL90GRAUS: 3,80
[2022-09-26T02:56:26.398+0000] {tasks.py:318} INFO - Printing information
[2022-09-26T02:56:30.611+0000] {tasks.py:379} INFO - Price of 1557777 - TUBODEPVCPARAAGUAFRIASOLDAVEL: 74,90
[2022-09-26T02:56:30.613+0000] {tasks.py:318} INFO - Printing information
[2022-09-26T02:56:40.428+0000] {tasks.py:379} INFO - Price of 1569688 - CONEXAOTEDEPVCPARAAGUASOLDAVEL90GRAUS: 1,60
[2022-09-26T02:56:40.428+0000] {tasks.py:318} INFO - Printing information
[2022-09-26T02:56:56.829+0000] {tasks.py:379} INFO - Price of 1567432 - CABODECOBREISOLADOFLEXIVELPARACONDUCAOELETRICA: 5,35
[2022-09-26T02:56:56.830+0000] {tasks.py:318} INFO - Printing information
[2022-09-26T02:56:59.434+0000] {tasks.py:379} INFO - Price of 1558904 - CABOISOLADO: 5,35
[2022-09-26T02:56:59.435+0000] {tasks.py:318} INFO - Printing information
[2022-09-26T02:57:01.947+0000] {tasks.py:379} INFO - Price of 1569676 - CAIXADAGUA: 379,90
[2022-09-26T02:57:01.948+0000] {tasks.py:318} INFO - Printing information
[2022-09-26T02:57:04.375+0000] {tasks.py:379} INFO - Price of 1569690 - CONEXAOTEDEPVCSOLDAVELPARAAGUA: 10,00
[2022-09-26T02:57:04.376+0000] {tasks.py:318} INFO - Printing information
[2022-09-26T02:57:07.071+0000] {tasks.py:379} INFO - Price of 1569680 - JOELHODEPVC: 1,60
[2022-09-26T02:57:07.072+0000] {tasks.py:318} INFO - Printing information
[2022-09-26T02:57:09.633+0000] {tasks.py:379} INFO - Price of 1569682 - JOELHODEPVC: 7,50
[2022-09-26T02:57:09.633+0000] {tasks.py:318} INFO - Printing information
[2022-09-26T02:57:12.203+0000] {tasks.py:379} INFO - Price of 1569677 - CAIXADAGUA: 234,90
[2022-09-26T02:57:12.203+0000] {tasks.py:318} INFO - Printing information
[2022-09-26T02:57:15.852+0000] {tasks.py:379} INFO - Price of 1569687 - TUBOLEVEDEPVCRIGIDO: 195,90
[2022-09-26T02:57:15.853+0000] {tasks.py:318} INFO - Printing information
[2022-09-26T02:57:18.691+0000] {tasks.py:379} INFO - Price of 1557775 - ELETRODUTODEPVCFLEXIVEL: 1,90
[2022-09-26T02:57:18.692+0000] {tasks.py:318} INFO - Printing information
[2022-09-26T02:57:21.294+0000] {tasks.py:379} INFO - Price of 1568729 - TUBODEPVCPARAESGOTO: 29,90
[2022-09-26T02:57:21.295+0000] {tasks.py:318} INFO - Printing information
[2022-09-26T02:57:23.637+0000] {tasks.py:379} INFO - Price of 1569679 - JOELHODEPVC: 7,00
[2022-09-26T02:57:23.638+0000] {tasks.py:318} INFO - Printing information
[2022-09-26T02:57:27.456+0000] {tasks.py:379} INFO - Price of 1557773 - JOELHO90: 6,50
[2022-09-26T02:57:27.457+0000] {tasks.py:318} INFO - Printing information
[2022-09-26T02:57:29.817+0000] {tasks.py:379} INFO - Price of 1569683 - JOELHODEPVC: 2,10
[2022-09-26T02:57:29.818+0000] {tasks.py:318} INFO - Printing information
[2022-09-26T02:57:32.294+0000] {tasks.py:379} INFO - Price of 1557769 - VERGALHAOEMACO: 34,42
[2022-09-26T02:57:32.295+0000] {tasks.py:318} INFO - Printing information
[2022-09-26T02:57:35.501+0000] {tasks.py:379} INFO - Price of 1569678 - REDUCAOEXCENTRICADEPVC: 6,50
[2022-09-26T02:57:35.502+0000] {tasks.py:318} INFO - Printing information
[2022-09-26T02:57:37.347+0000] {tasks.py:379} INFO - Price of 1568726 - ELETRODUTODEPVCFLEXIVELCORRUGADO: 1,90
[2022-09-26T02:57:37.349+0000] {tasks.py:318} INFO - Printing information
[2022-09-26T02:57:39.818+0000] {tasks.py:379} INFO - Price of 1558905 - CABODECOBREFLEXIVEL: 2,35
[2022-09-26T02:57:39.819+0000] {tasks.py:318} INFO - Printing information
[2022-09-26T02:57:42.783+0000] {tasks.py:379} INFO - Price of 1569681 - JOELHODEPVC: 2,70
[2022-09-26T02:57:42.783+0000] {tasks.py:318} INFO - Printing information
[2022-09-26T02:57:45.601+0000] {tasks.py:379} INFO - Price of 1557768 - VERGALHAOEMACO: 336,28
[2022-09-26T02:57:45.602+0000] {tasks.py:318} INFO - Printing information
[2022-09-26T02:57:47.182+0000] {tasks.py:379} INFO - Price of 1567429 - CABODECOBREISOLADOFLEXIVELPARACONDUCAOELETRICA: 2,35
[2022-09-26T02:57:47.182+0000] {tasks.py:318} INFO - Printing information
[2022-09-26T02:57:50.546+0000] {tasks.py:379} INFO - Price of 1569686 - CAIXASIFONADADEPVC: 28,00
[2022-09-26T02:57:50.547+0000] {tasks.py:318} INFO - Printing information
[2022-09-26T02:57:53.274+0000] {tasks.py:379} INFO - Price of 1557766 - BARRACHATADEFERRO: 29,93
[2022-09-26T02:57:53.274+0000] {tasks.py:318} INFO - Printing information
[2022-09-26T02:57:55.686+0000] {tasks.py:379} INFO - Price of 1567428 - CABODECOBREISOLADOFLEXIVELPARACONDUCAOELETRICA: 2,35
[2022-09-26T02:57:55.687+0000] {tasks.py:318} INFO - Printing information
[2022-09-26T02:57:58.616+0000] {tasks.py:379} INFO - Price of 1557771 - VERGALHAOEMACO: 127,98
[2022-09-26T02:57:58.617+0000] {tasks.py:318} INFO - Printing information
[2022-09-26T02:58:01.387+0000] {tasks.py:379} INFO - Price of 1557776 - PREGODEFERROCOMCABECA: 24,73
[2022-09-26T02:58:01.388+0000] {tasks.py:318} INFO - Printing information
[2022-09-26T02:58:04.008+0000] {tasks.py:379} INFO - Price of 1567431 - CABODECOBREISOLADOFLEXIVELPARACONDUCAOELETRICA: 5,35
[2022-09-26T02:58:04.009+0000] {tasks.py:318} INFO - Printing information
[2022-09-26T02:58:08.075+0000] {tasks.py:382} INFO - Skipping element errors to: https://www.lojastudaco.com.br/hidraulica/caixas-e-ralos/caixa-sifonada-quadrada-branca-100mm-x-100-mm-x-50mm
[2022-09-26T02:58:08.076+0000] {tasks.py:383} INFO - Error: Message: Unable to locate element: #variacaoPreco
Stacktrace:
WebDriverError@chrome://remote/content/shared/webdriver/Errors.jsm:186:5
NoSuchElementError@chrome://remote/content/shared/webdriver/Errors.jsm:398:5
element.find/</<@chrome://remote/content/marionette/element.js:300:16

[2022-09-26T02:58:08.076+0000] {tasks.py:318} INFO - Printing information
[2022-09-26T02:58:10.577+0000] {tasks.py:379} INFO - Price of 1569695 - TUBODEPVCSOLDAVELPARAAGUA: 51,90
[2022-09-26T02:58:10.578+0000] {tasks.py:318} INFO - Printing information
[2022-09-26T02:58:12.260+0000] {tasks.py:379} INFO - Price of 1568731 - PREGOCOMCABECA: 24,73
[2022-09-26T02:58:12.261+0000] {tasks.py:318} INFO - Printing information
[2022-09-26T02:58:13.842+0000] {tasks.py:379} INFO - Price of 1569694 - TUBODEPVCSOLDAVELPARAAGUA: 21,00
[2022-09-26T02:58:13.843+0000] {tasks.py:318} INFO - Printing information
[2022-09-26T02:58:17.042+0000] {tasks.py:379} INFO - Price of 1568727 - ARAMERECOZIDO: 24,73
[2022-09-26T02:58:17.043+0000] {tasks.py:318} INFO - Printing information
[2022-09-26T02:58:20.065+0000] {tasks.py:379} INFO - Price of 1569692 - CONEXAOJOELHO90DEPVC: 2,50
[2022-09-26T02:58:20.066+0000] {tasks.py:318} INFO - Printing information
[2022-09-26T02:58:21.565+0000] {tasks.py:379} INFO - Price of 1567430 - ARAMERECOZIDO: 24,73
[2022-09-26T02:58:21.566+0000] {tasks.py:318} INFO - Printing information
[2022-09-26T02:58:21.623+0000] {tasks.py:406} INFO - Saved screenshots and prices
[2022-09-26T02:58:21.624+0000] {tasks.py:240} INFO - Test not passed
[2022-09-26T02:58:21.625+0000] {tasks.py:242} INFO - Difference of 1 prices
[2022-09-26T02:58:21.630+0000] {tasks.py:263} INFO - Requested prices: 46
[2022-09-26T02:58:21.631+0000] {tasks.py:264} INFO - Scraped prices: 45
[2022-09-26T02:58:21.631+0000] {tasks.py:265} INFO - Day of the scraping: 26/09/2022
[2022-09-26T02:58:21.649+0000] {python.py:177} INFO - Done. Returned value was: None
[2022-09-26T02:58:21.666+0000] {taskinstance.py:1406} INFO - Marking task as SUCCESS. dag_id=tudaco, task_id=colector, execution_date=20220801T000000, start_date=20220926T025537, end_date=20220926T025821
[2022-09-26T02:58:21.713+0000] {local_task_job.py:164} INFO - Task exited with return code 0
[2022-09-26T02:58:21.751+0000] {local_task_job.py:273} INFO - 1 downstream tasks scheduled from follow-on schedule check
