[2022-10-03T12:11:54.798+0000] {taskinstance.py:1165} INFO - Dependencies all met for <TaskInstance: casa_da_limpeza.colector scheduled__2022-09-01T00:00:00+00:00 [queued]>
[2022-10-03T12:11:54.807+0000] {taskinstance.py:1165} INFO - Dependencies all met for <TaskInstance: casa_da_limpeza.colector scheduled__2022-09-01T00:00:00+00:00 [queued]>
[2022-10-03T12:11:54.807+0000] {taskinstance.py:1362} INFO - 
--------------------------------------------------------------------------------
[2022-10-03T12:11:54.807+0000] {taskinstance.py:1363} INFO - Starting attempt 1 of 1
[2022-10-03T12:11:54.808+0000] {taskinstance.py:1364} INFO - 
--------------------------------------------------------------------------------
[2022-10-03T12:11:54.819+0000] {taskinstance.py:1383} INFO - Executing <Task(PythonOperator): colector> on 2022-09-01 00:00:00+00:00
[2022-10-03T12:11:54.824+0000] {standard_task_runner.py:54} INFO - Started process 1893 to run task
[2022-10-03T12:11:54.826+0000] {standard_task_runner.py:82} INFO - Running: ['***', 'tasks', 'run', 'casa_da_limpeza', 'colector', 'scheduled__2022-09-01T00:00:00+00:00', '--job-id', '372', '--raw', '--subdir', 'DAGS_FOLDER/dag.py', '--cfg-path', '/tmp/tmptrgl05c4']
[2022-10-03T12:11:54.826+0000] {standard_task_runner.py:83} INFO - Job 372: Subtask colector
[2022-10-03T12:11:54.827+0000] {dagbag.py:525} INFO - Filling up the DagBag from /opt/***/dags/dag.py
[2022-10-03T12:11:55.211+0000] {task_command.py:384} INFO - Running <TaskInstance: casa_da_limpeza.colector scheduled__2022-09-01T00:00:00+00:00 [running]> on host a4a362a654c5
[2022-10-03T12:11:55.274+0000] {taskinstance.py:1592} INFO - Exporting the following env vars:
AIRFLOW_CTX_DAG_OWNER=***
AIRFLOW_CTX_DAG_ID=casa_da_limpeza
AIRFLOW_CTX_TASK_ID=colector
AIRFLOW_CTX_EXECUTION_DATE=2022-09-01T00:00:00+00:00
AIRFLOW_CTX_TRY_NUMBER=1
AIRFLOW_CTX_DAG_RUN_ID=scheduled__2022-09-01T00:00:00+00:00
[2022-10-03T12:11:55.275+0000] {tasks.py:39} INFO - Defining DEC to export information
[2022-10-03T12:11:55.281+0000] {tasks.py:343} INFO - Reading prep dataframe
[2022-10-03T12:11:55.290+0000] {tasks.py:146} INFO - Instantiating the Browser with the requested settings
[2022-10-03T12:11:55.298+0000] {taskinstance.py:1851} ERROR - Task failed with exception
Traceback (most recent call last):
  File "/home/airflow/.local/lib/python3.7/site-packages/airflow/operators/python.py", line 175, in execute
    return_value = self.execute_callable()
  File "/home/airflow/.local/lib/python3.7/site-packages/airflow/operators/python.py", line 193, in execute_callable
    return self.python_callable(*self.op_args, **self.op_kwargs)
  File "/opt/airflow/dags/tasks.py", line 345, in colector
    browser = config_browser(config)
  File "/opt/airflow/dags/tasks.py", line 149, in config_browser
    desired_capabilities=config["browser_arg"])
  File "/home/airflow/.local/lib/python3.7/site-packages/selenium/webdriver/remote/webdriver.py", line 270, in __init__
    self.start_session(capabilities, browser_profile)
  File "/home/airflow/.local/lib/python3.7/site-packages/selenium/webdriver/remote/webdriver.py", line 363, in start_session
    response = self.execute(Command.NEW_SESSION, parameters)
  File "/home/airflow/.local/lib/python3.7/site-packages/selenium/webdriver/remote/webdriver.py", line 428, in execute
    self.error_handler.check_response(response)
  File "/home/airflow/.local/lib/python3.7/site-packages/selenium/webdriver/remote/errorhandler.py", line 243, in check_response
    raise exception_class(message, screen, stacktrace)
selenium.common.exceptions.InvalidArgumentException: Message: json: cannot unmarshal number into Go struct field Caps.capabilities.alwaysMatch.browserVersion of type string

[2022-10-03T12:11:55.310+0000] {taskinstance.py:1406} INFO - Marking task as FAILED. dag_id=casa_da_limpeza, task_id=colector, execution_date=20220901T000000, start_date=20221003T121154, end_date=20221003T121155
[2022-10-03T12:11:55.321+0000] {standard_task_runner.py:107} ERROR - Failed to execute job 372 for task colector (Message: json: cannot unmarshal number into Go struct field Caps.capabilities.alwaysMatch.browserVersion of type string
; 1893)
[2022-10-03T12:11:55.359+0000] {local_task_job.py:164} INFO - Task exited with return code 1
[2022-10-03T12:11:55.386+0000] {local_task_job.py:273} INFO - 0 downstream tasks scheduled from follow-on schedule check
