[2022-10-03T12:50:47.435+0000] {taskinstance.py:1165} INFO - Dependencies all met for <TaskInstance: primavera_place.prep scheduled__2022-09-01T00:00:00+00:00 [queued]>
[2022-10-03T12:50:47.446+0000] {taskinstance.py:1165} INFO - Dependencies all met for <TaskInstance: primavera_place.prep scheduled__2022-09-01T00:00:00+00:00 [queued]>
[2022-10-03T12:50:47.447+0000] {taskinstance.py:1362} INFO - 
--------------------------------------------------------------------------------
[2022-10-03T12:50:47.448+0000] {taskinstance.py:1363} INFO - Starting attempt 2 of 2
[2022-10-03T12:50:47.448+0000] {taskinstance.py:1364} INFO - 
--------------------------------------------------------------------------------
[2022-10-03T12:50:47.462+0000] {taskinstance.py:1383} INFO - Executing <Task(PythonOperator): prep> on 2022-09-01 00:00:00+00:00
[2022-10-03T12:50:47.467+0000] {standard_task_runner.py:54} INFO - Started process 1012 to run task
[2022-10-03T12:50:47.471+0000] {standard_task_runner.py:82} INFO - Running: ['***', 'tasks', 'run', 'primavera_place', 'prep', 'scheduled__2022-09-01T00:00:00+00:00', '--job-id', '395', '--raw', '--subdir', 'DAGS_FOLDER/dag.py', '--cfg-path', '/tmp/tmph31z3pn6']
[2022-10-03T12:50:47.472+0000] {standard_task_runner.py:83} INFO - Job 395: Subtask prep
[2022-10-03T12:50:47.473+0000] {dagbag.py:525} INFO - Filling up the DagBag from /opt/***/dags/dag.py
[2022-10-03T12:50:48.001+0000] {task_command.py:384} INFO - Running <TaskInstance: primavera_place.prep scheduled__2022-09-01T00:00:00+00:00 [running]> on host 9a36b0424536
[2022-10-03T12:50:48.101+0000] {taskinstance.py:1592} INFO - Exporting the following env vars:
AIRFLOW_CTX_DAG_OWNER=***
AIRFLOW_CTX_DAG_ID=primavera_place
AIRFLOW_CTX_TASK_ID=prep
AIRFLOW_CTX_EXECUTION_DATE=2022-09-01T00:00:00+00:00
AIRFLOW_CTX_TRY_NUMBER=2
AIRFLOW_CTX_DAG_RUN_ID=scheduled__2022-09-01T00:00:00+00:00
[2022-10-03T12:50:48.102+0000] {tasks.py:109} INFO - Reading the last request file for day 03/10/2022
[2022-10-03T12:50:48.594+0000] {tasks.py:88} INFO - Cleaning the column NM_INSUMO
[2022-10-03T12:50:48.882+0000] {tasks.py:128} INFO - Filtering for BP ['93052'] and period ['M10']
[2022-10-03T12:50:48.902+0000] {tasks.py:39} INFO - Defining DEC to export information
[2022-10-03T12:50:48.931+0000] {tasks.py:136} INFO - Saved prep dataframe in ./data_output/PRIMAVERA_PLACE/coleta_2022/coleta_outubro/coleta_1_dec/saida_2022_10_03
[2022-10-03T12:50:48.936+0000] {python.py:177} INFO - Done. Returned value was: None
[2022-10-03T12:50:49.010+0000] {taskinstance.py:1406} INFO - Marking task as SUCCESS. dag_id=primavera_place, task_id=prep, execution_date=20220901T000000, start_date=20221003T125047, end_date=20221003T125049
[2022-10-03T12:50:49.091+0000] {local_task_job.py:164} INFO - Task exited with return code 0
[2022-10-03T12:50:49.127+0000] {local_task_job.py:273} INFO - 1 downstream tasks scheduled from follow-on schedule check
