[2022-10-03T12:16:49.380+0000] {taskinstance.py:1165} INFO - Dependencies all met for <TaskInstance: agrobombas.colector scheduled__2022-09-01T00:00:00+00:00 [queued]>
[2022-10-03T12:16:49.387+0000] {taskinstance.py:1165} INFO - Dependencies all met for <TaskInstance: agrobombas.colector scheduled__2022-09-01T00:00:00+00:00 [queued]>
[2022-10-03T12:16:49.387+0000] {taskinstance.py:1362} INFO - 
--------------------------------------------------------------------------------
[2022-10-03T12:16:49.387+0000] {taskinstance.py:1363} INFO - Starting attempt 1 of 1
[2022-10-03T12:16:49.388+0000] {taskinstance.py:1364} INFO - 
--------------------------------------------------------------------------------
[2022-10-03T12:16:49.399+0000] {taskinstance.py:1383} INFO - Executing <Task(PythonOperator): colector> on 2022-09-01 00:00:00+00:00
[2022-10-03T12:16:49.403+0000] {standard_task_runner.py:54} INFO - Started process 2128 to run task
[2022-10-03T12:16:49.405+0000] {standard_task_runner.py:82} INFO - Running: ['***', 'tasks', 'run', 'agrobombas', 'colector', 'scheduled__2022-09-01T00:00:00+00:00', '--job-id', '375', '--raw', '--subdir', 'DAGS_FOLDER/dag.py', '--cfg-path', '/tmp/tmpdi3a16u8']
[2022-10-03T12:16:49.405+0000] {standard_task_runner.py:83} INFO - Job 375: Subtask colector
[2022-10-03T12:16:49.406+0000] {dagbag.py:525} INFO - Filling up the DagBag from /opt/***/dags/dag.py
[2022-10-03T12:16:49.774+0000] {task_command.py:384} INFO - Running <TaskInstance: agrobombas.colector scheduled__2022-09-01T00:00:00+00:00 [running]> on host a4a362a654c5
[2022-10-03T12:16:49.830+0000] {taskinstance.py:1592} INFO - Exporting the following env vars:
AIRFLOW_CTX_DAG_OWNER=***
AIRFLOW_CTX_DAG_ID=agrobombas
AIRFLOW_CTX_TASK_ID=colector
AIRFLOW_CTX_EXECUTION_DATE=2022-09-01T00:00:00+00:00
AIRFLOW_CTX_TRY_NUMBER=1
AIRFLOW_CTX_DAG_RUN_ID=scheduled__2022-09-01T00:00:00+00:00
[2022-10-03T12:16:49.831+0000] {tasks.py:39} INFO - Defining DEC to export information
[2022-10-03T12:16:49.836+0000] {tasks.py:353} INFO - Reading prep dataframe
[2022-10-03T12:16:49.844+0000] {tasks.py:146} INFO - Instantiating the Browser with the requested settings
[2022-10-03T12:17:02.697+0000] {tasks.py:160} INFO - Browser configured
[2022-10-03T12:17:02.700+0000] {tasks.py:283} INFO - Removing nan URL values
[2022-10-03T12:17:02.807+0000] {tasks.py:284} INFO - Requested prices before: 92
[2022-10-03T12:17:02.858+0000] {tasks.py:289} INFO - Requested prices after: 88
[2022-10-03T12:17:04.914+0000] {local_task_job.py:228} WARNING - State of this instance has been externally set to failed. Terminating instance.
[2022-10-03T12:17:04.928+0000] {process_utils.py:133} INFO - Sending Signals.SIGTERM to group 2128. PIDs of all processes in the group: [2128]
[2022-10-03T12:17:04.929+0000] {process_utils.py:84} INFO - Sending the signal Signals.SIGTERM to group 2128
[2022-10-03T12:17:04.931+0000] {taskinstance.py:1562} ERROR - Received SIGTERM. Terminating subprocesses.
[2022-10-03T12:17:04.938+0000] {tasks.py:386} INFO - Skipping element errors to: https://www.agrobombas.com.br/index.php?route=product/product&product_id=355&search=caixa+luz&page=2
[2022-10-03T12:17:04.939+0000] {tasks.py:387} INFO - Error: Task received SIGTERM signal
[2022-10-03T12:17:04.939+0000] {tasks.py:322} INFO - Printing information
[2022-10-03T12:18:06.090+0000] {process_utils.py:147} WARNING - process psutil.Process(pid=2128, name='airflow task ru', status='sleeping', started='12:16:48') did not respond to SIGTERM. Trying SIGKILL
[2022-10-03T12:18:06.448+0000] {process_utils.py:84} INFO - Sending the signal Signals.SIGKILL to group 2128
[2022-10-03T12:18:06.500+0000] {process_utils.py:79} INFO - Process psutil.Process(pid=2128, name='airflow task ru', status='terminated', exitcode=<Negsignal.SIGKILL: -9>, started='12:16:48') (2128) terminated with exit code Negsignal.SIGKILL
[2022-10-03T12:18:06.589+0000] {standard_task_runner.py:172} ERROR - Job 375 was killed before it finished (likely due to running out of memory)
