[2022-10-03T12:44:55.436+0000] {taskinstance.py:1165} INFO - Dependencies all met for <TaskInstance: agrobombas.colector scheduled__2022-09-01T00:00:00+00:00 [queued]>
[2022-10-03T12:44:55.448+0000] {taskinstance.py:1165} INFO - Dependencies all met for <TaskInstance: agrobombas.colector scheduled__2022-09-01T00:00:00+00:00 [queued]>
[2022-10-03T12:44:55.449+0000] {taskinstance.py:1362} INFO - 
--------------------------------------------------------------------------------
[2022-10-03T12:44:55.449+0000] {taskinstance.py:1363} INFO - Starting attempt 3 of 3
[2022-10-03T12:44:55.450+0000] {taskinstance.py:1364} INFO - 
--------------------------------------------------------------------------------
[2022-10-03T12:44:55.466+0000] {taskinstance.py:1383} INFO - Executing <Task(PythonOperator): colector> on 2022-09-01 00:00:00+00:00
[2022-10-03T12:44:55.472+0000] {standard_task_runner.py:54} INFO - Started process 728 to run task
[2022-10-03T12:44:55.474+0000] {standard_task_runner.py:82} INFO - Running: ['***', 'tasks', 'run', 'agrobombas', 'colector', 'scheduled__2022-09-01T00:00:00+00:00', '--job-id', '381', '--raw', '--subdir', 'DAGS_FOLDER/dag.py', '--cfg-path', '/tmp/tmp1u732_r_']
[2022-10-03T12:44:55.474+0000] {standard_task_runner.py:83} INFO - Job 381: Subtask colector
[2022-10-03T12:44:55.475+0000] {dagbag.py:525} INFO - Filling up the DagBag from /opt/***/dags/dag.py
[2022-10-03T12:44:55.903+0000] {task_command.py:384} INFO - Running <TaskInstance: agrobombas.colector scheduled__2022-09-01T00:00:00+00:00 [running]> on host 9a36b0424536
[2022-10-03T12:44:55.974+0000] {taskinstance.py:1592} INFO - Exporting the following env vars:
AIRFLOW_CTX_DAG_OWNER=***
AIRFLOW_CTX_DAG_ID=agrobombas
AIRFLOW_CTX_TASK_ID=colector
AIRFLOW_CTX_EXECUTION_DATE=2022-09-01T00:00:00+00:00
AIRFLOW_CTX_TRY_NUMBER=3
AIRFLOW_CTX_DAG_RUN_ID=scheduled__2022-09-01T00:00:00+00:00
[2022-10-03T12:44:55.975+0000] {tasks.py:39} INFO - Defining DEC to export information
[2022-10-03T12:44:55.982+0000] {tasks.py:353} INFO - Reading prep dataframe
[2022-10-03T12:44:55.992+0000] {tasks.py:146} INFO - Instantiating the Browser with the requested settings
[2022-10-03T12:45:00.356+0000] {tasks.py:160} INFO - Browser configured
[2022-10-03T12:45:00.357+0000] {tasks.py:283} INFO - Removing nan URL values
[2022-10-03T12:45:00.359+0000] {tasks.py:284} INFO - Requested prices before: 92
[2022-10-03T12:45:00.365+0000] {tasks.py:289} INFO - Requested prices after: 88
[2022-10-03T12:45:04.218+0000] {tasks.py:383} INFO - Price of 1572740 - ADAPTADORSOLDAVELPARACAIXADAGUA: R$10,40
[2022-10-03T12:45:04.219+0000] {tasks.py:322} INFO - Printing information
[2022-10-03T12:45:06.425+0000] {tasks.py:383} INFO - Price of 1572752 - LUVAGALVANIZADA: R$13,57
[2022-10-03T12:45:06.425+0000] {tasks.py:322} INFO - Printing information
[2022-10-03T12:45:08.372+0000] {tasks.py:386} INFO - Skipping element errors to: http://www.agrobombas.com.br/index.php?route=product/product&path=63&product_id=1864
[2022-10-03T12:45:08.372+0000] {tasks.py:387} INFO - Error: Message: Unable to locate element: .text-price
Stacktrace:
RemoteError@chrome://remote/content/shared/RemoteError.jsm:12:1
WebDriverError@chrome://remote/content/shared/webdriver/Errors.jsm:192:5
NoSuchElementError@chrome://remote/content/shared/webdriver/Errors.jsm:404:5
element.find/</<@chrome://remote/content/marionette/element.js:291:16

[2022-10-03T12:45:08.373+0000] {tasks.py:322} INFO - Printing information
[2022-10-03T12:45:10.292+0000] {tasks.py:383} INFO - Price of 1572790 - CONTACTOR: R$92,76
[2022-10-03T12:45:10.293+0000] {tasks.py:322} INFO - Printing information
[2022-10-03T12:45:12.479+0000] {tasks.py:383} INFO - Price of 1572736 - CAIXADAGUA: R$374,09
[2022-10-03T12:45:12.480+0000] {tasks.py:322} INFO - Printing information
[2022-10-03T12:45:14.684+0000] {tasks.py:383} INFO - Price of 1572779 - MANGUEIRAPARAIRRIGACAOEMPVCFLEXIVEL: R$1,21
[2022-10-03T12:45:14.685+0000] {tasks.py:322} INFO - Printing information
[2022-10-03T12:45:17.190+0000] {tasks.py:383} INFO - Price of 1569005 - ENXADALARGA: R$80,64
[2022-10-03T12:45:17.190+0000] {tasks.py:322} INFO - Printing information
[2022-10-03T12:45:19.343+0000] {tasks.py:383} INFO - Price of 1572757 - LUVAEMPVC: R$9,84
[2022-10-03T12:45:19.344+0000] {tasks.py:322} INFO - Printing information
[2022-10-03T12:45:21.523+0000] {tasks.py:383} INFO - Price of 1572764 - CONEXAOCAPDEPVCPARAESGOTOPREDIAL: R$13,36
[2022-10-03T12:45:21.524+0000] {tasks.py:322} INFO - Printing information
[2022-10-03T12:45:23.519+0000] {tasks.py:383} INFO - Price of 1572738 - ADAPTADORSOLDAVELPARACAIXADAGUA: R$7,77
[2022-10-03T12:45:23.520+0000] {tasks.py:322} INFO - Printing information
[2022-10-03T12:45:25.702+0000] {tasks.py:383} INFO - Price of 1572766 - CAPDEPVCROSCAVEL: R$7,07
[2022-10-03T12:45:25.703+0000] {tasks.py:322} INFO - Printing information
[2022-10-03T12:45:27.861+0000] {tasks.py:383} INFO - Price of 1568994 - UNIAOSOLDAVEL: R$13,93
[2022-10-03T12:45:27.862+0000] {tasks.py:322} INFO - Printing information
[2022-10-03T12:45:30.088+0000] {tasks.py:383} INFO - Price of 1572739 - ADAPTADORSOLDAVELPARACAIXADAGUA: R$11,23
[2022-10-03T12:45:30.089+0000] {tasks.py:322} INFO - Printing information
[2022-10-03T12:45:32.260+0000] {tasks.py:383} INFO - Price of 1572733 - LUVAEMACOGALVANIZADO: R$48,25
[2022-10-03T12:45:32.260+0000] {tasks.py:322} INFO - Printing information
[2022-10-03T12:45:34.531+0000] {tasks.py:383} INFO - Price of 1572769 - CAPDEPVCROSCAVEL: R$2,23
[2022-10-03T12:45:34.531+0000] {tasks.py:322} INFO - Printing information
[2022-10-03T12:45:36.612+0000] {tasks.py:383} INFO - Price of 1572750 - LUVAGALVANIZADA: R$66,32
[2022-10-03T12:45:36.613+0000] {tasks.py:322} INFO - Printing information
[2022-10-03T12:45:38.613+0000] {tasks.py:383} INFO - Price of 1572732 - LUVAEMACOGALVANIZADO: R$25,61
[2022-10-03T12:45:38.614+0000] {tasks.py:322} INFO - Printing information
[2022-10-03T12:45:40.795+0000] {tasks.py:383} INFO - Price of 1572773 - CONEXAOCAPDEPVC: R$3,48
[2022-10-03T12:45:40.795+0000] {tasks.py:322} INFO - Printing information
[2022-10-03T12:45:43.030+0000] {tasks.py:383} INFO - Price of 1572776 - CADEADODELATAOMACICO: R$12,22
[2022-10-03T12:45:43.030+0000] {tasks.py:322} INFO - Printing information
[2022-10-03T12:45:45.073+0000] {tasks.py:383} INFO - Price of 1572754 - LUVAEMPVC: R$5,75
[2022-10-03T12:45:45.073+0000] {tasks.py:322} INFO - Printing information
[2022-10-03T12:45:47.698+0000] {tasks.py:383} INFO - Price of 1572784 - REGISTROGAVETA: R$366,84
[2022-10-03T12:45:47.698+0000] {tasks.py:322} INFO - Printing information
[2022-10-03T12:45:49.628+0000] {tasks.py:383} INFO - Price of 1572749 - LUVAGALVANIZADA: R$48,25
[2022-10-03T12:45:49.628+0000] {tasks.py:322} INFO - Printing information
[2022-10-03T12:45:51.805+0000] {tasks.py:383} INFO - Price of 1572781 - REGISTRODEGAVETA: R$108,00
[2022-10-03T12:45:51.805+0000] {tasks.py:322} INFO - Printing information
[2022-10-03T12:45:54.235+0000] {tasks.py:383} INFO - Price of 1569003 - MANGUEIRAPARAAGUA: R$4,08
[2022-10-03T12:45:54.235+0000] {tasks.py:322} INFO - Printing information
[2022-10-03T12:45:56.494+0000] {tasks.py:383} INFO - Price of 1572720 - JOELHO90EMACOGALVANIZADO: R$12,99
[2022-10-03T12:45:56.495+0000] {tasks.py:322} INFO - Printing information
[2022-10-03T12:45:59.060+0000] {tasks.py:383} INFO - Price of 1572731 - LUVAEMACOGALVANIZADO: R$2,62
[2022-10-03T12:45:59.061+0000] {tasks.py:322} INFO - Printing information
[2022-10-03T12:46:01.128+0000] {tasks.py:383} INFO - Price of 1572744 - JOELHOEMPVC90: R$3,90
[2022-10-03T12:46:01.129+0000] {tasks.py:322} INFO - Printing information
[2022-10-03T12:46:03.188+0000] {tasks.py:383} INFO - Price of 1572782 - REGISTRODEGAVETA: R$63,22
[2022-10-03T12:46:03.188+0000] {tasks.py:322} INFO - Printing information
[2022-10-03T12:46:05.538+0000] {tasks.py:383} INFO - Price of 1572747 - JOELHOEMPVC90: R$1,17
[2022-10-03T12:46:05.538+0000] {tasks.py:322} INFO - Printing information
[2022-10-03T12:46:07.668+0000] {tasks.py:383} INFO - Price of 1572741 - ADAPTADORSOLDAVELPARACAIXADAGUA: R$11,69
[2022-10-03T12:46:07.669+0000] {tasks.py:322} INFO - Printing information
[2022-10-03T12:46:09.965+0000] {tasks.py:383} INFO - Price of 1572742 - ENXADAEMACO: R$80,64
[2022-10-03T12:46:09.965+0000] {tasks.py:322} INFO - Printing information
[2022-10-03T12:46:13.205+0000] {tasks.py:383} INFO - Price of 1572777 - CADEADODELATAOMACICO: R$16,62
[2022-10-03T12:46:13.206+0000] {tasks.py:322} INFO - Printing information
[2022-10-03T12:46:16.129+0000] {tasks.py:383} INFO - Price of 1568998 - BUCHADEREDUCAOGALVANIZADA: R$10,23
[2022-10-03T12:46:16.130+0000] {tasks.py:322} INFO - Printing information
[2022-10-03T12:46:18.292+0000] {tasks.py:383} INFO - Price of 1572775 - PREGOCOMCABECA: R$25,98
[2022-10-03T12:46:18.292+0000] {tasks.py:322} INFO - Printing information
[2022-10-03T12:46:20.322+0000] {tasks.py:383} INFO - Price of 1572723 - TEEMACOGALVANIZADO: R$88,14
[2022-10-03T12:46:20.323+0000] {tasks.py:322} INFO - Printing information
[2022-10-03T12:46:22.670+0000] {tasks.py:383} INFO - Price of 1572735 - LUVAEMACOGALVANIZADO: R$13,57
[2022-10-03T12:46:22.670+0000] {tasks.py:322} INFO - Printing information
[2022-10-03T12:46:24.943+0000] {tasks.py:383} INFO - Price of 1572746 - JOELHOEMPVC90: R$2,31
[2022-10-03T12:46:24.944+0000] {tasks.py:322} INFO - Printing information
[2022-10-03T12:46:26.905+0000] {tasks.py:383} INFO - Price of 1572759 - CONEXAOLUVADEPVC: R$0,71
[2022-10-03T12:46:26.906+0000] {tasks.py:322} INFO - Printing information
[2022-10-03T12:46:29.052+0000] {tasks.py:383} INFO - Price of 1572734 - LUVAEMACOGALVANIZADO: R$3,97
[2022-10-03T12:46:29.053+0000] {tasks.py:322} INFO - Printing information
[2022-10-03T12:46:31.151+0000] {tasks.py:383} INFO - Price of 1572753 - LUVAEMPVC: R$3,08
[2022-10-03T12:46:31.152+0000] {tasks.py:322} INFO - Printing information
[2022-10-03T12:46:33.661+0000] {tasks.py:383} INFO - Price of 1572722 - TEEMACOGALVANIZADO: R$12,06
[2022-10-03T12:46:33.662+0000] {tasks.py:322} INFO - Printing information
[2022-10-03T12:46:35.638+0000] {tasks.py:383} INFO - Price of 1572748 - LUVAGALVANIZADA: R$25,61
[2022-10-03T12:46:35.638+0000] {tasks.py:322} INFO - Printing information
[2022-10-03T12:46:38.053+0000] {tasks.py:383} INFO - Price of 1572785 - REGISTRODEGAVETA: R$567,22
[2022-10-03T12:46:38.054+0000] {tasks.py:322} INFO - Printing information
[2022-10-03T12:46:40.438+0000] {tasks.py:383} INFO - Price of 1572788 - CABOPP: R$10,40
[2022-10-03T12:46:40.438+0000] {tasks.py:322} INFO - Printing information
[2022-10-03T12:46:42.654+0000] {tasks.py:383} INFO - Price of 1572729 - LUVAEMACOGALVANIZADO: R$9,63
[2022-10-03T12:46:42.654+0000] {tasks.py:322} INFO - Printing information
[2022-10-03T12:46:44.694+0000] {tasks.py:383} INFO - Price of 1572751 - LUVAGALVANIZADA: R$3,97
[2022-10-03T12:46:44.695+0000] {tasks.py:322} INFO - Printing information
[2022-10-03T12:46:47.027+0000] {tasks.py:383} INFO - Price of 1572730 - LUVAEMACOGALVANIZADO: R$14,95
[2022-10-03T12:46:47.028+0000] {tasks.py:322} INFO - Printing information
[2022-10-03T12:46:49.301+0000] {tasks.py:383} INFO - Price of 1572745 - JOELHOEMPVC90: R$1,78
[2022-10-03T12:46:49.301+0000] {tasks.py:322} INFO - Printing information
[2022-10-03T12:46:51.320+0000] {tasks.py:383} INFO - Price of 1572762 - CONEXAOLUVAEMPVC: R$3,50
[2022-10-03T12:46:51.321+0000] {tasks.py:322} INFO - Printing information
[2022-10-03T12:46:53.431+0000] {tasks.py:383} INFO - Price of 1572719 - JOELHO90EMACOGALVANIZADO: R$26,50
[2022-10-03T12:46:53.431+0000] {tasks.py:322} INFO - Printing information
[2022-10-03T12:46:55.749+0000] {tasks.py:383} INFO - Price of 1572767 - CAPDEPVCROSCAVEL: R$1,29
[2022-10-03T12:46:55.750+0000] {tasks.py:322} INFO - Printing information
[2022-10-03T12:46:58.343+0000] {tasks.py:383} INFO - Price of 1568996 - PLUGDEPVC: R$0,66
[2022-10-03T12:46:58.343+0000] {tasks.py:322} INFO - Printing information
[2022-10-03T12:47:00.728+0000] {tasks.py:383} INFO - Price of 1572724 - CURVA90degEMACOGALVANIZADO: R$23,08
[2022-10-03T12:47:00.729+0000] {tasks.py:322} INFO - Printing information
[2022-10-03T12:47:02.864+0000] {tasks.py:383} INFO - Price of 1572787 - DISJUNTOR: R$13,36
[2022-10-03T12:47:02.865+0000] {tasks.py:322} INFO - Printing information
[2022-10-03T12:47:05.298+0000] {tasks.py:383} INFO - Price of 1572756 - LUVAEMPVC: R$0,75
[2022-10-03T12:47:05.299+0000] {tasks.py:322} INFO - Printing information
[2022-10-03T12:47:09.709+0000] {tasks.py:383} INFO - Price of 1572780 - REGISTRODEGAVETA: R$50,51
[2022-10-03T12:47:09.779+0000] {tasks.py:322} INFO - Printing information
[2022-10-03T12:47:12.751+0000] {tasks.py:383} INFO - Price of 1572758 - LUVAEMPVC: R$1,78
[2022-10-03T12:47:12.752+0000] {tasks.py:322} INFO - Printing information
[2022-10-03T12:47:15.185+0000] {tasks.py:383} INFO - Price of 1572760 - CONEXAOLUVADEPVC: R$1,37
[2022-10-03T12:47:15.185+0000] {tasks.py:322} INFO - Printing information
[2022-10-03T12:47:17.568+0000] {tasks.py:383} INFO - Price of 1572765 - CAPDEPVCROSCAVEL: R$5,66
[2022-10-03T12:47:17.569+0000] {tasks.py:322} INFO - Printing information
[2022-10-03T12:47:20.172+0000] {tasks.py:383} INFO - Price of 1568997 - TEGALVANIZADO: R$126,61
[2022-10-03T12:47:20.173+0000] {tasks.py:322} INFO - Printing information
[2022-10-03T12:47:22.506+0000] {tasks.py:383} INFO - Price of 1572728 - CURVA90degEMACOGALVANIZADO: R$45,00
[2022-10-03T12:47:22.506+0000] {tasks.py:322} INFO - Printing information
[2022-10-03T12:47:24.289+0000] {tasks.py:386} INFO - Skipping element errors to: https://www.agrobombas.com.br/index.php?route=product/product&product_id=3051&search=registro&limit=100
[2022-10-03T12:47:24.289+0000] {tasks.py:387} INFO - Error: Message: Unable to locate element: .text-price
Stacktrace:
RemoteError@chrome://remote/content/shared/RemoteError.jsm:12:1
WebDriverError@chrome://remote/content/shared/webdriver/Errors.jsm:192:5
NoSuchElementError@chrome://remote/content/shared/webdriver/Errors.jsm:404:5
element.find/</<@chrome://remote/content/marionette/element.js:291:16

[2022-10-03T12:47:24.290+0000] {tasks.py:322} INFO - Printing information
[2022-10-03T12:47:26.497+0000] {tasks.py:383} INFO - Price of 1572721 - JOELHO90EMACOGALVANIZADO: R$62,95
[2022-10-03T12:47:26.498+0000] {tasks.py:322} INFO - Printing information
[2022-10-03T12:47:30.652+0000] {tasks.py:383} INFO - Price of 1572726 - CURVA90degEMACOGALVANIZADO: R$13,19
[2022-10-03T12:47:30.653+0000] {tasks.py:322} INFO - Printing information
[2022-10-03T12:47:33.897+0000] {tasks.py:383} INFO - Price of 1572763 - CONEXAOLUVADEPVC: R$8,01
[2022-10-03T12:47:33.897+0000] {tasks.py:322} INFO - Printing information
[2022-10-03T12:47:37.106+0000] {tasks.py:383} INFO - Price of 1572770 - CAPDEPVCSOLDAVEL: R$0,99
[2022-10-03T12:47:41.568+0000] {tasks.py:322} INFO - Printing information
[2022-10-03T12:47:44.923+0000] {tasks.py:383} INFO - Price of 1569000 - CAPPARAESGOTO: R$13,36
[2022-10-03T12:47:44.924+0000] {tasks.py:322} INFO - Printing information
[2022-10-03T12:47:50.045+0000] {tasks.py:383} INFO - Price of 1572791 - CONTACTOR: R$101,04
[2022-10-03T12:47:50.046+0000] {tasks.py:322} INFO - Printing information
[2022-10-03T12:47:52.582+0000] {tasks.py:383} INFO - Price of 1572755 - LUVAEMPVC: R$4,12
[2022-10-03T12:47:52.583+0000] {tasks.py:322} INFO - Printing information
[2022-10-03T12:47:56.299+0000] {tasks.py:383} INFO - Price of 1572743 - MANGUEIRALARANJAPARAJARDIM: R$6,49
[2022-10-03T12:47:56.299+0000] {tasks.py:322} INFO - Printing information
[2022-10-03T12:47:58.564+0000] {tasks.py:383} INFO - Price of 1572789 - CONTACTOR: R$87,79
[2022-10-03T12:47:58.565+0000] {tasks.py:322} INFO - Printing information
[2022-10-03T12:48:02.154+0000] {tasks.py:383} INFO - Price of 1569002 - FITAVEDAROSCA: R$2,67
[2022-10-03T12:48:02.155+0000] {tasks.py:322} INFO - Printing information
[2022-10-03T12:48:04.732+0000] {tasks.py:383} INFO - Price of 1572761 - CONEXAOLUVADEPVC: R$1,98
[2022-10-03T12:48:04.732+0000] {tasks.py:322} INFO - Printing information
[2022-10-03T12:48:06.990+0000] {tasks.py:383} INFO - Price of 1572768 - CAPDEPVC: R$6,36
[2022-10-03T12:48:06.990+0000] {tasks.py:322} INFO - Printing information
[2022-10-03T12:48:09.335+0000] {tasks.py:383} INFO - Price of 1572774 - CABOPP: R$770,43
[2022-10-03T12:48:09.336+0000] {tasks.py:322} INFO - Printing information
[2022-10-03T12:48:11.541+0000] {tasks.py:383} INFO - Price of 1572786 - REGISTRODEGAVETA: R$43,19
[2022-10-03T12:48:11.542+0000] {tasks.py:322} INFO - Printing information
[2022-10-03T12:48:14.543+0000] {tasks.py:383} INFO - Price of 1572794 - TINTA: R$42,68
[2022-10-03T12:48:14.544+0000] {tasks.py:322} INFO - Printing information
[2022-10-03T12:48:17.612+0000] {tasks.py:383} INFO - Price of 1572725 - CURVA90degEMACOGALVANIZADO: R$78,00
[2022-10-03T12:48:17.613+0000] {tasks.py:322} INFO - Printing information
[2022-10-03T12:48:19.710+0000] {tasks.py:383} INFO - Price of 1572778 - CADEADOEMLATAOMACICO: R$30,66
[2022-10-03T12:48:19.710+0000] {tasks.py:322} INFO - Printing information
[2022-10-03T12:48:22.030+0000] {tasks.py:383} INFO - Price of 1572792 - FITAISOLANTE: R$8,02
[2022-10-03T12:48:22.031+0000] {tasks.py:322} INFO - Printing information
[2022-10-03T12:48:24.047+0000] {tasks.py:383} INFO - Price of 1572771 - CONEXAOCAPDEPVC: R$0,90
[2022-10-03T12:48:24.048+0000] {tasks.py:322} INFO - Printing information
[2022-10-03T12:48:26.123+0000] {tasks.py:383} INFO - Price of 1572727 - CURVA90degEMACOGALVANIZADO: R$55,65
[2022-10-03T12:48:26.124+0000] {tasks.py:322} INFO - Printing information
[2022-10-03T12:48:28.866+0000] {tasks.py:383} INFO - Price of 1572793 - FITAVEDAROSCA: R$4,12
[2022-10-03T12:48:28.868+0000] {tasks.py:322} INFO - Printing information
[2022-10-03T12:48:31.331+0000] {tasks.py:383} INFO - Price of 1572772 - CONEXAOCAPDEPVC: R$1,90
[2022-10-03T12:48:31.331+0000] {tasks.py:322} INFO - Printing information
[2022-10-03T12:48:33.589+0000] {tasks.py:383} INFO - Price of 1568995 - JOELHO90: R$1,78
[2022-10-03T12:48:33.589+0000] {tasks.py:322} INFO - Printing information
[2022-10-03T12:48:35.924+0000] {tasks.py:383} INFO - Price of 1572737 - CAIXADAGUA: R$224,45
[2022-10-03T12:48:35.925+0000] {tasks.py:322} INFO - Printing information
[2022-10-03T12:48:38.122+0000] {tasks.py:383} INFO - Price of 1569001 - CADEADODELATAOMACICO: R$12,22
[2022-10-03T12:48:38.122+0000] {tasks.py:322} INFO - Printing information
[2022-10-03T12:48:41.138+0000] {tasks.py:383} INFO - Price of 1568999 - BOMBASUBMERSA: R$439,68
[2022-10-03T12:48:41.138+0000] {tasks.py:322} INFO - Printing information
[2022-10-03T12:48:41.241+0000] {tasks.py:410} INFO - Saved screenshots and prices
[2022-10-03T12:48:41.242+0000] {tasks.py:244} INFO - Test not passed
[2022-10-03T12:48:41.243+0000] {tasks.py:246} INFO - Difference of 6 prices
[2022-10-03T12:48:41.247+0000] {tasks.py:267} INFO - Requested prices: 92
[2022-10-03T12:48:41.248+0000] {tasks.py:268} INFO - Scraped prices: 86
[2022-10-03T12:48:41.248+0000] {tasks.py:269} INFO - Day of the scraping: 03/10/2022
[2022-10-03T12:48:41.272+0000] {python.py:177} INFO - Done. Returned value was: None
[2022-10-03T12:48:41.293+0000] {taskinstance.py:1406} INFO - Marking task as SUCCESS. dag_id=agrobombas, task_id=colector, execution_date=20220901T000000, start_date=20221003T124455, end_date=20221003T124841
[2022-10-03T12:48:41.361+0000] {local_task_job.py:164} INFO - Task exited with return code 0
[2022-10-03T12:48:41.393+0000] {local_task_job.py:273} INFO - 1 downstream tasks scheduled from follow-on schedule check
