[2022-09-27T14:23:01.610+0000] {taskinstance.py:1165} INFO - Dependencies all met for <TaskInstance: casa_das_ferragens.prep scheduled__2022-08-21T00:00:00+00:00 [queued]>
[2022-09-27T14:23:01.620+0000] {taskinstance.py:1165} INFO - Dependencies all met for <TaskInstance: casa_das_ferragens.prep scheduled__2022-08-21T00:00:00+00:00 [queued]>
[2022-09-27T14:23:01.621+0000] {taskinstance.py:1362} INFO - 
--------------------------------------------------------------------------------
[2022-09-27T14:23:01.622+0000] {taskinstance.py:1363} INFO - Starting attempt 1 of 1
[2022-09-27T14:23:01.622+0000] {taskinstance.py:1364} INFO - 
--------------------------------------------------------------------------------
[2022-09-27T14:23:01.638+0000] {taskinstance.py:1383} INFO - Executing <Task(PythonOperator): prep> on 2022-08-21 00:00:00+00:00
[2022-09-27T14:23:01.643+0000] {standard_task_runner.py:54} INFO - Started process 2015 to run task
[2022-09-27T14:23:01.645+0000] {standard_task_runner.py:82} INFO - Running: ['***', 'tasks', 'run', 'casa_das_ferragens', 'prep', 'scheduled__2022-08-21T00:00:00+00:00', '--job-id', '285', '--raw', '--subdir', 'DAGS_FOLDER/dag.py', '--cfg-path', '/tmp/tmp_pehr_gc']
[2022-09-27T14:23:01.646+0000] {standard_task_runner.py:83} INFO - Job 285: Subtask prep
[2022-09-27T14:23:01.646+0000] {dagbag.py:525} INFO - Filling up the DagBag from /opt/***/dags/dag.py
[2022-09-27T14:23:02.192+0000] {task_command.py:384} INFO - Running <TaskInstance: casa_das_ferragens.prep scheduled__2022-08-21T00:00:00+00:00 [running]> on host 230d0404a0b6
[2022-09-27T14:23:02.274+0000] {taskinstance.py:1592} INFO - Exporting the following env vars:
AIRFLOW_CTX_DAG_OWNER=***
AIRFLOW_CTX_DAG_ID=casa_das_ferragens
AIRFLOW_CTX_TASK_ID=prep
AIRFLOW_CTX_EXECUTION_DATE=2022-08-21T00:00:00+00:00
AIRFLOW_CTX_TRY_NUMBER=1
AIRFLOW_CTX_DAG_RUN_ID=scheduled__2022-08-21T00:00:00+00:00
[2022-09-27T14:23:02.275+0000] {tasks.py:112} INFO - Reading the last request file for day 27/09/2022
[2022-09-27T14:23:02.646+0000] {tasks.py:91} INFO - Cleaning the column NM_INSUMO
[2022-09-27T14:23:02.883+0000] {tasks.py:131} INFO - Filtering for BP 93126 and period ['M30']
[2022-09-27T14:23:02.896+0000] {tasks.py:42} INFO - Defining DEC to export information
[2022-09-27T14:23:02.919+0000] {tasks.py:139} INFO - Saved prep dataframe in ./data_output/CASA_DAS_FERRAGENS/coleta_2022/coleta_setembro/coleta_3_dec/saida_2022_09_27
[2022-09-27T14:23:02.923+0000] {python.py:177} INFO - Done. Returned value was: None
[2022-09-27T14:23:02.933+0000] {taskinstance.py:1406} INFO - Marking task as SUCCESS. dag_id=casa_das_ferragens, task_id=prep, execution_date=20220821T000000, start_date=20220927T142301, end_date=20220927T142302
[2022-09-27T14:23:02.982+0000] {local_task_job.py:164} INFO - Task exited with return code 0
[2022-09-27T14:23:03.019+0000] {local_task_job.py:273} INFO - 1 downstream tasks scheduled from follow-on schedule check
