[2022-09-26T00:22:33.318+0000] {taskinstance.py:1165} INFO - Dependencies all met for <TaskInstance: encasa.carga_creation scheduled__2022-09-25T00:00:00+00:00 [queued]>
[2022-09-26T00:22:33.326+0000] {taskinstance.py:1165} INFO - Dependencies all met for <TaskInstance: encasa.carga_creation scheduled__2022-09-25T00:00:00+00:00 [queued]>
[2022-09-26T00:22:33.326+0000] {taskinstance.py:1362} INFO - 
--------------------------------------------------------------------------------
[2022-09-26T00:22:33.327+0000] {taskinstance.py:1363} INFO - Starting attempt 3 of 3
[2022-09-26T00:22:33.327+0000] {taskinstance.py:1364} INFO - 
--------------------------------------------------------------------------------
[2022-09-26T00:22:33.338+0000] {taskinstance.py:1383} INFO - Executing <Task(PythonOperator): carga_creation> on 2022-09-25 00:00:00+00:00
[2022-09-26T00:22:33.342+0000] {standard_task_runner.py:54} INFO - Started process 854 to run task
[2022-09-26T00:22:33.344+0000] {standard_task_runner.py:82} INFO - Running: ['***', 'tasks', 'run', 'encasa', 'carga_creation', 'scheduled__2022-09-25T00:00:00+00:00', '--job-id', '8', '--raw', '--subdir', 'DAGS_FOLDER/dag.py', '--cfg-path', '/tmp/tmpbkk6dunq']
[2022-09-26T00:22:33.345+0000] {standard_task_runner.py:83} INFO - Job 8: Subtask carga_creation
[2022-09-26T00:22:33.345+0000] {dagbag.py:525} INFO - Filling up the DagBag from /opt/***/dags/dag.py
[2022-09-26T00:22:33.720+0000] {task_command.py:384} INFO - Running <TaskInstance: encasa.carga_creation scheduled__2022-09-25T00:00:00+00:00 [running]> on host c726b2151513
[2022-09-26T00:22:33.775+0000] {taskinstance.py:1592} INFO - Exporting the following env vars:
AIRFLOW_CTX_DAG_OWNER=***
AIRFLOW_CTX_DAG_ID=encasa
AIRFLOW_CTX_TASK_ID=carga_creation
AIRFLOW_CTX_EXECUTION_DATE=2022-09-25T00:00:00+00:00
AIRFLOW_CTX_TRY_NUMBER=3
AIRFLOW_CTX_DAG_RUN_ID=scheduled__2022-09-25T00:00:00+00:00
[2022-09-26T00:22:33.776+0000] {tasks.py:521} INFO - Reading results from collect dataframe
[2022-09-26T00:22:33.780+0000] {tasks.py:524} INFO - Renaming columns
[2022-09-26T00:22:33.781+0000] {tasks.py:527} INFO - Creating column with print information
[2022-09-26T00:22:33.782+0000] {tasks.py:538} INFO - Fill nan on dataset
[2022-09-26T00:22:33.785+0000] {tasks.py:541} INFO - Adapting price to the Carga file
[2022-09-26T00:22:33.787+0000] {tasks.py:444} INFO - Carga being prepared for expected data: 30/09/2022
[2022-09-26T00:22:33.787+0000] {tasks.py:547} INFO - Filling null values
[2022-09-26T00:22:33.787+0000] {tasks.py:478} INFO - Naming the price null values
[2022-09-26T00:22:33.789+0000] {tasks.py:481} INFO - Fill Sinonimous column
[2022-09-26T00:22:33.789+0000] {tasks.py:488} INFO - Creating a justification for null prices
[2022-09-26T00:22:33.790+0000] {tasks.py:495} INFO - Fill URL column
[2022-09-26T00:22:33.790+0000] {tasks.py:502} INFO - Fill date column
[2022-09-26T00:22:33.791+0000] {tasks.py:550} INFO - Fill regions column
[2022-09-26T00:22:33.792+0000] {tasks.py:556} INFO - Reordering column
[2022-09-26T00:22:33.792+0000] {tasks.py:558} INFO - Finishing the process
[2022-09-26T00:22:33.793+0000] {tasks.py:559} INFO - Total prices: 15
[2022-09-26T00:22:33.797+0000] {python.py:177} INFO - Done. Returned value was:           JOB Insumo Informado  ... Obs Insumo EAN Insumo
0   GOINFRAGO          1569497  ...                      
1   GOINFRAGO          1569507  ...                      
2   GOINFRAGO          1569498  ...                      
3   GOINFRAGO          1569495  ...                      
4   GOINFRAGO          1569500  ...                      
5   GOINFRAGO          1569496  ...                      
6   GOINFRAGO          1569503  ...                      
7   GOINFRAGO          1569501  ...                      
8   GOINFRAGO          1569504  ...                      
9   GOINFRAGO          1569499  ...                      
10  GOINFRAGO          1569509  ...                      
11  GOINFRAGO          1569502  ...                      
12  GOINFRAGO          1569505  ...                      
13  GOINFRAGO          1569508  ...                      
14  GOINFRAGO          1569506  ...                      

[15 rows x 47 columns]
[2022-09-26T00:22:33.843+0000] {xcom.py:600} ERROR - Could not serialize the XCom value into JSON. If you are using pickle instead of JSON for XCom, then you need to enable pickle support for XCom in your *** config.
[2022-09-26T00:22:33.844+0000] {taskinstance.py:1851} ERROR - Task failed with exception
Traceback (most recent call last):
  File "/home/airflow/.local/lib/python3.7/site-packages/airflow/utils/session.py", line 72, in wrapper
    return func(*args, **kwargs)
  File "/home/airflow/.local/lib/python3.7/site-packages/airflow/models/taskinstance.py", line 2381, in xcom_push
    session=session,
  File "/home/airflow/.local/lib/python3.7/site-packages/airflow/utils/session.py", line 72, in wrapper
    return func(*args, **kwargs)
  File "/home/airflow/.local/lib/python3.7/site-packages/airflow/models/xcom.py", line 212, in set
    map_index=map_index,
  File "/home/airflow/.local/lib/python3.7/site-packages/airflow/models/xcom.py", line 597, in serialize_value
    return json.dumps(value).encode('UTF-8')
  File "/usr/local/lib/python3.7/json/__init__.py", line 231, in dumps
    return _default_encoder.encode(obj)
  File "/usr/local/lib/python3.7/json/encoder.py", line 199, in encode
    chunks = self.iterencode(o, _one_shot=True)
  File "/usr/local/lib/python3.7/json/encoder.py", line 257, in iterencode
    return _iterencode(o, 0)
  File "/usr/local/lib/python3.7/json/encoder.py", line 179, in default
    raise TypeError(f'Object of type {o.__class__.__name__} '
TypeError: Object of type DataFrame is not JSON serializable
[2022-09-26T00:22:33.851+0000] {taskinstance.py:1406} INFO - Marking task as FAILED. dag_id=encasa, task_id=carga_creation, execution_date=20220925T000000, start_date=20220926T002233, end_date=20220926T002233
[2022-09-26T00:22:33.859+0000] {standard_task_runner.py:107} ERROR - Failed to execute job 8 for task carga_creation (Object of type DataFrame is not JSON serializable; 854)
[2022-09-26T00:22:33.878+0000] {local_task_job.py:164} INFO - Task exited with return code 1
[2022-09-26T00:22:33.893+0000] {local_task_job.py:273} INFO - 0 downstream tasks scheduled from follow-on schedule check
