[2022-09-26T02:55:39.955+0000] {taskinstance.py:1165} INFO - Dependencies all met for <TaskInstance: rede_construcao.colector scheduled__2022-08-11T00:00:00+00:00 [queued]>
[2022-09-26T02:55:39.967+0000] {taskinstance.py:1165} INFO - Dependencies all met for <TaskInstance: rede_construcao.colector scheduled__2022-08-11T00:00:00+00:00 [queued]>
[2022-09-26T02:55:39.967+0000] {taskinstance.py:1362} INFO - 
--------------------------------------------------------------------------------
[2022-09-26T02:55:39.968+0000] {taskinstance.py:1363} INFO - Starting attempt 1 of 1
[2022-09-26T02:55:39.968+0000] {taskinstance.py:1364} INFO - 
--------------------------------------------------------------------------------
[2022-09-26T02:55:39.990+0000] {taskinstance.py:1383} INFO - Executing <Task(PythonOperator): colector> on 2022-08-11 00:00:00+00:00
[2022-09-26T02:55:39.997+0000] {standard_task_runner.py:54} INFO - Started process 534 to run task
[2022-09-26T02:55:40.000+0000] {standard_task_runner.py:82} INFO - Running: ['***', 'tasks', 'run', 'rede_construcao', 'colector', 'scheduled__2022-08-11T00:00:00+00:00', '--job-id', '47', '--raw', '--subdir', 'DAGS_FOLDER/dag.py', '--cfg-path', '/tmp/tmp7ndmsmow']
[2022-09-26T02:55:40.001+0000] {standard_task_runner.py:83} INFO - Job 47: Subtask colector
[2022-09-26T02:55:40.002+0000] {dagbag.py:525} INFO - Filling up the DagBag from /opt/***/dags/dag.py
[2022-09-26T02:55:41.793+0000] {task_command.py:384} INFO - Running <TaskInstance: rede_construcao.colector scheduled__2022-08-11T00:00:00+00:00 [running]> on host 8600278d5a66
[2022-09-26T02:55:42.335+0000] {taskinstance.py:1592} INFO - Exporting the following env vars:
AIRFLOW_CTX_DAG_OWNER=***
AIRFLOW_CTX_DAG_ID=rede_construcao
AIRFLOW_CTX_TASK_ID=colector
AIRFLOW_CTX_EXECUTION_DATE=2022-08-11T00:00:00+00:00
AIRFLOW_CTX_TRY_NUMBER=1
AIRFLOW_CTX_DAG_RUN_ID=scheduled__2022-08-11T00:00:00+00:00
[2022-09-26T02:55:42.337+0000] {tasks.py:43} INFO - Defining DEC to export information
[2022-09-26T02:55:42.348+0000] {tasks.py:349} INFO - Reading prep dataframe
[2022-09-26T02:55:42.372+0000] {tasks.py:151} INFO - Instantiating the Browser with the requested settings
[2022-09-26T02:55:42.373+0000] {tasks.py:156} INFO - Browser configured
[2022-09-26T02:55:42.375+0000] {logger.py:11} INFO - ====== WebDriver manager ======
[2022-09-26T02:55:42.900+0000] {logger.py:11} INFO - Get LATEST geckodriver version for 102.3 firefox
[2022-09-26T02:55:42.901+0000] {logger.py:11} INFO - GH_TOKEN will be used to perform requests
[2022-09-26T02:55:43.805+0000] {logger.py:11} INFO - Driver [/home/***/.wdm/drivers/geckodriver/linux64/0.31/geckodriver] found in cache
[2022-09-26T02:55:50.723+0000] {tasks.py:279} INFO - Removing nan URL values
[2022-09-26T02:55:50.727+0000] {tasks.py:280} INFO - Requested prices before: 8
[2022-09-26T02:55:50.753+0000] {tasks.py:285} INFO - Requested prices after: 8
[2022-09-26T02:55:55.233+0000] {tasks.py:379} INFO - Price of 1567435 - TUBODEPVCPARAAGUASOLDAVEL: R$ 25,90
[2022-09-26T02:55:55.234+0000] {tasks.py:318} INFO - Printing information
[2022-09-26T02:55:58.196+0000] {tasks.py:379} INFO - Price of 1567437 - ARGAMASSAPARAREVESTIMENTOINTERNOEEXTERNO: R$ 37,90
[2022-09-26T02:55:58.197+0000] {tasks.py:318} INFO - Printing information
[2022-09-26T02:56:02.686+0000] {tasks.py:379} INFO - Price of 1567434 - TUBODEPVCPARAAGUASOLDAVEL: R$ 109,90
[2022-09-26T02:56:02.689+0000] {tasks.py:318} INFO - Printing information
[2022-09-26T02:56:05.844+0000] {tasks.py:382} INFO - Skipping element errors to: https://rededaconstrucao.com/argamassa-ac-iii-cz
[2022-09-26T02:56:05.845+0000] {tasks.py:383} INFO - Error: Message: Unable to locate element: .clearfix.product-price-cover .current-price.text-brand
Stacktrace:
WebDriverError@chrome://remote/content/shared/webdriver/Errors.jsm:186:5
NoSuchElementError@chrome://remote/content/shared/webdriver/Errors.jsm:398:5
element.find/</<@chrome://remote/content/marionette/element.js:300:16

[2022-09-26T02:56:05.845+0000] {tasks.py:318} INFO - Printing information
[2022-09-26T02:56:08.694+0000] {tasks.py:379} INFO - Price of 1567439 - CIMENTOPORTLAND: R$ 34,90
[2022-09-26T02:56:08.695+0000] {tasks.py:318} INFO - Printing information
[2022-09-26T02:56:10.803+0000] {tasks.py:382} INFO - Skipping element errors to: https://rededaconstrucao.com/argamassa-ac-ii-cz
[2022-09-26T02:56:10.804+0000] {tasks.py:383} INFO - Error: Message: Unable to locate element: .clearfix.product-price-cover .current-price.text-brand
Stacktrace:
WebDriverError@chrome://remote/content/shared/webdriver/Errors.jsm:186:5
NoSuchElementError@chrome://remote/content/shared/webdriver/Errors.jsm:398:5
element.find/</<@chrome://remote/content/marionette/element.js:300:16

[2022-09-26T02:56:10.804+0000] {tasks.py:318} INFO - Printing information
[2022-09-26T02:56:14.140+0000] {tasks.py:379} INFO - Price of 1567438 - ARGAMASSAPARAREVESTIMENTOEXTERNO: R$ 26,90
[2022-09-26T02:56:14.203+0000] {tasks.py:318} INFO - Printing information
[2022-09-26T02:56:16.457+0000] {tasks.py:379} INFO - Price of 1567436 - REJUNTE: R$ 29,90
[2022-09-26T02:56:17.354+0000] {tasks.py:318} INFO - Printing information
[2022-09-26T02:56:18.011+0000] {tasks.py:406} INFO - Saved screenshots and prices
[2022-09-26T02:56:18.012+0000] {tasks.py:240} INFO - Test not passed
[2022-09-26T02:56:18.012+0000] {tasks.py:242} INFO - Difference of 2 prices
[2022-09-26T02:56:18.413+0000] {tasks.py:263} INFO - Requested prices: 8
[2022-09-26T02:56:18.414+0000] {tasks.py:264} INFO - Scraped prices: 6
[2022-09-26T02:56:18.414+0000] {tasks.py:265} INFO - Day of the scraping: 26/09/2022
[2022-09-26T02:56:18.496+0000] {python.py:177} INFO - Done. Returned value was: None
[2022-09-26T02:56:18.536+0000] {taskinstance.py:1406} INFO - Marking task as SUCCESS. dag_id=rede_construcao, task_id=colector, execution_date=20220811T000000, start_date=20220926T025539, end_date=20220926T025618
[2022-09-26T02:56:18.729+0000] {local_task_job.py:164} INFO - Task exited with return code 0
[2022-09-26T02:56:18.807+0000] {local_task_job.py:273} INFO - 1 downstream tasks scheduled from follow-on schedule check
