[2022-09-26T00:16:40.778+0000] {taskinstance.py:1165} INFO - Dependencies all met for <TaskInstance: encasa.colector scheduled__2022-09-25T00:00:00+00:00 [queued]>
[2022-09-26T00:16:40.786+0000] {taskinstance.py:1165} INFO - Dependencies all met for <TaskInstance: encasa.colector scheduled__2022-09-25T00:00:00+00:00 [queued]>
[2022-09-26T00:16:40.787+0000] {taskinstance.py:1362} INFO - 
--------------------------------------------------------------------------------
[2022-09-26T00:16:40.787+0000] {taskinstance.py:1363} INFO - Starting attempt 2 of 2
[2022-09-26T00:16:40.787+0000] {taskinstance.py:1364} INFO - 
--------------------------------------------------------------------------------
[2022-09-26T00:16:40.799+0000] {taskinstance.py:1383} INFO - Executing <Task(PythonOperator): colector> on 2022-09-25 00:00:00+00:00
[2022-09-26T00:16:40.803+0000] {standard_task_runner.py:54} INFO - Started process 265 to run task
[2022-09-26T00:16:40.805+0000] {standard_task_runner.py:82} INFO - Running: ['***', 'tasks', 'run', 'encasa', 'colector', 'scheduled__2022-09-25T00:00:00+00:00', '--job-id', '5', '--raw', '--subdir', 'DAGS_FOLDER/dag.py', '--cfg-path', '/tmp/tmpm2ma6rxa']
[2022-09-26T00:16:40.806+0000] {standard_task_runner.py:83} INFO - Job 5: Subtask colector
[2022-09-26T00:16:40.806+0000] {dagbag.py:525} INFO - Filling up the DagBag from /opt/***/dags/dag.py
[2022-09-26T00:16:41.189+0000] {task_command.py:384} INFO - Running <TaskInstance: encasa.colector scheduled__2022-09-25T00:00:00+00:00 [running]> on host c726b2151513
[2022-09-26T00:16:41.245+0000] {taskinstance.py:1592} INFO - Exporting the following env vars:
AIRFLOW_CTX_DAG_OWNER=***
AIRFLOW_CTX_DAG_ID=encasa
AIRFLOW_CTX_TASK_ID=colector
AIRFLOW_CTX_EXECUTION_DATE=2022-09-25T00:00:00+00:00
AIRFLOW_CTX_TRY_NUMBER=2
AIRFLOW_CTX_DAG_RUN_ID=scheduled__2022-09-25T00:00:00+00:00
[2022-09-26T00:16:41.245+0000] {tasks.py:43} INFO - Defining DEC to export information
[2022-09-26T00:16:41.249+0000] {tasks.py:345} INFO - Reading prep dataframe
[2022-09-26T00:16:41.254+0000] {tasks.py:148} INFO - Instantiating the Browser with the requested settings
[2022-09-26T00:16:41.254+0000] {tasks.py:154} INFO - Browser configured
[2022-09-26T00:16:41.255+0000] {logger.py:11} INFO - ====== WebDriver manager ======
[2022-09-26T00:16:41.318+0000] {logger.py:11} INFO - Get LATEST geckodriver version for 102.3 firefox
[2022-09-26T00:16:41.318+0000] {logger.py:11} INFO - GH_TOKEN will be used to perform requests
[2022-09-26T00:16:41.739+0000] {logger.py:11} INFO - Driver [/home/***/.wdm/drivers/geckodriver/linux64/0.31/geckodriver] found in cache
[2022-09-26T00:16:44.376+0000] {tasks.py:275} INFO - Removing nan URL values
[2022-09-26T00:16:44.377+0000] {tasks.py:276} INFO - Requested prices before: 15
[2022-09-26T00:16:44.384+0000] {tasks.py:281} INFO - Requested prices after: 15
[2022-09-26T00:16:52.979+0000] {tasks.py:375} INFO - Price of 1569497 - ASSENTOPARAVASOSANITARIO: R$ 52,99
[2022-09-26T00:16:52.979+0000] {tasks.py:314} INFO - Printing information
[2022-09-26T00:16:57.076+0000] {tasks.py:375} INFO - Price of 1569507 - BASEPARAREGISTRODEGAVETA: R$ 49,90
[2022-09-26T00:16:57.077+0000] {tasks.py:314} INFO - Printing information
[2022-09-26T00:17:01.614+0000] {tasks.py:375} INFO - Price of 1569498 - BASEREGISTROHIDRAULICODEPRESSAO: R$ 52,99
[2022-09-26T00:17:01.615+0000] {tasks.py:314} INFO - Printing information
[2022-09-26T00:17:06.000+0000] {tasks.py:375} INFO - Price of 1569495 - ACABAMENTOHIDRAULICO: R$ 111,99
[2022-09-26T00:17:06.001+0000] {tasks.py:314} INFO - Printing information
[2022-09-26T00:17:12.014+0000] {tasks.py:375} INFO - Price of 1569500 - CUBARETANGULAREMACOINOXALTOBRILHO: R$ 319,99
[2022-09-26T00:17:12.014+0000] {tasks.py:314} INFO - Printing information
[2022-09-26T00:17:18.398+0000] {tasks.py:375} INFO - Price of 1569496 - ACABAMENTOHIDRAULICO: R$ 89,99
[2022-09-26T00:17:18.398+0000] {tasks.py:314} INFO - Printing information
[2022-09-26T00:17:21.405+0000] {tasks.py:375} INFO - Price of 1569503 - CAIXADAGUADEPOLIETILENOREDONDA: R$ 349,90
[2022-09-26T00:17:21.406+0000] {tasks.py:314} INFO - Printing information
[2022-09-26T00:17:24.327+0000] {tasks.py:375} INFO - Price of 1569501 - CUBAEMINOXACO: R$ 179,99
[2022-09-26T00:17:24.328+0000] {tasks.py:314} INFO - Printing information
[2022-09-26T00:17:27.348+0000] {tasks.py:375} INFO - Price of 1569504 - CAIXADAGUADEPOLIETILENO: R$ 274,99
[2022-09-26T00:17:27.349+0000] {tasks.py:314} INFO - Printing information
[2022-09-26T00:17:32.797+0000] {tasks.py:375} INFO - Price of 1569499 - BASEPARAVALVULADEDESCARGA: R$ 139,99
[2022-09-26T00:17:32.797+0000] {tasks.py:314} INFO - Printing information
[2022-09-26T00:17:36.588+0000] {tasks.py:375} INFO - Price of 1569509 - TINTAACRILICA: R$ 299,90
[2022-09-26T00:17:36.588+0000] {tasks.py:314} INFO - Printing information
[2022-09-26T00:17:39.609+0000] {tasks.py:375} INFO - Price of 1569502 - CAIXADAGUADEPOLIETILENO: R$ 429,90
[2022-09-26T00:17:39.609+0000] {tasks.py:314} INFO - Printing information
[2022-09-26T00:17:42.590+0000] {tasks.py:375} INFO - Price of 1569505 - CAIXADAGUAEMPOLIETILENO: R$ 219,99
[2022-09-26T00:17:42.591+0000] {tasks.py:314} INFO - Printing information
[2022-09-26T00:17:48.628+0000] {tasks.py:375} INFO - Price of 1569508 - SERRADEMARMORE: R$ 569,99
[2022-09-26T00:17:48.629+0000] {tasks.py:314} INFO - Printing information
[2022-09-26T00:17:53.101+0000] {tasks.py:375} INFO - Price of 1569506 - ENXADA: R$ 89,99
[2022-09-26T00:17:53.102+0000] {tasks.py:314} INFO - Printing information
[2022-09-26T00:17:53.147+0000] {tasks.py:402} INFO - Saved screenshots and prices
[2022-09-26T00:17:53.147+0000] {tasks.py:233} INFO - Test passed
[2022-09-26T00:17:53.150+0000] {tasks.py:259} INFO - Requested prices: 15
[2022-09-26T00:17:53.150+0000] {tasks.py:260} INFO - Scraped prices: 15
[2022-09-26T00:17:53.151+0000] {tasks.py:261} INFO - Day of the scraping: 26/09/2022
[2022-09-26T00:17:53.168+0000] {python.py:177} INFO - Done. Returned value was: None
[2022-09-26T00:17:53.184+0000] {taskinstance.py:1406} INFO - Marking task as SUCCESS. dag_id=encasa, task_id=colector, execution_date=20220925T000000, start_date=20220926T001640, end_date=20220926T001753
[2022-09-26T00:17:53.220+0000] {local_task_job.py:164} INFO - Task exited with return code 0
[2022-09-26T00:17:53.239+0000] {local_task_job.py:273} INFO - 1 downstream tasks scheduled from follow-on schedule check
