[2022-09-26T00:42:20.609+0000] {taskinstance.py:1165} INFO - Dependencies all met for <TaskInstance: encasa.colector scheduled__2022-09-25T00:00:00+00:00 [queued]>
[2022-09-26T00:42:20.618+0000] {taskinstance.py:1165} INFO - Dependencies all met for <TaskInstance: encasa.colector scheduled__2022-09-25T00:00:00+00:00 [queued]>
[2022-09-26T00:42:20.618+0000] {taskinstance.py:1362} INFO - 
--------------------------------------------------------------------------------
[2022-09-26T00:42:20.618+0000] {taskinstance.py:1363} INFO - Starting attempt 3 of 3
[2022-09-26T00:42:20.619+0000] {taskinstance.py:1364} INFO - 
--------------------------------------------------------------------------------
[2022-09-26T00:42:20.630+0000] {taskinstance.py:1383} INFO - Executing <Task(PythonOperator): colector> on 2022-09-25 00:00:00+00:00
[2022-09-26T00:42:20.634+0000] {standard_task_runner.py:54} INFO - Started process 1828 to run task
[2022-09-26T00:42:20.636+0000] {standard_task_runner.py:82} INFO - Running: ['***', 'tasks', 'run', 'encasa', 'colector', 'scheduled__2022-09-25T00:00:00+00:00', '--job-id', '10', '--raw', '--subdir', 'DAGS_FOLDER/dag.py', '--cfg-path', '/tmp/tmpo2g47rj9']
[2022-09-26T00:42:20.636+0000] {standard_task_runner.py:83} INFO - Job 10: Subtask colector
[2022-09-26T00:42:20.637+0000] {dagbag.py:525} INFO - Filling up the DagBag from /opt/***/dags/dag.py
[2022-09-26T00:42:21.012+0000] {task_command.py:384} INFO - Running <TaskInstance: encasa.colector scheduled__2022-09-25T00:00:00+00:00 [running]> on host c726b2151513
[2022-09-26T00:42:21.069+0000] {taskinstance.py:1592} INFO - Exporting the following env vars:
AIRFLOW_CTX_DAG_OWNER=***
AIRFLOW_CTX_DAG_ID=encasa
AIRFLOW_CTX_TASK_ID=colector
AIRFLOW_CTX_EXECUTION_DATE=2022-09-25T00:00:00+00:00
AIRFLOW_CTX_TRY_NUMBER=3
AIRFLOW_CTX_DAG_RUN_ID=scheduled__2022-09-25T00:00:00+00:00
[2022-09-26T00:42:21.070+0000] {tasks.py:43} INFO - Defining DEC to export information
[2022-09-26T00:42:21.074+0000] {tasks.py:344} INFO - Reading prep dataframe
[2022-09-26T00:42:21.078+0000] {tasks.py:148} INFO - Instantiating the Browser with the requested settings
[2022-09-26T00:42:21.079+0000] {tasks.py:153} INFO - Browser configured
[2022-09-26T00:42:21.079+0000] {logger.py:11} INFO - ====== WebDriver manager ======
[2022-09-26T00:42:21.149+0000] {logger.py:11} INFO - Get LATEST geckodriver version for 102.3 firefox
[2022-09-26T00:42:21.149+0000] {logger.py:11} INFO - GH_TOKEN will be used to perform requests
[2022-09-26T00:42:21.650+0000] {logger.py:11} INFO - Driver [/home/***/.wdm/drivers/geckodriver/linux64/0.31/geckodriver] found in cache
[2022-09-26T00:42:24.039+0000] {tasks.py:274} INFO - Removing nan URL values
[2022-09-26T00:42:24.040+0000] {tasks.py:275} INFO - Requested prices before: 15
[2022-09-26T00:42:24.043+0000] {tasks.py:280} INFO - Requested prices after: 15
[2022-09-26T00:42:31.803+0000] {tasks.py:374} INFO - Price of 1569497 - ASSENTOPARAVASOSANITARIO: R$ 52,99
[2022-09-26T00:42:31.804+0000] {tasks.py:313} INFO - Printing information
[2022-09-26T00:42:35.861+0000] {tasks.py:374} INFO - Price of 1569507 - BASEPARAREGISTRODEGAVETA: R$ 49,90
[2022-09-26T00:42:35.861+0000] {tasks.py:313} INFO - Printing information
[2022-09-26T00:42:39.738+0000] {tasks.py:374} INFO - Price of 1569498 - BASEREGISTROHIDRAULICODEPRESSAO: R$ 52,99
[2022-09-26T00:42:39.738+0000] {tasks.py:313} INFO - Printing information
[2022-09-26T00:42:43.138+0000] {tasks.py:374} INFO - Price of 1569495 - ACABAMENTOHIDRAULICO: R$ 111,99
[2022-09-26T00:42:43.138+0000] {tasks.py:313} INFO - Printing information
[2022-09-26T00:42:47.798+0000] {tasks.py:374} INFO - Price of 1569500 - CUBARETANGULAREMACOINOXALTOBRILHO: R$ 319,99
[2022-09-26T00:42:47.799+0000] {tasks.py:313} INFO - Printing information
[2022-09-26T00:42:52.405+0000] {tasks.py:374} INFO - Price of 1569496 - ACABAMENTOHIDRAULICO: R$ 89,99
[2022-09-26T00:42:52.405+0000] {tasks.py:313} INFO - Printing information
[2022-09-26T00:42:58.266+0000] {tasks.py:374} INFO - Price of 1569503 - CAIXADAGUADEPOLIETILENOREDONDA: R$ 349,90
[2022-09-26T00:42:58.266+0000] {tasks.py:313} INFO - Printing information
[2022-09-26T00:43:01.518+0000] {tasks.py:374} INFO - Price of 1569501 - CUBAEMINOXACO: R$ 179,99
[2022-09-26T00:43:01.518+0000] {tasks.py:313} INFO - Printing information
[2022-09-26T00:43:04.468+0000] {tasks.py:374} INFO - Price of 1569504 - CAIXADAGUADEPOLIETILENO: R$ 274,99
[2022-09-26T00:43:04.469+0000] {tasks.py:313} INFO - Printing information
[2022-09-26T00:43:08.825+0000] {tasks.py:374} INFO - Price of 1569499 - BASEPARAVALVULADEDESCARGA: R$ 139,99
[2022-09-26T00:43:08.825+0000] {tasks.py:313} INFO - Printing information
[2022-09-26T00:43:12.242+0000] {tasks.py:374} INFO - Price of 1569509 - TINTAACRILICA: R$ 299,90
[2022-09-26T00:43:12.242+0000] {tasks.py:313} INFO - Printing information
[2022-09-26T00:43:15.318+0000] {tasks.py:374} INFO - Price of 1569502 - CAIXADAGUADEPOLIETILENO: R$ 429,90
[2022-09-26T00:43:15.319+0000] {tasks.py:313} INFO - Printing information
[2022-09-26T00:43:18.250+0000] {tasks.py:374} INFO - Price of 1569505 - CAIXADAGUAEMPOLIETILENO: R$ 219,99
[2022-09-26T00:43:18.250+0000] {tasks.py:313} INFO - Printing information
[2022-09-26T00:43:23.251+0000] {tasks.py:374} INFO - Price of 1569508 - SERRADEMARMORE: R$ 569,99
[2022-09-26T00:43:23.252+0000] {tasks.py:313} INFO - Printing information
[2022-09-26T00:43:26.821+0000] {tasks.py:374} INFO - Price of 1569506 - ENXADA: R$ 89,99
[2022-09-26T00:43:26.821+0000] {tasks.py:313} INFO - Printing information
[2022-09-26T00:43:26.864+0000] {tasks.py:401} INFO - Saved screenshots and prices
[2022-09-26T00:43:26.865+0000] {tasks.py:232} INFO - Test passed
[2022-09-26T00:43:26.866+0000] {tasks.py:258} INFO - Requested prices: 15
[2022-09-26T00:43:26.866+0000] {tasks.py:259} INFO - Scraped prices: 15
[2022-09-26T00:43:26.866+0000] {tasks.py:260} INFO - Day of the scraping: 26/09/2022
[2022-09-26T00:43:26.871+0000] {python.py:177} INFO - Done. Returned value was: None
[2022-09-26T00:43:26.884+0000] {taskinstance.py:1406} INFO - Marking task as SUCCESS. dag_id=encasa, task_id=colector, execution_date=20220925T000000, start_date=20220926T004220, end_date=20220926T004326
[2022-09-26T00:43:26.937+0000] {local_task_job.py:164} INFO - Task exited with return code 0
[2022-09-26T00:43:26.956+0000] {local_task_job.py:273} INFO - 1 downstream tasks scheduled from follow-on schedule check
