[2022-09-26T00:11:02.297+0000] {taskinstance.py:1165} INFO - Dependencies all met for <TaskInstance: encasa.colector scheduled__2022-09-25T00:00:00+00:00 [queued]>
[2022-09-26T00:11:02.305+0000] {taskinstance.py:1165} INFO - Dependencies all met for <TaskInstance: encasa.colector scheduled__2022-09-25T00:00:00+00:00 [queued]>
[2022-09-26T00:11:02.306+0000] {taskinstance.py:1362} INFO - 
--------------------------------------------------------------------------------
[2022-09-26T00:11:02.306+0000] {taskinstance.py:1363} INFO - Starting attempt 1 of 1
[2022-09-26T00:11:02.306+0000] {taskinstance.py:1364} INFO - 
--------------------------------------------------------------------------------
[2022-09-26T00:11:02.318+0000] {taskinstance.py:1383} INFO - Executing <Task(PythonOperator): colector> on 2022-09-25 00:00:00+00:00
[2022-09-26T00:11:02.322+0000] {standard_task_runner.py:54} INFO - Started process 72 to run task
[2022-09-26T00:11:02.323+0000] {standard_task_runner.py:82} INFO - Running: ['***', 'tasks', 'run', 'encasa', 'colector', 'scheduled__2022-09-25T00:00:00+00:00', '--job-id', '83', '--raw', '--subdir', 'DAGS_FOLDER/dag.py', '--cfg-path', '/tmp/tmp0ygyr76k']
[2022-09-26T00:11:02.324+0000] {standard_task_runner.py:83} INFO - Job 83: Subtask colector
[2022-09-26T00:11:02.325+0000] {dagbag.py:525} INFO - Filling up the DagBag from /opt/***/dags/dag.py
[2022-09-26T00:11:02.722+0000] {task_command.py:384} INFO - Running <TaskInstance: encasa.colector scheduled__2022-09-25T00:00:00+00:00 [running]> on host 4f5142878d09
[2022-09-26T00:11:02.777+0000] {taskinstance.py:1592} INFO - Exporting the following env vars:
AIRFLOW_CTX_DAG_OWNER=***
AIRFLOW_CTX_DAG_ID=encasa
AIRFLOW_CTX_TASK_ID=colector
AIRFLOW_CTX_EXECUTION_DATE=2022-09-25T00:00:00+00:00
AIRFLOW_CTX_TRY_NUMBER=1
AIRFLOW_CTX_DAG_RUN_ID=scheduled__2022-09-25T00:00:00+00:00
[2022-09-26T00:11:02.778+0000] {tasks.py:43} INFO - Defining DEC to export information
[2022-09-26T00:11:02.784+0000] {tasks.py:342} INFO - Reading prep dataframe
[2022-09-26T00:11:02.789+0000] {tasks.py:146} INFO - Instantiating the Browser with the requested settings
[2022-09-26T00:11:02.789+0000] {tasks.py:152} INFO - Browser configured
[2022-09-26T00:11:02.790+0000] {logger.py:11} INFO - ====== WebDriver manager ======
[2022-09-26T00:11:02.826+0000] {logger.py:11} INFO - Get LATEST geckodriver version for None firefox
[2022-09-26T00:11:02.826+0000] {logger.py:11} INFO - GH_TOKEN will be used to perform requests
[2022-09-26T00:11:03.203+0000] {logger.py:11} INFO - Getting latest mozilla release info for v0.31.0
[2022-09-26T00:11:03.204+0000] {logger.py:11} INFO - GH_TOKEN will be used to perform requests
[2022-09-26T00:11:03.447+0000] {logger.py:11} INFO - About to download new driver from https://github.com/mozilla/geckodriver/releases/download/v0.31.0/geckodriver-v0.31.0-linux64.tar.gz
[2022-09-26T00:11:04.377+0000] {logging_mixin.py:117} WARNING - [WDM] - Downloading:   0%|          | 0.00/2.59M [00:00<?, ?B/s]
[2022-09-26T00:11:04.483+0000] {logging_mixin.py:117} WARNING - [WDM] - Downloading:  44%|####4     | 1.14M/2.59M [00:00<00:00, 11.3MB/s]
[2022-09-26T00:11:04.550+0000] {logging_mixin.py:117} WARNING - [WDM] - Downloading: 100%|##########| 2.59M/2.59M [00:00<00:00, 15.7MB/s]
[2022-09-26T00:11:04.687+0000] {logger.py:11} INFO - Driver has been saved in cache [/home/***/.wdm/drivers/geckodriver/linux64/0.31]
[2022-09-26T00:11:05.198+0000] {taskinstance.py:1851} ERROR - Task failed with exception
Traceback (most recent call last):
  File "/home/airflow/.local/lib/python3.7/site-packages/airflow/operators/python.py", line 175, in execute
    return_value = self.execute_callable()
  File "/home/airflow/.local/lib/python3.7/site-packages/airflow/operators/python.py", line 193, in execute_callable
    return self.python_callable(*self.op_args, **self.op_kwargs)
  File "/opt/airflow/dags/tasks.py", line 344, in colector
    browser = config_browser(config)
  File "/opt/airflow/dags/tasks.py", line 154, in config_browser
    service=FirefoxService(GeckoDriverManager().install()), options=options, firefox_binary=firefox_binary
  File "/home/airflow/.local/lib/python3.7/site-packages/selenium/webdriver/firefox/webdriver.py", line 180, in __init__
    keep_alive=True)
  File "/home/airflow/.local/lib/python3.7/site-packages/selenium/webdriver/remote/webdriver.py", line 270, in __init__
    self.start_session(capabilities, browser_profile)
  File "/home/airflow/.local/lib/python3.7/site-packages/selenium/webdriver/remote/webdriver.py", line 363, in start_session
    response = self.execute(Command.NEW_SESSION, parameters)
  File "/home/airflow/.local/lib/python3.7/site-packages/selenium/webdriver/remote/webdriver.py", line 428, in execute
    self.error_handler.check_response(response)
  File "/home/airflow/.local/lib/python3.7/site-packages/selenium/webdriver/remote/errorhandler.py", line 243, in check_response
    raise exception_class(message, screen, stacktrace)
selenium.common.exceptions.InvalidArgumentException: Message: binary is not a Firefox executable

[2022-09-26T00:11:05.210+0000] {taskinstance.py:1406} INFO - Marking task as FAILED. dag_id=encasa, task_id=colector, execution_date=20220925T000000, start_date=20220926T001102, end_date=20220926T001105
[2022-09-26T00:11:05.222+0000] {standard_task_runner.py:107} ERROR - Failed to execute job 83 for task colector (Message: binary is not a Firefox executable
; 72)
[2022-09-26T00:11:05.264+0000] {local_task_job.py:164} INFO - Task exited with return code 1
[2022-09-26T00:11:05.286+0000] {local_task_job.py:273} INFO - 0 downstream tasks scheduled from follow-on schedule check
[2022-09-26T00:14:06.387+0000] {taskinstance.py:1165} INFO - Dependencies all met for <TaskInstance: encasa.colector scheduled__2022-09-25T00:00:00+00:00 [queued]>
[2022-09-26T00:14:06.395+0000] {taskinstance.py:1165} INFO - Dependencies all met for <TaskInstance: encasa.colector scheduled__2022-09-25T00:00:00+00:00 [queued]>
[2022-09-26T00:14:06.396+0000] {taskinstance.py:1362} INFO - 
--------------------------------------------------------------------------------
[2022-09-26T00:14:06.396+0000] {taskinstance.py:1363} INFO - Starting attempt 1 of 1
[2022-09-26T00:14:06.396+0000] {taskinstance.py:1364} INFO - 
--------------------------------------------------------------------------------
[2022-09-26T00:14:06.408+0000] {taskinstance.py:1383} INFO - Executing <Task(PythonOperator): colector> on 2022-09-25 00:00:00+00:00
[2022-09-26T00:14:06.412+0000] {standard_task_runner.py:54} INFO - Started process 99 to run task
[2022-09-26T00:14:06.414+0000] {standard_task_runner.py:82} INFO - Running: ['***', 'tasks', 'run', 'encasa', 'colector', 'scheduled__2022-09-25T00:00:00+00:00', '--job-id', '4', '--raw', '--subdir', 'DAGS_FOLDER/dag.py', '--cfg-path', '/tmp/tmp9nng2_tu']
[2022-09-26T00:14:06.414+0000] {standard_task_runner.py:83} INFO - Job 4: Subtask colector
[2022-09-26T00:14:06.415+0000] {dagbag.py:525} INFO - Filling up the DagBag from /opt/***/dags/dag.py
[2022-09-26T00:14:06.826+0000] {task_command.py:384} INFO - Running <TaskInstance: encasa.colector scheduled__2022-09-25T00:00:00+00:00 [running]> on host c726b2151513
[2022-09-26T00:14:06.924+0000] {taskinstance.py:1592} INFO - Exporting the following env vars:
AIRFLOW_CTX_DAG_OWNER=***
AIRFLOW_CTX_DAG_ID=encasa
AIRFLOW_CTX_TASK_ID=colector
AIRFLOW_CTX_EXECUTION_DATE=2022-09-25T00:00:00+00:00
AIRFLOW_CTX_TRY_NUMBER=1
AIRFLOW_CTX_DAG_RUN_ID=scheduled__2022-09-25T00:00:00+00:00
[2022-09-26T00:14:06.927+0000] {tasks.py:43} INFO - Defining DEC to export information
[2022-09-26T00:14:06.935+0000] {tasks.py:342} INFO - Reading prep dataframe
[2022-09-26T00:14:06.946+0000] {tasks.py:146} INFO - Instantiating the Browser with the requested settings
[2022-09-26T00:14:06.947+0000] {tasks.py:152} INFO - Browser configured
[2022-09-26T00:14:06.948+0000] {logger.py:11} INFO - ====== WebDriver manager ======
[2022-09-26T00:14:07.092+0000] {logger.py:11} INFO - Get LATEST geckodriver version for 102.3 firefox
[2022-09-26T00:14:07.093+0000] {logger.py:11} INFO - GH_TOKEN will be used to perform requests
[2022-09-26T00:14:07.507+0000] {logger.py:11} INFO - There is no [linux64] geckodriver for browser 102.3 in cache
[2022-09-26T00:14:07.508+0000] {logger.py:11} INFO - Getting latest mozilla release info for v0.31.0
[2022-09-26T00:14:07.508+0000] {logger.py:11} INFO - GH_TOKEN will be used to perform requests
[2022-09-26T00:14:07.776+0000] {logger.py:11} INFO - About to download new driver from https://github.com/mozilla/geckodriver/releases/download/v0.31.0/geckodriver-v0.31.0-linux64.tar.gz
[2022-09-26T00:14:08.183+0000] {logging_mixin.py:117} WARNING - [WDM] - Downloading:   0%|          | 0.00/2.59M [00:00<?, ?B/s]
[2022-09-26T00:14:08.284+0000] {logging_mixin.py:117} WARNING - [WDM] - Downloading:  74%|#######4  | 1.92M/2.59M [00:00<00:00, 20.1MB/s]
[2022-09-26T00:14:08.314+0000] {logging_mixin.py:117} WARNING - [WDM] - Downloading: 100%|##########| 2.59M/2.59M [00:00<00:00, 20.8MB/s]
[2022-09-26T00:14:08.469+0000] {logger.py:11} INFO - Driver has been saved in cache [/home/***/.wdm/drivers/geckodriver/linux64/0.31]
[2022-09-26T00:14:08.480+0000] {taskinstance.py:1851} ERROR - Task failed with exception
Traceback (most recent call last):
  File "/home/airflow/.local/lib/python3.7/site-packages/airflow/operators/python.py", line 175, in execute
    return_value = self.execute_callable()
  File "/home/airflow/.local/lib/python3.7/site-packages/airflow/operators/python.py", line 193, in execute_callable
    return self.python_callable(*self.op_args, **self.op_kwargs)
  File "/opt/airflow/dags/tasks.py", line 344, in colector
    browser = config_browser(config)
  File "/opt/airflow/dags/tasks.py", line 154, in config_browser
    service=FirefoxService(GeckoDriverManager().install()), options=options, firefox_binary=firefox_binary
  File "/home/airflow/.local/lib/python3.7/site-packages/selenium/webdriver/firefox/webdriver.py", line 180, in __init__
    keep_alive=True)
  File "/home/airflow/.local/lib/python3.7/site-packages/selenium/webdriver/remote/webdriver.py", line 270, in __init__
    self.start_session(capabilities, browser_profile)
  File "/home/airflow/.local/lib/python3.7/site-packages/selenium/webdriver/remote/webdriver.py", line 363, in start_session
    response = self.execute(Command.NEW_SESSION, parameters)
  File "/home/airflow/.local/lib/python3.7/site-packages/selenium/webdriver/remote/webdriver.py", line 428, in execute
    self.error_handler.check_response(response)
  File "/home/airflow/.local/lib/python3.7/site-packages/selenium/webdriver/remote/errorhandler.py", line 243, in check_response
    raise exception_class(message, screen, stacktrace)
selenium.common.exceptions.InvalidArgumentException: Message: binary is not a Firefox executable

[2022-09-26T00:14:08.491+0000] {taskinstance.py:1406} INFO - Marking task as FAILED. dag_id=encasa, task_id=colector, execution_date=20220925T000000, start_date=20220926T001406, end_date=20220926T001408
[2022-09-26T00:14:08.502+0000] {standard_task_runner.py:107} ERROR - Failed to execute job 4 for task colector (Message: binary is not a Firefox executable
; 99)
[2022-09-26T00:14:08.512+0000] {local_task_job.py:164} INFO - Task exited with return code 1
[2022-09-26T00:14:08.536+0000] {local_task_job.py:273} INFO - 0 downstream tasks scheduled from follow-on schedule check
