[2022-09-26T01:36:00.594+0000] {taskinstance.py:1165} INFO - Dependencies all met for <TaskInstance: encasa.colector scheduled__2022-09-25T00:00:00+00:00 [queued]>
[2022-09-26T01:36:00.602+0000] {taskinstance.py:1165} INFO - Dependencies all met for <TaskInstance: encasa.colector scheduled__2022-09-25T00:00:00+00:00 [queued]>
[2022-09-26T01:36:00.603+0000] {taskinstance.py:1362} INFO - 
--------------------------------------------------------------------------------
[2022-09-26T01:36:00.603+0000] {taskinstance.py:1363} INFO - Starting attempt 4 of 4
[2022-09-26T01:36:00.604+0000] {taskinstance.py:1364} INFO - 
--------------------------------------------------------------------------------
[2022-09-26T01:36:00.615+0000] {taskinstance.py:1383} INFO - Executing <Task(PythonOperator): colector> on 2022-09-25 00:00:00+00:00
[2022-09-26T01:36:00.619+0000] {standard_task_runner.py:54} INFO - Started process 2367 to run task
[2022-09-26T01:36:00.621+0000] {standard_task_runner.py:82} INFO - Running: ['***', 'tasks', 'run', 'encasa', 'colector', 'scheduled__2022-09-25T00:00:00+00:00', '--job-id', '16', '--raw', '--subdir', 'DAGS_FOLDER/dag.py', '--cfg-path', '/tmp/tmp3q_tvpcr']
[2022-09-26T01:36:00.636+0000] {standard_task_runner.py:83} INFO - Job 16: Subtask colector
[2022-09-26T01:36:00.637+0000] {dagbag.py:525} INFO - Filling up the DagBag from /opt/***/dags/dag.py
[2022-09-26T01:36:01.027+0000] {task_command.py:384} INFO - Running <TaskInstance: encasa.colector scheduled__2022-09-25T00:00:00+00:00 [running]> on host 4df58d125c59
[2022-09-26T01:36:01.082+0000] {taskinstance.py:1592} INFO - Exporting the following env vars:
AIRFLOW_CTX_DAG_OWNER=***
AIRFLOW_CTX_DAG_ID=encasa
AIRFLOW_CTX_TASK_ID=colector
AIRFLOW_CTX_EXECUTION_DATE=2022-09-25T00:00:00+00:00
AIRFLOW_CTX_TRY_NUMBER=4
AIRFLOW_CTX_DAG_RUN_ID=scheduled__2022-09-25T00:00:00+00:00
[2022-09-26T01:36:01.083+0000] {tasks.py:43} INFO - Defining DEC to export information
[2022-09-26T01:36:01.088+0000] {tasks.py:344} INFO - Reading prep dataframe
[2022-09-26T01:36:01.094+0000] {tasks.py:148} INFO - Instantiating the Browser with the requested settings
[2022-09-26T01:36:01.094+0000] {tasks.py:153} INFO - Browser configured
[2022-09-26T01:36:01.095+0000] {logger.py:11} INFO - ====== WebDriver manager ======
[2022-09-26T01:36:01.172+0000] {logger.py:11} INFO - Get LATEST geckodriver version for 102.3 firefox
[2022-09-26T01:36:01.172+0000] {logger.py:11} INFO - GH_TOKEN will be used to perform requests
[2022-09-26T01:36:01.559+0000] {logger.py:11} INFO - There is no [linux64] geckodriver for browser 102.3 in cache
[2022-09-26T01:36:01.560+0000] {logger.py:11} INFO - Getting latest mozilla release info for v0.31.0
[2022-09-26T01:36:01.560+0000] {logger.py:11} INFO - GH_TOKEN will be used to perform requests
[2022-09-26T01:36:01.826+0000] {logger.py:11} INFO - About to download new driver from https://github.com/mozilla/geckodriver/releases/download/v0.31.0/geckodriver-v0.31.0-linux64.tar.gz
[2022-09-26T01:36:02.421+0000] {logging_mixin.py:117} WARNING - [WDM] - Downloading:   0%|          | 0.00/2.59M [00:00<?, ?B/s]
[2022-09-26T01:36:02.522+0000] {logging_mixin.py:117} WARNING - [WDM] - Downloading:  89%|########9 | 2.31M/2.59M [00:00<00:00, 24.1MB/s]
[2022-09-26T01:36:02.535+0000] {logging_mixin.py:117} WARNING - [WDM] - Downloading: 100%|##########| 2.59M/2.59M [00:00<00:00, 24.0MB/s]
[2022-09-26T01:36:02.739+0000] {logger.py:11} INFO - Driver has been saved in cache [/home/***/.wdm/drivers/geckodriver/linux64/0.31]
[2022-09-26T01:36:04.996+0000] {tasks.py:274} INFO - Removing nan URL values
[2022-09-26T01:36:04.997+0000] {tasks.py:275} INFO - Requested prices before: 15
[2022-09-26T01:36:05.000+0000] {tasks.py:280} INFO - Requested prices after: 15
[2022-09-26T01:36:13.077+0000] {tasks.py:374} INFO - Price of 1569497 - ASSENTOPARAVASOSANITARIO: R$ 52,99
[2022-09-26T01:36:13.078+0000] {tasks.py:313} INFO - Printing information
[2022-09-26T01:36:21.630+0000] {tasks.py:374} INFO - Price of 1569507 - BASEPARAREGISTRODEGAVETA: R$ 49,90
[2022-09-26T01:36:21.630+0000] {tasks.py:313} INFO - Printing information
[2022-09-26T01:36:25.576+0000] {tasks.py:374} INFO - Price of 1569498 - BASEREGISTROHIDRAULICODEPRESSAO: R$ 52,99
[2022-09-26T01:36:25.576+0000] {tasks.py:313} INFO - Printing information
[2022-09-26T01:36:28.975+0000] {tasks.py:374} INFO - Price of 1569495 - ACABAMENTOHIDRAULICO: R$ 111,99
[2022-09-26T01:36:28.976+0000] {tasks.py:313} INFO - Printing information
[2022-09-26T01:36:33.384+0000] {tasks.py:374} INFO - Price of 1569500 - CUBARETANGULAREMACOINOXALTOBRILHO: R$ 319,99
[2022-09-26T01:36:33.385+0000] {tasks.py:313} INFO - Printing information
[2022-09-26T01:36:38.208+0000] {tasks.py:374} INFO - Price of 1569496 - ACABAMENTOHIDRAULICO: R$ 89,99
[2022-09-26T01:36:38.208+0000] {tasks.py:313} INFO - Printing information
[2022-09-26T01:36:41.240+0000] {tasks.py:374} INFO - Price of 1569503 - CAIXADAGUADEPOLIETILENOREDONDA: R$ 349,90
[2022-09-26T01:36:41.241+0000] {tasks.py:313} INFO - Printing information
[2022-09-26T01:36:44.112+0000] {tasks.py:374} INFO - Price of 1569501 - CUBAEMINOXACO: R$ 179,99
[2022-09-26T01:36:44.113+0000] {tasks.py:313} INFO - Printing information
[2022-09-26T01:36:47.141+0000] {tasks.py:374} INFO - Price of 1569504 - CAIXADAGUADEPOLIETILENO: R$ 274,99
[2022-09-26T01:36:47.141+0000] {tasks.py:313} INFO - Printing information
[2022-09-26T01:36:51.564+0000] {tasks.py:374} INFO - Price of 1569499 - BASEPARAVALVULADEDESCARGA: R$ 139,99
[2022-09-26T01:36:51.565+0000] {tasks.py:313} INFO - Printing information
[2022-09-26T01:36:54.989+0000] {tasks.py:374} INFO - Price of 1569509 - TINTAACRILICA: R$ 299,90
[2022-09-26T01:36:54.989+0000] {tasks.py:313} INFO - Printing information
[2022-09-26T01:36:58.323+0000] {tasks.py:374} INFO - Price of 1569502 - CAIXADAGUADEPOLIETILENO: R$ 429,90
[2022-09-26T01:36:58.323+0000] {tasks.py:313} INFO - Printing information
[2022-09-26T01:37:01.213+0000] {tasks.py:374} INFO - Price of 1569505 - CAIXADAGUAEMPOLIETILENO: R$ 219,99
[2022-09-26T01:37:01.214+0000] {tasks.py:313} INFO - Printing information
[2022-09-26T01:37:06.171+0000] {tasks.py:374} INFO - Price of 1569508 - SERRADEMARMORE: R$ 569,99
[2022-09-26T01:37:06.171+0000] {tasks.py:313} INFO - Printing information
[2022-09-26T01:37:09.598+0000] {tasks.py:374} INFO - Price of 1569506 - ENXADA: R$ 89,99
[2022-09-26T01:37:09.598+0000] {tasks.py:313} INFO - Printing information
[2022-09-26T01:37:09.640+0000] {tasks.py:401} INFO - Saved screenshots and prices
[2022-09-26T01:37:09.640+0000] {tasks.py:232} INFO - Test passed
[2022-09-26T01:37:09.642+0000] {tasks.py:258} INFO - Requested prices: 15
[2022-09-26T01:37:09.642+0000] {tasks.py:259} INFO - Scraped prices: 15
[2022-09-26T01:37:09.642+0000] {tasks.py:260} INFO - Day of the scraping: 26/09/2022
[2022-09-26T01:37:09.651+0000] {python.py:177} INFO - Done. Returned value was: None
[2022-09-26T01:37:09.662+0000] {taskinstance.py:1406} INFO - Marking task as SUCCESS. dag_id=encasa, task_id=colector, execution_date=20220925T000000, start_date=20220926T013600, end_date=20220926T013709
[2022-09-26T01:37:09.715+0000] {local_task_job.py:164} INFO - Task exited with return code 0
[2022-09-26T01:37:09.733+0000] {local_task_job.py:273} INFO - 1 downstream tasks scheduled from follow-on schedule check
