[2022-09-26T01:48:09.604+0000] {taskinstance.py:1165} INFO - Dependencies all met for <TaskInstance: encasa.colector scheduled__2022-09-25T00:00:00+00:00 [queued]>
[2022-09-26T01:48:09.612+0000] {taskinstance.py:1165} INFO - Dependencies all met for <TaskInstance: encasa.colector scheduled__2022-09-25T00:00:00+00:00 [queued]>
[2022-09-26T01:48:09.612+0000] {taskinstance.py:1362} INFO - 
--------------------------------------------------------------------------------
[2022-09-26T01:48:09.612+0000] {taskinstance.py:1363} INFO - Starting attempt 6 of 6
[2022-09-26T01:48:09.613+0000] {taskinstance.py:1364} INFO - 
--------------------------------------------------------------------------------
[2022-09-26T01:48:09.624+0000] {taskinstance.py:1383} INFO - Executing <Task(PythonOperator): colector> on 2022-09-25 00:00:00+00:00
[2022-09-26T01:48:09.629+0000] {standard_task_runner.py:54} INFO - Started process 87 to run task
[2022-09-26T01:48:09.631+0000] {standard_task_runner.py:82} INFO - Running: ['***', 'tasks', 'run', 'encasa', 'colector', 'scheduled__2022-09-25T00:00:00+00:00', '--job-id', '25', '--raw', '--subdir', 'DAGS_FOLDER/dag.py', '--cfg-path', '/tmp/tmpjoxld52t']
[2022-09-26T01:48:09.631+0000] {standard_task_runner.py:83} INFO - Job 25: Subtask colector
[2022-09-26T01:48:09.632+0000] {dagbag.py:525} INFO - Filling up the DagBag from /opt/***/dags/dag.py
[2022-09-26T01:48:10.510+0000] {task_command.py:384} INFO - Running <TaskInstance: encasa.colector scheduled__2022-09-25T00:00:00+00:00 [running]> on host 8600278d5a66
[2022-09-26T01:48:10.564+0000] {taskinstance.py:1592} INFO - Exporting the following env vars:
AIRFLOW_CTX_DAG_OWNER=***
AIRFLOW_CTX_DAG_ID=encasa
AIRFLOW_CTX_TASK_ID=colector
AIRFLOW_CTX_EXECUTION_DATE=2022-09-25T00:00:00+00:00
AIRFLOW_CTX_TRY_NUMBER=6
AIRFLOW_CTX_DAG_RUN_ID=scheduled__2022-09-25T00:00:00+00:00
[2022-09-26T01:48:10.565+0000] {tasks.py:43} INFO - Defining DEC to export information
[2022-09-26T01:48:10.574+0000] {tasks.py:346} INFO - Reading prep dataframe
[2022-09-26T01:48:10.580+0000] {tasks.py:148} INFO - Instantiating the Browser with the requested settings
[2022-09-26T01:48:10.580+0000] {tasks.py:153} INFO - Browser configured
[2022-09-26T01:48:10.580+0000] {logger.py:11} INFO - ====== WebDriver manager ======
[2022-09-26T01:48:10.645+0000] {logger.py:11} INFO - Get LATEST geckodriver version for 102.3 firefox
[2022-09-26T01:48:10.646+0000] {logger.py:11} INFO - GH_TOKEN will be used to perform requests
[2022-09-26T01:48:10.998+0000] {logger.py:11} INFO - There is no [linux64] geckodriver for browser 102.3 in cache
[2022-09-26T01:48:10.999+0000] {logger.py:11} INFO - Getting latest mozilla release info for v0.31.0
[2022-09-26T01:48:10.999+0000] {logger.py:11} INFO - GH_TOKEN will be used to perform requests
[2022-09-26T01:48:11.258+0000] {logger.py:11} INFO - About to download new driver from https://github.com/mozilla/geckodriver/releases/download/v0.31.0/geckodriver-v0.31.0-linux64.tar.gz
[2022-09-26T01:48:11.850+0000] {logging_mixin.py:117} WARNING - [WDM] - Downloading:   0%|          | 0.00/2.59M [00:00<?, ?B/s]
[2022-09-26T01:48:11.956+0000] {logging_mixin.py:117} WARNING - [WDM] - Downloading:  79%|#######9  | 2.05M/2.59M [00:00<00:00, 20.6MB/s]
[2022-09-26T01:48:11.979+0000] {logging_mixin.py:117} WARNING - [WDM] - Downloading: 100%|##########| 2.59M/2.59M [00:00<00:00, 21.2MB/s]
[2022-09-26T01:48:12.151+0000] {logger.py:11} INFO - Driver has been saved in cache [/home/***/.wdm/drivers/geckodriver/linux64/0.31]
[2022-09-26T01:48:14.088+0000] {tasks.py:276} INFO - Removing nan URL values
[2022-09-26T01:48:14.091+0000] {tasks.py:277} INFO - Requested prices before: 15
[2022-09-26T01:48:14.096+0000] {tasks.py:282} INFO - Requested prices after: 15
[2022-09-26T01:48:21.794+0000] {tasks.py:376} INFO - Price of 1569497 - ASSENTOPARAVASOSANITARIO: R$ 52,99
[2022-09-26T01:48:21.794+0000] {tasks.py:315} INFO - Printing information
[2022-09-26T01:48:25.846+0000] {tasks.py:376} INFO - Price of 1569507 - BASEPARAREGISTRODEGAVETA: R$ 49,90
[2022-09-26T01:48:25.846+0000] {tasks.py:315} INFO - Printing information
[2022-09-26T01:48:29.783+0000] {tasks.py:376} INFO - Price of 1569498 - BASEREGISTROHIDRAULICODEPRESSAO: R$ 52,99
[2022-09-26T01:48:29.784+0000] {tasks.py:315} INFO - Printing information
[2022-09-26T01:48:33.428+0000] {tasks.py:376} INFO - Price of 1569495 - ACABAMENTOHIDRAULICO: R$ 111,99
[2022-09-26T01:48:33.429+0000] {tasks.py:315} INFO - Printing information
[2022-09-26T01:48:37.994+0000] {tasks.py:376} INFO - Price of 1569500 - CUBARETANGULAREMACOINOXALTOBRILHO: R$ 319,99
[2022-09-26T01:48:37.995+0000] {tasks.py:315} INFO - Printing information
[2022-09-26T01:48:42.669+0000] {tasks.py:376} INFO - Price of 1569496 - ACABAMENTOHIDRAULICO: R$ 89,99
[2022-09-26T01:48:42.670+0000] {tasks.py:315} INFO - Printing information
[2022-09-26T01:48:45.716+0000] {tasks.py:376} INFO - Price of 1569503 - CAIXADAGUADEPOLIETILENOREDONDA: R$ 349,90
[2022-09-26T01:48:45.716+0000] {tasks.py:315} INFO - Printing information
[2022-09-26T01:48:48.635+0000] {tasks.py:376} INFO - Price of 1569501 - CUBAEMINOXACO: R$ 179,99
[2022-09-26T01:48:48.636+0000] {tasks.py:315} INFO - Printing information
[2022-09-26T01:48:51.959+0000] {tasks.py:376} INFO - Price of 1569504 - CAIXADAGUADEPOLIETILENO: R$ 274,99
[2022-09-26T01:48:51.959+0000] {tasks.py:315} INFO - Printing information
[2022-09-26T01:48:56.377+0000] {tasks.py:376} INFO - Price of 1569499 - BASEPARAVALVULADEDESCARGA: R$ 139,99
[2022-09-26T01:48:56.378+0000] {tasks.py:315} INFO - Printing information
[2022-09-26T01:48:59.810+0000] {tasks.py:376} INFO - Price of 1569509 - TINTAACRILICA: R$ 299,90
[2022-09-26T01:48:59.811+0000] {tasks.py:315} INFO - Printing information
[2022-09-26T01:49:02.944+0000] {tasks.py:376} INFO - Price of 1569502 - CAIXADAGUADEPOLIETILENO: R$ 429,90
[2022-09-26T01:49:02.945+0000] {tasks.py:315} INFO - Printing information
[2022-09-26T01:49:05.937+0000] {tasks.py:376} INFO - Price of 1569505 - CAIXADAGUAEMPOLIETILENO: R$ 219,99
[2022-09-26T01:49:05.939+0000] {tasks.py:315} INFO - Printing information
[2022-09-26T01:49:11.024+0000] {tasks.py:376} INFO - Price of 1569508 - SERRADEMARMORE: R$ 569,99
[2022-09-26T01:49:11.025+0000] {tasks.py:315} INFO - Printing information
[2022-09-26T01:49:14.931+0000] {tasks.py:376} INFO - Price of 1569506 - ENXADA: R$ 89,99
[2022-09-26T01:49:14.931+0000] {tasks.py:315} INFO - Printing information
[2022-09-26T01:49:14.977+0000] {tasks.py:403} INFO - Saved screenshots and prices
[2022-09-26T01:49:14.977+0000] {tasks.py:234} INFO - Test passed
[2022-09-26T01:49:14.980+0000] {tasks.py:260} INFO - Requested prices: 15
[2022-09-26T01:49:14.980+0000] {tasks.py:261} INFO - Scraped prices: 15
[2022-09-26T01:49:14.980+0000] {tasks.py:262} INFO - Day of the scraping: 26/09/2022
[2022-09-26T01:49:14.991+0000] {python.py:177} INFO - Done. Returned value was: None
[2022-09-26T01:49:15.008+0000] {taskinstance.py:1406} INFO - Marking task as SUCCESS. dag_id=encasa, task_id=colector, execution_date=20220925T000000, start_date=20220926T014809, end_date=20220926T014915
[2022-09-26T01:49:15.066+0000] {local_task_job.py:164} INFO - Task exited with return code 0
[2022-09-26T01:49:15.088+0000] {local_task_job.py:273} INFO - 0 downstream tasks scheduled from follow-on schedule check
