[2022-10-04T19:26:50.377+0000] {taskinstance.py:1165} INFO - Dependencies all met for <TaskInstance: constrular.colector scheduled__2022-08-21T00:00:00+00:00 [queued]>
[2022-10-04T19:26:50.388+0000] {taskinstance.py:1165} INFO - Dependencies all met for <TaskInstance: constrular.colector scheduled__2022-08-21T00:00:00+00:00 [queued]>
[2022-10-04T19:26:50.388+0000] {taskinstance.py:1362} INFO - 
--------------------------------------------------------------------------------
[2022-10-04T19:26:50.389+0000] {taskinstance.py:1363} INFO - Starting attempt 1 of 1
[2022-10-04T19:26:50.389+0000] {taskinstance.py:1364} INFO - 
--------------------------------------------------------------------------------
[2022-10-04T19:26:50.405+0000] {taskinstance.py:1383} INFO - Executing <Task(PythonOperator): colector> on 2022-08-21 00:00:00+00:00
[2022-10-04T19:26:50.411+0000] {standard_task_runner.py:54} INFO - Started process 534 to run task
[2022-10-04T19:26:50.413+0000] {standard_task_runner.py:82} INFO - Running: ['***', 'tasks', 'run', 'constrular', 'colector', 'scheduled__2022-08-21T00:00:00+00:00', '--job-id', '410', '--raw', '--subdir', 'DAGS_FOLDER/dag.py', '--cfg-path', '/tmp/tmpjw6now8k']
[2022-10-04T19:26:50.414+0000] {standard_task_runner.py:83} INFO - Job 410: Subtask colector
[2022-10-04T19:26:50.414+0000] {dagbag.py:525} INFO - Filling up the DagBag from /opt/***/dags/dag.py
[2022-10-04T19:26:50.924+0000] {task_command.py:384} INFO - Running <TaskInstance: constrular.colector scheduled__2022-08-21T00:00:00+00:00 [running]> on host 9a36b0424536
[2022-10-04T19:26:51.162+0000] {taskinstance.py:1592} INFO - Exporting the following env vars:
AIRFLOW_CTX_DAG_OWNER=***
AIRFLOW_CTX_DAG_ID=constrular
AIRFLOW_CTX_TASK_ID=colector
AIRFLOW_CTX_EXECUTION_DATE=2022-08-21T00:00:00+00:00
AIRFLOW_CTX_TRY_NUMBER=1
AIRFLOW_CTX_DAG_RUN_ID=scheduled__2022-08-21T00:00:00+00:00
[2022-10-04T19:26:51.163+0000] {tasks.py:39} INFO - Defining DEC to export information
[2022-10-04T19:26:51.169+0000] {tasks.py:353} INFO - Reading prep dataframe
[2022-10-04T19:26:51.291+0000] {tasks.py:146} INFO - Instantiating the Browser with the requested settings
[2022-10-04T19:27:12.427+0000] {tasks.py:160} INFO - Browser configured
[2022-10-04T19:27:12.428+0000] {tasks.py:283} INFO - Removing nan URL values
[2022-10-04T19:27:12.429+0000] {tasks.py:284} INFO - Requested prices before: 359
[2022-10-04T19:27:12.441+0000] {tasks.py:289} INFO - Requested prices after: 359
[2022-10-04T19:27:22.933+0000] {tasks.py:383} INFO - Price of 1567385 - CABODECOBREISOLADOFLEXIVELPARACONDUCAOELETRICA: R$ 490,90
[2022-10-04T19:27:22.934+0000] {tasks.py:322} INFO - Printing information
[2022-10-04T19:27:26.455+0000] {tasks.py:383} INFO - Price of 1567387 - CAPEMPVCPARAESGOTO: R$ 2,90
[2022-10-04T19:27:26.455+0000] {tasks.py:322} INFO - Printing information
[2022-10-04T19:27:29.825+0000] {tasks.py:383} INFO - Price of 1568734 - SIFAOSANFONADOUNIVERSAL: R$ 15,90
[2022-10-04T19:27:29.826+0000] {tasks.py:322} INFO - Printing information
[2022-10-04T19:27:33.244+0000] {tasks.py:383} INFO - Price of 1578181 - CONEXAOTEDEPVCPARAESGOTOPREDIAL: R$ 13,44
[2022-10-04T19:27:33.244+0000] {tasks.py:322} INFO - Printing information
[2022-10-04T19:27:36.720+0000] {tasks.py:383} INFO - Price of 1567350 - TEEMPVCSOLDAVEL: R$ 28,90
[2022-10-04T19:27:36.721+0000] {tasks.py:322} INFO - Printing information
[2022-10-04T19:27:36.835+0000] {local_task_job.py:228} WARNING - State of this instance has been externally set to failed. Terminating instance.
[2022-10-04T19:27:36.840+0000] {process_utils.py:133} INFO - Sending Signals.SIGTERM to group 534. PIDs of all processes in the group: [534]
[2022-10-04T19:27:36.841+0000] {process_utils.py:84} INFO - Sending the signal Signals.SIGTERM to group 534
[2022-10-04T19:27:36.842+0000] {taskinstance.py:1562} ERROR - Received SIGTERM. Terminating subprocesses.
[2022-10-04T19:27:36.842+0000] {tasks.py:386} INFO - Skipping element errors to: https://constrularfacil.com.br/produto/143711-cabo-corfio-flexivel-100mm-750v-verde-(rolo)
[2022-10-04T19:27:36.843+0000] {tasks.py:387} INFO - Error: Task received SIGTERM signal
[2022-10-04T19:27:36.844+0000] {tasks.py:322} INFO - Printing information
[2022-10-04T19:27:42.063+0000] {tasks.py:383} INFO - Price of 1567386 - CABODECOBREISOLADOFLEXIVELPARACONDUCAOELETRICA: R$ 845,59
[2022-10-04T19:27:42.063+0000] {tasks.py:322} INFO - Printing information
[2022-10-04T19:27:45.508+0000] {tasks.py:383} INFO - Price of 1570335 - JOELHO90EMPVCSOLDAVEL: R$ 4,73
[2022-10-04T19:27:45.509+0000] {tasks.py:322} INFO - Printing information
[2022-10-04T19:27:48.923+0000] {tasks.py:383} INFO - Price of 1578105 - ADAPTADORSOLDAVEL: R$ 17,07
[2022-10-04T19:27:48.923+0000] {tasks.py:322} INFO - Printing information
[2022-10-04T19:27:52.391+0000] {tasks.py:383} INFO - Price of 1578115 - CAPDEPVCSOLDAVEL: R$ 9,66
[2022-10-04T19:27:52.391+0000] {tasks.py:322} INFO - Printing information
[2022-10-04T19:27:55.780+0000] {tasks.py:383} INFO - Price of 1578214 - SERRAMARMORE: R$ 312,90
[2022-10-04T19:27:55.780+0000] {tasks.py:322} INFO - Printing information
[2022-10-04T19:27:59.225+0000] {tasks.py:383} INFO - Price of 1578274 - DISJUNTORTRIPOLAR: R$ 67,25
[2022-10-04T19:27:59.226+0000] {tasks.py:322} INFO - Printing information
[2022-10-04T19:28:02.540+0000] {tasks.py:383} INFO - Price of 1567059 - BUCHADEREDUCAOSOLDAVELEMPVC: R$ 5,97
[2022-10-04T19:28:02.541+0000] {tasks.py:322} INFO - Printing information
[2022-10-04T19:28:05.982+0000] {tasks.py:383} INFO - Price of 1568750 - TORNEIRADEBOIA: R$ 11,90
[2022-10-04T19:28:05.982+0000] {tasks.py:322} INFO - Printing information
[2022-10-04T19:28:09.381+0000] {tasks.py:383} INFO - Price of 1578202 - IMPERMEABILIZANTEABASEDERESINAACRILICA: R$ 93,90
[2022-10-04T19:28:09.381+0000] {tasks.py:322} INFO - Printing information
[2022-10-04T19:28:12.686+0000] {tasks.py:383} INFO - Price of 1567377 - CABODECOBREISOLADOFLEXIVELPARACONDUCAOELETRICA: R$ 328,90
[2022-10-04T19:28:12.686+0000] {tasks.py:322} INFO - Printing information
[2022-10-04T19:28:16.115+0000] {tasks.py:383} INFO - Price of 1567382 - CAPEMPVCPARAESGOTO: R$ 5,81
[2022-10-04T19:28:16.116+0000] {tasks.py:322} INFO - Printing information
[2022-10-04T19:28:19.841+0000] {tasks.py:386} INFO - Skipping element errors to: https://constrularfacil.com.br/produto/135974-torneira-boia-34-em-metal
[2022-10-04T19:28:19.842+0000] {tasks.py:387} INFO - Error: Message: Unable to locate element: .price.margint10
Stacktrace:
RemoteError@chrome://remote/content/shared/RemoteError.jsm:12:1
WebDriverError@chrome://remote/content/shared/webdriver/Errors.jsm:192:5
NoSuchElementError@chrome://remote/content/shared/webdriver/Errors.jsm:404:5
element.find/</<@chrome://remote/content/marionette/element.js:291:16

[2022-10-04T19:28:19.843+0000] {tasks.py:322} INFO - Printing information
[2022-10-04T19:28:23.957+0000] {tasks.py:383} INFO - Price of 1570344 - BUCHADEREDUCAOSOLDAVELEMPVC: R$ 0,52
[2022-10-04T19:28:23.958+0000] {tasks.py:322} INFO - Printing information
[2022-10-04T19:28:27.578+0000] {tasks.py:383} INFO - Price of 1578082 - LUVASOLDAVEL: R$ 3,90
[2022-10-04T19:28:27.579+0000] {tasks.py:322} INFO - Printing information
[2022-10-04T19:28:31.481+0000] {tasks.py:383} INFO - Price of 1578116 - CAPDEPVCSOLDAVEL: R$ 6,49
[2022-10-04T19:28:31.482+0000] {tasks.py:322} INFO - Printing information
[2022-10-04T19:28:35.375+0000] {tasks.py:383} INFO - Price of 1567047 - JOELHO45DEPVCPARAESGOTO: R$ 4,25
[2022-10-04T19:28:35.376+0000] {tasks.py:322} INFO - Printing information
[2022-10-04T19:28:36.853+0000] {process_utils.py:147} WARNING - process psutil.Process(pid=534, name='airflow task ru', status='sleeping', started='19:26:49') did not respond to SIGTERM. Trying SIGKILL
[2022-10-04T19:28:36.854+0000] {process_utils.py:84} INFO - Sending the signal Signals.SIGKILL to group 534
[2022-10-04T19:28:36.870+0000] {process_utils.py:79} INFO - Process psutil.Process(pid=534, name='airflow task ru', status='terminated', exitcode=<Negsignal.SIGKILL: -9>, started='19:26:49') (534) terminated with exit code Negsignal.SIGKILL
[2022-10-04T19:28:36.871+0000] {standard_task_runner.py:172} ERROR - Job 410 was killed before it finished (likely due to running out of memory)
