[2022-09-30T14:31:37.596+0000] {taskinstance.py:1165} INFO - Dependencies all met for <TaskInstance: web_da_construcao.prep scheduled__2022-08-21T00:00:00+00:00 [queued]>
[2022-09-30T14:31:37.606+0000] {taskinstance.py:1165} INFO - Dependencies all met for <TaskInstance: web_da_construcao.prep scheduled__2022-08-21T00:00:00+00:00 [queued]>
[2022-09-30T14:31:37.606+0000] {taskinstance.py:1362} INFO - 
--------------------------------------------------------------------------------
[2022-09-30T14:31:37.607+0000] {taskinstance.py:1363} INFO - Starting attempt 1 of 1
[2022-09-30T14:31:37.607+0000] {taskinstance.py:1364} INFO - 
--------------------------------------------------------------------------------
[2022-09-30T14:31:37.620+0000] {taskinstance.py:1383} INFO - Executing <Task(PythonOperator): prep> on 2022-08-21 00:00:00+00:00
[2022-09-30T14:31:37.624+0000] {standard_task_runner.py:54} INFO - Started process 97 to run task
[2022-09-30T14:31:37.626+0000] {standard_task_runner.py:82} INFO - Running: ['***', 'tasks', 'run', 'web_da_construcao', 'prep', 'scheduled__2022-08-21T00:00:00+00:00', '--job-id', '317', '--raw', '--subdir', 'DAGS_FOLDER/dag.py', '--cfg-path', '/tmp/tmptke66rss']
[2022-09-30T14:31:37.627+0000] {standard_task_runner.py:83} INFO - Job 317: Subtask prep
[2022-09-30T14:31:37.627+0000] {dagbag.py:525} INFO - Filling up the DagBag from /opt/***/dags/dag.py
[2022-09-30T14:31:38.595+0000] {task_command.py:384} INFO - Running <TaskInstance: web_da_construcao.prep scheduled__2022-08-21T00:00:00+00:00 [running]> on host 0595de4d802c
[2022-09-30T14:31:39.098+0000] {taskinstance.py:1592} INFO - Exporting the following env vars:
AIRFLOW_CTX_DAG_OWNER=***
AIRFLOW_CTX_DAG_ID=web_da_construcao
AIRFLOW_CTX_TASK_ID=prep
AIRFLOW_CTX_EXECUTION_DATE=2022-08-21T00:00:00+00:00
AIRFLOW_CTX_TRY_NUMBER=1
AIRFLOW_CTX_DAG_RUN_ID=scheduled__2022-08-21T00:00:00+00:00
[2022-09-30T14:31:39.099+0000] {tasks.py:112} INFO - Reading the last request file for day 30/09/2022
[2022-09-30T14:31:39.814+0000] {tasks.py:91} INFO - Cleaning the column NM_INSUMO
[2022-09-30T14:31:40.105+0000] {tasks.py:131} INFO - Filtering for BP ['93766'] and period ['M30']
[2022-09-30T14:31:40.226+0000] {tasks.py:42} INFO - Defining DEC to export information
[2022-09-30T14:31:40.989+0000] {tasks.py:139} INFO - Saved prep dataframe in ./data_output/WEB_DA_CONSTRUCAO/coleta_2022/coleta_setembro/coleta_3_dec/saida_2022_09_30
[2022-09-30T14:31:40.993+0000] {python.py:177} INFO - Done. Returned value was: None
[2022-09-30T14:31:41.001+0000] {taskinstance.py:1406} INFO - Marking task as SUCCESS. dag_id=web_da_construcao, task_id=prep, execution_date=20220821T000000, start_date=20220930T143137, end_date=20220930T143141
[2022-09-30T14:31:41.250+0000] {local_task_job.py:164} INFO - Task exited with return code 0
[2022-09-30T14:31:41.313+0000] {local_task_job.py:273} INFO - 1 downstream tasks scheduled from follow-on schedule check
