[2022-10-03T12:58:29.750+0000] {taskinstance.py:1165} INFO - Dependencies all met for <TaskInstance: imperio_ferragista.colector scheduled__2022-09-01T00:00:00+00:00 [queued]>
[2022-10-03T12:58:29.759+0000] {taskinstance.py:1165} INFO - Dependencies all met for <TaskInstance: imperio_ferragista.colector scheduled__2022-09-01T00:00:00+00:00 [queued]>
[2022-10-03T12:58:29.760+0000] {taskinstance.py:1362} INFO - 
--------------------------------------------------------------------------------
[2022-10-03T12:58:29.760+0000] {taskinstance.py:1363} INFO - Starting attempt 1 of 1
[2022-10-03T12:58:29.760+0000] {taskinstance.py:1364} INFO - 
--------------------------------------------------------------------------------
[2022-10-03T12:58:29.775+0000] {taskinstance.py:1383} INFO - Executing <Task(PythonOperator): colector> on 2022-09-01 00:00:00+00:00
[2022-10-03T12:58:29.830+0000] {standard_task_runner.py:54} INFO - Started process 1366 to run task
[2022-10-03T12:58:29.832+0000] {standard_task_runner.py:82} INFO - Running: ['***', 'tasks', 'run', 'imperio_ferragista', 'colector', 'scheduled__2022-09-01T00:00:00+00:00', '--job-id', '405', '--raw', '--subdir', 'DAGS_FOLDER/dag.py', '--cfg-path', '/tmp/tmp6ri1rbas']
[2022-10-03T12:58:29.832+0000] {standard_task_runner.py:83} INFO - Job 405: Subtask colector
[2022-10-03T12:58:29.833+0000] {dagbag.py:525} INFO - Filling up the DagBag from /opt/***/dags/dag.py
[2022-10-03T12:58:30.267+0000] {task_command.py:384} INFO - Running <TaskInstance: imperio_ferragista.colector scheduled__2022-09-01T00:00:00+00:00 [running]> on host 9a36b0424536
[2022-10-03T12:58:30.331+0000] {taskinstance.py:1592} INFO - Exporting the following env vars:
AIRFLOW_CTX_DAG_OWNER=***
AIRFLOW_CTX_DAG_ID=imperio_ferragista
AIRFLOW_CTX_TASK_ID=colector
AIRFLOW_CTX_EXECUTION_DATE=2022-09-01T00:00:00+00:00
AIRFLOW_CTX_TRY_NUMBER=1
AIRFLOW_CTX_DAG_RUN_ID=scheduled__2022-09-01T00:00:00+00:00
[2022-10-03T12:58:30.332+0000] {tasks.py:39} INFO - Defining DEC to export information
[2022-10-03T12:58:30.338+0000] {tasks.py:353} INFO - Reading prep dataframe
[2022-10-03T12:58:30.347+0000] {tasks.py:146} INFO - Instantiating the Browser with the requested settings
[2022-10-03T12:58:33.944+0000] {tasks.py:160} INFO - Browser configured
[2022-10-03T12:58:33.945+0000] {tasks.py:283} INFO - Removing nan URL values
[2022-10-03T12:58:33.947+0000] {tasks.py:284} INFO - Requested prices before: 23
[2022-10-03T12:58:33.952+0000] {tasks.py:289} INFO - Requested prices after: 23
[2022-10-03T12:58:40.589+0000] {tasks.py:383} INFO - Price of 1574769 - CAPDEPVCPARAESGOTO: 4,00
[2022-10-03T12:58:40.590+0000] {tasks.py:322} INFO - Printing information
[2022-10-03T12:58:43.608+0000] {tasks.py:383} INFO - Price of 1574788 - REGISTROHIDRAULICODEGAVETAEMMETAL: 35,00
[2022-10-03T12:58:43.608+0000] {tasks.py:322} INFO - Printing information
[2022-10-03T12:58:47.458+0000] {tasks.py:383} INFO - Price of 1574782 - CONEXAOLUVADEPVCPARAAGUA: 4,00
[2022-10-03T12:58:47.459+0000] {tasks.py:322} INFO - Printing information
[2022-10-03T12:58:51.240+0000] {tasks.py:383} INFO - Price of 1574785 - LUVADEPVCROSCAVEL: 2,00
[2022-10-03T12:58:51.241+0000] {tasks.py:322} INFO - Printing information
[2022-10-03T12:58:54.724+0000] {tasks.py:383} INFO - Price of 1574771 - CAPDEPVCSOLDAVELPARAAGUA: 2,25
[2022-10-03T12:58:54.725+0000] {tasks.py:322} INFO - Printing information
[2022-10-03T12:58:59.539+0000] {tasks.py:383} INFO - Price of 1574779 - MAQUINAFURADEIRADEIMPACTO: 436,00
[2022-10-03T12:58:59.540+0000] {tasks.py:322} INFO - Printing information
[2022-10-03T12:59:03.075+0000] {tasks.py:383} INFO - Price of 1574783 - LUVAPVCSOLDAVEL: 2,25
[2022-10-03T12:59:03.075+0000] {tasks.py:322} INFO - Printing information
[2022-10-03T12:59:07.680+0000] {tasks.py:383} INFO - Price of 1574781 - ESMERILHADEIRAANGULAR: 875,00
[2022-10-03T12:59:07.681+0000] {tasks.py:322} INFO - Printing information
[2022-10-03T12:59:10.753+0000] {tasks.py:383} INFO - Price of 1574780 - CONJUNTODEINTERRUPTORCOMTOMADA: 14,50
[2022-10-03T12:59:10.754+0000] {tasks.py:322} INFO - Printing information
[2022-10-03T12:59:14.416+0000] {tasks.py:383} INFO - Price of 1574776 - FITAADESIVAISOLANTE: 9,00
[2022-10-03T12:59:14.417+0000] {tasks.py:322} INFO - Printing information
[2022-10-03T12:59:18.023+0000] {tasks.py:383} INFO - Price of 1574777 - FITAADESIVAISOLANTE: 3,00
[2022-10-03T12:59:18.023+0000] {tasks.py:322} INFO - Printing information
[2022-10-03T12:59:21.884+0000] {tasks.py:383} INFO - Price of 1574789 - CONJUNTODEINTERRUPTORPARALELO: 8,00
[2022-10-03T12:59:21.885+0000] {tasks.py:322} INFO - Printing information
[2022-10-03T12:59:26.127+0000] {tasks.py:383} INFO - Price of 1574790 - CONJUNTODEINTERRUPTORPARALELO: 9,00
[2022-10-03T12:59:26.128+0000] {tasks.py:322} INFO - Printing information
[2022-10-03T12:59:30.105+0000] {tasks.py:383} INFO - Price of 1574786 - CONEXAOLUVADEPVCPARAAGUAROSCAVEL: 2,00
[2022-10-03T12:59:30.106+0000] {tasks.py:322} INFO - Printing information
[2022-10-03T12:59:32.975+0000] {tasks.py:383} INFO - Price of 1574787 - REDUCAOEXCENTRICADEPVC: 7,50
[2022-10-03T12:59:32.975+0000] {tasks.py:322} INFO - Printing information
[2022-10-03T12:59:36.870+0000] {tasks.py:383} INFO - Price of 1574773 - CURVADEPVC90PARAESGOTO: 25,00
[2022-10-03T12:59:36.871+0000] {tasks.py:322} INFO - Printing information
[2022-10-03T12:59:40.780+0000] {tasks.py:383} INFO - Price of 1574778 - FITAADESIVAISOLANTE: 5,00
[2022-10-03T12:59:40.780+0000] {tasks.py:322} INFO - Printing information
[2022-10-03T12:59:46.228+0000] {tasks.py:383} INFO - Price of 1574784 - CONEXAOLUVADEPVCPARAAGUAROSCAVEL: 1,30
[2022-10-03T12:59:46.229+0000] {tasks.py:322} INFO - Printing information
[2022-10-03T12:59:49.356+0000] {tasks.py:383} INFO - Price of 1574770 - CAPDEPVCPARAESGOTO: 7,00
[2022-10-03T12:59:49.357+0000] {tasks.py:322} INFO - Printing information
[2022-10-03T12:59:52.430+0000] {tasks.py:383} INFO - Price of 1574772 - CURVADEPVC90PARAESGOTO: 10,00
[2022-10-03T12:59:52.431+0000] {tasks.py:322} INFO - Printing information
[2022-10-03T13:00:02.028+0000] {tasks.py:383} INFO - Price of 1574774 - CURVADEPVC90SOLDAVELPARAAGUA: 9,75
[2022-10-03T13:00:02.029+0000] {tasks.py:322} INFO - Printing information
[2022-10-03T13:00:05.029+0000] {tasks.py:383} INFO - Price of 1574775 - ELETRODOPARASOLDADEACOCARBONO: 0,65
[2022-10-03T13:00:05.030+0000] {tasks.py:322} INFO - Printing information
[2022-10-03T13:00:09.229+0000] {tasks.py:383} INFO - Price of 1574768 - ADAPTADOREMPVCSOLDAVELPARAAGUA: 5,50
[2022-10-03T13:00:09.229+0000] {tasks.py:322} INFO - Printing information
[2022-10-03T13:00:09.297+0000] {tasks.py:410} INFO - Saved screenshots and prices
[2022-10-03T13:00:09.298+0000] {tasks.py:241} INFO - Test passed
[2022-10-03T13:00:09.303+0000] {tasks.py:267} INFO - Requested prices: 23
[2022-10-03T13:00:09.303+0000] {tasks.py:268} INFO - Scraped prices: 23
[2022-10-03T13:00:09.304+0000] {tasks.py:269} INFO - Day of the scraping: 03/10/2022
[2022-10-03T13:00:09.319+0000] {python.py:177} INFO - Done. Returned value was: None
[2022-10-03T13:00:09.339+0000] {taskinstance.py:1406} INFO - Marking task as SUCCESS. dag_id=imperio_ferragista, task_id=colector, execution_date=20220901T000000, start_date=20221003T125829, end_date=20221003T130009
[2022-10-03T13:00:09.379+0000] {local_task_job.py:164} INFO - Task exited with return code 0
[2022-10-03T13:00:09.405+0000] {local_task_job.py:273} INFO - 1 downstream tasks scheduled from follow-on schedule check
