[2022-10-01T21:34:00.671+0000] {taskinstance.py:1165} INFO - Dependencies all met for <TaskInstance: rede_mercado.prep scheduled__2022-09-01T00:00:00+00:00 [queued]>
[2022-10-01T21:34:00.686+0000] {taskinstance.py:1165} INFO - Dependencies all met for <TaskInstance: rede_mercado.prep scheduled__2022-09-01T00:00:00+00:00 [queued]>
[2022-10-01T21:34:00.687+0000] {taskinstance.py:1362} INFO - 
--------------------------------------------------------------------------------
[2022-10-01T21:34:00.687+0000] {taskinstance.py:1363} INFO - Starting attempt 1 of 1
[2022-10-01T21:34:00.688+0000] {taskinstance.py:1364} INFO - 
--------------------------------------------------------------------------------
[2022-10-01T21:34:00.706+0000] {taskinstance.py:1383} INFO - Executing <Task(PythonOperator): prep> on 2022-09-01 00:00:00+00:00
[2022-10-01T21:34:00.712+0000] {standard_task_runner.py:54} INFO - Started process 72 to run task
[2022-10-01T21:34:00.716+0000] {standard_task_runner.py:82} INFO - Running: ['***', 'tasks', 'run', 'rede_mercado', 'prep', 'scheduled__2022-09-01T00:00:00+00:00', '--job-id', '349', '--raw', '--subdir', 'DAGS_FOLDER/dag.py', '--cfg-path', '/tmp/tmpy7skhvng']
[2022-10-01T21:34:00.717+0000] {standard_task_runner.py:83} INFO - Job 349: Subtask prep
[2022-10-01T21:34:00.719+0000] {dagbag.py:525} INFO - Filling up the DagBag from /opt/***/dags/dag.py
[2022-10-01T21:34:01.426+0000] {task_command.py:384} INFO - Running <TaskInstance: rede_mercado.prep scheduled__2022-09-01T00:00:00+00:00 [running]> on host dc20523c063c
[2022-10-01T21:34:01.508+0000] {taskinstance.py:1592} INFO - Exporting the following env vars:
AIRFLOW_CTX_DAG_OWNER=***
AIRFLOW_CTX_DAG_ID=rede_mercado
AIRFLOW_CTX_TASK_ID=prep
AIRFLOW_CTX_EXECUTION_DATE=2022-09-01T00:00:00+00:00
AIRFLOW_CTX_TRY_NUMBER=1
AIRFLOW_CTX_DAG_RUN_ID=scheduled__2022-09-01T00:00:00+00:00
[2022-10-01T21:34:01.510+0000] {tasks.py:109} INFO - Reading the last request file for day 01/10/2022
[2022-10-01T21:34:02.164+0000] {tasks.py:88} INFO - Cleaning the column NM_INSUMO
[2022-10-01T21:34:02.482+0000] {tasks.py:128} INFO - Filtering for BP ['93048'] and period ['M10']
[2022-10-01T21:34:02.497+0000] {tasks.py:39} INFO - Defining DEC to export information
[2022-10-01T21:34:02.529+0000] {tasks.py:136} INFO - Saved prep dataframe in ./data_output/REDE_MERCADO/coleta_2022/coleta_outubro/coleta_1_dec/saida_2022_10_01
[2022-10-01T21:34:02.532+0000] {python.py:177} INFO - Done. Returned value was: None
[2022-10-01T21:34:02.544+0000] {taskinstance.py:1406} INFO - Marking task as SUCCESS. dag_id=rede_mercado, task_id=prep, execution_date=20220901T000000, start_date=20221001T213400, end_date=20221001T213402
[2022-10-01T21:34:02.577+0000] {local_task_job.py:164} INFO - Task exited with return code 0
[2022-10-01T21:34:02.615+0000] {local_task_job.py:273} INFO - 1 downstream tasks scheduled from follow-on schedule check
