[2022-10-03T12:50:57.681+0000] {taskinstance.py:1165} INFO - Dependencies all met for <TaskInstance: rede_mercado.prep scheduled__2022-09-01T00:00:00+00:00 [queued]>
[2022-10-03T12:50:57.692+0000] {taskinstance.py:1165} INFO - Dependencies all met for <TaskInstance: rede_mercado.prep scheduled__2022-09-01T00:00:00+00:00 [queued]>
[2022-10-03T12:50:57.692+0000] {taskinstance.py:1362} INFO - 
--------------------------------------------------------------------------------
[2022-10-03T12:50:57.693+0000] {taskinstance.py:1363} INFO - Starting attempt 2 of 2
[2022-10-03T12:50:57.693+0000] {taskinstance.py:1364} INFO - 
--------------------------------------------------------------------------------
[2022-10-03T12:50:57.708+0000] {taskinstance.py:1383} INFO - Executing <Task(PythonOperator): prep> on 2022-09-01 00:00:00+00:00
[2022-10-03T12:50:57.712+0000] {standard_task_runner.py:54} INFO - Started process 1027 to run task
[2022-10-03T12:50:57.714+0000] {standard_task_runner.py:82} INFO - Running: ['***', 'tasks', 'run', 'rede_mercado', 'prep', 'scheduled__2022-09-01T00:00:00+00:00', '--job-id', '397', '--raw', '--subdir', 'DAGS_FOLDER/dag.py', '--cfg-path', '/tmp/tmpdimydk17']
[2022-10-03T12:50:57.714+0000] {standard_task_runner.py:83} INFO - Job 397: Subtask prep
[2022-10-03T12:50:57.715+0000] {dagbag.py:525} INFO - Filling up the DagBag from /opt/***/dags/dag.py
[2022-10-03T12:50:58.201+0000] {task_command.py:384} INFO - Running <TaskInstance: rede_mercado.prep scheduled__2022-09-01T00:00:00+00:00 [running]> on host 9a36b0424536
[2022-10-03T12:50:58.288+0000] {taskinstance.py:1592} INFO - Exporting the following env vars:
AIRFLOW_CTX_DAG_OWNER=***
AIRFLOW_CTX_DAG_ID=rede_mercado
AIRFLOW_CTX_TASK_ID=prep
AIRFLOW_CTX_EXECUTION_DATE=2022-09-01T00:00:00+00:00
AIRFLOW_CTX_TRY_NUMBER=2
AIRFLOW_CTX_DAG_RUN_ID=scheduled__2022-09-01T00:00:00+00:00
[2022-10-03T12:50:58.289+0000] {tasks.py:109} INFO - Reading the last request file for day 03/10/2022
[2022-10-03T12:50:58.705+0000] {tasks.py:88} INFO - Cleaning the column NM_INSUMO
[2022-10-03T12:50:59.003+0000] {tasks.py:128} INFO - Filtering for BP ['93048'] and period ['M10']
[2022-10-03T12:50:59.019+0000] {tasks.py:39} INFO - Defining DEC to export information
[2022-10-03T12:50:59.050+0000] {tasks.py:136} INFO - Saved prep dataframe in ./data_output/REDE_MERCADO/coleta_2022/coleta_outubro/coleta_1_dec/saida_2022_10_03
[2022-10-03T12:50:59.055+0000] {python.py:177} INFO - Done. Returned value was: None
[2022-10-03T12:50:59.067+0000] {taskinstance.py:1406} INFO - Marking task as SUCCESS. dag_id=rede_mercado, task_id=prep, execution_date=20220901T000000, start_date=20221003T125057, end_date=20221003T125059
[2022-10-03T12:50:59.131+0000] {local_task_job.py:164} INFO - Task exited with return code 0
[2022-10-03T12:50:59.164+0000] {local_task_job.py:273} INFO - 1 downstream tasks scheduled from follow-on schedule check
