[2022-09-26T02:55:35.027+0000] {taskinstance.py:1165} INFO - Dependencies all met for <TaskInstance: tudo_melhor.prep scheduled__2022-08-21T00:00:00+00:00 [queued]>
[2022-09-26T02:55:35.037+0000] {taskinstance.py:1165} INFO - Dependencies all met for <TaskInstance: tudo_melhor.prep scheduled__2022-08-21T00:00:00+00:00 [queued]>
[2022-09-26T02:55:35.037+0000] {taskinstance.py:1362} INFO - 
--------------------------------------------------------------------------------
[2022-09-26T02:55:35.037+0000] {taskinstance.py:1363} INFO - Starting attempt 1 of 1
[2022-09-26T02:55:35.038+0000] {taskinstance.py:1364} INFO - 
--------------------------------------------------------------------------------
[2022-09-26T02:55:35.050+0000] {taskinstance.py:1383} INFO - Executing <Task(PythonOperator): prep> on 2022-08-21 00:00:00+00:00
[2022-09-26T02:55:35.054+0000] {standard_task_runner.py:54} INFO - Started process 236 to run task
[2022-09-26T02:55:35.056+0000] {standard_task_runner.py:82} INFO - Running: ['***', 'tasks', 'run', 'tudo_melhor', 'prep', 'scheduled__2022-08-21T00:00:00+00:00', '--job-id', '37', '--raw', '--subdir', 'DAGS_FOLDER/dag.py', '--cfg-path', '/tmp/tmpfi4_1p9i']
[2022-09-26T02:55:35.057+0000] {standard_task_runner.py:83} INFO - Job 37: Subtask prep
[2022-09-26T02:55:35.058+0000] {dagbag.py:525} INFO - Filling up the DagBag from /opt/***/dags/dag.py
[2022-09-26T02:55:35.565+0000] {task_command.py:384} INFO - Running <TaskInstance: tudo_melhor.prep scheduled__2022-08-21T00:00:00+00:00 [running]> on host 8600278d5a66
[2022-09-26T02:55:35.648+0000] {taskinstance.py:1592} INFO - Exporting the following env vars:
AIRFLOW_CTX_DAG_OWNER=***
AIRFLOW_CTX_DAG_ID=tudo_melhor
AIRFLOW_CTX_TASK_ID=prep
AIRFLOW_CTX_EXECUTION_DATE=2022-08-21T00:00:00+00:00
AIRFLOW_CTX_TRY_NUMBER=1
AIRFLOW_CTX_DAG_RUN_ID=scheduled__2022-08-21T00:00:00+00:00
[2022-09-26T02:55:35.649+0000] {tasks.py:113} INFO - Reading the last request file for day 26/09/2022
[2022-09-26T02:55:36.176+0000] {tasks.py:92} INFO - Cleaning the column NM_INSUMO
[2022-09-26T02:55:36.449+0000] {tasks.py:132} INFO - Filtering for BP 91634 and period ['M30']
[2022-09-26T02:55:36.468+0000] {tasks.py:43} INFO - Defining DEC to export information
[2022-09-26T02:55:36.514+0000] {tasks.py:140} INFO - Saved prep dataframe in ./data_output/TUDO_MELHOR/coleta_2022/coleta_setembro/coleta_3_dec/saida_2022_09_26
[2022-09-26T02:55:36.518+0000] {python.py:177} INFO - Done. Returned value was: None
[2022-09-26T02:55:36.536+0000] {taskinstance.py:1406} INFO - Marking task as SUCCESS. dag_id=tudo_melhor, task_id=prep, execution_date=20220821T000000, start_date=20220926T025535, end_date=20220926T025536
[2022-09-26T02:55:36.594+0000] {local_task_job.py:164} INFO - Task exited with return code 0
[2022-09-26T02:55:36.647+0000] {local_task_job.py:273} INFO - 0 downstream tasks scheduled from follow-on schedule check
