[2022-09-26T05:02:32.282+0000] {taskinstance.py:1165} INFO - Dependencies all met for <TaskInstance: tudo_melhor.prep scheduled__2022-08-21T00:00:00+00:00 [queued]>
[2022-09-26T05:02:32.291+0000] {taskinstance.py:1165} INFO - Dependencies all met for <TaskInstance: tudo_melhor.prep scheduled__2022-08-21T00:00:00+00:00 [queued]>
[2022-09-26T05:02:32.292+0000] {taskinstance.py:1362} INFO - 
--------------------------------------------------------------------------------
[2022-09-26T05:02:32.292+0000] {taskinstance.py:1363} INFO - Starting attempt 2 of 2
[2022-09-26T05:02:32.293+0000] {taskinstance.py:1364} INFO - 
--------------------------------------------------------------------------------
[2022-09-26T05:02:32.305+0000] {taskinstance.py:1383} INFO - Executing <Task(PythonOperator): prep> on 2022-08-21 00:00:00+00:00
[2022-09-26T05:02:32.310+0000] {standard_task_runner.py:54} INFO - Started process 114 to run task
[2022-09-26T05:02:32.312+0000] {standard_task_runner.py:82} INFO - Running: ['***', 'tasks', 'run', 'tudo_melhor', 'prep', 'scheduled__2022-08-21T00:00:00+00:00', '--job-id', '188', '--raw', '--subdir', 'DAGS_FOLDER/dag.py', '--cfg-path', '/tmp/tmp4ro0qj49']
[2022-09-26T05:02:32.313+0000] {standard_task_runner.py:83} INFO - Job 188: Subtask prep
[2022-09-26T05:02:32.314+0000] {dagbag.py:525} INFO - Filling up the DagBag from /opt/***/dags/dag.py
[2022-09-26T05:02:33.210+0000] {task_command.py:384} INFO - Running <TaskInstance: tudo_melhor.prep scheduled__2022-08-21T00:00:00+00:00 [running]> on host e8739429d5c9
[2022-09-26T05:02:33.272+0000] {taskinstance.py:1592} INFO - Exporting the following env vars:
AIRFLOW_CTX_DAG_OWNER=***
AIRFLOW_CTX_DAG_ID=tudo_melhor
AIRFLOW_CTX_TASK_ID=prep
AIRFLOW_CTX_EXECUTION_DATE=2022-08-21T00:00:00+00:00
AIRFLOW_CTX_TRY_NUMBER=2
AIRFLOW_CTX_DAG_RUN_ID=scheduled__2022-08-21T00:00:00+00:00
[2022-09-26T05:02:33.273+0000] {tasks.py:111} INFO - Reading the last request file for day 26/09/2022
[2022-09-26T05:02:33.663+0000] {tasks.py:90} INFO - Cleaning the column NM_INSUMO
[2022-09-26T05:02:33.914+0000] {tasks.py:130} INFO - Filtering for BP 91634 and period ['M30']
[2022-09-26T05:02:33.930+0000] {tasks.py:41} INFO - Defining DEC to export information
[2022-09-26T05:02:33.952+0000] {tasks.py:138} INFO - Saved prep dataframe in ./data_output/TUDO_MELHOR/coleta_2022/coleta_setembro/coleta_3_dec/saida_2022_09_26
[2022-09-26T05:02:33.955+0000] {python.py:177} INFO - Done. Returned value was: None
[2022-09-26T05:02:33.963+0000] {taskinstance.py:1406} INFO - Marking task as SUCCESS. dag_id=tudo_melhor, task_id=prep, execution_date=20220821T000000, start_date=20220926T050232, end_date=20220926T050233
[2022-09-26T05:02:34.009+0000] {local_task_job.py:164} INFO - Task exited with return code 0
[2022-09-26T05:02:34.031+0000] {local_task_job.py:273} INFO - 1 downstream tasks scheduled from follow-on schedule check
